2025-04-02 19:19:42,492 - INFO - Starting multi-task script in main.py.
2025-04-02 19:19:42,493 - INFO - Loaded configuration settings:
{'data_params': {'ecc_0_only': False,
                 'fim_folder_path': '/Users/irwin/Documents/GitHub/lisa-ml/data/fims/',
                 'inference_batch_size': 128,
                 'n_samples_class0': 1,
                 'n_samples_class1': 300,
                 'resolved_folder_path': '/Users/irwin/Documents/GitHub/lisa-ml/data/resolved_binaries/',
                 'selected_features': ['Frequency_mHz',
                                       'Amplitude_log10',
                                       'FrequencyDerivative_log10',
                                       'SNR',
                                       'Eccentricity'],
                 'test_seed_val': 1,
                 'training_batch_size': 128,
                 'use_custom_weights': True,
                 'val_seed_val': 1},
 'name_of_run': 'Baseline_class_1_300_weights_log_focal_loss_learningrate',
 'test': False,
 'training_params': {'focal_loss': {'alpha': 0.25, 'gamma': 2.0},
                     'lr': 0.001337,
                     'num_epochs': 100}}
2025-04-02 19:21:32,677 - INFO - Data loaded. Input dimension: 5, Number of model classes: 11
2025-04-02 19:21:32,679 - INFO - Model defined with input dimension 5 and 11 model classes.
2025-04-02 19:21:33,088 - INFO - Starting training for 100 epochs.
2025-04-02 19:21:53,694 - INFO - Epoch [1/100] - Training Loss: 0.1265 - Learning Rate: 0.001337
2025-04-02 19:21:55,117 - INFO - Epoch [1/100] - Validation Loss: 2.3265
2025-04-02 19:21:55,119 - INFO - Epoch [1] - Best model updated (Validation Loss: 2.3265)
2025-04-02 19:22:15,565 - INFO - Epoch [2/100] - Training Loss: 0.1239 - Learning Rate: 0.001337
2025-04-02 19:22:17,098 - INFO - Epoch [2/100] - Validation Loss: 2.2591
2025-04-02 19:22:17,100 - INFO - Epoch [2] - Best model updated (Validation Loss: 2.2591)
2025-04-02 19:22:37,464 - INFO - Epoch [3/100] - Training Loss: 0.1237 - Learning Rate: 0.001337
2025-04-02 19:22:38,895 - INFO - Epoch [3/100] - Validation Loss: 2.2078
2025-04-02 19:22:38,897 - INFO - Epoch [3] - Best model updated (Validation Loss: 2.2078)
2025-04-02 19:22:59,559 - INFO - Epoch [4/100] - Training Loss: 0.1236 - Learning Rate: 0.001337
2025-04-02 19:23:01,040 - INFO - Epoch [4/100] - Validation Loss: 2.2160
2025-04-02 19:23:21,499 - INFO - Epoch [5/100] - Training Loss: 0.1235 - Learning Rate: 0.001337
2025-04-02 19:23:22,988 - INFO - Epoch [5/100] - Validation Loss: 2.2239
2025-04-02 19:23:43,736 - INFO - Epoch [6/100] - Training Loss: 0.1233 - Learning Rate: 0.001337
2025-04-02 19:23:45,166 - INFO - Epoch [6/100] - Validation Loss: 2.2157
2025-04-02 19:24:06,498 - INFO - Epoch [7/100] - Training Loss: 0.1231 - Learning Rate: 0.001337
2025-04-02 19:24:07,990 - INFO - Epoch [7/100] - Validation Loss: 2.2002
2025-04-02 19:24:07,992 - INFO - Epoch [7] - Best model updated (Validation Loss: 2.2002)
2025-04-02 19:24:28,483 - INFO - Epoch [8/100] - Training Loss: 0.1227 - Learning Rate: 0.001337
2025-04-02 19:24:29,950 - INFO - Epoch [8/100] - Validation Loss: 2.1886
2025-04-02 19:24:29,952 - INFO - Epoch [8] - Best model updated (Validation Loss: 2.1886)
2025-04-02 19:24:50,051 - INFO - Epoch [9/100] - Training Loss: 0.1225 - Learning Rate: 0.001337
2025-04-02 19:24:51,541 - INFO - Epoch [9/100] - Validation Loss: 2.1841
2025-04-02 19:24:51,542 - INFO - Epoch [9] - Best model updated (Validation Loss: 2.1841)
2025-04-02 19:25:10,516 - INFO - Epoch [10/100] - Training Loss: 0.1225 - Learning Rate: 0.001337
2025-04-02 19:25:12,033 - INFO - Epoch [10/100] - Validation Loss: 2.2188
2025-04-02 19:25:31,933 - INFO - Epoch [11/100] - Training Loss: 0.1225 - Learning Rate: 0.001337
2025-04-02 19:25:33,398 - INFO - Epoch [11/100] - Validation Loss: 2.2037
2025-04-02 19:25:54,189 - INFO - Epoch [12/100] - Training Loss: 0.1226 - Learning Rate: 0.001337
2025-04-02 19:25:55,603 - INFO - Epoch [12/100] - Validation Loss: 2.1882
2025-04-02 19:26:16,059 - INFO - Epoch [13/100] - Training Loss: 0.1225 - Learning Rate: 0.001337
2025-04-02 19:26:17,550 - INFO - Epoch [13/100] - Validation Loss: 2.1961
2025-04-02 19:26:38,743 - INFO - Epoch [14/100] - Training Loss: 0.1224 - Learning Rate: 0.001337
2025-04-02 19:26:40,305 - INFO - Epoch [14/100] - Validation Loss: 2.1827
2025-04-02 19:26:40,306 - INFO - Epoch [14] - Best model updated (Validation Loss: 2.1827)
2025-04-02 19:27:00,829 - INFO - Epoch [15/100] - Training Loss: 0.1223 - Learning Rate: 0.001337
2025-04-02 19:27:02,248 - INFO - Epoch [15/100] - Validation Loss: 2.1878
2025-04-02 19:27:22,793 - INFO - Epoch [16/100] - Training Loss: 0.1223 - Learning Rate: 0.001337
2025-04-02 19:27:24,301 - INFO - Epoch [16/100] - Validation Loss: 2.2048
2025-04-02 19:27:44,731 - INFO - Epoch [17/100] - Training Loss: 0.1223 - Learning Rate: 0.001337
2025-04-02 19:27:46,182 - INFO - Epoch [17/100] - Validation Loss: 2.2347
2025-04-02 19:28:06,765 - INFO - Epoch [18/100] - Training Loss: 0.1223 - Learning Rate: 0.001337
2025-04-02 19:28:08,256 - INFO - Epoch [18/100] - Validation Loss: 2.1884
2025-04-02 19:28:28,943 - INFO - Epoch [19/100] - Training Loss: 0.1223 - Learning Rate: 0.001337
2025-04-02 19:28:30,352 - INFO - Epoch [19/100] - Validation Loss: 2.1709
2025-04-02 19:28:30,354 - INFO - Epoch [19] - Best model updated (Validation Loss: 2.1709)
2025-04-02 19:28:48,763 - INFO - Epoch [20/100] - Training Loss: 0.1222 - Learning Rate: 0.001337
2025-04-02 19:28:50,161 - INFO - Epoch [20/100] - Validation Loss: 2.1845
2025-04-02 19:29:11,805 - INFO - Epoch [21/100] - Training Loss: 0.1223 - Learning Rate: 0.001337
2025-04-02 19:29:13,256 - INFO - Epoch [21/100] - Validation Loss: 2.1671
2025-04-02 19:29:13,257 - INFO - Epoch [21] - Best model updated (Validation Loss: 2.1671)
2025-04-02 19:29:35,746 - INFO - Epoch [22/100] - Training Loss: 0.1223 - Learning Rate: 0.001337
2025-04-02 19:29:37,136 - INFO - Epoch [22/100] - Validation Loss: 2.1915
2025-04-02 19:29:55,550 - INFO - Epoch [23/100] - Training Loss: 0.1223 - Learning Rate: 0.001337
2025-04-02 19:29:57,045 - INFO - Epoch [23/100] - Validation Loss: 2.2147
2025-04-02 19:30:19,585 - INFO - Epoch [24/100] - Training Loss: 0.1224 - Learning Rate: 0.001337
2025-04-02 19:30:20,936 - INFO - Epoch [24/100] - Validation Loss: 2.1917
2025-04-02 19:30:43,437 - INFO - Epoch [25/100] - Training Loss: 0.1222 - Learning Rate: 0.001337
2025-04-02 19:30:44,857 - INFO - Epoch [25/100] - Validation Loss: 2.1969
2025-04-02 19:31:06,860 - INFO - Epoch [26/100] - Training Loss: 0.1222 - Learning Rate: 0.001337
2025-04-02 19:31:08,532 - INFO - Epoch [26/100] - Validation Loss: 2.2524
2025-04-02 19:31:29,884 - INFO - Epoch [27/100] - Training Loss: 0.1223 - Learning Rate: 0.001337
2025-04-02 19:31:31,224 - INFO - Epoch [27/100] - Validation Loss: 2.2426
2025-04-02 19:31:52,154 - INFO - Epoch [28/100] - Training Loss: 0.1221 - Learning Rate: 0.001337
2025-04-02 19:31:53,511 - INFO - Epoch [28/100] - Validation Loss: 2.2288
2025-04-02 19:32:14,384 - INFO - Epoch [29/100] - Training Loss: 0.1219 - Learning Rate: 0.001337
2025-04-02 19:32:15,824 - INFO - Epoch [29/100] - Validation Loss: 2.2023
2025-04-02 19:32:36,717 - INFO - Epoch [30/100] - Training Loss: 0.1218 - Learning Rate: 0.001337
2025-04-02 19:32:38,056 - INFO - Epoch [30/100] - Validation Loss: 2.2453
2025-04-02 19:33:01,296 - INFO - Epoch [31/100] - Training Loss: 0.1219 - Learning Rate: 0.001337
2025-04-02 19:33:02,820 - INFO - Epoch [31/100] - Validation Loss: 2.2015
2025-04-02 19:33:25,142 - INFO - Epoch [32/100] - Training Loss: 0.1219 - Learning Rate: 0.001337
2025-04-02 19:33:26,599 - INFO - Epoch [32/100] - Validation Loss: 2.2365
2025-04-02 19:33:48,860 - INFO - Epoch [33/100] - Training Loss: 0.1218 - Learning Rate: 0.001337
2025-04-02 19:33:50,236 - INFO - Epoch [33/100] - Validation Loss: 2.2909
2025-04-02 19:34:11,987 - INFO - Epoch [34/100] - Training Loss: 0.1217 - Learning Rate: 0.001337
2025-04-02 19:34:13,554 - INFO - Epoch [34/100] - Validation Loss: 2.2323
2025-04-02 19:34:35,965 - INFO - Epoch [35/100] - Training Loss: 0.1224 - Learning Rate: 0.001337
2025-04-02 19:34:37,414 - INFO - Epoch [35/100] - Validation Loss: 2.2516
2025-04-02 19:34:59,967 - INFO - Epoch [36/100] - Training Loss: 0.1223 - Learning Rate: 0.001337
2025-04-02 19:35:01,403 - INFO - Epoch [36/100] - Validation Loss: 2.2166
2025-04-02 19:35:22,020 - INFO - Epoch [37/100] - Training Loss: 0.1222 - Learning Rate: 0.001337
2025-04-02 19:35:23,369 - INFO - Epoch [37/100] - Validation Loss: 2.2435
2025-04-02 19:35:44,434 - INFO - Epoch [38/100] - Training Loss: 0.1223 - Learning Rate: 0.001337
2025-04-02 19:35:45,924 - INFO - Epoch [38/100] - Validation Loss: 2.2324
2025-04-02 19:36:11,159 - INFO - Epoch [39/100] - Training Loss: 0.1219 - Learning Rate: 0.001337
2025-04-02 19:36:12,772 - INFO - Epoch [39/100] - Validation Loss: 2.2180
2025-04-02 19:36:35,600 - INFO - Epoch [40/100] - Training Loss: 0.1219 - Learning Rate: 0.001337
2025-04-02 19:36:36,942 - INFO - Epoch [40/100] - Validation Loss: 2.2326
2025-04-02 19:36:58,579 - INFO - Epoch [41/100] - Training Loss: 0.1220 - Learning Rate: 0.001337
2025-04-02 19:37:00,009 - INFO - Epoch [41/100] - Validation Loss: 2.2594
2025-04-02 19:37:21,753 - INFO - Epoch [42/100] - Training Loss: 0.1224 - Learning Rate: 0.001337
2025-04-02 19:37:23,104 - INFO - Epoch [42/100] - Validation Loss: 2.2319
2025-04-02 19:37:44,091 - INFO - Epoch [43/100] - Training Loss: 0.1224 - Learning Rate: 0.001337
2025-04-02 19:37:45,564 - INFO - Epoch [43/100] - Validation Loss: 2.2460
2025-04-02 19:38:06,316 - INFO - Epoch [44/100] - Training Loss: 0.1220 - Learning Rate: 0.001337
2025-04-02 19:38:07,745 - INFO - Epoch [44/100] - Validation Loss: 2.2452
2025-04-02 19:38:28,477 - INFO - Epoch [45/100] - Training Loss: 0.1218 - Learning Rate: 0.001337
2025-04-02 19:38:29,838 - INFO - Epoch [45/100] - Validation Loss: 2.2422
2025-04-02 19:38:51,469 - INFO - Epoch [46/100] - Training Loss: 0.1236 - Learning Rate: 0.001337
2025-04-02 19:38:52,845 - INFO - Epoch [46/100] - Validation Loss: 2.2762
2025-04-02 19:39:13,964 - INFO - Epoch [47/100] - Training Loss: 0.1227 - Learning Rate: 0.001337
2025-04-02 19:39:15,399 - INFO - Epoch [47/100] - Validation Loss: 2.2254
2025-04-02 19:39:38,549 - INFO - Epoch [48/100] - Training Loss: 0.1226 - Learning Rate: 0.001337
2025-04-02 19:39:39,928 - INFO - Epoch [48/100] - Validation Loss: 2.2073
2025-04-02 19:40:02,365 - INFO - Epoch [49/100] - Training Loss: 0.1221 - Learning Rate: 0.001337
2025-04-02 19:40:03,778 - INFO - Epoch [49/100] - Validation Loss: 2.2432
2025-04-02 19:40:27,143 - INFO - Epoch [50/100] - Training Loss: 0.1225 - Learning Rate: 0.000134
2025-04-02 19:40:28,693 - INFO - Epoch [50/100] - Validation Loss: 2.2087
2025-04-02 19:40:51,706 - INFO - Epoch [51/100] - Training Loss: 0.1215 - Learning Rate: 0.000134
2025-04-02 19:40:53,048 - INFO - Epoch [51/100] - Validation Loss: 2.2063
2025-04-02 19:41:15,181 - INFO - Epoch [52/100] - Training Loss: 0.1211 - Learning Rate: 0.000134
2025-04-02 19:41:16,581 - INFO - Epoch [52/100] - Validation Loss: 2.2036
2025-04-02 19:41:37,694 - INFO - Epoch [53/100] - Training Loss: 0.1208 - Learning Rate: 0.000134
2025-04-02 19:41:39,295 - INFO - Epoch [53/100] - Validation Loss: 2.2080
2025-04-02 19:42:00,820 - INFO - Epoch [54/100] - Training Loss: 0.1207 - Learning Rate: 0.000134
2025-04-02 19:42:02,151 - INFO - Epoch [54/100] - Validation Loss: 2.1966
2025-04-02 19:42:23,152 - INFO - Epoch [55/100] - Training Loss: 0.1207 - Learning Rate: 0.000134
2025-04-02 19:42:24,552 - INFO - Epoch [55/100] - Validation Loss: 2.2023
2025-04-02 19:42:45,467 - INFO - Epoch [56/100] - Training Loss: 0.1205 - Learning Rate: 0.000134
2025-04-02 19:42:46,826 - INFO - Epoch [56/100] - Validation Loss: 2.1953
2025-04-02 19:43:07,129 - INFO - Epoch [57/100] - Training Loss: 0.1203 - Learning Rate: 0.000134
2025-04-02 19:43:08,477 - INFO - Epoch [57/100] - Validation Loss: 2.2183
2025-04-02 19:43:29,051 - INFO - Epoch [58/100] - Training Loss: 0.1202 - Learning Rate: 0.000134
2025-04-02 19:43:30,465 - INFO - Epoch [58/100] - Validation Loss: 2.2088
2025-04-02 19:43:52,290 - INFO - Epoch [59/100] - Training Loss: 0.1201 - Learning Rate: 0.000134
2025-04-02 19:43:53,781 - INFO - Epoch [59/100] - Validation Loss: 2.2057
2025-04-02 19:44:16,303 - INFO - Epoch [60/100] - Training Loss: 0.1201 - Learning Rate: 0.000134
2025-04-02 19:44:17,621 - INFO - Epoch [60/100] - Validation Loss: 2.2128
2025-04-02 19:44:39,259 - INFO - Epoch [61/100] - Training Loss: 0.1199 - Learning Rate: 0.000134
2025-04-02 19:44:40,670 - INFO - Epoch [61/100] - Validation Loss: 2.2039
2025-04-02 19:45:03,360 - INFO - Epoch [62/100] - Training Loss: 0.1199 - Learning Rate: 0.000134
2025-04-02 19:45:04,858 - INFO - Epoch [62/100] - Validation Loss: 2.2071
2025-04-02 19:45:26,014 - INFO - Epoch [63/100] - Training Loss: 0.1199 - Learning Rate: 0.000134
2025-04-02 19:45:27,327 - INFO - Epoch [63/100] - Validation Loss: 2.1991
2025-04-02 19:45:49,341 - INFO - Epoch [64/100] - Training Loss: 0.1199 - Learning Rate: 0.000134
2025-04-02 19:45:50,857 - INFO - Epoch [64/100] - Validation Loss: 2.1944
2025-04-02 19:46:12,650 - INFO - Epoch [65/100] - Training Loss: 0.1197 - Learning Rate: 0.000134
2025-04-02 19:46:14,066 - INFO - Epoch [65/100] - Validation Loss: 2.1917
2025-04-02 19:46:35,558 - INFO - Epoch [66/100] - Training Loss: 0.1198 - Learning Rate: 0.000134
2025-04-02 19:46:36,846 - INFO - Epoch [66/100] - Validation Loss: 2.1987
2025-04-02 19:46:57,932 - INFO - Epoch [67/100] - Training Loss: 0.1198 - Learning Rate: 0.000134
2025-04-02 19:46:59,326 - INFO - Epoch [67/100] - Validation Loss: 2.2033
2025-04-02 19:47:19,941 - INFO - Epoch [68/100] - Training Loss: 0.1198 - Learning Rate: 0.000134
2025-04-02 19:47:21,342 - INFO - Epoch [68/100] - Validation Loss: 2.1986
2025-04-02 19:47:42,794 - INFO - Epoch [69/100] - Training Loss: 0.1197 - Learning Rate: 0.000134
2025-04-02 19:47:44,134 - INFO - Epoch [69/100] - Validation Loss: 2.2016
2025-04-02 19:48:05,740 - INFO - Epoch [70/100] - Training Loss: 0.1197 - Learning Rate: 0.000134
2025-04-02 19:48:07,103 - INFO - Epoch [70/100] - Validation Loss: 2.1996
2025-04-02 19:48:28,058 - INFO - Epoch [71/100] - Training Loss: 0.1197 - Learning Rate: 0.000134
2025-04-02 19:48:29,458 - INFO - Epoch [71/100] - Validation Loss: 2.2171
2025-04-02 19:48:50,832 - INFO - Epoch [72/100] - Training Loss: 0.1196 - Learning Rate: 0.000134
2025-04-02 19:48:52,162 - INFO - Epoch [72/100] - Validation Loss: 2.1891
2025-04-02 19:49:12,662 - INFO - Epoch [73/100] - Training Loss: 0.1196 - Learning Rate: 0.000134
2025-04-02 19:49:14,120 - INFO - Epoch [73/100] - Validation Loss: 2.1929
2025-04-02 19:49:35,524 - INFO - Epoch [74/100] - Training Loss: 0.1196 - Learning Rate: 0.000134
2025-04-02 19:49:36,901 - INFO - Epoch [74/100] - Validation Loss: 2.2039
2025-04-02 19:49:58,903 - INFO - Epoch [75/100] - Training Loss: 0.1196 - Learning Rate: 0.000134
2025-04-02 19:50:00,402 - INFO - Epoch [75/100] - Validation Loss: 2.1963
2025-04-02 19:50:23,115 - INFO - Epoch [76/100] - Training Loss: 0.1195 - Learning Rate: 0.000134
2025-04-02 19:50:24,639 - INFO - Epoch [76/100] - Validation Loss: 2.1997
2025-04-02 19:50:47,597 - INFO - Epoch [77/100] - Training Loss: 0.1196 - Learning Rate: 0.000134
2025-04-02 19:50:49,087 - INFO - Epoch [77/100] - Validation Loss: 2.1759
2025-04-02 19:51:11,212 - INFO - Epoch [78/100] - Training Loss: 0.1196 - Learning Rate: 0.000134
2025-04-02 19:51:12,612 - INFO - Epoch [78/100] - Validation Loss: 2.1841
2025-04-02 19:51:34,730 - INFO - Epoch [79/100] - Training Loss: 0.1195 - Learning Rate: 0.000134
2025-04-02 19:51:36,156 - INFO - Epoch [79/100] - Validation Loss: 2.2020
2025-04-02 19:51:58,050 - INFO - Epoch [80/100] - Training Loss: 0.1194 - Learning Rate: 0.000134
2025-04-02 19:51:59,466 - INFO - Epoch [80/100] - Validation Loss: 2.1975
2025-04-02 19:52:19,688 - INFO - Epoch [81/100] - Training Loss: 0.1193 - Learning Rate: 0.000134
2025-04-02 19:52:20,990 - INFO - Epoch [81/100] - Validation Loss: 2.1905
2025-04-02 19:52:41,630 - INFO - Epoch [82/100] - Training Loss: 0.1195 - Learning Rate: 0.000134
2025-04-02 19:52:43,102 - INFO - Epoch [82/100] - Validation Loss: 2.1897
2025-04-02 19:53:05,112 - INFO - Epoch [83/100] - Training Loss: 0.1194 - Learning Rate: 0.000134
2025-04-02 19:53:06,544 - INFO - Epoch [83/100] - Validation Loss: 2.1915
2025-04-02 19:53:27,449 - INFO - Epoch [84/100] - Training Loss: 0.1194 - Learning Rate: 0.000134
2025-04-02 19:53:29,014 - INFO - Epoch [84/100] - Validation Loss: 2.1881
2025-04-02 19:53:51,684 - INFO - Epoch [85/100] - Training Loss: 0.1194 - Learning Rate: 0.000134
2025-04-02 19:53:53,121 - INFO - Epoch [85/100] - Validation Loss: 2.1985
2025-04-02 19:54:14,739 - INFO - Epoch [86/100] - Training Loss: 0.1193 - Learning Rate: 0.000134
2025-04-02 19:54:16,101 - INFO - Epoch [86/100] - Validation Loss: 2.1962
2025-04-02 19:54:35,708 - INFO - Epoch [87/100] - Training Loss: 0.1193 - Learning Rate: 0.000134
2025-04-02 19:54:36,972 - INFO - Epoch [87/100] - Validation Loss: 2.1859
2025-04-02 19:54:56,359 - INFO - Epoch [88/100] - Training Loss: 0.1193 - Learning Rate: 0.000134
2025-04-02 19:54:57,683 - INFO - Epoch [88/100] - Validation Loss: 2.2063
2025-04-02 19:55:17,144 - INFO - Epoch [89/100] - Training Loss: 0.1192 - Learning Rate: 0.000134
2025-04-02 19:55:18,493 - INFO - Epoch [89/100] - Validation Loss: 2.2016
2025-04-02 19:55:38,187 - INFO - Epoch [90/100] - Training Loss: 0.1193 - Learning Rate: 0.000134
2025-04-02 19:55:39,497 - INFO - Epoch [90/100] - Validation Loss: 2.2076
2025-04-02 19:55:58,827 - INFO - Epoch [91/100] - Training Loss: 0.1192 - Learning Rate: 0.000134
2025-04-02 19:56:00,166 - INFO - Epoch [91/100] - Validation Loss: 2.2093
2025-04-02 19:56:19,776 - INFO - Epoch [92/100] - Training Loss: 0.1192 - Learning Rate: 0.000134
2025-04-02 19:56:21,117 - INFO - Epoch [92/100] - Validation Loss: 2.1994
2025-04-02 19:56:40,663 - INFO - Epoch [93/100] - Training Loss: 0.1192 - Learning Rate: 0.000134
2025-04-02 19:56:41,932 - INFO - Epoch [93/100] - Validation Loss: 2.1962
2025-04-02 19:57:01,438 - INFO - Epoch [94/100] - Training Loss: 0.1191 - Learning Rate: 0.000134
2025-04-02 19:57:02,773 - INFO - Epoch [94/100] - Validation Loss: 2.1933
2025-04-02 19:57:22,186 - INFO - Epoch [95/100] - Training Loss: 0.1191 - Learning Rate: 0.000134
2025-04-02 19:57:23,493 - INFO - Epoch [95/100] - Validation Loss: 2.1976
2025-04-02 19:57:42,984 - INFO - Epoch [96/100] - Training Loss: 0.1190 - Learning Rate: 0.000134
2025-04-02 19:57:44,265 - INFO - Epoch [96/100] - Validation Loss: 2.2137
2025-04-02 19:58:03,619 - INFO - Epoch [97/100] - Training Loss: 0.1192 - Learning Rate: 0.000134
2025-04-02 19:58:04,944 - INFO - Epoch [97/100] - Validation Loss: 2.1956
2025-04-02 19:58:24,390 - INFO - Epoch [98/100] - Training Loss: 0.1191 - Learning Rate: 0.000134
2025-04-02 19:58:25,734 - INFO - Epoch [98/100] - Validation Loss: 2.1989
2025-04-02 19:58:45,171 - INFO - Epoch [99/100] - Training Loss: 0.1191 - Learning Rate: 0.000134
2025-04-02 19:58:46,455 - INFO - Epoch [99/100] - Validation Loss: 2.1943
2025-04-02 19:59:06,249 - INFO - Epoch [100/100] - Training Loss: 0.1190 - Learning Rate: 0.000013
2025-04-02 19:59:07,653 - INFO - Epoch [100/100] - Validation Loss: 2.1995
2025-04-02 19:59:07,657 - INFO - Best model loaded from models/best_multi_task_classifier_Baseline_class_1_300_weights_log_focal_loss_learningrate.pth
2025-04-02 19:59:07,659 - INFO - Training and Validation loss history saved to models/loss_history/train_val_loss_history_Baseline_class_1_300_weights_log_focal_loss_learningrate.csv
2025-04-02 19:59:07,670 - INFO - Feature: Frequency_mHz, Average Saliency: 0.0000, Parameters Impact: 1.0000, Parameters Std: 2.6151
2025-04-02 19:59:07,671 - INFO - Feature: Amplitude_log10, Average Saliency: 0.0000, Parameters Impact: 278.5627, Parameters Std: 840.0222
2025-04-02 19:59:07,671 - INFO - Feature: FrequencyDerivative_log10, Average Saliency: 0.0000, Parameters Impact: 628.9977, Parameters Std: 1839.8003
2025-04-02 19:59:07,671 - INFO - Feature: SNR, Average Saliency: 0.0000, Parameters Impact: 131.5672, Parameters Std: 414.8558
2025-04-02 19:59:07,671 - INFO - Feature: Eccentricity, Average Saliency: 0.0000, Parameters Impact: 12.0415, Parameters Std: 37.2990
2025-04-02 19:59:09,611 - INFO - Validation Metrics:
2025-04-02 19:59:09,611 - INFO - Accuracy: 0.7345
2025-04-02 19:59:09,611 - INFO - Precision: 0.9998
2025-04-02 19:59:09,611 - INFO - Recall (Sensitivity): 0.5555
2025-04-02 19:59:09,611 - INFO - Specificity: 0.9998
2025-04-02 19:59:09,611 - INFO - F1 Score: 0.7142
2025-04-02 19:59:09,611 - INFO - ROC AUC: 0.7934
2025-04-02 19:59:09,611 - INFO - Balanced Accuracy: 0.7777
2025-04-02 19:59:09,611 - INFO - Confusion Matrix:
[[45863     9]
 [30218 37764]]
2025-04-02 19:59:51,717 - INFO - Corner plot for predicted classes saved to figures/Baseline_class_1_300_weights_log_focal_loss_learningrate/corner_plot_predicted.png
2025-04-02 20:00:33,362 - INFO - Corner plot for true classes saved to figures/Baseline_class_1_300_weights_log_focal_loss_learningrate/corner_plot_true.png
2025-04-02 20:00:33,363 - INFO - Evaluation completed successfully in main.py.
