2025-04-05 18:14:29,356 - INFO - Starting multi-task script in main.py.
2025-04-05 18:14:29,357 - INFO - Loaded configuration settings:
{'data_params': {'ecc_0_only': False,
                 'fim_folder_path': '/Users/irwin/Documents/GitHub/lisa-ml/data/fims/',
                 'inference_batch_size': 128,
                 'n_samples_class0': 1,
                 'n_samples_class1': 20,
                 'resolved_folder_path': '/Users/irwin/Documents/GitHub/lisa-ml/data/resolved_binaries/',
                 'selected_features': ['Frequency_mHz',
                                       'Amplitude_log10',
                                       'FrequencyDerivative_log10',
                                       'SNR',
                                       'Eccentricity'],
                 'test_seed_val': 1,
                 'training_batch_size': 128,
                 'use_custom_weights': False,
                 'val_seed_val': 1},
 'evaluation_threshold': 0.5,
 'name_of_run': 'Baseline_log_class_1_20',
 'test': False,
 'training_params': {'focal_loss': {'alpha': 0.25, 'gamma': 2.0},
                     'lr': 0.001,
                     'num_epochs': 100}}
