2025-03-19 18:37:21,078 - INFO - Starting multi-task script in main.py.
2025-03-19 18:37:21,078 - INFO - Loaded configuration settings:
{'data_params': {'ecc_0_only': True,
                 'inference_batch_size': 128,
                 'resolved_folder_path': '/Users/irwin/Documents/GitHub/lisa-ml/data/resolved_binaries/',
                 'selected_features': ['Frequency',
                                       'Amplitude',
                                       'FrequencyDerivative',
                                       'SNR',
                                       'Eccentricity'],
                 'test_seed_val': 1,
                 'training_batch_size': 128,
                 'use_custom_weights': False,
                 'val_seed_val': 1},
 'name_of_run': 'Baseline_ecc_0_only',
 'test': False,
 'training_params': {'lr': 0.001, 'num_epochs': 100}}
2025-03-19 18:37:21,524 - INFO - Data loaded. Input dimension: 5, Number of model classes: 11
2025-03-19 18:37:21,525 - INFO - Model defined with input dimension 5 and 11 model classes.
2025-03-19 18:37:21,961 - INFO - Starting training for 100 epochs.
2025-03-19 18:37:26,108 - INFO - Epoch [1/100] - Training Loss: 2.1743
2025-03-19 18:37:26,370 - INFO - Epoch [1/100] - Validation Loss: 2.0363
2025-03-19 18:37:26,372 - INFO - Epoch [1] - Best model updated (Validation Loss: 2.0363)
2025-03-19 18:37:30,453 - INFO - Epoch [2/100] - Training Loss: 2.0499
2025-03-19 18:37:30,706 - INFO - Epoch [2/100] - Validation Loss: 2.0235
2025-03-19 18:37:30,708 - INFO - Epoch [2] - Best model updated (Validation Loss: 2.0235)
2025-03-19 18:37:34,767 - INFO - Epoch [3/100] - Training Loss: 2.0318
2025-03-19 18:37:35,021 - INFO - Epoch [3/100] - Validation Loss: 2.0127
2025-03-19 18:37:35,022 - INFO - Epoch [3] - Best model updated (Validation Loss: 2.0127)
2025-03-19 18:37:39,084 - INFO - Epoch [4/100] - Training Loss: 2.0232
2025-03-19 18:37:39,328 - INFO - Epoch [4/100] - Validation Loss: 2.0101
2025-03-19 18:37:39,329 - INFO - Epoch [4] - Best model updated (Validation Loss: 2.0101)
2025-03-19 18:37:43,362 - INFO - Epoch [5/100] - Training Loss: 2.0171
2025-03-19 18:37:43,631 - INFO - Epoch [5/100] - Validation Loss: 1.9968
2025-03-19 18:37:43,632 - INFO - Epoch [5] - Best model updated (Validation Loss: 1.9968)
2025-03-19 18:37:47,927 - INFO - Epoch [6/100] - Training Loss: 2.0098
2025-03-19 18:37:48,184 - INFO - Epoch [6/100] - Validation Loss: 1.9927
2025-03-19 18:37:48,185 - INFO - Epoch [6] - Best model updated (Validation Loss: 1.9927)
2025-03-19 18:37:52,346 - INFO - Epoch [7/100] - Training Loss: 2.0084
2025-03-19 18:37:52,596 - INFO - Epoch [7/100] - Validation Loss: 1.9941
2025-03-19 18:37:56,859 - INFO - Epoch [8/100] - Training Loss: 2.0047
2025-03-19 18:37:57,118 - INFO - Epoch [8/100] - Validation Loss: 1.9919
2025-03-19 18:37:57,119 - INFO - Epoch [8] - Best model updated (Validation Loss: 1.9919)
2025-03-19 18:38:01,340 - INFO - Epoch [9/100] - Training Loss: 2.0027
2025-03-19 18:38:01,598 - INFO - Epoch [9/100] - Validation Loss: 1.9944
2025-03-19 18:38:05,746 - INFO - Epoch [10/100] - Training Loss: 2.0019
2025-03-19 18:38:05,999 - INFO - Epoch [10/100] - Validation Loss: 1.9878
2025-03-19 18:38:06,000 - INFO - Epoch [10] - Best model updated (Validation Loss: 1.9878)
2025-03-19 18:38:10,158 - INFO - Epoch [11/100] - Training Loss: 1.9980
2025-03-19 18:38:10,425 - INFO - Epoch [11/100] - Validation Loss: 1.9864
2025-03-19 18:38:10,426 - INFO - Epoch [11] - Best model updated (Validation Loss: 1.9864)
2025-03-19 18:38:14,746 - INFO - Epoch [12/100] - Training Loss: 1.9971
2025-03-19 18:38:15,005 - INFO - Epoch [12/100] - Validation Loss: 1.9853
2025-03-19 18:38:15,006 - INFO - Epoch [12] - Best model updated (Validation Loss: 1.9853)
2025-03-19 18:38:19,047 - INFO - Epoch [13/100] - Training Loss: 1.9953
2025-03-19 18:38:19,292 - INFO - Epoch [13/100] - Validation Loss: 1.9891
2025-03-19 18:38:23,375 - INFO - Epoch [14/100] - Training Loss: 1.9933
2025-03-19 18:38:23,621 - INFO - Epoch [14/100] - Validation Loss: 1.9846
2025-03-19 18:38:23,623 - INFO - Epoch [14] - Best model updated (Validation Loss: 1.9846)
2025-03-19 18:38:27,680 - INFO - Epoch [15/100] - Training Loss: 1.9927
2025-03-19 18:38:27,938 - INFO - Epoch [15/100] - Validation Loss: 1.9815
2025-03-19 18:38:27,939 - INFO - Epoch [15] - Best model updated (Validation Loss: 1.9815)
2025-03-19 18:38:31,967 - INFO - Epoch [16/100] - Training Loss: 1.9922
2025-03-19 18:38:32,221 - INFO - Epoch [16/100] - Validation Loss: 1.9778
2025-03-19 18:38:32,222 - INFO - Epoch [16] - Best model updated (Validation Loss: 1.9778)
2025-03-19 18:38:36,281 - INFO - Epoch [17/100] - Training Loss: 1.9892
2025-03-19 18:38:36,526 - INFO - Epoch [17/100] - Validation Loss: 1.9811
2025-03-19 18:38:40,604 - INFO - Epoch [18/100] - Training Loss: 1.9879
2025-03-19 18:38:40,856 - INFO - Epoch [18/100] - Validation Loss: 1.9769
2025-03-19 18:38:40,857 - INFO - Epoch [18] - Best model updated (Validation Loss: 1.9769)
2025-03-19 18:38:44,890 - INFO - Epoch [19/100] - Training Loss: 1.9864
2025-03-19 18:38:45,147 - INFO - Epoch [19/100] - Validation Loss: 1.9793
2025-03-19 18:38:49,201 - INFO - Epoch [20/100] - Training Loss: 1.9853
2025-03-19 18:38:49,454 - INFO - Epoch [20/100] - Validation Loss: 1.9689
2025-03-19 18:38:49,456 - INFO - Epoch [20] - Best model updated (Validation Loss: 1.9689)
2025-03-19 18:38:53,564 - INFO - Epoch [21/100] - Training Loss: 1.9830
2025-03-19 18:38:53,816 - INFO - Epoch [21/100] - Validation Loss: 1.9680
2025-03-19 18:38:53,818 - INFO - Epoch [21] - Best model updated (Validation Loss: 1.9680)
2025-03-19 18:38:57,902 - INFO - Epoch [22/100] - Training Loss: 1.9820
2025-03-19 18:38:58,151 - INFO - Epoch [22/100] - Validation Loss: 1.9670
2025-03-19 18:38:58,153 - INFO - Epoch [22] - Best model updated (Validation Loss: 1.9670)
2025-03-19 18:39:02,353 - INFO - Epoch [23/100] - Training Loss: 1.9804
2025-03-19 18:39:02,607 - INFO - Epoch [23/100] - Validation Loss: 1.9699
2025-03-19 18:39:06,678 - INFO - Epoch [24/100] - Training Loss: 1.9799
2025-03-19 18:39:06,935 - INFO - Epoch [24/100] - Validation Loss: 1.9677
2025-03-19 18:39:10,992 - INFO - Epoch [25/100] - Training Loss: 1.9792
2025-03-19 18:39:11,250 - INFO - Epoch [25/100] - Validation Loss: 1.9634
2025-03-19 18:39:11,251 - INFO - Epoch [25] - Best model updated (Validation Loss: 1.9634)
2025-03-19 18:39:15,374 - INFO - Epoch [26/100] - Training Loss: 1.9779
2025-03-19 18:39:15,630 - INFO - Epoch [26/100] - Validation Loss: 1.9574
2025-03-19 18:39:15,631 - INFO - Epoch [26] - Best model updated (Validation Loss: 1.9574)
2025-03-19 18:39:19,678 - INFO - Epoch [27/100] - Training Loss: 1.9773
2025-03-19 18:39:19,941 - INFO - Epoch [27/100] - Validation Loss: 1.9611
2025-03-19 18:39:24,045 - INFO - Epoch [28/100] - Training Loss: 1.9776
2025-03-19 18:39:24,379 - INFO - Epoch [28/100] - Validation Loss: 1.9601
2025-03-19 18:39:28,295 - INFO - Epoch [29/100] - Training Loss: 1.9755
2025-03-19 18:39:28,634 - INFO - Epoch [29/100] - Validation Loss: 1.9706
2025-03-19 18:39:32,660 - INFO - Epoch [30/100] - Training Loss: 1.9754
2025-03-19 18:39:32,907 - INFO - Epoch [30/100] - Validation Loss: 1.9607
2025-03-19 18:39:36,966 - INFO - Epoch [31/100] - Training Loss: 1.9761
2025-03-19 18:39:37,225 - INFO - Epoch [31/100] - Validation Loss: 1.9660
2025-03-19 18:39:41,254 - INFO - Epoch [32/100] - Training Loss: 1.9757
2025-03-19 18:39:41,497 - INFO - Epoch [32/100] - Validation Loss: 1.9781
2025-03-19 18:39:45,572 - INFO - Epoch [33/100] - Training Loss: 1.9745
2025-03-19 18:39:45,826 - INFO - Epoch [33/100] - Validation Loss: 1.9573
2025-03-19 18:39:45,828 - INFO - Epoch [33] - Best model updated (Validation Loss: 1.9573)
2025-03-19 18:39:49,871 - INFO - Epoch [34/100] - Training Loss: 1.9748
2025-03-19 18:39:50,122 - INFO - Epoch [34/100] - Validation Loss: 1.9564
2025-03-19 18:39:50,123 - INFO - Epoch [34] - Best model updated (Validation Loss: 1.9564)
2025-03-19 18:39:54,202 - INFO - Epoch [35/100] - Training Loss: 1.9731
2025-03-19 18:39:54,450 - INFO - Epoch [35/100] - Validation Loss: 1.9614
2025-03-19 18:39:58,493 - INFO - Epoch [36/100] - Training Loss: 1.9756
2025-03-19 18:39:58,747 - INFO - Epoch [36/100] - Validation Loss: 1.9569
2025-03-19 18:40:02,854 - INFO - Epoch [37/100] - Training Loss: 1.9750
2025-03-19 18:40:03,103 - INFO - Epoch [37/100] - Validation Loss: 1.9701
2025-03-19 18:40:07,147 - INFO - Epoch [38/100] - Training Loss: 1.9762
2025-03-19 18:40:07,401 - INFO - Epoch [38/100] - Validation Loss: 1.9592
2025-03-19 18:40:11,428 - INFO - Epoch [39/100] - Training Loss: 1.9749
2025-03-19 18:40:11,680 - INFO - Epoch [39/100] - Validation Loss: 1.9617
2025-03-19 18:40:15,687 - INFO - Epoch [40/100] - Training Loss: 1.9731
2025-03-19 18:40:15,939 - INFO - Epoch [40/100] - Validation Loss: 1.9504
2025-03-19 18:40:15,940 - INFO - Epoch [40] - Best model updated (Validation Loss: 1.9504)
2025-03-19 18:40:20,002 - INFO - Epoch [41/100] - Training Loss: 1.9742
2025-03-19 18:40:20,258 - INFO - Epoch [41/100] - Validation Loss: 1.9820
2025-03-19 18:40:24,312 - INFO - Epoch [42/100] - Training Loss: 1.9742
2025-03-19 18:40:24,557 - INFO - Epoch [42/100] - Validation Loss: 1.9548
2025-03-19 18:40:28,586 - INFO - Epoch [43/100] - Training Loss: 1.9739
2025-03-19 18:40:28,842 - INFO - Epoch [43/100] - Validation Loss: 1.9541
2025-03-19 18:40:32,909 - INFO - Epoch [44/100] - Training Loss: 1.9736
2025-03-19 18:40:33,163 - INFO - Epoch [44/100] - Validation Loss: 1.9703
2025-03-19 18:40:37,259 - INFO - Epoch [45/100] - Training Loss: 1.9743
2025-03-19 18:40:37,537 - INFO - Epoch [45/100] - Validation Loss: 1.9608
2025-03-19 18:40:41,591 - INFO - Epoch [46/100] - Training Loss: 1.9721
2025-03-19 18:40:41,835 - INFO - Epoch [46/100] - Validation Loss: 1.9537
2025-03-19 18:40:45,890 - INFO - Epoch [47/100] - Training Loss: 1.9748
2025-03-19 18:40:46,141 - INFO - Epoch [47/100] - Validation Loss: 1.9596
2025-03-19 18:40:50,161 - INFO - Epoch [48/100] - Training Loss: 1.9733
2025-03-19 18:40:50,419 - INFO - Epoch [48/100] - Validation Loss: 1.9668
2025-03-19 18:40:54,458 - INFO - Epoch [49/100] - Training Loss: 1.9750
2025-03-19 18:40:54,720 - INFO - Epoch [49/100] - Validation Loss: 1.9563
2025-03-19 18:40:58,766 - INFO - Epoch [50/100] - Training Loss: 1.9708
2025-03-19 18:40:59,012 - INFO - Epoch [50/100] - Validation Loss: 1.9545
2025-03-19 18:41:03,043 - INFO - Epoch [51/100] - Training Loss: 1.9727
2025-03-19 18:41:03,294 - INFO - Epoch [51/100] - Validation Loss: 1.9537
2025-03-19 18:41:07,335 - INFO - Epoch [52/100] - Training Loss: 1.9722
2025-03-19 18:41:07,593 - INFO - Epoch [52/100] - Validation Loss: 1.9598
2025-03-19 18:41:11,589 - INFO - Epoch [53/100] - Training Loss: 1.9724
2025-03-19 18:41:11,851 - INFO - Epoch [53/100] - Validation Loss: 1.9570
2025-03-19 18:41:15,891 - INFO - Epoch [54/100] - Training Loss: 1.9742
2025-03-19 18:41:16,147 - INFO - Epoch [54/100] - Validation Loss: 1.9609
2025-03-19 18:41:20,233 - INFO - Epoch [55/100] - Training Loss: 1.9717
2025-03-19 18:41:20,510 - INFO - Epoch [55/100] - Validation Loss: 1.9663
2025-03-19 18:41:24,436 - INFO - Epoch [56/100] - Training Loss: 1.9756
2025-03-19 18:41:24,702 - INFO - Epoch [56/100] - Validation Loss: 1.9625
2025-03-19 18:41:28,626 - INFO - Epoch [57/100] - Training Loss: 1.9728
2025-03-19 18:41:28,875 - INFO - Epoch [57/100] - Validation Loss: 1.9599
2025-03-19 18:41:32,889 - INFO - Epoch [58/100] - Training Loss: 1.9727
2025-03-19 18:41:33,140 - INFO - Epoch [58/100] - Validation Loss: 1.9695
2025-03-19 18:41:37,173 - INFO - Epoch [59/100] - Training Loss: 1.9744
2025-03-19 18:41:37,426 - INFO - Epoch [59/100] - Validation Loss: 1.9581
2025-03-19 18:41:41,455 - INFO - Epoch [60/100] - Training Loss: 1.9719
2025-03-19 18:41:41,709 - INFO - Epoch [60/100] - Validation Loss: 1.9531
2025-03-19 18:41:45,642 - INFO - Epoch [61/100] - Training Loss: 1.9714
2025-03-19 18:41:45,898 - INFO - Epoch [61/100] - Validation Loss: 1.9517
2025-03-19 18:41:49,813 - INFO - Epoch [62/100] - Training Loss: 1.9718
2025-03-19 18:41:50,067 - INFO - Epoch [62/100] - Validation Loss: 1.9666
2025-03-19 18:41:54,089 - INFO - Epoch [63/100] - Training Loss: 1.9725
2025-03-19 18:41:54,333 - INFO - Epoch [63/100] - Validation Loss: 1.9557
2025-03-19 18:41:58,387 - INFO - Epoch [64/100] - Training Loss: 1.9719
2025-03-19 18:41:58,636 - INFO - Epoch [64/100] - Validation Loss: 1.9591
2025-03-19 18:42:02,705 - INFO - Epoch [65/100] - Training Loss: 1.9719
2025-03-19 18:42:02,954 - INFO - Epoch [65/100] - Validation Loss: 1.9594
2025-03-19 18:42:06,888 - INFO - Epoch [66/100] - Training Loss: 1.9723
2025-03-19 18:42:07,135 - INFO - Epoch [66/100] - Validation Loss: 1.9497
2025-03-19 18:42:07,137 - INFO - Epoch [66] - Best model updated (Validation Loss: 1.9497)
2025-03-19 18:42:11,331 - INFO - Epoch [67/100] - Training Loss: 1.9726
2025-03-19 18:42:11,591 - INFO - Epoch [67/100] - Validation Loss: 1.9736
2025-03-19 18:42:15,618 - INFO - Epoch [68/100] - Training Loss: 1.9727
2025-03-19 18:42:15,863 - INFO - Epoch [68/100] - Validation Loss: 1.9576
2025-03-19 18:42:19,803 - INFO - Epoch [69/100] - Training Loss: 1.9723
2025-03-19 18:42:20,115 - INFO - Epoch [69/100] - Validation Loss: 1.9547
2025-03-19 18:42:24,145 - INFO - Epoch [70/100] - Training Loss: 1.9721
2025-03-19 18:42:24,403 - INFO - Epoch [70/100] - Validation Loss: 1.9652
2025-03-19 18:42:28,457 - INFO - Epoch [71/100] - Training Loss: 1.9705
2025-03-19 18:42:28,712 - INFO - Epoch [71/100] - Validation Loss: 1.9545
2025-03-19 18:42:32,771 - INFO - Epoch [72/100] - Training Loss: 1.9747
2025-03-19 18:42:33,012 - INFO - Epoch [72/100] - Validation Loss: 1.9524
2025-03-19 18:42:37,068 - INFO - Epoch [73/100] - Training Loss: 1.9726
2025-03-19 18:42:37,315 - INFO - Epoch [73/100] - Validation Loss: 1.9533
2025-03-19 18:42:41,327 - INFO - Epoch [74/100] - Training Loss: 1.9717
2025-03-19 18:42:41,587 - INFO - Epoch [74/100] - Validation Loss: 1.9582
2025-03-19 18:42:45,601 - INFO - Epoch [75/100] - Training Loss: 1.9710
2025-03-19 18:42:45,840 - INFO - Epoch [75/100] - Validation Loss: 1.9574
2025-03-19 18:42:49,933 - INFO - Epoch [76/100] - Training Loss: 1.9716
2025-03-19 18:42:50,184 - INFO - Epoch [76/100] - Validation Loss: 1.9528
2025-03-19 18:42:54,238 - INFO - Epoch [77/100] - Training Loss: 1.9725
2025-03-19 18:42:54,485 - INFO - Epoch [77/100] - Validation Loss: 1.9557
2025-03-19 18:42:58,508 - INFO - Epoch [78/100] - Training Loss: 1.9712
2025-03-19 18:42:58,771 - INFO - Epoch [78/100] - Validation Loss: 1.9592
2025-03-19 18:43:02,802 - INFO - Epoch [79/100] - Training Loss: 1.9731
2025-03-19 18:43:03,057 - INFO - Epoch [79/100] - Validation Loss: 1.9560
2025-03-19 18:43:07,075 - INFO - Epoch [80/100] - Training Loss: 1.9729
2025-03-19 18:43:07,329 - INFO - Epoch [80/100] - Validation Loss: 1.9760
2025-03-19 18:43:11,342 - INFO - Epoch [81/100] - Training Loss: 1.9718
2025-03-19 18:43:11,590 - INFO - Epoch [81/100] - Validation Loss: 1.9663
2025-03-19 18:43:15,618 - INFO - Epoch [82/100] - Training Loss: 1.9736
2025-03-19 18:43:15,868 - INFO - Epoch [82/100] - Validation Loss: 1.9558
2025-03-19 18:43:19,885 - INFO - Epoch [83/100] - Training Loss: 1.9714
2025-03-19 18:43:20,132 - INFO - Epoch [83/100] - Validation Loss: 1.9525
2025-03-19 18:43:24,100 - INFO - Epoch [84/100] - Training Loss: 1.9737
2025-03-19 18:43:24,342 - INFO - Epoch [84/100] - Validation Loss: 1.9522
2025-03-19 18:43:28,324 - INFO - Epoch [85/100] - Training Loss: 1.9738
2025-03-19 18:43:28,573 - INFO - Epoch [85/100] - Validation Loss: 1.9620
2025-03-19 18:43:32,573 - INFO - Epoch [86/100] - Training Loss: 1.9719
2025-03-19 18:43:32,830 - INFO - Epoch [86/100] - Validation Loss: 1.9562
2025-03-19 18:43:36,833 - INFO - Epoch [87/100] - Training Loss: 1.9732
2025-03-19 18:43:37,090 - INFO - Epoch [87/100] - Validation Loss: 1.9604
2025-03-19 18:43:41,151 - INFO - Epoch [88/100] - Training Loss: 1.9701
2025-03-19 18:43:41,396 - INFO - Epoch [88/100] - Validation Loss: 1.9515
2025-03-19 18:43:45,402 - INFO - Epoch [89/100] - Training Loss: 1.9714
2025-03-19 18:43:45,645 - INFO - Epoch [89/100] - Validation Loss: 1.9548
2025-03-19 18:43:49,639 - INFO - Epoch [90/100] - Training Loss: 1.9717
2025-03-19 18:43:49,884 - INFO - Epoch [90/100] - Validation Loss: 1.9629
2025-03-19 18:43:54,010 - INFO - Epoch [91/100] - Training Loss: 1.9714
2025-03-19 18:43:54,262 - INFO - Epoch [91/100] - Validation Loss: 1.9605
2025-03-19 18:43:58,270 - INFO - Epoch [92/100] - Training Loss: 1.9713
2025-03-19 18:43:58,523 - INFO - Epoch [92/100] - Validation Loss: 1.9550
2025-03-19 18:44:02,518 - INFO - Epoch [93/100] - Training Loss: 1.9716
2025-03-19 18:44:02,770 - INFO - Epoch [93/100] - Validation Loss: 1.9694
2025-03-19 18:44:06,787 - INFO - Epoch [94/100] - Training Loss: 1.9738
2025-03-19 18:44:07,035 - INFO - Epoch [94/100] - Validation Loss: 1.9620
2025-03-19 18:44:11,020 - INFO - Epoch [95/100] - Training Loss: 1.9725
2025-03-19 18:44:11,280 - INFO - Epoch [95/100] - Validation Loss: 1.9620
2025-03-19 18:44:15,331 - INFO - Epoch [96/100] - Training Loss: 1.9729
2025-03-19 18:44:15,583 - INFO - Epoch [96/100] - Validation Loss: 1.9685
2025-03-19 18:44:19,553 - INFO - Epoch [97/100] - Training Loss: 1.9732
2025-03-19 18:44:19,801 - INFO - Epoch [97/100] - Validation Loss: 1.9614
2025-03-19 18:44:23,810 - INFO - Epoch [98/100] - Training Loss: 1.9719
2025-03-19 18:44:24,058 - INFO - Epoch [98/100] - Validation Loss: 1.9587
2025-03-19 18:44:28,080 - INFO - Epoch [99/100] - Training Loss: 1.9725
2025-03-19 18:44:28,332 - INFO - Epoch [99/100] - Validation Loss: 1.9579
2025-03-19 18:44:32,473 - INFO - Epoch [100/100] - Training Loss: 1.9714
2025-03-19 18:44:32,728 - INFO - Epoch [100/100] - Validation Loss: 1.9608
2025-03-19 18:44:32,730 - INFO - Best model loaded from models/best_multi_task_classifier_Baseline_ecc_0_only.pth
2025-03-19 18:44:32,733 - INFO - Training and Validation loss history saved to models/loss_history/train_val_loss_history_Baseline_ecc_0_only.csv
2025-03-19 18:44:32,744 - INFO - Feature: Frequency, Average Saliency: 0.0064
2025-03-19 18:44:32,744 - INFO - Feature: Amplitude, Average Saliency: 0.0022
2025-03-19 18:44:32,744 - INFO - Feature: FrequencyDerivative, Average Saliency: 0.1094
2025-03-19 18:44:32,744 - INFO - Feature: SNR, Average Saliency: 0.0018
2025-03-19 18:44:32,744 - INFO - Feature: Eccentricity, Average Saliency: 0.0012
2025-03-19 18:44:33,088 - INFO - Validation Metrics:
2025-03-19 18:44:33,088 - INFO - Accuracy: 0.9962
2025-03-19 18:44:33,088 - INFO - Precision: 0.0000
2025-03-19 18:44:33,088 - INFO - Recall (Sensitivity): 0.0000
2025-03-19 18:44:33,088 - INFO - Specificity: 1.0000
2025-03-19 18:44:33,088 - INFO - F1 Score: 0.0000
2025-03-19 18:44:33,088 - INFO - ROC AUC: 0.9295
2025-03-19 18:44:33,088 - INFO - Balanced Accuracy: 0.5000
2025-03-19 18:44:33,088 - INFO - Confusion Matrix:
[[26681     0]
 [  103     0]]
2025-03-19 18:44:33,726 - INFO - Evaluation completed successfully in main.py.
