2025-04-07 01:53:57,306 - INFO - Starting multi-task script in main.py.
2025-04-07 01:53:57,306 - INFO - Loaded configuration settings:
{'data_params': {'ecc_0_only': False,
                 'fim_folder_path': '/Users/irwin/Documents/GitHub/lisa-ml/data/fims/',
                 'frequency_range': 1.5,
                 'inference_batch_size': 128,
                 'n_samples_class0': 1,
                 'n_samples_class1': 20,
                 'resolved_folder_path': '/Users/irwin/Documents/GitHub/lisa-ml/data/resolved_binaries/',
                 'selected_features': ['Frequency_mHz',
                                       'Amplitude_log10',
                                       'FrequencyDerivative_log10',
                                       'SNR',
                                       'Eccentricity'],
                 'test_seed_val': 1,
                 'training_batch_size': 128,
                 'use_custom_weights': True,
                 'val_seed_val': 1},
 'evaluation_threshold': 0.5,
 'model': 'Multi_L',
 'name_of_run': 'Baseline_log_weightednormalizedoverbatch_class1_20_frequencyabove1p5mHz',
 'test': False,
 'training_params': {'focal_loss': {'alpha': 0.25, 'gamma': 2.0},
                     'lr': 0.001,
                     'num_epochs': 100}}
2025-04-07 02:11:20,332 - INFO - Data loaded. Input dimension: 5, Number of model classes: 11
2025-04-07 02:11:20,334 - INFO - Model defined: MultiTaskClassifier_L with input dimension 5 and 11 model classes.
2025-04-07 02:11:20,722 - INFO - Starting training for 100 epochs.
2025-04-07 02:11:27,240 - INFO - Epoch [1/100] - Training Loss: 1.8153 - Learning Rate: 0.001000
2025-04-07 02:11:27,719 - INFO - Epoch [1/100] - Validation Loss: 1.8919
2025-04-07 02:11:27,801 - INFO - Epoch [1/100] Metrics: Sensitivity: 0.6108, Specificity: 1.0000, Accuracy: 0.9874, MCC: 0.7765, AUC ROC: 0.8503
2025-04-07 02:11:27,803 - INFO - Epoch [1] - Best model updated (Validation Loss: 1.8919)
2025-04-07 02:11:34,265 - INFO - Epoch [2/100] - Training Loss: 1.7246 - Learning Rate: 0.001000
2025-04-07 02:11:34,792 - INFO - Epoch [2/100] - Validation Loss: 1.8968
2025-04-07 02:11:34,871 - INFO - Epoch [2/100] Metrics: Sensitivity: 0.5813, Specificity: 1.0000, Accuracy: 0.9864, MCC: 0.7571, AUC ROC: 0.8828
2025-04-07 02:11:41,508 - INFO - Epoch [3/100] - Training Loss: 1.7166 - Learning Rate: 0.001000
2025-04-07 02:11:41,989 - INFO - Epoch [3/100] - Validation Loss: 1.8875
2025-04-07 02:11:42,068 - INFO - Epoch [3/100] Metrics: Sensitivity: 0.6209, Specificity: 1.0000, Accuracy: 0.9877, MCC: 0.7830, AUC ROC: 0.9127
2025-04-07 02:11:42,069 - INFO - Epoch [3] - Best model updated (Validation Loss: 1.8875)
2025-04-07 02:11:48,363 - INFO - Epoch [4/100] - Training Loss: 1.7110 - Learning Rate: 0.001000
2025-04-07 02:11:48,833 - INFO - Epoch [4/100] - Validation Loss: 1.9002
2025-04-07 02:11:48,911 - INFO - Epoch [4/100] Metrics: Sensitivity: 0.6209, Specificity: 1.0000, Accuracy: 0.9877, MCC: 0.7825, AUC ROC: 0.8770
2025-04-07 02:11:55,290 - INFO - Epoch [5/100] - Training Loss: 1.7049 - Learning Rate: 0.001000
2025-04-07 02:11:55,799 - INFO - Epoch [5/100] - Validation Loss: 1.8629
2025-04-07 02:11:55,878 - INFO - Epoch [5/100] Metrics: Sensitivity: 0.6209, Specificity: 1.0000, Accuracy: 0.9877, MCC: 0.7830, AUC ROC: 0.8731
2025-04-07 02:11:55,879 - INFO - Epoch [5] - Best model updated (Validation Loss: 1.8629)
2025-04-07 02:12:02,215 - INFO - Epoch [6/100] - Training Loss: 1.6863 - Learning Rate: 0.001000
2025-04-07 02:12:02,745 - INFO - Epoch [6/100] - Validation Loss: 1.8470
2025-04-07 02:12:02,823 - INFO - Epoch [6/100] Metrics: Sensitivity: 0.5921, Specificity: 1.0000, Accuracy: 0.9868, MCC: 0.7643, AUC ROC: 0.8906
2025-04-07 02:12:02,826 - INFO - Epoch [6] - Best model updated (Validation Loss: 1.8470)
2025-04-07 02:12:08,844 - INFO - Epoch [7/100] - Training Loss: 1.6782 - Learning Rate: 0.001000
2025-04-07 02:12:09,320 - INFO - Epoch [7/100] - Validation Loss: 1.8332
2025-04-07 02:12:09,398 - INFO - Epoch [7/100] Metrics: Sensitivity: 0.5619, Specificity: 1.0000, Accuracy: 0.9858, MCC: 0.7441, AUC ROC: 0.8524
2025-04-07 02:12:09,400 - INFO - Epoch [7] - Best model updated (Validation Loss: 1.8332)
2025-04-07 02:12:15,536 - INFO - Epoch [8/100] - Training Loss: 1.6735 - Learning Rate: 0.001000
2025-04-07 02:12:16,002 - INFO - Epoch [8/100] - Validation Loss: 1.8383
2025-04-07 02:12:16,080 - INFO - Epoch [8/100] Metrics: Sensitivity: 0.5856, Specificity: 1.0000, Accuracy: 0.9866, MCC: 0.7600, AUC ROC: 0.8617
2025-04-07 02:12:22,270 - INFO - Epoch [9/100] - Training Loss: 1.6708 - Learning Rate: 0.001000
2025-04-07 02:12:22,745 - INFO - Epoch [9/100] - Validation Loss: 1.8413
2025-04-07 02:12:22,823 - INFO - Epoch [9/100] Metrics: Sensitivity: 0.6165, Specificity: 1.0000, Accuracy: 0.9876, MCC: 0.7802, AUC ROC: 0.8626
2025-04-07 02:12:28,907 - INFO - Epoch [10/100] - Training Loss: 1.6699 - Learning Rate: 0.001000
2025-04-07 02:12:29,437 - INFO - Epoch [10/100] - Validation Loss: 1.8454
2025-04-07 02:12:29,515 - INFO - Epoch [10/100] Metrics: Sensitivity: 0.6151, Specificity: 1.0000, Accuracy: 0.9875, MCC: 0.7793, AUC ROC: 0.8462
2025-04-07 02:12:35,487 - INFO - Epoch [11/100] - Training Loss: 1.6680 - Learning Rate: 0.001000
2025-04-07 02:12:35,965 - INFO - Epoch [11/100] - Validation Loss: 1.8441
2025-04-07 02:12:36,043 - INFO - Epoch [11/100] Metrics: Sensitivity: 0.5820, Specificity: 1.0000, Accuracy: 0.9865, MCC: 0.7576, AUC ROC: 0.8594
2025-04-07 02:12:41,995 - INFO - Epoch [12/100] - Training Loss: 1.6672 - Learning Rate: 0.001000
2025-04-07 02:12:42,479 - INFO - Epoch [12/100] - Validation Loss: 1.8391
2025-04-07 02:12:42,557 - INFO - Epoch [12/100] Metrics: Sensitivity: 0.5856, Specificity: 1.0000, Accuracy: 0.9866, MCC: 0.7600, AUC ROC: 0.8350
2025-04-07 02:12:48,659 - INFO - Epoch [13/100] - Training Loss: 1.6650 - Learning Rate: 0.001000
2025-04-07 02:12:49,133 - INFO - Epoch [13/100] - Validation Loss: 1.8364
2025-04-07 02:12:49,210 - INFO - Epoch [13/100] Metrics: Sensitivity: 0.6014, Specificity: 1.0000, Accuracy: 0.9871, MCC: 0.7704, AUC ROC: 0.8604
2025-04-07 02:12:55,446 - INFO - Epoch [14/100] - Training Loss: 1.6660 - Learning Rate: 0.001000
2025-04-07 02:12:55,985 - INFO - Epoch [14/100] - Validation Loss: 1.8312
2025-04-07 02:12:56,063 - INFO - Epoch [14/100] Metrics: Sensitivity: 0.6201, Specificity: 1.0000, Accuracy: 0.9877, MCC: 0.7825, AUC ROC: 0.8577
2025-04-07 02:12:56,064 - INFO - Epoch [14] - Best model updated (Validation Loss: 1.8312)
2025-04-07 02:13:02,038 - INFO - Epoch [15/100] - Training Loss: 1.6639 - Learning Rate: 0.001000
2025-04-07 02:13:02,543 - INFO - Epoch [15/100] - Validation Loss: 1.8337
2025-04-07 02:13:02,621 - INFO - Epoch [15/100] Metrics: Sensitivity: 0.6173, Specificity: 1.0000, Accuracy: 0.9876, MCC: 0.7807, AUC ROC: 0.8287
2025-04-07 02:13:08,817 - INFO - Epoch [16/100] - Training Loss: 1.6646 - Learning Rate: 0.001000
2025-04-07 02:13:09,282 - INFO - Epoch [16/100] - Validation Loss: 1.8446
2025-04-07 02:13:09,360 - INFO - Epoch [16/100] Metrics: Sensitivity: 0.5302, Specificity: 1.0000, Accuracy: 0.9848, MCC: 0.7225, AUC ROC: 0.8505
2025-04-07 02:13:15,403 - INFO - Epoch [17/100] - Training Loss: 1.6630 - Learning Rate: 0.001000
2025-04-07 02:13:15,878 - INFO - Epoch [17/100] - Validation Loss: 1.8263
2025-04-07 02:13:15,957 - INFO - Epoch [17/100] Metrics: Sensitivity: 0.6201, Specificity: 1.0000, Accuracy: 0.9877, MCC: 0.7825, AUC ROC: 0.8218
2025-04-07 02:13:15,958 - INFO - Epoch [17] - Best model updated (Validation Loss: 1.8263)
2025-04-07 02:13:21,956 - INFO - Epoch [18/100] - Training Loss: 1.6608 - Learning Rate: 0.001000
2025-04-07 02:13:22,476 - INFO - Epoch [18/100] - Validation Loss: 1.8239
2025-04-07 02:13:22,554 - INFO - Epoch [18/100] Metrics: Sensitivity: 0.6201, Specificity: 1.0000, Accuracy: 0.9877, MCC: 0.7825, AUC ROC: 0.8413
2025-04-07 02:13:22,555 - INFO - Epoch [18] - Best model updated (Validation Loss: 1.8239)
2025-04-07 02:13:28,600 - INFO - Epoch [19/100] - Training Loss: 1.6605 - Learning Rate: 0.001000
2025-04-07 02:13:29,062 - INFO - Epoch [19/100] - Validation Loss: 1.8301
2025-04-07 02:13:29,140 - INFO - Epoch [19/100] Metrics: Sensitivity: 0.6187, Specificity: 1.0000, Accuracy: 0.9877, MCC: 0.7816, AUC ROC: 0.8253
2025-04-07 02:13:35,368 - INFO - Epoch [20/100] - Training Loss: 1.6591 - Learning Rate: 0.001000
2025-04-07 02:13:35,851 - INFO - Epoch [20/100] - Validation Loss: 1.8405
2025-04-07 02:13:35,928 - INFO - Epoch [20/100] Metrics: Sensitivity: 0.5367, Specificity: 1.0000, Accuracy: 0.9850, MCC: 0.7270, AUC ROC: 0.8360
2025-04-07 02:13:41,995 - INFO - Epoch [21/100] - Training Loss: 1.6583 - Learning Rate: 0.001000
2025-04-07 02:13:42,533 - INFO - Epoch [21/100] - Validation Loss: 1.8141
2025-04-07 02:13:42,611 - INFO - Epoch [21/100] Metrics: Sensitivity: 0.5849, Specificity: 1.0000, Accuracy: 0.9866, MCC: 0.7595, AUC ROC: 0.8247
2025-04-07 02:13:42,612 - INFO - Epoch [21] - Best model updated (Validation Loss: 1.8141)
2025-04-07 02:13:49,208 - INFO - Epoch [22/100] - Training Loss: 1.6557 - Learning Rate: 0.001000
2025-04-07 02:13:49,714 - INFO - Epoch [22/100] - Validation Loss: 1.8333
2025-04-07 02:13:49,793 - INFO - Epoch [22/100] Metrics: Sensitivity: 0.6036, Specificity: 1.0000, Accuracy: 0.9872, MCC: 0.7718, AUC ROC: 0.8341
2025-04-07 02:13:56,175 - INFO - Epoch [23/100] - Training Loss: 1.6557 - Learning Rate: 0.001000
2025-04-07 02:13:56,661 - INFO - Epoch [23/100] - Validation Loss: 1.8176
2025-04-07 02:13:56,747 - INFO - Epoch [23/100] Metrics: Sensitivity: 0.6194, Specificity: 1.0000, Accuracy: 0.9877, MCC: 0.7821, AUC ROC: 0.8340
2025-04-07 02:14:02,784 - INFO - Epoch [24/100] - Training Loss: 1.6548 - Learning Rate: 0.001000
2025-04-07 02:14:03,261 - INFO - Epoch [24/100] - Validation Loss: 1.8208
2025-04-07 02:14:03,338 - INFO - Epoch [24/100] Metrics: Sensitivity: 0.6115, Specificity: 1.0000, Accuracy: 0.9874, MCC: 0.7770, AUC ROC: 0.8446
2025-04-07 02:14:09,453 - INFO - Epoch [25/100] - Training Loss: 1.6517 - Learning Rate: 0.001000
2025-04-07 02:14:09,972 - INFO - Epoch [25/100] - Validation Loss: 1.8241
2025-04-07 02:14:10,050 - INFO - Epoch [25/100] Metrics: Sensitivity: 0.6137, Specificity: 1.0000, Accuracy: 0.9875, MCC: 0.7784, AUC ROC: 0.8468
2025-04-07 02:14:16,019 - INFO - Epoch [26/100] - Training Loss: 1.6516 - Learning Rate: 0.001000
2025-04-07 02:14:16,487 - INFO - Epoch [26/100] - Validation Loss: 1.8174
2025-04-07 02:14:16,564 - INFO - Epoch [26/100] Metrics: Sensitivity: 0.5532, Specificity: 1.0000, Accuracy: 0.9855, MCC: 0.7383, AUC ROC: 0.8441
2025-04-07 02:14:22,628 - INFO - Epoch [27/100] - Training Loss: 1.6508 - Learning Rate: 0.001000
2025-04-07 02:14:23,093 - INFO - Epoch [27/100] - Validation Loss: 1.8024
2025-04-07 02:14:23,171 - INFO - Epoch [27/100] Metrics: Sensitivity: 0.6158, Specificity: 1.0000, Accuracy: 0.9876, MCC: 0.7798, AUC ROC: 0.8501
2025-04-07 02:14:23,172 - INFO - Epoch [27] - Best model updated (Validation Loss: 1.8024)
2025-04-07 02:14:29,361 - INFO - Epoch [28/100] - Training Loss: 1.6510 - Learning Rate: 0.001000
2025-04-07 02:14:29,831 - INFO - Epoch [28/100] - Validation Loss: 1.7965
2025-04-07 02:14:29,910 - INFO - Epoch [28/100] Metrics: Sensitivity: 0.6187, Specificity: 1.0000, Accuracy: 0.9877, MCC: 0.7816, AUC ROC: 0.8411
2025-04-07 02:14:29,911 - INFO - Epoch [28] - Best model updated (Validation Loss: 1.7965)
2025-04-07 02:14:35,993 - INFO - Epoch [29/100] - Training Loss: 1.6480 - Learning Rate: 0.001000
2025-04-07 02:14:36,524 - INFO - Epoch [29/100] - Validation Loss: 1.8122
2025-04-07 02:14:36,602 - INFO - Epoch [29/100] Metrics: Sensitivity: 0.6122, Specificity: 0.9999, Accuracy: 0.9874, MCC: 0.7755, AUC ROC: 0.8326
2025-04-07 02:14:42,673 - INFO - Epoch [30/100] - Training Loss: 1.6490 - Learning Rate: 0.001000
2025-04-07 02:14:43,154 - INFO - Epoch [30/100] - Validation Loss: 1.8051
2025-04-07 02:14:43,233 - INFO - Epoch [30/100] Metrics: Sensitivity: 0.6129, Specificity: 1.0000, Accuracy: 0.9875, MCC: 0.7779, AUC ROC: 0.8089
2025-04-07 02:14:49,145 - INFO - Epoch [31/100] - Training Loss: 1.6482 - Learning Rate: 0.001000
2025-04-07 02:14:49,647 - INFO - Epoch [31/100] - Validation Loss: 1.8111
2025-04-07 02:14:49,725 - INFO - Epoch [31/100] Metrics: Sensitivity: 0.5043, Specificity: 1.0000, Accuracy: 0.9840, MCC: 0.7043, AUC ROC: 0.8428
2025-04-07 02:14:55,652 - INFO - Epoch [32/100] - Training Loss: 1.6472 - Learning Rate: 0.001000
2025-04-07 02:14:56,160 - INFO - Epoch [32/100] - Validation Loss: 1.8193
2025-04-07 02:14:56,238 - INFO - Epoch [32/100] Metrics: Sensitivity: 0.5820, Specificity: 1.0000, Accuracy: 0.9865, MCC: 0.7576, AUC ROC: 0.8020
2025-04-07 02:15:02,171 - INFO - Epoch [33/100] - Training Loss: 1.6452 - Learning Rate: 0.001000
2025-04-07 02:15:02,707 - INFO - Epoch [33/100] - Validation Loss: 1.8042
2025-04-07 02:15:02,785 - INFO - Epoch [33/100] Metrics: Sensitivity: 0.6165, Specificity: 1.0000, Accuracy: 0.9876, MCC: 0.7802, AUC ROC: 0.8158
2025-04-07 02:15:08,764 - INFO - Epoch [34/100] - Training Loss: 1.6468 - Learning Rate: 0.001000
2025-04-07 02:15:09,241 - INFO - Epoch [34/100] - Validation Loss: 1.8018
2025-04-07 02:15:09,320 - INFO - Epoch [34/100] Metrics: Sensitivity: 0.6173, Specificity: 1.0000, Accuracy: 0.9876, MCC: 0.7807, AUC ROC: 0.8202
2025-04-07 02:15:15,184 - INFO - Epoch [35/100] - Training Loss: 1.6445 - Learning Rate: 0.001000
2025-04-07 02:15:15,681 - INFO - Epoch [35/100] - Validation Loss: 1.7958
2025-04-07 02:15:15,759 - INFO - Epoch [35/100] Metrics: Sensitivity: 0.6187, Specificity: 1.0000, Accuracy: 0.9877, MCC: 0.7816, AUC ROC: 0.8130
2025-04-07 02:15:15,761 - INFO - Epoch [35] - Best model updated (Validation Loss: 1.7958)
2025-04-07 02:15:21,682 - INFO - Epoch [36/100] - Training Loss: 1.6456 - Learning Rate: 0.001000
2025-04-07 02:15:22,185 - INFO - Epoch [36/100] - Validation Loss: 1.8118
2025-04-07 02:15:22,263 - INFO - Epoch [36/100] Metrics: Sensitivity: 0.5835, Specificity: 1.0000, Accuracy: 0.9865, MCC: 0.7586, AUC ROC: 0.8228
2025-04-07 02:15:28,202 - INFO - Epoch [37/100] - Training Loss: 1.6449 - Learning Rate: 0.001000
2025-04-07 02:15:28,727 - INFO - Epoch [37/100] - Validation Loss: 1.8208
2025-04-07 02:15:28,806 - INFO - Epoch [37/100] Metrics: Sensitivity: 0.6072, Specificity: 1.0000, Accuracy: 0.9873, MCC: 0.7742, AUC ROC: 0.8039
2025-04-07 02:15:34,930 - INFO - Epoch [38/100] - Training Loss: 1.6461 - Learning Rate: 0.001000
2025-04-07 02:15:35,390 - INFO - Epoch [38/100] - Validation Loss: 1.8176
2025-04-07 02:15:35,468 - INFO - Epoch [38/100] Metrics: Sensitivity: 0.6115, Specificity: 1.0000, Accuracy: 0.9874, MCC: 0.7770, AUC ROC: 0.8134
2025-04-07 02:15:41,789 - INFO - Epoch [39/100] - Training Loss: 1.6448 - Learning Rate: 0.001000
2025-04-07 02:15:42,274 - INFO - Epoch [39/100] - Validation Loss: 1.8061
2025-04-07 02:15:42,356 - INFO - Epoch [39/100] Metrics: Sensitivity: 0.6151, Specificity: 1.0000, Accuracy: 0.9875, MCC: 0.7793, AUC ROC: 0.7986
2025-04-07 02:15:48,588 - INFO - Epoch [40/100] - Training Loss: 1.6454 - Learning Rate: 0.001000
2025-04-07 02:15:49,079 - INFO - Epoch [40/100] - Validation Loss: 1.7881
2025-04-07 02:15:49,158 - INFO - Epoch [40/100] Metrics: Sensitivity: 0.6158, Specificity: 1.0000, Accuracy: 0.9876, MCC: 0.7798, AUC ROC: 0.8112
2025-04-07 02:15:49,160 - INFO - Epoch [40] - Best model updated (Validation Loss: 1.7881)
2025-04-07 02:30:55,678 - INFO - Epoch [41/100] - Training Loss: 1.6449 - Learning Rate: 0.001000
2025-04-07 02:30:56,162 - INFO - Epoch [41/100] - Validation Loss: 1.8141
2025-04-07 02:30:56,242 - INFO - Epoch [41/100] Metrics: Sensitivity: 0.6144, Specificity: 1.0000, Accuracy: 0.9875, MCC: 0.7788, AUC ROC: 0.8187
2025-04-07 02:31:02,890 - INFO - Epoch [42/100] - Training Loss: 1.6439 - Learning Rate: 0.001000
2025-04-07 02:31:03,364 - INFO - Epoch [42/100] - Validation Loss: 1.8087
2025-04-07 02:31:03,442 - INFO - Epoch [42/100] Metrics: Sensitivity: 0.6180, Specificity: 1.0000, Accuracy: 0.9876, MCC: 0.7811, AUC ROC: 0.8009
2025-04-07 02:31:09,614 - INFO - Epoch [43/100] - Training Loss: 1.6445 - Learning Rate: 0.001000
2025-04-07 02:31:10,112 - INFO - Epoch [43/100] - Validation Loss: 1.8092
2025-04-07 02:31:10,190 - INFO - Epoch [43/100] Metrics: Sensitivity: 0.6180, Specificity: 1.0000, Accuracy: 0.9876, MCC: 0.7811, AUC ROC: 0.8039
2025-04-07 02:31:16,298 - INFO - Epoch [44/100] - Training Loss: 1.6427 - Learning Rate: 0.001000
2025-04-07 02:31:16,799 - INFO - Epoch [44/100] - Validation Loss: 1.8047
2025-04-07 02:31:16,877 - INFO - Epoch [44/100] Metrics: Sensitivity: 0.6180, Specificity: 1.0000, Accuracy: 0.9876, MCC: 0.7811, AUC ROC: 0.7975
2025-04-07 02:31:22,852 - INFO - Epoch [45/100] - Training Loss: 1.6427 - Learning Rate: 0.001000
2025-04-07 02:31:23,371 - INFO - Epoch [45/100] - Validation Loss: 1.8145
2025-04-07 02:31:23,449 - INFO - Epoch [45/100] Metrics: Sensitivity: 0.6151, Specificity: 1.0000, Accuracy: 0.9875, MCC: 0.7793, AUC ROC: 0.8151
2025-04-07 02:31:29,435 - INFO - Epoch [46/100] - Training Loss: 1.6434 - Learning Rate: 0.001000
2025-04-07 02:31:29,922 - INFO - Epoch [46/100] - Validation Loss: 1.8159
2025-04-07 02:31:30,000 - INFO - Epoch [46/100] Metrics: Sensitivity: 0.6173, Specificity: 1.0000, Accuracy: 0.9876, MCC: 0.7807, AUC ROC: 0.8010
2025-04-07 02:31:36,118 - INFO - Epoch [47/100] - Training Loss: 1.6431 - Learning Rate: 0.001000
2025-04-07 02:31:36,597 - INFO - Epoch [47/100] - Validation Loss: 1.8076
2025-04-07 02:31:36,675 - INFO - Epoch [47/100] Metrics: Sensitivity: 0.6180, Specificity: 1.0000, Accuracy: 0.9876, MCC: 0.7811, AUC ROC: 0.8231
2025-04-07 02:31:42,685 - INFO - Epoch [48/100] - Training Loss: 1.6439 - Learning Rate: 0.001000
2025-04-07 02:31:43,186 - INFO - Epoch [48/100] - Validation Loss: 1.8220
2025-04-07 02:31:43,264 - INFO - Epoch [48/100] Metrics: Sensitivity: 0.6180, Specificity: 1.0000, Accuracy: 0.9876, MCC: 0.7811, AUC ROC: 0.8297
2025-04-07 02:31:49,305 - INFO - Epoch [49/100] - Training Loss: 1.6430 - Learning Rate: 0.001000
2025-04-07 02:31:49,841 - INFO - Epoch [49/100] - Validation Loss: 1.8105
2025-04-07 02:31:49,919 - INFO - Epoch [49/100] Metrics: Sensitivity: 0.6158, Specificity: 1.0000, Accuracy: 0.9876, MCC: 0.7798, AUC ROC: 0.8101
2025-04-07 02:31:56,082 - INFO - Epoch [50/100] - Training Loss: 1.6443 - Learning Rate: 0.000100
2025-04-07 02:31:56,551 - INFO - Epoch [50/100] - Validation Loss: 1.8021
2025-04-07 02:31:56,629 - INFO - Epoch [50/100] Metrics: Sensitivity: 0.6165, Specificity: 1.0000, Accuracy: 0.9876, MCC: 0.7802, AUC ROC: 0.7960
2025-04-07 02:47:03,711 - INFO - Epoch [51/100] - Training Loss: 1.6344 - Learning Rate: 0.000100
2025-04-07 02:47:04,232 - INFO - Epoch [51/100] - Validation Loss: 1.7899
2025-04-07 02:47:04,310 - INFO - Epoch [51/100] Metrics: Sensitivity: 0.6187, Specificity: 1.0000, Accuracy: 0.9877, MCC: 0.7816, AUC ROC: 0.8032
2025-04-07 02:47:11,073 - INFO - Epoch [52/100] - Training Loss: 1.6311 - Learning Rate: 0.000100
2025-04-07 02:47:11,591 - INFO - Epoch [52/100] - Validation Loss: 1.8014
2025-04-07 02:47:11,669 - INFO - Epoch [52/100] Metrics: Sensitivity: 0.6180, Specificity: 1.0000, Accuracy: 0.9876, MCC: 0.7811, AUC ROC: 0.8119
2025-04-07 02:47:17,876 - INFO - Epoch [53/100] - Training Loss: 1.6302 - Learning Rate: 0.000100
2025-04-07 02:47:18,377 - INFO - Epoch [53/100] - Validation Loss: 1.7923
2025-04-07 02:47:18,455 - INFO - Epoch [53/100] Metrics: Sensitivity: 0.6180, Specificity: 1.0000, Accuracy: 0.9876, MCC: 0.7811, AUC ROC: 0.8012
2025-04-07 02:47:24,529 - INFO - Epoch [54/100] - Training Loss: 1.6287 - Learning Rate: 0.000100
2025-04-07 02:47:24,985 - INFO - Epoch [54/100] - Validation Loss: 1.7913
2025-04-07 02:47:25,063 - INFO - Epoch [54/100] Metrics: Sensitivity: 0.6180, Specificity: 1.0000, Accuracy: 0.9876, MCC: 0.7811, AUC ROC: 0.8050
2025-04-07 02:47:31,093 - INFO - Epoch [55/100] - Training Loss: 1.6296 - Learning Rate: 0.000100
2025-04-07 02:47:31,569 - INFO - Epoch [55/100] - Validation Loss: 1.7898
2025-04-07 02:47:31,647 - INFO - Epoch [55/100] Metrics: Sensitivity: 0.6180, Specificity: 1.0000, Accuracy: 0.9876, MCC: 0.7811, AUC ROC: 0.8034
2025-04-07 02:47:37,742 - INFO - Epoch [56/100] - Training Loss: 1.6287 - Learning Rate: 0.000100
2025-04-07 02:47:38,259 - INFO - Epoch [56/100] - Validation Loss: 1.7896
2025-04-07 02:47:38,337 - INFO - Epoch [56/100] Metrics: Sensitivity: 0.6180, Specificity: 1.0000, Accuracy: 0.9876, MCC: 0.7811, AUC ROC: 0.8012
2025-04-07 02:47:44,387 - INFO - Epoch [57/100] - Training Loss: 1.6296 - Learning Rate: 0.000100
2025-04-07 02:47:44,897 - INFO - Epoch [57/100] - Validation Loss: 1.7870
2025-04-07 02:47:44,975 - INFO - Epoch [57/100] Metrics: Sensitivity: 0.6180, Specificity: 1.0000, Accuracy: 0.9876, MCC: 0.7811, AUC ROC: 0.8066
2025-04-07 02:47:44,976 - INFO - Epoch [57] - Best model updated (Validation Loss: 1.7870)
2025-04-07 02:47:51,066 - INFO - Epoch [58/100] - Training Loss: 1.6282 - Learning Rate: 0.000100
2025-04-07 02:47:51,549 - INFO - Epoch [58/100] - Validation Loss: 1.7873
2025-04-07 02:47:51,628 - INFO - Epoch [58/100] Metrics: Sensitivity: 0.6180, Specificity: 1.0000, Accuracy: 0.9876, MCC: 0.7811, AUC ROC: 0.8044
2025-04-07 02:47:57,676 - INFO - Epoch [59/100] - Training Loss: 1.6281 - Learning Rate: 0.000100
2025-04-07 02:47:58,168 - INFO - Epoch [59/100] - Validation Loss: 1.7917
2025-04-07 02:47:58,245 - INFO - Epoch [59/100] Metrics: Sensitivity: 0.6180, Specificity: 1.0000, Accuracy: 0.9876, MCC: 0.7811, AUC ROC: 0.8085
2025-04-07 02:48:04,224 - INFO - Epoch [60/100] - Training Loss: 1.6277 - Learning Rate: 0.000100
2025-04-07 02:48:04,763 - INFO - Epoch [60/100] - Validation Loss: 1.7890
2025-04-07 02:48:04,841 - INFO - Epoch [60/100] Metrics: Sensitivity: 0.6180, Specificity: 1.0000, Accuracy: 0.9876, MCC: 0.7811, AUC ROC: 0.8053
2025-04-07 02:48:10,811 - INFO - Epoch [61/100] - Training Loss: 1.6268 - Learning Rate: 0.000100
2025-04-07 02:48:11,287 - INFO - Epoch [61/100] - Validation Loss: 1.7865
2025-04-07 02:48:11,366 - INFO - Epoch [61/100] Metrics: Sensitivity: 0.6180, Specificity: 1.0000, Accuracy: 0.9876, MCC: 0.7811, AUC ROC: 0.8050
2025-04-07 02:48:11,368 - INFO - Epoch [61] - Best model updated (Validation Loss: 1.7865)
2025-04-07 02:48:17,460 - INFO - Epoch [62/100] - Training Loss: 1.6272 - Learning Rate: 0.000100
2025-04-07 02:48:17,921 - INFO - Epoch [62/100] - Validation Loss: 1.7865
2025-04-07 02:48:18,000 - INFO - Epoch [62/100] Metrics: Sensitivity: 0.6180, Specificity: 1.0000, Accuracy: 0.9876, MCC: 0.7811, AUC ROC: 0.8041
2025-04-07 02:48:24,007 - INFO - Epoch [63/100] - Training Loss: 1.6267 - Learning Rate: 0.000100
2025-04-07 02:48:24,478 - INFO - Epoch [63/100] - Validation Loss: 1.7930
2025-04-07 02:48:24,557 - INFO - Epoch [63/100] Metrics: Sensitivity: 0.6180, Specificity: 1.0000, Accuracy: 0.9876, MCC: 0.7811, AUC ROC: 0.8066
2025-04-07 02:48:30,588 - INFO - Epoch [64/100] - Training Loss: 1.6267 - Learning Rate: 0.000100
2025-04-07 02:48:31,098 - INFO - Epoch [64/100] - Validation Loss: 1.7877
2025-04-07 02:48:31,176 - INFO - Epoch [64/100] Metrics: Sensitivity: 0.6180, Specificity: 1.0000, Accuracy: 0.9876, MCC: 0.7811, AUC ROC: 0.7968
2025-04-07 02:48:37,200 - INFO - Epoch [65/100] - Training Loss: 1.6263 - Learning Rate: 0.000100
2025-04-07 02:48:37,682 - INFO - Epoch [65/100] - Validation Loss: 1.7885
2025-04-07 02:48:37,761 - INFO - Epoch [65/100] Metrics: Sensitivity: 0.6180, Specificity: 1.0000, Accuracy: 0.9876, MCC: 0.7811, AUC ROC: 0.7944
2025-04-07 02:48:43,871 - INFO - Epoch [66/100] - Training Loss: 1.6266 - Learning Rate: 0.000100
2025-04-07 02:48:44,350 - INFO - Epoch [66/100] - Validation Loss: 1.7923
2025-04-07 02:48:44,428 - INFO - Epoch [66/100] Metrics: Sensitivity: 0.6180, Specificity: 1.0000, Accuracy: 0.9876, MCC: 0.7811, AUC ROC: 0.8015
2025-04-07 02:48:50,443 - INFO - Epoch [67/100] - Training Loss: 1.6267 - Learning Rate: 0.000100
2025-04-07 02:48:50,937 - INFO - Epoch [67/100] - Validation Loss: 1.7933
2025-04-07 02:48:51,015 - INFO - Epoch [67/100] Metrics: Sensitivity: 0.6180, Specificity: 1.0000, Accuracy: 0.9876, MCC: 0.7811, AUC ROC: 0.7995
2025-04-07 02:48:57,033 - INFO - Epoch [68/100] - Training Loss: 1.6266 - Learning Rate: 0.000100
2025-04-07 02:48:57,563 - INFO - Epoch [68/100] - Validation Loss: 1.7877
2025-04-07 02:48:57,641 - INFO - Epoch [68/100] Metrics: Sensitivity: 0.6180, Specificity: 1.0000, Accuracy: 0.9876, MCC: 0.7811, AUC ROC: 0.8020
2025-04-07 02:49:03,626 - INFO - Epoch [69/100] - Training Loss: 1.6252 - Learning Rate: 0.000100
2025-04-07 02:49:04,093 - INFO - Epoch [69/100] - Validation Loss: 1.7903
2025-04-07 02:49:04,172 - INFO - Epoch [69/100] Metrics: Sensitivity: 0.6180, Specificity: 1.0000, Accuracy: 0.9876, MCC: 0.7811, AUC ROC: 0.8008
2025-04-07 02:49:10,134 - INFO - Epoch [70/100] - Training Loss: 1.6253 - Learning Rate: 0.000100
2025-04-07 02:49:10,619 - INFO - Epoch [70/100] - Validation Loss: 1.7846
2025-04-07 02:49:10,698 - INFO - Epoch [70/100] Metrics: Sensitivity: 0.6180, Specificity: 1.0000, Accuracy: 0.9876, MCC: 0.7811, AUC ROC: 0.7981
2025-04-07 02:49:10,700 - INFO - Epoch [70] - Best model updated (Validation Loss: 1.7846)
2025-04-07 02:49:16,688 - INFO - Epoch [71/100] - Training Loss: 1.6249 - Learning Rate: 0.000100
2025-04-07 02:49:17,183 - INFO - Epoch [71/100] - Validation Loss: 1.7869
2025-04-07 02:49:17,262 - INFO - Epoch [71/100] Metrics: Sensitivity: 0.6180, Specificity: 1.0000, Accuracy: 0.9876, MCC: 0.7811, AUC ROC: 0.8024
2025-04-07 03:04:23,921 - INFO - Epoch [72/100] - Training Loss: 1.6257 - Learning Rate: 0.000100
2025-04-07 03:04:24,499 - INFO - Epoch [72/100] - Validation Loss: 1.7883
2025-04-07 03:04:24,577 - INFO - Epoch [72/100] Metrics: Sensitivity: 0.6180, Specificity: 1.0000, Accuracy: 0.9876, MCC: 0.7811, AUC ROC: 0.7975
2025-04-07 03:04:30,891 - INFO - Epoch [73/100] - Training Loss: 1.6255 - Learning Rate: 0.000100
2025-04-07 03:04:31,388 - INFO - Epoch [73/100] - Validation Loss: 1.7880
2025-04-07 03:04:31,465 - INFO - Epoch [73/100] Metrics: Sensitivity: 0.6180, Specificity: 1.0000, Accuracy: 0.9876, MCC: 0.7811, AUC ROC: 0.8022
2025-04-07 03:04:37,729 - INFO - Epoch [74/100] - Training Loss: 1.6247 - Learning Rate: 0.000100
2025-04-07 03:04:38,209 - INFO - Epoch [74/100] - Validation Loss: 1.7853
2025-04-07 03:04:38,287 - INFO - Epoch [74/100] Metrics: Sensitivity: 0.6180, Specificity: 1.0000, Accuracy: 0.9876, MCC: 0.7811, AUC ROC: 0.8024
2025-04-07 03:04:44,447 - INFO - Epoch [75/100] - Training Loss: 1.6247 - Learning Rate: 0.000100
2025-04-07 03:04:44,965 - INFO - Epoch [75/100] - Validation Loss: 1.7866
2025-04-07 03:04:45,043 - INFO - Epoch [75/100] Metrics: Sensitivity: 0.6180, Specificity: 1.0000, Accuracy: 0.9876, MCC: 0.7811, AUC ROC: 0.8019
2025-04-07 03:04:51,211 - INFO - Epoch [76/100] - Training Loss: 1.6257 - Learning Rate: 0.000100
2025-04-07 03:04:51,741 - INFO - Epoch [76/100] - Validation Loss: 1.7829
2025-04-07 03:04:51,819 - INFO - Epoch [76/100] Metrics: Sensitivity: 0.6180, Specificity: 1.0000, Accuracy: 0.9876, MCC: 0.7811, AUC ROC: 0.7992
2025-04-07 03:04:51,820 - INFO - Epoch [76] - Best model updated (Validation Loss: 1.7829)
2025-04-07 03:04:57,929 - INFO - Epoch [77/100] - Training Loss: 1.6258 - Learning Rate: 0.000100
2025-04-07 03:04:58,406 - INFO - Epoch [77/100] - Validation Loss: 1.7856
2025-04-07 03:04:58,484 - INFO - Epoch [77/100] Metrics: Sensitivity: 0.6180, Specificity: 1.0000, Accuracy: 0.9876, MCC: 0.7811, AUC ROC: 0.7980
2025-04-07 03:05:04,635 - INFO - Epoch [78/100] - Training Loss: 1.6250 - Learning Rate: 0.000100
2025-04-07 03:05:05,115 - INFO - Epoch [78/100] - Validation Loss: 1.7832
2025-04-07 03:05:05,194 - INFO - Epoch [78/100] Metrics: Sensitivity: 0.6173, Specificity: 1.0000, Accuracy: 0.9876, MCC: 0.7807, AUC ROC: 0.7961
2025-04-07 03:05:11,230 - INFO - Epoch [79/100] - Training Loss: 1.6256 - Learning Rate: 0.000100
2025-04-07 03:05:11,701 - INFO - Epoch [79/100] - Validation Loss: 1.7872
2025-04-07 03:05:11,779 - INFO - Epoch [79/100] Metrics: Sensitivity: 0.6173, Specificity: 1.0000, Accuracy: 0.9876, MCC: 0.7807, AUC ROC: 0.7984
2025-04-07 03:05:17,847 - INFO - Epoch [80/100] - Training Loss: 1.6235 - Learning Rate: 0.000100
2025-04-07 03:05:18,403 - INFO - Epoch [80/100] - Validation Loss: 1.7853
2025-04-07 03:05:18,482 - INFO - Epoch [80/100] Metrics: Sensitivity: 0.6173, Specificity: 1.0000, Accuracy: 0.9876, MCC: 0.7807, AUC ROC: 0.7968
2025-04-07 03:05:24,499 - INFO - Epoch [81/100] - Training Loss: 1.6264 - Learning Rate: 0.000100
2025-04-07 03:05:25,007 - INFO - Epoch [81/100] - Validation Loss: 1.7854
2025-04-07 03:05:25,084 - INFO - Epoch [81/100] Metrics: Sensitivity: 0.6173, Specificity: 1.0000, Accuracy: 0.9876, MCC: 0.7807, AUC ROC: 0.8046
2025-04-07 03:05:31,068 - INFO - Epoch [82/100] - Training Loss: 1.6244 - Learning Rate: 0.000100
2025-04-07 03:05:31,535 - INFO - Epoch [82/100] - Validation Loss: 1.7854
2025-04-07 03:05:31,613 - INFO - Epoch [82/100] Metrics: Sensitivity: 0.6173, Specificity: 1.0000, Accuracy: 0.9876, MCC: 0.7807, AUC ROC: 0.7973
2025-04-07 03:05:37,648 - INFO - Epoch [83/100] - Training Loss: 1.6249 - Learning Rate: 0.000100
2025-04-07 03:05:38,190 - INFO - Epoch [83/100] - Validation Loss: 1.7827
2025-04-07 03:05:38,268 - INFO - Epoch [83/100] Metrics: Sensitivity: 0.6173, Specificity: 1.0000, Accuracy: 0.9876, MCC: 0.7807, AUC ROC: 0.7995
2025-04-07 03:05:38,269 - INFO - Epoch [83] - Best model updated (Validation Loss: 1.7827)
2025-04-07 03:05:44,303 - INFO - Epoch [84/100] - Training Loss: 1.6229 - Learning Rate: 0.000100
2025-04-07 03:05:44,768 - INFO - Epoch [84/100] - Validation Loss: 1.7821
2025-04-07 03:05:44,846 - INFO - Epoch [84/100] Metrics: Sensitivity: 0.6180, Specificity: 1.0000, Accuracy: 0.9876, MCC: 0.7811, AUC ROC: 0.7996
2025-04-07 03:05:44,847 - INFO - Epoch [84] - Best model updated (Validation Loss: 1.7821)
2025-04-07 03:05:50,964 - INFO - Epoch [85/100] - Training Loss: 1.6238 - Learning Rate: 0.000100
2025-04-07 03:05:51,449 - INFO - Epoch [85/100] - Validation Loss: 1.7832
2025-04-07 03:05:51,527 - INFO - Epoch [85/100] Metrics: Sensitivity: 0.6180, Specificity: 1.0000, Accuracy: 0.9876, MCC: 0.7811, AUC ROC: 0.8020
2025-04-07 03:05:57,503 - INFO - Epoch [86/100] - Training Loss: 1.6224 - Learning Rate: 0.000100
2025-04-07 03:05:57,969 - INFO - Epoch [86/100] - Validation Loss: 1.7878
2025-04-07 03:05:58,047 - INFO - Epoch [86/100] Metrics: Sensitivity: 0.6180, Specificity: 1.0000, Accuracy: 0.9876, MCC: 0.7811, AUC ROC: 0.7993
2025-04-07 03:06:04,109 - INFO - Epoch [87/100] - Training Loss: 1.6234 - Learning Rate: 0.000100
2025-04-07 03:06:04,633 - INFO - Epoch [87/100] - Validation Loss: 1.7845
2025-04-07 03:06:04,711 - INFO - Epoch [87/100] Metrics: Sensitivity: 0.6180, Specificity: 1.0000, Accuracy: 0.9876, MCC: 0.7811, AUC ROC: 0.7982
2025-04-07 03:06:10,698 - INFO - Epoch [88/100] - Training Loss: 1.6232 - Learning Rate: 0.000100
2025-04-07 03:06:11,178 - INFO - Epoch [88/100] - Validation Loss: 1.7859
2025-04-07 03:06:11,257 - INFO - Epoch [88/100] Metrics: Sensitivity: 0.6180, Specificity: 1.0000, Accuracy: 0.9876, MCC: 0.7811, AUC ROC: 0.7991
2025-04-07 03:06:17,272 - INFO - Epoch [89/100] - Training Loss: 1.6244 - Learning Rate: 0.000100
2025-04-07 03:06:17,747 - INFO - Epoch [89/100] - Validation Loss: 1.7835
2025-04-07 03:06:17,825 - INFO - Epoch [89/100] Metrics: Sensitivity: 0.6180, Specificity: 1.0000, Accuracy: 0.9876, MCC: 0.7811, AUC ROC: 0.7986
2025-04-07 03:06:23,824 - INFO - Epoch [90/100] - Training Loss: 1.6247 - Learning Rate: 0.000100
2025-04-07 03:06:24,308 - INFO - Epoch [90/100] - Validation Loss: 1.7846
2025-04-07 03:06:24,387 - INFO - Epoch [90/100] Metrics: Sensitivity: 0.6173, Specificity: 1.0000, Accuracy: 0.9876, MCC: 0.7807, AUC ROC: 0.7992
2025-04-07 03:06:30,439 - INFO - Epoch [91/100] - Training Loss: 1.6227 - Learning Rate: 0.000100
2025-04-07 03:06:30,984 - INFO - Epoch [91/100] - Validation Loss: 1.7847
2025-04-07 03:06:31,062 - INFO - Epoch [91/100] Metrics: Sensitivity: 0.6173, Specificity: 1.0000, Accuracy: 0.9876, MCC: 0.7807, AUC ROC: 0.7965
2025-04-07 03:06:37,180 - INFO - Epoch [92/100] - Training Loss: 1.6233 - Learning Rate: 0.000100
2025-04-07 03:06:37,659 - INFO - Epoch [92/100] - Validation Loss: 1.7839
2025-04-07 03:06:37,737 - INFO - Epoch [92/100] Metrics: Sensitivity: 0.6173, Specificity: 1.0000, Accuracy: 0.9876, MCC: 0.7807, AUC ROC: 0.7997
2025-04-07 03:21:44,532 - INFO - Epoch [93/100] - Training Loss: 1.6249 - Learning Rate: 0.000100
2025-04-07 03:21:45,099 - INFO - Epoch [93/100] - Validation Loss: 1.7814
2025-04-07 03:21:45,177 - INFO - Epoch [93/100] Metrics: Sensitivity: 0.6173, Specificity: 1.0000, Accuracy: 0.9876, MCC: 0.7807, AUC ROC: 0.7994
2025-04-07 03:21:45,179 - INFO - Epoch [93] - Best model updated (Validation Loss: 1.7814)
2025-04-07 03:21:52,432 - INFO - Epoch [94/100] - Training Loss: 1.6245 - Learning Rate: 0.000100
2025-04-07 03:21:52,978 - INFO - Epoch [94/100] - Validation Loss: 1.7848
2025-04-07 03:21:53,056 - INFO - Epoch [94/100] Metrics: Sensitivity: 0.6173, Specificity: 1.0000, Accuracy: 0.9876, MCC: 0.7807, AUC ROC: 0.7971
2025-04-07 03:22:00,371 - INFO - Epoch [95/100] - Training Loss: 1.6235 - Learning Rate: 0.000100
2025-04-07 03:22:00,989 - INFO - Epoch [95/100] - Validation Loss: 1.7833
2025-04-07 03:22:01,068 - INFO - Epoch [95/100] Metrics: Sensitivity: 0.6173, Specificity: 1.0000, Accuracy: 0.9876, MCC: 0.7807, AUC ROC: 0.8017
2025-04-07 03:22:08,134 - INFO - Epoch [96/100] - Training Loss: 1.6239 - Learning Rate: 0.000100
2025-04-07 03:22:08,616 - INFO - Epoch [96/100] - Validation Loss: 1.7874
2025-04-07 03:22:08,694 - INFO - Epoch [96/100] Metrics: Sensitivity: 0.6173, Specificity: 1.0000, Accuracy: 0.9876, MCC: 0.7807, AUC ROC: 0.8054
2025-04-07 03:22:14,795 - INFO - Epoch [97/100] - Training Loss: 1.6226 - Learning Rate: 0.000100
2025-04-07 03:22:15,269 - INFO - Epoch [97/100] - Validation Loss: 1.7872
2025-04-07 03:22:15,347 - INFO - Epoch [97/100] Metrics: Sensitivity: 0.6173, Specificity: 1.0000, Accuracy: 0.9876, MCC: 0.7807, AUC ROC: 0.7995
2025-04-07 03:22:21,589 - INFO - Epoch [98/100] - Training Loss: 1.6228 - Learning Rate: 0.000100
2025-04-07 03:22:22,067 - INFO - Epoch [98/100] - Validation Loss: 1.7850
2025-04-07 03:22:22,146 - INFO - Epoch [98/100] Metrics: Sensitivity: 0.6180, Specificity: 1.0000, Accuracy: 0.9876, MCC: 0.7811, AUC ROC: 0.8071
2025-04-07 03:37:29,052 - INFO - Epoch [99/100] - Training Loss: 1.6236 - Learning Rate: 0.000100
2025-04-07 03:37:29,609 - INFO - Epoch [99/100] - Validation Loss: 1.7794
2025-04-07 03:37:29,687 - INFO - Epoch [99/100] Metrics: Sensitivity: 0.6173, Specificity: 1.0000, Accuracy: 0.9876, MCC: 0.7807, AUC ROC: 0.7963
2025-04-07 03:37:29,690 - INFO - Epoch [99] - Best model updated (Validation Loss: 1.7794)
2025-04-07 03:37:35,944 - INFO - Epoch [100/100] - Training Loss: 1.6226 - Learning Rate: 0.000010
2025-04-07 03:37:36,420 - INFO - Epoch [100/100] - Validation Loss: 1.7828
2025-04-07 03:37:36,499 - INFO - Epoch [100/100] Metrics: Sensitivity: 0.6173, Specificity: 1.0000, Accuracy: 0.9876, MCC: 0.7807, AUC ROC: 0.8024
2025-04-07 03:37:36,501 - INFO - Best model loaded from models/best_multi_task_classifier_Baseline_log_weightednormalizedoverbatch_class1_20_frequencyabove1p5mHz.pth
2025-04-07 03:37:36,503 - INFO - Training and Validation loss history saved to models/loss_history/train_val_loss_history_Baseline_log_weightednormalizedoverbatch_class1_20_frequencyabove1p5mHz.csv
2025-04-07 03:37:36,808 - INFO - Feature: Frequency_mHz, Average Saliency: 0.0000, Parameters Impact: 7.4320, Parameters Std: 23.5019
2025-04-07 03:37:36,808 - INFO - Feature: Amplitude_log10, Average Saliency: 0.0000, Parameters Impact: 621.3141, Parameters Std: 1964.7679
2025-04-07 03:37:36,808 - INFO - Feature: FrequencyDerivative_log10, Average Saliency: 0.0000, Parameters Impact: 1.2363, Parameters Std: 3.9096
2025-04-07 03:37:36,808 - INFO - Feature: SNR, Average Saliency: 0.0000, Parameters Impact: 5.5305, Parameters Std: 17.4889
2025-04-07 03:37:36,808 - INFO - Feature: Eccentricity, Average Saliency: 0.0000, Parameters Impact: 1.0000, Parameters Std: 3.1623
2025-04-07 03:37:37,538 - INFO - Validation Metrics:
2025-04-07 03:37:37,538 - INFO - Accuracy: 0.9876
2025-04-07 03:37:37,538 - INFO - Precision: 1.0000
2025-04-07 03:37:37,538 - INFO - Recall (Sensitivity): 0.6173
2025-04-07 03:37:37,538 - INFO - Specificity: 1.0000
2025-04-07 03:37:37,538 - INFO - F1 Score: 0.7633
2025-04-07 03:37:37,538 - INFO - ROC AUC: 0.7963
2025-04-07 03:37:37,538 - INFO - Balanced Accuracy: 0.8086
2025-04-07 03:37:37,538 - INFO - Confusion Matrix:
[[41556     0]
 [  532   858]]
2025-04-07 03:37:51,508 - INFO - Corner plot for predicted classes saved to figures/Baseline_log_weightednormalizedoverbatch_class1_20_frequencyabove1p5mHz/corner_plot_predicted.png
2025-04-07 03:38:04,905 - INFO - Corner plot for true classes saved to figures/Baseline_log_weightednormalizedoverbatch_class1_20_frequencyabove1p5mHz/corner_plot_true.png
2025-04-07 03:38:06,137 - INFO - Corner plot for true class 1 (Prediction_Status) saved to figures/Baseline_log_weightednormalizedoverbatch_class1_20_frequencyabove1p5mHz/corner_plot_class1_status.png
2025-04-07 03:38:19,595 - INFO - Evaluation completed successfully in main.py.
