2025-03-19 17:39:39,494 - INFO - Starting multi-task script in main.py.
2025-03-19 17:39:39,494 - INFO - Loaded configuration settings:
{'data_params': {'inference_batch_size': 128,
                 'resolved_folder_path': '/Users/irwin/Documents/GitHub/lisa-ml/data/resolved_binaries/',
                 'selected_features': ['Frequency',
                                       'Amplitude',
                                       'FrequencyDerivative',
                                       'SNR'],
                 'test_seed_val': 1,
                 'training_batch_size': 128,
                 'val_seed_val': 1},
 'name_of_run': 'Baseline_no_ecc',
 'test': False,
 'training_params': {'lr': 0.001, 'num_epochs': 100}}
2025-03-19 17:39:39,944 - INFO - Data loaded. Input dimension: 4, Number of model classes: 11
2025-03-19 17:39:39,946 - INFO - Model defined with input dimension 4 and 11 model classes.
2025-03-19 17:39:40,398 - INFO - Starting training for 100 epochs.
2025-03-19 17:39:44,670 - INFO - Epoch [1/100] - Training Loss: 2.1948
2025-03-19 17:39:44,938 - INFO - Epoch [1/100] - Validation Loss: 2.0719
2025-03-19 17:39:44,940 - INFO - Epoch [1] - Best model updated (Validation Loss: 2.0719)
2025-03-19 17:39:49,029 - INFO - Epoch [2/100] - Training Loss: 2.0979
2025-03-19 17:39:49,285 - INFO - Epoch [2/100] - Validation Loss: 2.0615
2025-03-19 17:39:49,286 - INFO - Epoch [2] - Best model updated (Validation Loss: 2.0615)
2025-03-19 17:39:53,473 - INFO - Epoch [3/100] - Training Loss: 2.0845
2025-03-19 17:39:53,737 - INFO - Epoch [3/100] - Validation Loss: 2.0598
2025-03-19 17:39:53,739 - INFO - Epoch [3] - Best model updated (Validation Loss: 2.0598)
2025-03-19 17:39:58,095 - INFO - Epoch [4/100] - Training Loss: 2.0746
2025-03-19 17:39:58,348 - INFO - Epoch [4/100] - Validation Loss: 2.0488
2025-03-19 17:39:58,350 - INFO - Epoch [4] - Best model updated (Validation Loss: 2.0488)
2025-03-19 17:40:02,459 - INFO - Epoch [5/100] - Training Loss: 2.0661
2025-03-19 17:40:02,705 - INFO - Epoch [5/100] - Validation Loss: 2.0312
2025-03-19 17:40:02,706 - INFO - Epoch [5] - Best model updated (Validation Loss: 2.0312)
2025-03-19 17:40:06,724 - INFO - Epoch [6/100] - Training Loss: 2.0584
2025-03-19 17:40:06,982 - INFO - Epoch [6/100] - Validation Loss: 2.0290
2025-03-19 17:40:06,984 - INFO - Epoch [6] - Best model updated (Validation Loss: 2.0290)
2025-03-19 17:40:11,017 - INFO - Epoch [7/100] - Training Loss: 2.0541
2025-03-19 17:40:11,278 - INFO - Epoch [7/100] - Validation Loss: 2.0339
2025-03-19 17:40:15,319 - INFO - Epoch [8/100] - Training Loss: 2.0483
2025-03-19 17:40:15,572 - INFO - Epoch [8/100] - Validation Loss: 2.0285
2025-03-19 17:40:15,573 - INFO - Epoch [8] - Best model updated (Validation Loss: 2.0285)
2025-03-19 17:40:19,642 - INFO - Epoch [9/100] - Training Loss: 2.0472
2025-03-19 17:40:19,892 - INFO - Epoch [9/100] - Validation Loss: 2.0174
2025-03-19 17:40:19,894 - INFO - Epoch [9] - Best model updated (Validation Loss: 2.0174)
2025-03-19 17:40:23,979 - INFO - Epoch [10/100] - Training Loss: 2.0418
2025-03-19 17:40:24,227 - INFO - Epoch [10/100] - Validation Loss: 2.0326
2025-03-19 17:40:28,530 - INFO - Epoch [11/100] - Training Loss: 2.0412
2025-03-19 17:40:28,794 - INFO - Epoch [11/100] - Validation Loss: 2.0108
2025-03-19 17:40:28,796 - INFO - Epoch [11] - Best model updated (Validation Loss: 2.0108)
2025-03-19 17:40:32,852 - INFO - Epoch [12/100] - Training Loss: 2.0375
2025-03-19 17:40:33,104 - INFO - Epoch [12/100] - Validation Loss: 2.0239
2025-03-19 17:40:37,179 - INFO - Epoch [13/100] - Training Loss: 2.0351
2025-03-19 17:40:37,448 - INFO - Epoch [13/100] - Validation Loss: 2.0085
2025-03-19 17:40:37,450 - INFO - Epoch [13] - Best model updated (Validation Loss: 2.0085)
2025-03-19 17:40:41,521 - INFO - Epoch [14/100] - Training Loss: 2.0343
2025-03-19 17:40:41,766 - INFO - Epoch [14/100] - Validation Loss: 2.0131
2025-03-19 17:40:45,823 - INFO - Epoch [15/100] - Training Loss: 2.0316
2025-03-19 17:40:46,154 - INFO - Epoch [15/100] - Validation Loss: 2.0108
2025-03-19 17:40:50,219 - INFO - Epoch [16/100] - Training Loss: 2.0302
2025-03-19 17:40:50,477 - INFO - Epoch [16/100] - Validation Loss: 2.0125
2025-03-19 17:40:54,569 - INFO - Epoch [17/100] - Training Loss: 2.0306
2025-03-19 17:40:54,820 - INFO - Epoch [17/100] - Validation Loss: 2.0067
2025-03-19 17:40:54,822 - INFO - Epoch [17] - Best model updated (Validation Loss: 2.0067)
2025-03-19 17:40:58,883 - INFO - Epoch [18/100] - Training Loss: 2.0272
2025-03-19 17:40:59,133 - INFO - Epoch [18/100] - Validation Loss: 2.0077
2025-03-19 17:41:03,214 - INFO - Epoch [19/100] - Training Loss: 2.0257
2025-03-19 17:41:03,461 - INFO - Epoch [19/100] - Validation Loss: 2.0036
2025-03-19 17:41:03,462 - INFO - Epoch [19] - Best model updated (Validation Loss: 2.0036)
2025-03-19 17:41:07,487 - INFO - Epoch [20/100] - Training Loss: 2.0252
2025-03-19 17:41:07,740 - INFO - Epoch [20/100] - Validation Loss: 2.0016
2025-03-19 17:41:07,742 - INFO - Epoch [20] - Best model updated (Validation Loss: 2.0016)
2025-03-19 17:41:11,812 - INFO - Epoch [21/100] - Training Loss: 2.0242
2025-03-19 17:41:12,064 - INFO - Epoch [21/100] - Validation Loss: 1.9995
2025-03-19 17:41:12,065 - INFO - Epoch [21] - Best model updated (Validation Loss: 1.9995)
2025-03-19 17:41:16,136 - INFO - Epoch [22/100] - Training Loss: 2.0227
2025-03-19 17:41:16,376 - INFO - Epoch [22/100] - Validation Loss: 1.9952
2025-03-19 17:41:16,378 - INFO - Epoch [22] - Best model updated (Validation Loss: 1.9952)
2025-03-19 17:41:20,505 - INFO - Epoch [23/100] - Training Loss: 2.0218
2025-03-19 17:41:20,756 - INFO - Epoch [23/100] - Validation Loss: 1.9965
2025-03-19 17:41:24,854 - INFO - Epoch [24/100] - Training Loss: 2.0228
2025-03-19 17:41:25,116 - INFO - Epoch [24/100] - Validation Loss: 2.0027
2025-03-19 17:41:29,157 - INFO - Epoch [25/100] - Training Loss: 2.0188
2025-03-19 17:41:29,417 - INFO - Epoch [25/100] - Validation Loss: 1.9968
2025-03-19 17:41:33,488 - INFO - Epoch [26/100] - Training Loss: 2.0194
2025-03-19 17:41:33,750 - INFO - Epoch [26/100] - Validation Loss: 1.9960
2025-03-19 17:41:37,799 - INFO - Epoch [27/100] - Training Loss: 2.0175
2025-03-19 17:41:38,059 - INFO - Epoch [27/100] - Validation Loss: 1.9913
2025-03-19 17:41:38,060 - INFO - Epoch [27] - Best model updated (Validation Loss: 1.9913)
2025-03-19 17:41:42,095 - INFO - Epoch [28/100] - Training Loss: 2.0189
2025-03-19 17:41:42,336 - INFO - Epoch [28/100] - Validation Loss: 1.9943
2025-03-19 17:41:46,399 - INFO - Epoch [29/100] - Training Loss: 2.0166
2025-03-19 17:41:46,651 - INFO - Epoch [29/100] - Validation Loss: 1.9905
2025-03-19 17:41:46,652 - INFO - Epoch [29] - Best model updated (Validation Loss: 1.9905)
2025-03-19 17:41:50,743 - INFO - Epoch [30/100] - Training Loss: 2.0168
2025-03-19 17:41:51,012 - INFO - Epoch [30/100] - Validation Loss: 1.9984
2025-03-19 17:41:55,070 - INFO - Epoch [31/100] - Training Loss: 2.0147
2025-03-19 17:41:55,335 - INFO - Epoch [31/100] - Validation Loss: 1.9878
2025-03-19 17:41:55,336 - INFO - Epoch [31] - Best model updated (Validation Loss: 1.9878)
2025-03-19 17:41:59,397 - INFO - Epoch [32/100] - Training Loss: 2.0144
2025-03-19 17:41:59,653 - INFO - Epoch [32/100] - Validation Loss: 2.0004
2025-03-19 17:42:03,776 - INFO - Epoch [33/100] - Training Loss: 2.0127
2025-03-19 17:42:04,031 - INFO - Epoch [33/100] - Validation Loss: 2.0029
2025-03-19 17:42:08,089 - INFO - Epoch [34/100] - Training Loss: 2.0130
2025-03-19 17:42:08,346 - INFO - Epoch [34/100] - Validation Loss: 1.9915
2025-03-19 17:42:12,312 - INFO - Epoch [35/100] - Training Loss: 2.0137
2025-03-19 17:42:12,579 - INFO - Epoch [35/100] - Validation Loss: 2.0045
2025-03-19 17:42:16,561 - INFO - Epoch [36/100] - Training Loss: 2.0115
2025-03-19 17:42:16,812 - INFO - Epoch [36/100] - Validation Loss: 1.9943
2025-03-19 17:42:20,932 - INFO - Epoch [37/100] - Training Loss: 2.0098
2025-03-19 17:42:21,192 - INFO - Epoch [37/100] - Validation Loss: 1.9831
2025-03-19 17:42:21,193 - INFO - Epoch [37] - Best model updated (Validation Loss: 1.9831)
2025-03-19 17:42:25,248 - INFO - Epoch [38/100] - Training Loss: 2.0114
2025-03-19 17:42:25,515 - INFO - Epoch [38/100] - Validation Loss: 1.9950
2025-03-19 17:42:29,593 - INFO - Epoch [39/100] - Training Loss: 2.0110
2025-03-19 17:42:29,857 - INFO - Epoch [39/100] - Validation Loss: 1.9886
2025-03-19 17:42:33,883 - INFO - Epoch [40/100] - Training Loss: 2.0119
2025-03-19 17:42:34,128 - INFO - Epoch [40/100] - Validation Loss: 2.0080
2025-03-19 17:42:38,133 - INFO - Epoch [41/100] - Training Loss: 2.0112
2025-03-19 17:42:38,388 - INFO - Epoch [41/100] - Validation Loss: 1.9864
2025-03-19 17:42:42,405 - INFO - Epoch [42/100] - Training Loss: 2.0107
2025-03-19 17:42:42,661 - INFO - Epoch [42/100] - Validation Loss: 1.9868
2025-03-19 17:42:46,738 - INFO - Epoch [43/100] - Training Loss: 2.0101
2025-03-19 17:42:46,989 - INFO - Epoch [43/100] - Validation Loss: 1.9907
2025-03-19 17:42:51,155 - INFO - Epoch [44/100] - Training Loss: 2.0106
2025-03-19 17:42:51,408 - INFO - Epoch [44/100] - Validation Loss: 1.9889
2025-03-19 17:42:55,478 - INFO - Epoch [45/100] - Training Loss: 2.0124
2025-03-19 17:42:55,736 - INFO - Epoch [45/100] - Validation Loss: 1.9888
2025-03-19 17:42:59,817 - INFO - Epoch [46/100] - Training Loss: 2.0099
2025-03-19 17:43:00,091 - INFO - Epoch [46/100] - Validation Loss: 1.9904
2025-03-19 17:43:04,117 - INFO - Epoch [47/100] - Training Loss: 2.0094
2025-03-19 17:43:04,384 - INFO - Epoch [47/100] - Validation Loss: 1.9860
2025-03-19 17:43:08,389 - INFO - Epoch [48/100] - Training Loss: 2.0086
2025-03-19 17:43:08,639 - INFO - Epoch [48/100] - Validation Loss: 1.9936
2025-03-19 17:43:12,661 - INFO - Epoch [49/100] - Training Loss: 2.0113
2025-03-19 17:43:12,907 - INFO - Epoch [49/100] - Validation Loss: 1.9856
2025-03-19 17:43:16,946 - INFO - Epoch [50/100] - Training Loss: 2.0088
2025-03-19 17:43:17,193 - INFO - Epoch [50/100] - Validation Loss: 1.9891
2025-03-19 17:43:21,222 - INFO - Epoch [51/100] - Training Loss: 2.0093
2025-03-19 17:43:21,485 - INFO - Epoch [51/100] - Validation Loss: 1.9949
2025-03-19 17:43:25,527 - INFO - Epoch [52/100] - Training Loss: 2.0078
2025-03-19 17:43:25,813 - INFO - Epoch [52/100] - Validation Loss: 2.0021
2025-03-19 17:43:30,050 - INFO - Epoch [53/100] - Training Loss: 2.0077
2025-03-19 17:43:30,316 - INFO - Epoch [53/100] - Validation Loss: 1.9878
2025-03-19 17:43:34,434 - INFO - Epoch [54/100] - Training Loss: 2.0100
2025-03-19 17:43:34,735 - INFO - Epoch [54/100] - Validation Loss: 1.9836
2025-03-19 17:43:38,840 - INFO - Epoch [55/100] - Training Loss: 2.0101
2025-03-19 17:43:39,099 - INFO - Epoch [55/100] - Validation Loss: 1.9823
2025-03-19 17:43:39,100 - INFO - Epoch [55] - Best model updated (Validation Loss: 1.9823)
2025-03-19 17:43:43,118 - INFO - Epoch [56/100] - Training Loss: 2.0078
2025-03-19 17:43:43,386 - INFO - Epoch [56/100] - Validation Loss: 1.9795
2025-03-19 17:43:43,388 - INFO - Epoch [56] - Best model updated (Validation Loss: 1.9795)
2025-03-19 17:43:47,441 - INFO - Epoch [57/100] - Training Loss: 2.0076
2025-03-19 17:43:47,705 - INFO - Epoch [57/100] - Validation Loss: 1.9801
2025-03-19 17:43:51,755 - INFO - Epoch [58/100] - Training Loss: 2.0071
2025-03-19 17:43:52,014 - INFO - Epoch [58/100] - Validation Loss: 1.9903
2025-03-19 17:43:56,068 - INFO - Epoch [59/100] - Training Loss: 2.0072
2025-03-19 17:43:56,330 - INFO - Epoch [59/100] - Validation Loss: 2.0019
2025-03-19 17:44:00,372 - INFO - Epoch [60/100] - Training Loss: 2.0088
2025-03-19 17:44:00,627 - INFO - Epoch [60/100] - Validation Loss: 1.9914
2025-03-19 17:44:04,662 - INFO - Epoch [61/100] - Training Loss: 2.0087
2025-03-19 17:44:04,933 - INFO - Epoch [61/100] - Validation Loss: 1.9847
2025-03-19 17:44:09,001 - INFO - Epoch [62/100] - Training Loss: 2.0089
2025-03-19 17:44:09,278 - INFO - Epoch [62/100] - Validation Loss: 1.9844
2025-03-19 17:44:13,354 - INFO - Epoch [63/100] - Training Loss: 2.0076
2025-03-19 17:44:13,604 - INFO - Epoch [63/100] - Validation Loss: 2.0109
2025-03-19 17:44:17,658 - INFO - Epoch [64/100] - Training Loss: 2.0087
2025-03-19 17:44:17,924 - INFO - Epoch [64/100] - Validation Loss: 1.9819
2025-03-19 17:44:21,984 - INFO - Epoch [65/100] - Training Loss: 2.0068
2025-03-19 17:44:22,237 - INFO - Epoch [65/100] - Validation Loss: 1.9776
2025-03-19 17:44:22,238 - INFO - Epoch [65] - Best model updated (Validation Loss: 1.9776)
2025-03-19 17:44:26,299 - INFO - Epoch [66/100] - Training Loss: 2.0073
2025-03-19 17:44:26,561 - INFO - Epoch [66/100] - Validation Loss: 1.9971
2025-03-19 17:44:30,558 - INFO - Epoch [67/100] - Training Loss: 2.0094
2025-03-19 17:44:30,805 - INFO - Epoch [67/100] - Validation Loss: 1.9980
2025-03-19 17:44:34,849 - INFO - Epoch [68/100] - Training Loss: 2.0086
2025-03-19 17:44:35,105 - INFO - Epoch [68/100] - Validation Loss: 1.9873
2025-03-19 17:44:39,171 - INFO - Epoch [69/100] - Training Loss: 2.0087
2025-03-19 17:44:39,432 - INFO - Epoch [69/100] - Validation Loss: 1.9843
2025-03-19 17:44:43,458 - INFO - Epoch [70/100] - Training Loss: 2.0080
2025-03-19 17:44:43,726 - INFO - Epoch [70/100] - Validation Loss: 1.9788
2025-03-19 17:44:47,768 - INFO - Epoch [71/100] - Training Loss: 2.0071
2025-03-19 17:44:48,027 - INFO - Epoch [71/100] - Validation Loss: 1.9831
2025-03-19 17:44:52,012 - INFO - Epoch [72/100] - Training Loss: 2.0073
2025-03-19 17:44:52,278 - INFO - Epoch [72/100] - Validation Loss: 1.9818
2025-03-19 17:44:56,261 - INFO - Epoch [73/100] - Training Loss: 2.0064
2025-03-19 17:44:56,544 - INFO - Epoch [73/100] - Validation Loss: 1.9848
2025-03-19 17:45:00,564 - INFO - Epoch [74/100] - Training Loss: 2.0077
2025-03-19 17:45:00,824 - INFO - Epoch [74/100] - Validation Loss: 1.9838
2025-03-19 17:45:04,947 - INFO - Epoch [75/100] - Training Loss: 2.0089
2025-03-19 17:45:05,208 - INFO - Epoch [75/100] - Validation Loss: 1.9899
2025-03-19 17:45:09,259 - INFO - Epoch [76/100] - Training Loss: 2.0080
2025-03-19 17:45:09,513 - INFO - Epoch [76/100] - Validation Loss: 1.9897
2025-03-19 17:45:13,608 - INFO - Epoch [77/100] - Training Loss: 2.0076
2025-03-19 17:45:13,872 - INFO - Epoch [77/100] - Validation Loss: 1.9814
2025-03-19 17:45:18,053 - INFO - Epoch [78/100] - Training Loss: 2.0074
2025-03-19 17:45:18,326 - INFO - Epoch [78/100] - Validation Loss: 1.9919
2025-03-19 17:45:22,371 - INFO - Epoch [79/100] - Training Loss: 2.0073
2025-03-19 17:45:22,621 - INFO - Epoch [79/100] - Validation Loss: 1.9904
2025-03-19 17:45:26,560 - INFO - Epoch [80/100] - Training Loss: 2.0096
2025-03-19 17:45:26,817 - INFO - Epoch [80/100] - Validation Loss: 1.9855
2025-03-19 17:45:30,720 - INFO - Epoch [81/100] - Training Loss: 2.0077
2025-03-19 17:45:30,981 - INFO - Epoch [81/100] - Validation Loss: 1.9854
2025-03-19 17:45:35,018 - INFO - Epoch [82/100] - Training Loss: 2.0051
2025-03-19 17:45:35,271 - INFO - Epoch [82/100] - Validation Loss: 1.9805
2025-03-19 17:45:39,266 - INFO - Epoch [83/100] - Training Loss: 2.0080
2025-03-19 17:45:39,526 - INFO - Epoch [83/100] - Validation Loss: 1.9861
2025-03-19 17:45:43,510 - INFO - Epoch [84/100] - Training Loss: 2.0088
2025-03-19 17:45:43,790 - INFO - Epoch [84/100] - Validation Loss: 1.9879
2025-03-19 17:45:47,778 - INFO - Epoch [85/100] - Training Loss: 2.0084
2025-03-19 17:45:48,044 - INFO - Epoch [85/100] - Validation Loss: 1.9827
2025-03-19 17:45:52,032 - INFO - Epoch [86/100] - Training Loss: 2.0068
2025-03-19 17:45:52,282 - INFO - Epoch [86/100] - Validation Loss: 2.0004
2025-03-19 17:45:56,336 - INFO - Epoch [87/100] - Training Loss: 2.0099
2025-03-19 17:45:56,613 - INFO - Epoch [87/100] - Validation Loss: 1.9861
2025-03-19 17:46:00,841 - INFO - Epoch [88/100] - Training Loss: 2.0082
2025-03-19 17:46:01,119 - INFO - Epoch [88/100] - Validation Loss: 1.9824
2025-03-19 17:46:05,369 - INFO - Epoch [89/100] - Training Loss: 2.0058
2025-03-19 17:46:05,634 - INFO - Epoch [89/100] - Validation Loss: 1.9855
2025-03-19 17:46:09,707 - INFO - Epoch [90/100] - Training Loss: 2.0084
2025-03-19 17:46:09,963 - INFO - Epoch [90/100] - Validation Loss: 1.9815
2025-03-19 17:46:14,023 - INFO - Epoch [91/100] - Training Loss: 2.0093
2025-03-19 17:46:14,270 - INFO - Epoch [91/100] - Validation Loss: 1.9826
2025-03-19 17:46:18,321 - INFO - Epoch [92/100] - Training Loss: 2.0084
2025-03-19 17:46:18,575 - INFO - Epoch [92/100] - Validation Loss: 1.9871
2025-03-19 17:46:22,634 - INFO - Epoch [93/100] - Training Loss: 2.0104
2025-03-19 17:46:22,887 - INFO - Epoch [93/100] - Validation Loss: 1.9909
2025-03-19 17:46:26,876 - INFO - Epoch [94/100] - Training Loss: 2.0068
2025-03-19 17:46:27,135 - INFO - Epoch [94/100] - Validation Loss: 1.9839
2025-03-19 17:46:31,173 - INFO - Epoch [95/100] - Training Loss: 2.0083
2025-03-19 17:46:31,426 - INFO - Epoch [95/100] - Validation Loss: 1.9882
2025-03-19 17:46:35,445 - INFO - Epoch [96/100] - Training Loss: 2.0081
2025-03-19 17:46:35,697 - INFO - Epoch [96/100] - Validation Loss: 1.9817
2025-03-19 17:46:39,979 - INFO - Epoch [97/100] - Training Loss: 2.0100
2025-03-19 17:46:40,225 - INFO - Epoch [97/100] - Validation Loss: 1.9771
2025-03-19 17:46:40,226 - INFO - Epoch [97] - Best model updated (Validation Loss: 1.9771)
2025-03-19 17:46:44,303 - INFO - Epoch [98/100] - Training Loss: 2.0116
2025-03-19 17:46:44,558 - INFO - Epoch [98/100] - Validation Loss: 1.9862
2025-03-19 17:46:48,629 - INFO - Epoch [99/100] - Training Loss: 2.0088
2025-03-19 17:46:48,899 - INFO - Epoch [99/100] - Validation Loss: 1.9804
2025-03-19 17:46:53,015 - INFO - Epoch [100/100] - Training Loss: 2.0075
2025-03-19 17:46:53,282 - INFO - Epoch [100/100] - Validation Loss: 1.9989
2025-03-19 17:46:53,285 - INFO - Best model loaded from models/best_multi_task_classifier_Baseline_no_ecc.pth
2025-03-19 17:46:53,286 - INFO - Training and Validation loss history saved to models/loss_history/train_val_loss_history_Baseline_no_ecc.csv
2025-03-19 17:46:53,297 - INFO - Feature: Frequency, Average Saliency: 0.0161
2025-03-19 17:46:53,297 - INFO - Feature: Amplitude, Average Saliency: 0.0193
2025-03-19 17:46:53,298 - INFO - Feature: FrequencyDerivative, Average Saliency: 0.5191
2025-03-19 17:46:53,298 - INFO - Feature: SNR, Average Saliency: 0.0170
2025-03-19 17:46:53,641 - INFO - Validation Metrics:
2025-03-19 17:46:53,641 - INFO - Accuracy: 0.9891
2025-03-19 17:46:53,641 - INFO - Precision: 0.7838
2025-03-19 17:46:53,641 - INFO - Recall (Sensitivity): 0.0924
2025-03-19 17:46:53,641 - INFO - Specificity: 0.9997
2025-03-19 17:46:53,641 - INFO - F1 Score: 0.1652
2025-03-19 17:46:53,641 - INFO - ROC AUC: 0.9334
2025-03-19 17:46:53,641 - INFO - Balanced Accuracy: 0.5460
2025-03-19 17:46:53,641 - INFO - Confusion Matrix:
[[26674     8]
 [  285    29]]
2025-03-19 17:46:54,285 - INFO - Evaluation completed successfully in main.py.
