2025-04-02 17:30:01,267 - INFO - Starting multi-task script in main.py.
2025-04-02 17:30:01,267 - INFO - Loaded configuration settings:
{'data_params': {'ecc_0_only': False,
                 'fim_folder_path': '/Users/irwin/Documents/GitHub/lisa-ml/data/fims/',
                 'inference_batch_size': 128,
                 'n_samples_class0': 1,
                 'n_samples_class1': 20,
                 'resolved_folder_path': '/Users/irwin/Documents/GitHub/lisa-ml/data/resolved_binaries/',
                 'selected_features': ['Frequency_mHz',
                                       'Amplitude_log10',
                                       'FrequencyDerivative_log10',
                                       'SNR',
                                       'Eccentricity'],
                 'test_seed_val': 1,
                 'training_batch_size': 128,
                 'use_custom_weights': True,
                 'val_seed_val': 1},
 'name_of_run': 'Baseline_class_1_20_weights_log_focal_loss',
 'test': False,
 'training_params': {'focal_loss': {'alpha': 0.25, 'gamma': 2.0},
                     'lr': 0.001,
                     'num_epochs': 100}}
2025-04-02 17:31:44,431 - INFO - Data loaded. Input dimension: 5, Number of model classes: 11
2025-04-02 17:31:44,433 - INFO - Model defined with input dimension 5 and 11 model classes.
2025-04-02 17:31:44,814 - INFO - Starting training for 100 epochs.
2025-04-02 17:31:53,507 - INFO - Epoch [1/100] - Training Loss: 0.2888
2025-04-02 17:31:54,100 - INFO - Epoch [1/100] - Validation Loss: 1.9329
2025-04-02 17:31:54,102 - INFO - Epoch [1] - Best model updated (Validation Loss: 1.9329)
2025-04-02 17:32:02,640 - INFO - Epoch [2/100] - Training Loss: 0.2783
2025-04-02 17:32:03,489 - INFO - Epoch [2/100] - Validation Loss: 1.9642
2025-04-02 17:32:12,019 - INFO - Epoch [3/100] - Training Loss: 0.2771
2025-04-02 17:32:12,604 - INFO - Epoch [3/100] - Validation Loss: 1.9329
2025-04-02 17:32:12,605 - INFO - Epoch [3] - Best model updated (Validation Loss: 1.9329)
2025-04-02 17:32:21,206 - INFO - Epoch [4/100] - Training Loss: 0.2762
2025-04-02 17:32:21,777 - INFO - Epoch [4/100] - Validation Loss: 1.9507
2025-04-02 17:32:30,307 - INFO - Epoch [5/100] - Training Loss: 0.2749
2025-04-02 17:32:30,924 - INFO - Epoch [5/100] - Validation Loss: 1.9223
2025-04-02 17:32:30,925 - INFO - Epoch [5] - Best model updated (Validation Loss: 1.9223)
2025-04-02 17:32:39,597 - INFO - Epoch [6/100] - Training Loss: 0.2734
2025-04-02 17:32:40,163 - INFO - Epoch [6/100] - Validation Loss: 1.9105
2025-04-02 17:32:40,164 - INFO - Epoch [6] - Best model updated (Validation Loss: 1.9105)
2025-04-02 17:32:48,947 - INFO - Epoch [7/100] - Training Loss: 0.2727
2025-04-02 17:32:49,588 - INFO - Epoch [7/100] - Validation Loss: 1.8962
2025-04-02 17:32:49,590 - INFO - Epoch [7] - Best model updated (Validation Loss: 1.8962)
2025-04-02 17:32:58,123 - INFO - Epoch [8/100] - Training Loss: 0.2722
2025-04-02 17:32:58,732 - INFO - Epoch [8/100] - Validation Loss: 1.8843
2025-04-02 17:32:58,733 - INFO - Epoch [8] - Best model updated (Validation Loss: 1.8843)
2025-04-02 17:33:07,385 - INFO - Epoch [9/100] - Training Loss: 0.2719
2025-04-02 17:33:08,010 - INFO - Epoch [9/100] - Validation Loss: 1.9013
2025-04-02 17:33:16,583 - INFO - Epoch [10/100] - Training Loss: 0.2714
2025-04-02 17:33:17,173 - INFO - Epoch [10/100] - Validation Loss: 1.9078
2025-04-02 17:33:25,712 - INFO - Epoch [11/100] - Training Loss: 0.2701
2025-04-02 17:33:26,336 - INFO - Epoch [11/100] - Validation Loss: 1.8928
2025-04-02 17:33:35,098 - INFO - Epoch [12/100] - Training Loss: 0.2688
2025-04-02 17:33:35,694 - INFO - Epoch [12/100] - Validation Loss: 1.8721
2025-04-02 17:33:35,696 - INFO - Epoch [12] - Best model updated (Validation Loss: 1.8721)
2025-04-02 17:33:44,373 - INFO - Epoch [13/100] - Training Loss: 0.2680
2025-04-02 17:33:44,940 - INFO - Epoch [13/100] - Validation Loss: 1.8635
2025-04-02 17:33:44,941 - INFO - Epoch [13] - Best model updated (Validation Loss: 1.8635)
2025-04-02 17:33:53,641 - INFO - Epoch [14/100] - Training Loss: 0.2676
2025-04-02 17:33:54,237 - INFO - Epoch [14/100] - Validation Loss: 1.8497
2025-04-02 17:33:54,238 - INFO - Epoch [14] - Best model updated (Validation Loss: 1.8497)
2025-04-02 17:34:02,893 - INFO - Epoch [15/100] - Training Loss: 0.2670
2025-04-02 17:34:03,482 - INFO - Epoch [15/100] - Validation Loss: 1.8614
2025-04-02 17:34:12,123 - INFO - Epoch [16/100] - Training Loss: 0.2665
2025-04-02 17:34:12,708 - INFO - Epoch [16/100] - Validation Loss: 1.8540
2025-04-02 17:34:21,368 - INFO - Epoch [17/100] - Training Loss: 0.2664
2025-04-02 17:34:21,947 - INFO - Epoch [17/100] - Validation Loss: 1.8834
2025-04-02 17:34:30,656 - INFO - Epoch [18/100] - Training Loss: 0.2661
2025-04-02 17:34:31,238 - INFO - Epoch [18/100] - Validation Loss: 1.8705
2025-04-02 17:34:39,761 - INFO - Epoch [19/100] - Training Loss: 0.2657
2025-04-02 17:34:40,342 - INFO - Epoch [19/100] - Validation Loss: 1.8596
2025-04-02 17:34:49,171 - INFO - Epoch [20/100] - Training Loss: 0.2658
2025-04-02 17:34:49,750 - INFO - Epoch [20/100] - Validation Loss: 1.8491
2025-04-02 17:34:49,751 - INFO - Epoch [20] - Best model updated (Validation Loss: 1.8491)
2025-04-02 17:34:58,349 - INFO - Epoch [21/100] - Training Loss: 0.2656
2025-04-02 17:34:58,964 - INFO - Epoch [21/100] - Validation Loss: 1.8412
2025-04-02 17:34:58,965 - INFO - Epoch [21] - Best model updated (Validation Loss: 1.8412)
2025-04-02 17:35:07,606 - INFO - Epoch [22/100] - Training Loss: 0.2654
2025-04-02 17:35:08,188 - INFO - Epoch [22/100] - Validation Loss: 1.8539
2025-04-02 17:35:16,800 - INFO - Epoch [23/100] - Training Loss: 0.2654
2025-04-02 17:35:17,397 - INFO - Epoch [23/100] - Validation Loss: 1.8472
2025-04-02 17:35:25,942 - INFO - Epoch [24/100] - Training Loss: 0.2653
2025-04-02 17:35:26,578 - INFO - Epoch [24/100] - Validation Loss: 1.8338
2025-04-02 17:35:26,580 - INFO - Epoch [24] - Best model updated (Validation Loss: 1.8338)
2025-04-02 17:35:35,080 - INFO - Epoch [25/100] - Training Loss: 0.2651
2025-04-02 17:35:35,661 - INFO - Epoch [25/100] - Validation Loss: 1.8205
2025-04-02 17:35:35,663 - INFO - Epoch [25] - Best model updated (Validation Loss: 1.8205)
2025-04-02 17:35:44,224 - INFO - Epoch [26/100] - Training Loss: 0.2648
2025-04-02 17:35:44,843 - INFO - Epoch [26/100] - Validation Loss: 1.8426
2025-04-02 17:35:53,479 - INFO - Epoch [27/100] - Training Loss: 0.2649
2025-04-02 17:35:54,054 - INFO - Epoch [27/100] - Validation Loss: 1.8522
2025-04-02 17:36:02,465 - INFO - Epoch [28/100] - Training Loss: 0.2650
2025-04-02 17:36:03,114 - INFO - Epoch [28/100] - Validation Loss: 1.8494
2025-04-02 17:36:11,539 - INFO - Epoch [29/100] - Training Loss: 0.2644
2025-04-02 17:36:12,222 - INFO - Epoch [29/100] - Validation Loss: 1.8238
2025-04-02 17:36:20,659 - INFO - Epoch [30/100] - Training Loss: 0.2642
2025-04-02 17:36:21,290 - INFO - Epoch [30/100] - Validation Loss: 1.8338
2025-04-02 17:36:29,879 - INFO - Epoch [31/100] - Training Loss: 0.2639
2025-04-02 17:36:30,456 - INFO - Epoch [31/100] - Validation Loss: 1.8371
2025-04-02 17:36:39,012 - INFO - Epoch [32/100] - Training Loss: 0.2639
2025-04-02 17:36:39,637 - INFO - Epoch [32/100] - Validation Loss: 1.8516
2025-04-02 17:36:48,356 - INFO - Epoch [33/100] - Training Loss: 0.2642
2025-04-02 17:36:48,939 - INFO - Epoch [33/100] - Validation Loss: 1.8329
2025-04-02 17:36:57,471 - INFO - Epoch [34/100] - Training Loss: 0.2641
2025-04-02 17:36:58,106 - INFO - Epoch [34/100] - Validation Loss: 1.8422
2025-04-02 17:37:06,491 - INFO - Epoch [35/100] - Training Loss: 0.2638
2025-04-02 17:37:07,166 - INFO - Epoch [35/100] - Validation Loss: 1.8332
2025-04-02 17:37:15,523 - INFO - Epoch [36/100] - Training Loss: 0.2640
2025-04-02 17:37:16,257 - INFO - Epoch [36/100] - Validation Loss: 1.8540
2025-04-02 17:37:24,724 - INFO - Epoch [37/100] - Training Loss: 0.2639
2025-04-02 17:37:25,312 - INFO - Epoch [37/100] - Validation Loss: 1.8236
2025-04-02 17:37:33,951 - INFO - Epoch [38/100] - Training Loss: 0.2639
2025-04-02 17:37:34,592 - INFO - Epoch [38/100] - Validation Loss: 1.8414
2025-04-02 17:37:43,203 - INFO - Epoch [39/100] - Training Loss: 0.2636
2025-04-02 17:37:43,773 - INFO - Epoch [39/100] - Validation Loss: 1.8299
2025-04-02 17:37:52,358 - INFO - Epoch [40/100] - Training Loss: 0.2636
2025-04-02 17:37:53,004 - INFO - Epoch [40/100] - Validation Loss: 1.8200
2025-04-02 17:37:53,006 - INFO - Epoch [40] - Best model updated (Validation Loss: 1.8200)
2025-04-02 17:38:01,537 - INFO - Epoch [41/100] - Training Loss: 0.2636
2025-04-02 17:38:02,117 - INFO - Epoch [41/100] - Validation Loss: 1.8344
2025-04-02 17:38:10,677 - INFO - Epoch [42/100] - Training Loss: 0.2635
2025-04-02 17:38:11,247 - INFO - Epoch [42/100] - Validation Loss: 1.8367
2025-04-02 17:38:19,833 - INFO - Epoch [43/100] - Training Loss: 0.2637
2025-04-02 17:38:20,416 - INFO - Epoch [43/100] - Validation Loss: 1.8285
2025-04-02 17:38:28,983 - INFO - Epoch [44/100] - Training Loss: 0.2633
2025-04-02 17:38:29,580 - INFO - Epoch [44/100] - Validation Loss: 1.8360
2025-04-02 17:38:38,202 - INFO - Epoch [45/100] - Training Loss: 0.2636
2025-04-02 17:38:38,778 - INFO - Epoch [45/100] - Validation Loss: 1.8248
2025-04-02 17:38:47,353 - INFO - Epoch [46/100] - Training Loss: 0.2641
2025-04-02 17:38:47,936 - INFO - Epoch [46/100] - Validation Loss: 1.8340
2025-04-02 17:38:56,545 - INFO - Epoch [47/100] - Training Loss: 0.2638
2025-04-02 17:38:57,124 - INFO - Epoch [47/100] - Validation Loss: 1.8260
2025-04-02 17:39:05,657 - INFO - Epoch [48/100] - Training Loss: 0.2640
2025-04-02 17:39:06,232 - INFO - Epoch [48/100] - Validation Loss: 1.8326
2025-04-02 17:39:14,793 - INFO - Epoch [49/100] - Training Loss: 0.2634
2025-04-02 17:39:15,376 - INFO - Epoch [49/100] - Validation Loss: 1.8125
2025-04-02 17:39:15,377 - INFO - Epoch [49] - Best model updated (Validation Loss: 1.8125)
2025-04-02 17:39:23,965 - INFO - Epoch [50/100] - Training Loss: 0.2632
2025-04-02 17:39:24,538 - INFO - Epoch [50/100] - Validation Loss: 1.8404
2025-04-02 17:39:33,147 - INFO - Epoch [51/100] - Training Loss: 0.2635
2025-04-02 17:39:33,709 - INFO - Epoch [51/100] - Validation Loss: 1.8267
2025-04-02 17:39:42,205 - INFO - Epoch [52/100] - Training Loss: 0.2634
2025-04-02 17:39:42,773 - INFO - Epoch [52/100] - Validation Loss: 1.8520
2025-04-02 17:39:51,310 - INFO - Epoch [53/100] - Training Loss: 0.2633
2025-04-02 17:39:51,965 - INFO - Epoch [53/100] - Validation Loss: 1.8340
2025-04-02 17:40:00,467 - INFO - Epoch [54/100] - Training Loss: 0.2634
2025-04-02 17:40:01,052 - INFO - Epoch [54/100] - Validation Loss: 1.8347
2025-04-02 17:40:09,622 - INFO - Epoch [55/100] - Training Loss: 0.2633
2025-04-02 17:40:10,255 - INFO - Epoch [55/100] - Validation Loss: 1.8328
2025-04-02 17:40:18,846 - INFO - Epoch [56/100] - Training Loss: 0.2635
2025-04-02 17:40:19,441 - INFO - Epoch [56/100] - Validation Loss: 1.8316
2025-04-02 17:40:27,868 - INFO - Epoch [57/100] - Training Loss: 0.2629
2025-04-02 17:40:28,506 - INFO - Epoch [57/100] - Validation Loss: 1.8277
2025-04-02 17:40:37,089 - INFO - Epoch [58/100] - Training Loss: 0.2632
2025-04-02 17:40:37,663 - INFO - Epoch [58/100] - Validation Loss: 1.8398
2025-04-02 17:40:46,235 - INFO - Epoch [59/100] - Training Loss: 0.2629
2025-04-02 17:40:46,860 - INFO - Epoch [59/100] - Validation Loss: 1.8163
2025-04-02 17:40:55,582 - INFO - Epoch [60/100] - Training Loss: 0.2632
2025-04-02 17:40:56,163 - INFO - Epoch [60/100] - Validation Loss: 1.8240
2025-04-02 17:41:04,810 - INFO - Epoch [61/100] - Training Loss: 0.2629
2025-04-02 17:41:05,451 - INFO - Epoch [61/100] - Validation Loss: 1.8313
2025-04-02 17:41:14,052 - INFO - Epoch [62/100] - Training Loss: 0.2632
2025-04-02 17:41:14,627 - INFO - Epoch [62/100] - Validation Loss: 1.8246
2025-04-02 17:41:23,258 - INFO - Epoch [63/100] - Training Loss: 0.2631
2025-04-02 17:41:23,895 - INFO - Epoch [63/100] - Validation Loss: 1.8424
2025-04-02 17:41:32,319 - INFO - Epoch [64/100] - Training Loss: 0.2632
2025-04-02 17:41:32,924 - INFO - Epoch [64/100] - Validation Loss: 1.8403
2025-04-02 17:41:41,475 - INFO - Epoch [65/100] - Training Loss: 0.2633
2025-04-02 17:41:42,123 - INFO - Epoch [65/100] - Validation Loss: 1.8270
2025-04-02 17:41:50,665 - INFO - Epoch [66/100] - Training Loss: 0.2631
2025-04-02 17:41:51,326 - INFO - Epoch [66/100] - Validation Loss: 1.8514
2025-04-02 17:41:59,806 - INFO - Epoch [67/100] - Training Loss: 0.2631
2025-04-02 17:42:00,446 - INFO - Epoch [67/100] - Validation Loss: 1.8283
2025-04-02 17:42:08,988 - INFO - Epoch [68/100] - Training Loss: 0.2630
2025-04-02 17:42:09,563 - INFO - Epoch [68/100] - Validation Loss: 1.8211
2025-04-02 17:42:18,150 - INFO - Epoch [69/100] - Training Loss: 0.2629
2025-04-02 17:42:18,788 - INFO - Epoch [69/100] - Validation Loss: 1.8236
2025-04-02 17:42:27,332 - INFO - Epoch [70/100] - Training Loss: 0.2627
2025-04-02 17:42:27,904 - INFO - Epoch [70/100] - Validation Loss: 1.8097
2025-04-02 17:42:27,906 - INFO - Epoch [70] - Best model updated (Validation Loss: 1.8097)
2025-04-02 17:42:36,540 - INFO - Epoch [71/100] - Training Loss: 0.2632
2025-04-02 17:42:37,119 - INFO - Epoch [71/100] - Validation Loss: 1.8364
2025-04-02 17:42:45,742 - INFO - Epoch [72/100] - Training Loss: 0.2627
2025-04-02 17:42:46,318 - INFO - Epoch [72/100] - Validation Loss: 1.8336
2025-04-02 17:42:54,947 - INFO - Epoch [73/100] - Training Loss: 0.2626
2025-04-02 17:42:55,521 - INFO - Epoch [73/100] - Validation Loss: 1.8146
2025-04-02 17:43:04,209 - INFO - Epoch [74/100] - Training Loss: 0.2627
2025-04-02 17:43:04,796 - INFO - Epoch [74/100] - Validation Loss: 1.8304
2025-04-02 17:43:13,270 - INFO - Epoch [75/100] - Training Loss: 0.2627
2025-04-02 17:43:13,844 - INFO - Epoch [75/100] - Validation Loss: 1.8250
2025-04-02 17:43:22,509 - INFO - Epoch [76/100] - Training Loss: 0.2632
2025-04-02 17:43:23,097 - INFO - Epoch [76/100] - Validation Loss: 1.8228
2025-04-02 17:43:31,615 - INFO - Epoch [77/100] - Training Loss: 0.2627
2025-04-02 17:43:32,179 - INFO - Epoch [77/100] - Validation Loss: 1.8259
2025-04-02 17:43:40,874 - INFO - Epoch [78/100] - Training Loss: 0.2624
2025-04-02 17:43:41,451 - INFO - Epoch [78/100] - Validation Loss: 1.8141
2025-04-02 17:43:50,123 - INFO - Epoch [79/100] - Training Loss: 0.2627
2025-04-02 17:43:50,719 - INFO - Epoch [79/100] - Validation Loss: 1.8387
2025-04-02 17:43:59,437 - INFO - Epoch [80/100] - Training Loss: 0.2628
2025-04-02 17:44:00,019 - INFO - Epoch [80/100] - Validation Loss: 1.8225
2025-04-02 17:44:08,503 - INFO - Epoch [81/100] - Training Loss: 0.2629
2025-04-02 17:44:09,181 - INFO - Epoch [81/100] - Validation Loss: 1.8086
2025-04-02 17:44:09,182 - INFO - Epoch [81] - Best model updated (Validation Loss: 1.8086)
2025-04-02 17:44:17,718 - INFO - Epoch [82/100] - Training Loss: 0.2627
2025-04-02 17:44:18,355 - INFO - Epoch [82/100] - Validation Loss: 1.8164
2025-04-02 17:44:26,899 - INFO - Epoch [83/100] - Training Loss: 0.2626
2025-04-02 17:44:27,482 - INFO - Epoch [83/100] - Validation Loss: 1.8146
2025-04-02 17:44:35,925 - INFO - Epoch [84/100] - Training Loss: 0.2628
2025-04-02 17:44:36,567 - INFO - Epoch [84/100] - Validation Loss: 1.8445
2025-04-02 17:44:45,130 - INFO - Epoch [85/100] - Training Loss: 0.2626
2025-04-02 17:44:45,699 - INFO - Epoch [85/100] - Validation Loss: 1.8328
2025-04-02 17:44:54,274 - INFO - Epoch [86/100] - Training Loss: 0.2630
2025-04-02 17:44:54,893 - INFO - Epoch [86/100] - Validation Loss: 1.8453
2025-04-02 17:45:03,432 - INFO - Epoch [87/100] - Training Loss: 0.2625
2025-04-02 17:45:03,998 - INFO - Epoch [87/100] - Validation Loss: 1.8315
2025-04-02 17:45:12,582 - INFO - Epoch [88/100] - Training Loss: 0.2623
2025-04-02 17:45:13,209 - INFO - Epoch [88/100] - Validation Loss: 1.8525
2025-04-02 17:45:21,743 - INFO - Epoch [89/100] - Training Loss: 0.2626
2025-04-02 17:45:22,335 - INFO - Epoch [89/100] - Validation Loss: 1.8273
2025-04-02 17:45:30,893 - INFO - Epoch [90/100] - Training Loss: 0.2623
2025-04-02 17:45:31,512 - INFO - Epoch [90/100] - Validation Loss: 1.8126
2025-04-02 17:45:40,107 - INFO - Epoch [91/100] - Training Loss: 0.2625
2025-04-02 17:45:40,717 - INFO - Epoch [91/100] - Validation Loss: 1.8142
2025-04-02 17:45:49,339 - INFO - Epoch [92/100] - Training Loss: 0.2623
2025-04-02 17:45:49,985 - INFO - Epoch [92/100] - Validation Loss: 1.8268
2025-04-02 17:45:58,771 - INFO - Epoch [93/100] - Training Loss: 0.2626
2025-04-02 17:45:59,335 - INFO - Epoch [93/100] - Validation Loss: 1.8414
2025-04-02 17:46:07,764 - INFO - Epoch [94/100] - Training Loss: 0.2630
2025-04-02 17:46:08,511 - INFO - Epoch [94/100] - Validation Loss: 1.8348
2025-04-02 17:46:16,948 - INFO - Epoch [95/100] - Training Loss: 0.2629
2025-04-02 17:46:17,529 - INFO - Epoch [95/100] - Validation Loss: 1.8285
2025-04-02 17:46:26,112 - INFO - Epoch [96/100] - Training Loss: 0.2630
2025-04-02 17:46:26,746 - INFO - Epoch [96/100] - Validation Loss: 1.8379
2025-04-02 17:46:35,489 - INFO - Epoch [97/100] - Training Loss: 0.2628
2025-04-02 17:46:36,073 - INFO - Epoch [97/100] - Validation Loss: 1.8162
2025-04-02 17:46:44,884 - INFO - Epoch [98/100] - Training Loss: 0.2630
2025-04-02 17:46:45,467 - INFO - Epoch [98/100] - Validation Loss: 1.8189
2025-04-02 17:46:54,078 - INFO - Epoch [99/100] - Training Loss: 0.2632
2025-04-02 17:46:54,648 - INFO - Epoch [99/100] - Validation Loss: 1.8449
2025-04-02 17:47:03,184 - INFO - Epoch [100/100] - Training Loss: 0.2628
2025-04-02 17:47:03,867 - INFO - Epoch [100/100] - Validation Loss: 1.8252
2025-04-02 17:47:03,870 - INFO - Best model loaded from models/best_multi_task_classifier_Baseline_class_1_20_weights_log_focal_loss.pth
2025-04-02 17:47:03,872 - INFO - Training and Validation loss history saved to models/loss_history/train_val_loss_history_Baseline_class_1_20_weights_log_focal_loss.csv
2025-04-02 17:47:03,882 - INFO - Feature: Frequency_mHz, Average Saliency: 0.0000, Parameters Impact: 20.8987, Parameters Std: 65.9955
2025-04-02 17:47:03,882 - INFO - Feature: Amplitude_log10, Average Saliency: 0.0000, Parameters Impact: 803.9536, Parameters Std: 2538.1873
2025-04-02 17:47:03,883 - INFO - Feature: FrequencyDerivative_log10, Average Saliency: 0.0000, Parameters Impact: 467.1612, Parameters Std: 1474.6658
2025-04-02 17:47:03,883 - INFO - Feature: SNR, Average Saliency: 0.0000, Parameters Impact: 1.0000, Parameters Std: 3.1465
2025-04-02 17:47:03,883 - INFO - Feature: Eccentricity, Average Saliency: 0.0000, Parameters Impact: 28.1022, Parameters Std: 88.6613
2025-04-02 17:47:04,767 - INFO - Validation Metrics:
2025-04-02 17:47:04,767 - INFO - Accuracy: 0.9452
2025-04-02 17:47:04,767 - INFO - Precision: 0.9990
2025-04-02 17:47:04,767 - INFO - Recall (Sensitivity): 0.4240
2025-04-02 17:47:04,767 - INFO - Specificity: 1.0000
2025-04-02 17:47:04,767 - INFO - F1 Score: 0.5953
2025-04-02 17:47:04,767 - INFO - ROC AUC: 0.8495
2025-04-02 17:47:04,767 - INFO - Balanced Accuracy: 0.7120
2025-04-02 17:47:04,768 - INFO - Confusion Matrix:
[[45785     2]
 [ 2770  2039]]
2025-04-02 17:47:24,486 - INFO - Corner plot for predicted classes saved to figures/Baseline_class_1_20_weights_log_focal_loss/corner_plot_predicted.png
2025-04-02 17:47:43,341 - INFO - Corner plot for true classes saved to figures/Baseline_class_1_20_weights_log_focal_loss/corner_plot_true.png
2025-04-02 17:47:43,341 - INFO - Evaluation completed successfully in main.py.
