2025-04-09 14:13:07,163 - INFO - Starting multi-task script in main.py.
2025-04-09 14:13:07,163 - INFO - Loaded configuration settings:
{'data_params': {'ecc_0_only': False,
                 'fim_folder_path': '/Users/irwin/Documents/GitHub/lisa-ml/data/fims/',
                 'frequency_range': None,
                 'inference_batch_size': 128,
                 'n_samples_class0': 1,
                 'n_samples_class1': 100,
                 'resolved_folder_path': '/Users/irwin/Documents/GitHub/lisa-ml/data/resolved_binaries/',
                 'selected_features': ['Frequency_mHz',
                                       'Amplitude_log10',
                                       'FrequencyDerivative_log10',
                                       'SNR',
                                       'Eccentricity'],
                 'test_seed_val': 1,
                 'training_batch_size': 128,
                 'use_custom_weights': True,
                 'val_seed_val': 1},
 'evaluation_threshold': 0.5,
 'model': 'Multi_L',
 'name_of_run': 'Baseline_log_weightednormalizedoverbatch_class1_100',
 'test': False,
 'training_params': {'focal_loss': {'alpha': 0.25, 'gamma': 2.0},
                     'lr': 0.001,
                     'num_epochs': 100}}
2025-04-09 14:14:34,061 - INFO - Data loaded. Input dimension: 5, Number of model classes: 11
2025-04-09 14:14:34,063 - INFO - Model defined: MultiTaskClassifier_L with input dimension 5 and 11 model classes.
2025-04-09 14:14:34,432 - INFO - Starting training for 100 epochs.
2025-04-09 14:14:45,997 - INFO - Epoch [1/100] - Training Loss: 2.0114 - Learning Rate: 0.001000
2025-04-09 14:14:46,515 - INFO - Epoch [1/100] - Validation Loss: 2.0988
2025-04-09 14:14:46,571 - INFO - Epoch [1/100] Metrics: Sensitivity: 0.6943, Specificity: 1.0000, Accuracy: 0.9964, MCC: 0.8317, AUC ROC: 0.9568
2025-04-09 14:14:46,573 - INFO - Epoch [1] - Best model updated (Validation Loss: 2.0988)
2025-04-09 14:14:59,353 - INFO - Epoch [2/100] - Training Loss: 1.9727 - Learning Rate: 0.001000
2025-04-09 14:14:59,737 - INFO - Epoch [2/100] - Validation Loss: 2.0936
2025-04-09 14:14:59,789 - INFO - Epoch [2/100] Metrics: Sensitivity: 0.7006, Specificity: 1.0000, Accuracy: 0.9965, MCC: 0.8356, AUC ROC: 0.9652
2025-04-09 14:14:59,790 - INFO - Epoch [2] - Best model updated (Validation Loss: 2.0936)
2025-04-09 14:15:11,402 - INFO - Epoch [3/100] - Training Loss: 1.9683 - Learning Rate: 0.001000
2025-04-09 14:15:11,715 - INFO - Epoch [3/100] - Validation Loss: 2.0923
2025-04-09 14:15:11,766 - INFO - Epoch [3/100] Metrics: Sensitivity: 0.6752, Specificity: 1.0000, Accuracy: 0.9962, MCC: 0.8201, AUC ROC: 0.9317
2025-04-09 14:15:11,768 - INFO - Epoch [3] - Best model updated (Validation Loss: 2.0923)
2025-04-09 14:15:22,670 - INFO - Epoch [4/100] - Training Loss: 1.9654 - Learning Rate: 0.001000
2025-04-09 14:15:22,996 - INFO - Epoch [4/100] - Validation Loss: 2.0911
2025-04-09 14:15:23,047 - INFO - Epoch [4/100] Metrics: Sensitivity: 0.7166, Specificity: 1.0000, Accuracy: 0.9967, MCC: 0.8451, AUC ROC: 0.9250
2025-04-09 14:15:23,048 - INFO - Epoch [4] - Best model updated (Validation Loss: 2.0911)
2025-04-09 14:15:33,941 - INFO - Epoch [5/100] - Training Loss: 1.9622 - Learning Rate: 0.001000
2025-04-09 14:15:34,255 - INFO - Epoch [5/100] - Validation Loss: 2.0838
2025-04-09 14:15:34,306 - INFO - Epoch [5/100] Metrics: Sensitivity: 0.7166, Specificity: 1.0000, Accuracy: 0.9967, MCC: 0.8451, AUC ROC: 0.8848
2025-04-09 14:15:34,308 - INFO - Epoch [5] - Best model updated (Validation Loss: 2.0838)
2025-04-09 14:15:45,167 - INFO - Epoch [6/100] - Training Loss: 1.9539 - Learning Rate: 0.001000
2025-04-09 14:15:45,533 - INFO - Epoch [6/100] - Validation Loss: 2.0748
2025-04-09 14:15:45,584 - INFO - Epoch [6/100] Metrics: Sensitivity: 0.7166, Specificity: 1.0000, Accuracy: 0.9967, MCC: 0.8451, AUC ROC: 0.8352
2025-04-09 14:15:45,585 - INFO - Epoch [6] - Best model updated (Validation Loss: 2.0748)
2025-04-09 14:15:56,724 - INFO - Epoch [7/100] - Training Loss: 1.9489 - Learning Rate: 0.001000
2025-04-09 14:15:57,042 - INFO - Epoch [7/100] - Validation Loss: 2.0429
2025-04-09 14:15:57,093 - INFO - Epoch [7/100] Metrics: Sensitivity: 0.7166, Specificity: 1.0000, Accuracy: 0.9967, MCC: 0.8451, AUC ROC: 0.8038
2025-04-09 14:15:57,094 - INFO - Epoch [7] - Best model updated (Validation Loss: 2.0429)
2025-04-09 14:16:07,936 - INFO - Epoch [8/100] - Training Loss: 1.9451 - Learning Rate: 0.001000
2025-04-09 14:16:08,251 - INFO - Epoch [8/100] - Validation Loss: 2.0701
2025-04-09 14:16:08,302 - INFO - Epoch [8/100] Metrics: Sensitivity: 0.7166, Specificity: 1.0000, Accuracy: 0.9967, MCC: 0.8451, AUC ROC: 0.8818
2025-04-09 14:16:19,188 - INFO - Epoch [9/100] - Training Loss: 1.9426 - Learning Rate: 0.001000
2025-04-09 14:16:19,513 - INFO - Epoch [9/100] - Validation Loss: 2.0738
2025-04-09 14:16:19,564 - INFO - Epoch [9/100] Metrics: Sensitivity: 0.7166, Specificity: 1.0000, Accuracy: 0.9967, MCC: 0.8451, AUC ROC: 0.8537
2025-04-09 14:16:30,380 - INFO - Epoch [10/100] - Training Loss: 1.9411 - Learning Rate: 0.001000
2025-04-09 14:16:30,707 - INFO - Epoch [10/100] - Validation Loss: 2.0496
2025-04-09 14:16:30,758 - INFO - Epoch [10/100] Metrics: Sensitivity: 0.7166, Specificity: 1.0000, Accuracy: 0.9967, MCC: 0.8451, AUC ROC: 0.8594
2025-04-09 14:16:41,596 - INFO - Epoch [11/100] - Training Loss: 1.9410 - Learning Rate: 0.001000
2025-04-09 14:16:41,974 - INFO - Epoch [11/100] - Validation Loss: 2.0615
2025-04-09 14:16:42,025 - INFO - Epoch [11/100] Metrics: Sensitivity: 0.7166, Specificity: 1.0000, Accuracy: 0.9967, MCC: 0.8451, AUC ROC: 0.8433
2025-04-09 14:16:52,896 - INFO - Epoch [12/100] - Training Loss: 1.9410 - Learning Rate: 0.001000
2025-04-09 14:16:53,217 - INFO - Epoch [12/100] - Validation Loss: 2.0661
2025-04-09 14:16:53,267 - INFO - Epoch [12/100] Metrics: Sensitivity: 0.7166, Specificity: 1.0000, Accuracy: 0.9967, MCC: 0.8451, AUC ROC: 0.8617
2025-04-09 14:17:04,040 - INFO - Epoch [13/100] - Training Loss: 1.9394 - Learning Rate: 0.001000
2025-04-09 14:17:04,350 - INFO - Epoch [13/100] - Validation Loss: 2.0529
2025-04-09 14:17:04,401 - INFO - Epoch [13/100] Metrics: Sensitivity: 0.7166, Specificity: 1.0000, Accuracy: 0.9967, MCC: 0.8451, AUC ROC: 0.8624
2025-04-09 14:17:15,214 - INFO - Epoch [14/100] - Training Loss: 1.9389 - Learning Rate: 0.001000
2025-04-09 14:17:15,582 - INFO - Epoch [14/100] - Validation Loss: 2.0597
2025-04-09 14:17:15,633 - INFO - Epoch [14/100] Metrics: Sensitivity: 0.7166, Specificity: 1.0000, Accuracy: 0.9967, MCC: 0.8451, AUC ROC: 0.8473
2025-04-09 14:17:26,501 - INFO - Epoch [15/100] - Training Loss: 1.9391 - Learning Rate: 0.001000
2025-04-09 14:17:26,815 - INFO - Epoch [15/100] - Validation Loss: 2.0489
2025-04-09 14:17:26,865 - INFO - Epoch [15/100] Metrics: Sensitivity: 0.7102, Specificity: 1.0000, Accuracy: 0.9966, MCC: 0.8413, AUC ROC: 0.8220
2025-04-09 14:17:37,828 - INFO - Epoch [16/100] - Training Loss: 1.9383 - Learning Rate: 0.001000
2025-04-09 14:17:38,174 - INFO - Epoch [16/100] - Validation Loss: 2.0416
2025-04-09 14:17:38,225 - INFO - Epoch [16/100] Metrics: Sensitivity: 0.7166, Specificity: 1.0000, Accuracy: 0.9967, MCC: 0.8451, AUC ROC: 0.8961
2025-04-09 14:17:38,226 - INFO - Epoch [16] - Best model updated (Validation Loss: 2.0416)
2025-04-09 14:17:49,189 - INFO - Epoch [17/100] - Training Loss: 1.9374 - Learning Rate: 0.001000
2025-04-09 14:17:49,505 - INFO - Epoch [17/100] - Validation Loss: 2.0409
2025-04-09 14:17:49,556 - INFO - Epoch [17/100] Metrics: Sensitivity: 0.7134, Specificity: 1.0000, Accuracy: 0.9967, MCC: 0.8432, AUC ROC: 0.8635
2025-04-09 14:17:49,557 - INFO - Epoch [17] - Best model updated (Validation Loss: 2.0409)
2025-04-09 14:18:00,392 - INFO - Epoch [18/100] - Training Loss: 1.9373 - Learning Rate: 0.001000
2025-04-09 14:18:00,708 - INFO - Epoch [18/100] - Validation Loss: 2.0616
2025-04-09 14:18:00,759 - INFO - Epoch [18/100] Metrics: Sensitivity: 0.7166, Specificity: 1.0000, Accuracy: 0.9967, MCC: 0.8451, AUC ROC: 0.9142
2025-04-09 14:18:11,581 - INFO - Epoch [19/100] - Training Loss: 1.9369 - Learning Rate: 0.001000
2025-04-09 14:18:11,899 - INFO - Epoch [19/100] - Validation Loss: 2.0545
2025-04-09 14:18:11,949 - INFO - Epoch [19/100] Metrics: Sensitivity: 0.7166, Specificity: 1.0000, Accuracy: 0.9967, MCC: 0.8451, AUC ROC: 0.8608
2025-04-09 14:18:22,916 - INFO - Epoch [20/100] - Training Loss: 1.9369 - Learning Rate: 0.001000
2025-04-09 14:18:23,313 - INFO - Epoch [20/100] - Validation Loss: 2.0506
2025-04-09 14:18:23,364 - INFO - Epoch [20/100] Metrics: Sensitivity: 0.7166, Specificity: 1.0000, Accuracy: 0.9967, MCC: 0.8451, AUC ROC: 0.8580
2025-04-09 14:18:34,252 - INFO - Epoch [21/100] - Training Loss: 1.9364 - Learning Rate: 0.001000
2025-04-09 14:18:34,561 - INFO - Epoch [21/100] - Validation Loss: 2.0523
2025-04-09 14:18:34,611 - INFO - Epoch [21/100] Metrics: Sensitivity: 0.7166, Specificity: 1.0000, Accuracy: 0.9967, MCC: 0.8451, AUC ROC: 0.8523
2025-04-09 14:18:45,458 - INFO - Epoch [22/100] - Training Loss: 1.9363 - Learning Rate: 0.001000
2025-04-09 14:18:45,774 - INFO - Epoch [22/100] - Validation Loss: 2.0398
2025-04-09 14:18:45,825 - INFO - Epoch [22/100] Metrics: Sensitivity: 0.7166, Specificity: 1.0000, Accuracy: 0.9967, MCC: 0.8451, AUC ROC: 0.8601
2025-04-09 14:18:45,826 - INFO - Epoch [22] - Best model updated (Validation Loss: 2.0398)
2025-04-09 14:18:56,661 - INFO - Epoch [23/100] - Training Loss: 1.9355 - Learning Rate: 0.001000
2025-04-09 14:18:56,983 - INFO - Epoch [23/100] - Validation Loss: 2.0244
2025-04-09 14:18:57,034 - INFO - Epoch [23/100] Metrics: Sensitivity: 0.7166, Specificity: 1.0000, Accuracy: 0.9967, MCC: 0.8451, AUC ROC: 0.8407
2025-04-09 14:18:57,035 - INFO - Epoch [23] - Best model updated (Validation Loss: 2.0244)
2025-04-09 14:19:07,941 - INFO - Epoch [24/100] - Training Loss: 1.9352 - Learning Rate: 0.001000
2025-04-09 14:19:08,309 - INFO - Epoch [24/100] - Validation Loss: 2.0413
2025-04-09 14:19:08,360 - INFO - Epoch [24/100] Metrics: Sensitivity: 0.7134, Specificity: 1.0000, Accuracy: 0.9967, MCC: 0.8432, AUC ROC: 0.8899
2025-04-09 14:19:19,254 - INFO - Epoch [25/100] - Training Loss: 1.9350 - Learning Rate: 0.001000
2025-04-09 14:19:19,626 - INFO - Epoch [25/100] - Validation Loss: 2.0504
2025-04-09 14:19:19,677 - INFO - Epoch [25/100] Metrics: Sensitivity: 0.7166, Specificity: 1.0000, Accuracy: 0.9967, MCC: 0.8451, AUC ROC: 0.8814
2025-04-09 14:19:30,458 - INFO - Epoch [26/100] - Training Loss: 1.9353 - Learning Rate: 0.001000
2025-04-09 14:19:30,774 - INFO - Epoch [26/100] - Validation Loss: 2.0409
2025-04-09 14:19:30,825 - INFO - Epoch [26/100] Metrics: Sensitivity: 0.7166, Specificity: 1.0000, Accuracy: 0.9967, MCC: 0.8451, AUC ROC: 0.8865
2025-04-09 14:19:41,655 - INFO - Epoch [27/100] - Training Loss: 1.9355 - Learning Rate: 0.001000
2025-04-09 14:19:41,971 - INFO - Epoch [27/100] - Validation Loss: 2.0505
2025-04-09 14:19:42,022 - INFO - Epoch [27/100] Metrics: Sensitivity: 0.7166, Specificity: 1.0000, Accuracy: 0.9967, MCC: 0.8451, AUC ROC: 0.8897
2025-04-09 14:19:52,847 - INFO - Epoch [28/100] - Training Loss: 1.9341 - Learning Rate: 0.001000
2025-04-09 14:19:53,174 - INFO - Epoch [28/100] - Validation Loss: 2.0448
2025-04-09 14:19:53,226 - INFO - Epoch [28/100] Metrics: Sensitivity: 0.7134, Specificity: 1.0000, Accuracy: 0.9967, MCC: 0.8432, AUC ROC: 0.8669
2025-04-09 14:20:04,092 - INFO - Epoch [29/100] - Training Loss: 1.9339 - Learning Rate: 0.001000
2025-04-09 14:20:04,410 - INFO - Epoch [29/100] - Validation Loss: 2.0456
2025-04-09 14:20:04,461 - INFO - Epoch [29/100] Metrics: Sensitivity: 0.7166, Specificity: 1.0000, Accuracy: 0.9967, MCC: 0.8451, AUC ROC: 0.8915
2025-04-09 14:20:15,117 - INFO - Epoch [30/100] - Training Loss: 1.9330 - Learning Rate: 0.001000
2025-04-09 14:20:15,501 - INFO - Epoch [30/100] - Validation Loss: 2.0442
2025-04-09 14:20:15,551 - INFO - Epoch [30/100] Metrics: Sensitivity: 0.7166, Specificity: 1.0000, Accuracy: 0.9967, MCC: 0.8451, AUC ROC: 0.8527
2025-04-09 14:20:26,272 - INFO - Epoch [31/100] - Training Loss: 1.9332 - Learning Rate: 0.001000
2025-04-09 14:20:26,585 - INFO - Epoch [31/100] - Validation Loss: 2.0522
2025-04-09 14:20:26,636 - INFO - Epoch [31/100] Metrics: Sensitivity: 0.7166, Specificity: 1.0000, Accuracy: 0.9967, MCC: 0.8451, AUC ROC: 0.8645
2025-04-09 14:20:37,386 - INFO - Epoch [32/100] - Training Loss: 1.9339 - Learning Rate: 0.001000
2025-04-09 14:20:37,700 - INFO - Epoch [32/100] - Validation Loss: 2.0560
2025-04-09 14:20:37,752 - INFO - Epoch [32/100] Metrics: Sensitivity: 0.7166, Specificity: 1.0000, Accuracy: 0.9967, MCC: 0.8451, AUC ROC: 0.9041
2025-04-09 14:20:48,384 - INFO - Epoch [33/100] - Training Loss: 1.9348 - Learning Rate: 0.001000
2025-04-09 14:20:48,701 - INFO - Epoch [33/100] - Validation Loss: 2.0537
2025-04-09 14:20:48,752 - INFO - Epoch [33/100] Metrics: Sensitivity: 0.7166, Specificity: 1.0000, Accuracy: 0.9967, MCC: 0.8451, AUC ROC: 0.9069
2025-04-09 14:20:59,589 - INFO - Epoch [34/100] - Training Loss: 1.9340 - Learning Rate: 0.001000
2025-04-09 14:20:59,918 - INFO - Epoch [34/100] - Validation Loss: 2.0444
2025-04-09 14:20:59,969 - INFO - Epoch [34/100] Metrics: Sensitivity: 0.7166, Specificity: 1.0000, Accuracy: 0.9967, MCC: 0.8451, AUC ROC: 0.9005
2025-04-09 14:21:10,606 - INFO - Epoch [35/100] - Training Loss: 1.9342 - Learning Rate: 0.001000
2025-04-09 14:21:10,917 - INFO - Epoch [35/100] - Validation Loss: 2.0482
2025-04-09 14:21:10,968 - INFO - Epoch [35/100] Metrics: Sensitivity: 0.7166, Specificity: 1.0000, Accuracy: 0.9967, MCC: 0.8451, AUC ROC: 0.8724
2025-04-09 14:21:21,772 - INFO - Epoch [36/100] - Training Loss: 1.9339 - Learning Rate: 0.001000
2025-04-09 14:21:22,096 - INFO - Epoch [36/100] - Validation Loss: 2.0336
2025-04-09 14:21:22,147 - INFO - Epoch [36/100] Metrics: Sensitivity: 0.7134, Specificity: 1.0000, Accuracy: 0.9967, MCC: 0.8432, AUC ROC: 0.8895
2025-04-09 14:21:32,945 - INFO - Epoch [37/100] - Training Loss: 1.9334 - Learning Rate: 0.001000
2025-04-09 14:21:33,256 - INFO - Epoch [37/100] - Validation Loss: 2.0555
2025-04-09 14:21:33,307 - INFO - Epoch [37/100] Metrics: Sensitivity: 0.7134, Specificity: 1.0000, Accuracy: 0.9967, MCC: 0.8432, AUC ROC: 0.9059
2025-04-09 14:21:44,032 - INFO - Epoch [38/100] - Training Loss: 1.9333 - Learning Rate: 0.001000
2025-04-09 14:21:44,348 - INFO - Epoch [38/100] - Validation Loss: 2.0512
2025-04-09 14:21:44,399 - INFO - Epoch [38/100] Metrics: Sensitivity: 0.7166, Specificity: 1.0000, Accuracy: 0.9967, MCC: 0.8451, AUC ROC: 0.9434
2025-04-09 14:21:55,080 - INFO - Epoch [39/100] - Training Loss: 1.9336 - Learning Rate: 0.001000
2025-04-09 14:21:55,448 - INFO - Epoch [39/100] - Validation Loss: 2.0402
2025-04-09 14:21:55,499 - INFO - Epoch [39/100] Metrics: Sensitivity: 0.7166, Specificity: 1.0000, Accuracy: 0.9967, MCC: 0.8451, AUC ROC: 0.9115
2025-04-09 14:22:06,158 - INFO - Epoch [40/100] - Training Loss: 1.9346 - Learning Rate: 0.001000
2025-04-09 14:22:06,516 - INFO - Epoch [40/100] - Validation Loss: 2.0492
2025-04-09 14:22:06,567 - INFO - Epoch [40/100] Metrics: Sensitivity: 0.7134, Specificity: 1.0000, Accuracy: 0.9967, MCC: 0.8432, AUC ROC: 0.9283
2025-04-09 14:22:17,264 - INFO - Epoch [41/100] - Training Loss: 1.9328 - Learning Rate: 0.001000
2025-04-09 14:22:17,578 - INFO - Epoch [41/100] - Validation Loss: 2.0430
2025-04-09 14:22:17,629 - INFO - Epoch [41/100] Metrics: Sensitivity: 0.7166, Specificity: 1.0000, Accuracy: 0.9967, MCC: 0.8451, AUC ROC: 0.9375
2025-04-09 14:22:28,345 - INFO - Epoch [42/100] - Training Loss: 1.9327 - Learning Rate: 0.001000
2025-04-09 14:22:28,671 - INFO - Epoch [42/100] - Validation Loss: 2.0380
2025-04-09 14:22:28,722 - INFO - Epoch [42/100] Metrics: Sensitivity: 0.7166, Specificity: 1.0000, Accuracy: 0.9967, MCC: 0.8451, AUC ROC: 0.9286
2025-04-09 14:22:39,483 - INFO - Epoch [43/100] - Training Loss: 1.9332 - Learning Rate: 0.001000
2025-04-09 14:22:39,803 - INFO - Epoch [43/100] - Validation Loss: 2.0537
2025-04-09 14:22:39,854 - INFO - Epoch [43/100] Metrics: Sensitivity: 0.7134, Specificity: 1.0000, Accuracy: 0.9967, MCC: 0.8432, AUC ROC: 0.9336
2025-04-09 14:22:50,561 - INFO - Epoch [44/100] - Training Loss: 1.9333 - Learning Rate: 0.001000
2025-04-09 14:22:50,926 - INFO - Epoch [44/100] - Validation Loss: 2.0458
2025-04-09 14:22:50,977 - INFO - Epoch [44/100] Metrics: Sensitivity: 0.7134, Specificity: 1.0000, Accuracy: 0.9967, MCC: 0.8432, AUC ROC: 0.9389
2025-04-09 14:23:01,666 - INFO - Epoch [45/100] - Training Loss: 1.9324 - Learning Rate: 0.001000
2025-04-09 14:23:01,990 - INFO - Epoch [45/100] - Validation Loss: 2.0573
2025-04-09 14:23:02,041 - INFO - Epoch [45/100] Metrics: Sensitivity: 0.7102, Specificity: 1.0000, Accuracy: 0.9966, MCC: 0.8413, AUC ROC: 0.9210
2025-04-09 14:23:12,701 - INFO - Epoch [46/100] - Training Loss: 1.9331 - Learning Rate: 0.001000
2025-04-09 14:23:13,011 - INFO - Epoch [46/100] - Validation Loss: 2.0385
2025-04-09 14:23:13,063 - INFO - Epoch [46/100] Metrics: Sensitivity: 0.7134, Specificity: 1.0000, Accuracy: 0.9967, MCC: 0.8432, AUC ROC: 0.8970
2025-04-09 14:23:24,004 - INFO - Epoch [47/100] - Training Loss: 1.9321 - Learning Rate: 0.001000
2025-04-09 14:23:24,308 - INFO - Epoch [47/100] - Validation Loss: 2.0484
2025-04-09 14:23:24,360 - INFO - Epoch [47/100] Metrics: Sensitivity: 0.7102, Specificity: 1.0000, Accuracy: 0.9966, MCC: 0.8413, AUC ROC: 0.9463
2025-04-09 14:23:35,122 - INFO - Epoch [48/100] - Training Loss: 1.9319 - Learning Rate: 0.001000
2025-04-09 14:23:35,456 - INFO - Epoch [48/100] - Validation Loss: 2.0417
2025-04-09 14:23:35,507 - INFO - Epoch [48/100] Metrics: Sensitivity: 0.7134, Specificity: 1.0000, Accuracy: 0.9967, MCC: 0.8432, AUC ROC: 0.9062
2025-04-09 14:23:46,104 - INFO - Epoch [49/100] - Training Loss: 1.9337 - Learning Rate: 0.001000
2025-04-09 14:23:46,480 - INFO - Epoch [49/100] - Validation Loss: 2.0516
2025-04-09 14:23:46,531 - INFO - Epoch [49/100] Metrics: Sensitivity: 0.7102, Specificity: 1.0000, Accuracy: 0.9966, MCC: 0.8413, AUC ROC: 0.9700
2025-04-09 14:23:57,223 - INFO - Epoch [50/100] - Training Loss: 1.9327 - Learning Rate: 0.000100
2025-04-09 14:23:57,554 - INFO - Epoch [50/100] - Validation Loss: 2.0516
2025-04-09 14:23:57,605 - INFO - Epoch [50/100] Metrics: Sensitivity: 0.7134, Specificity: 1.0000, Accuracy: 0.9967, MCC: 0.8432, AUC ROC: 0.9693
2025-04-09 14:24:08,401 - INFO - Epoch [51/100] - Training Loss: 1.9251 - Learning Rate: 0.000100
2025-04-09 14:24:08,711 - INFO - Epoch [51/100] - Validation Loss: 2.0402
2025-04-09 14:24:08,762 - INFO - Epoch [51/100] Metrics: Sensitivity: 0.7134, Specificity: 1.0000, Accuracy: 0.9967, MCC: 0.8432, AUC ROC: 0.9572
2025-04-09 14:24:19,538 - INFO - Epoch [52/100] - Training Loss: 1.9219 - Learning Rate: 0.000100
2025-04-09 14:24:19,857 - INFO - Epoch [52/100] - Validation Loss: 2.0386
2025-04-09 14:24:19,908 - INFO - Epoch [52/100] Metrics: Sensitivity: 0.7134, Specificity: 1.0000, Accuracy: 0.9967, MCC: 0.8432, AUC ROC: 0.9542
2025-04-09 14:24:30,608 - INFO - Epoch [53/100] - Training Loss: 1.9218 - Learning Rate: 0.000100
2025-04-09 14:24:30,920 - INFO - Epoch [53/100] - Validation Loss: 2.0362
2025-04-09 14:24:30,970 - INFO - Epoch [53/100] Metrics: Sensitivity: 0.7134, Specificity: 1.0000, Accuracy: 0.9967, MCC: 0.8432, AUC ROC: 0.9472
2025-04-09 14:24:41,686 - INFO - Epoch [54/100] - Training Loss: 1.9204 - Learning Rate: 0.000100
2025-04-09 14:24:42,013 - INFO - Epoch [54/100] - Validation Loss: 2.0358
2025-04-09 14:24:42,063 - INFO - Epoch [54/100] Metrics: Sensitivity: 0.7134, Specificity: 1.0000, Accuracy: 0.9967, MCC: 0.8432, AUC ROC: 0.9437
2025-04-09 14:24:52,787 - INFO - Epoch [55/100] - Training Loss: 1.9203 - Learning Rate: 0.000100
2025-04-09 14:24:53,113 - INFO - Epoch [55/100] - Validation Loss: 2.0345
2025-04-09 14:24:53,164 - INFO - Epoch [55/100] Metrics: Sensitivity: 0.7134, Specificity: 1.0000, Accuracy: 0.9967, MCC: 0.8432, AUC ROC: 0.9420
2025-04-09 14:25:03,899 - INFO - Epoch [56/100] - Training Loss: 1.9191 - Learning Rate: 0.000100
2025-04-09 14:25:04,232 - INFO - Epoch [56/100] - Validation Loss: 2.0332
2025-04-09 14:25:04,282 - INFO - Epoch [56/100] Metrics: Sensitivity: 0.7134, Specificity: 1.0000, Accuracy: 0.9967, MCC: 0.8432, AUC ROC: 0.9409
2025-04-09 14:25:14,931 - INFO - Epoch [57/100] - Training Loss: 1.9196 - Learning Rate: 0.000100
2025-04-09 14:25:15,259 - INFO - Epoch [57/100] - Validation Loss: 2.0350
2025-04-09 14:25:15,310 - INFO - Epoch [57/100] Metrics: Sensitivity: 0.7134, Specificity: 1.0000, Accuracy: 0.9967, MCC: 0.8432, AUC ROC: 0.9466
2025-04-09 14:25:25,972 - INFO - Epoch [58/100] - Training Loss: 1.9189 - Learning Rate: 0.000100
2025-04-09 14:25:26,350 - INFO - Epoch [58/100] - Validation Loss: 2.0332
2025-04-09 14:25:26,401 - INFO - Epoch [58/100] Metrics: Sensitivity: 0.7134, Specificity: 1.0000, Accuracy: 0.9967, MCC: 0.8432, AUC ROC: 0.9458
2025-04-09 14:25:36,969 - INFO - Epoch [59/100] - Training Loss: 1.9189 - Learning Rate: 0.000100
2025-04-09 14:25:37,285 - INFO - Epoch [59/100] - Validation Loss: 2.0347
2025-04-09 14:25:37,336 - INFO - Epoch [59/100] Metrics: Sensitivity: 0.7134, Specificity: 1.0000, Accuracy: 0.9967, MCC: 0.8432, AUC ROC: 0.9461
2025-04-09 14:25:48,132 - INFO - Epoch [60/100] - Training Loss: 1.9188 - Learning Rate: 0.000100
2025-04-09 14:25:48,455 - INFO - Epoch [60/100] - Validation Loss: 2.0298
2025-04-09 14:25:48,506 - INFO - Epoch [60/100] Metrics: Sensitivity: 0.7166, Specificity: 1.0000, Accuracy: 0.9967, MCC: 0.8451, AUC ROC: 0.9446
2025-04-09 14:25:59,251 - INFO - Epoch [61/100] - Training Loss: 1.9190 - Learning Rate: 0.000100
2025-04-09 14:25:59,579 - INFO - Epoch [61/100] - Validation Loss: 2.0316
2025-04-09 14:25:59,630 - INFO - Epoch [61/100] Metrics: Sensitivity: 0.7166, Specificity: 1.0000, Accuracy: 0.9967, MCC: 0.8451, AUC ROC: 0.9390
2025-04-09 14:26:10,357 - INFO - Epoch [62/100] - Training Loss: 1.9178 - Learning Rate: 0.000100
2025-04-09 14:26:10,681 - INFO - Epoch [62/100] - Validation Loss: 2.0286
2025-04-09 14:26:10,731 - INFO - Epoch [62/100] Metrics: Sensitivity: 0.7166, Specificity: 1.0000, Accuracy: 0.9967, MCC: 0.8451, AUC ROC: 0.9376
2025-04-09 14:26:21,340 - INFO - Epoch [63/100] - Training Loss: 1.9180 - Learning Rate: 0.000100
2025-04-09 14:26:21,724 - INFO - Epoch [63/100] - Validation Loss: 2.0320
2025-04-09 14:26:21,775 - INFO - Epoch [63/100] Metrics: Sensitivity: 0.7166, Specificity: 1.0000, Accuracy: 0.9967, MCC: 0.8451, AUC ROC: 0.9376
2025-04-09 14:26:32,418 - INFO - Epoch [64/100] - Training Loss: 1.9180 - Learning Rate: 0.000100
2025-04-09 14:26:32,730 - INFO - Epoch [64/100] - Validation Loss: 2.0299
2025-04-09 14:26:32,782 - INFO - Epoch [64/100] Metrics: Sensitivity: 0.7166, Specificity: 1.0000, Accuracy: 0.9967, MCC: 0.8451, AUC ROC: 0.9370
2025-04-09 14:26:43,584 - INFO - Epoch [65/100] - Training Loss: 1.9178 - Learning Rate: 0.000100
2025-04-09 14:26:43,902 - INFO - Epoch [65/100] - Validation Loss: 2.0285
2025-04-09 14:26:43,953 - INFO - Epoch [65/100] Metrics: Sensitivity: 0.7166, Specificity: 1.0000, Accuracy: 0.9967, MCC: 0.8451, AUC ROC: 0.9375
2025-04-09 14:26:54,630 - INFO - Epoch [66/100] - Training Loss: 1.9170 - Learning Rate: 0.000100
2025-04-09 14:26:54,955 - INFO - Epoch [66/100] - Validation Loss: 2.0302
2025-04-09 14:26:55,006 - INFO - Epoch [66/100] Metrics: Sensitivity: 0.7134, Specificity: 1.0000, Accuracy: 0.9967, MCC: 0.8432, AUC ROC: 0.9389
2025-04-09 14:27:05,795 - INFO - Epoch [67/100] - Training Loss: 1.9179 - Learning Rate: 0.000100
2025-04-09 14:27:06,112 - INFO - Epoch [67/100] - Validation Loss: 2.0325
2025-04-09 14:27:06,163 - INFO - Epoch [67/100] Metrics: Sensitivity: 0.7166, Specificity: 1.0000, Accuracy: 0.9967, MCC: 0.8451, AUC ROC: 0.9368
2025-04-09 14:27:16,790 - INFO - Epoch [68/100] - Training Loss: 1.9172 - Learning Rate: 0.000100
2025-04-09 14:27:17,164 - INFO - Epoch [68/100] - Validation Loss: 2.0268
2025-04-09 14:27:17,215 - INFO - Epoch [68/100] Metrics: Sensitivity: 0.7166, Specificity: 1.0000, Accuracy: 0.9967, MCC: 0.8451, AUC ROC: 0.9331
2025-04-09 14:27:27,934 - INFO - Epoch [69/100] - Training Loss: 1.9170 - Learning Rate: 0.000100
2025-04-09 14:27:28,259 - INFO - Epoch [69/100] - Validation Loss: 2.0298
2025-04-09 14:27:28,310 - INFO - Epoch [69/100] Metrics: Sensitivity: 0.7134, Specificity: 1.0000, Accuracy: 0.9967, MCC: 0.8432, AUC ROC: 0.9319
2025-04-09 14:27:39,106 - INFO - Epoch [70/100] - Training Loss: 1.9169 - Learning Rate: 0.000100
2025-04-09 14:27:39,430 - INFO - Epoch [70/100] - Validation Loss: 2.0316
2025-04-09 14:27:39,482 - INFO - Epoch [70/100] Metrics: Sensitivity: 0.7166, Specificity: 1.0000, Accuracy: 0.9967, MCC: 0.8451, AUC ROC: 0.9333
2025-04-09 14:27:50,234 - INFO - Epoch [71/100] - Training Loss: 1.9162 - Learning Rate: 0.000100
2025-04-09 14:27:50,554 - INFO - Epoch [71/100] - Validation Loss: 2.0288
2025-04-09 14:27:50,605 - INFO - Epoch [71/100] Metrics: Sensitivity: 0.7134, Specificity: 1.0000, Accuracy: 0.9967, MCC: 0.8432, AUC ROC: 0.9395
2025-04-09 14:28:01,457 - INFO - Epoch [72/100] - Training Loss: 1.9166 - Learning Rate: 0.000100
2025-04-09 14:28:01,765 - INFO - Epoch [72/100] - Validation Loss: 2.0248
2025-04-09 14:28:01,816 - INFO - Epoch [72/100] Metrics: Sensitivity: 0.7166, Specificity: 1.0000, Accuracy: 0.9967, MCC: 0.8451, AUC ROC: 0.9434
2025-04-09 14:28:12,514 - INFO - Epoch [73/100] - Training Loss: 1.9173 - Learning Rate: 0.000100
2025-04-09 14:28:12,831 - INFO - Epoch [73/100] - Validation Loss: 2.0288
2025-04-09 14:28:12,882 - INFO - Epoch [73/100] Metrics: Sensitivity: 0.7166, Specificity: 1.0000, Accuracy: 0.9967, MCC: 0.8451, AUC ROC: 0.9376
2025-04-09 14:28:23,778 - INFO - Epoch [74/100] - Training Loss: 1.9162 - Learning Rate: 0.000100
2025-04-09 14:28:24,096 - INFO - Epoch [74/100] - Validation Loss: 2.0259
2025-04-09 14:28:24,147 - INFO - Epoch [74/100] Metrics: Sensitivity: 0.7166, Specificity: 1.0000, Accuracy: 0.9967, MCC: 0.8451, AUC ROC: 0.9369
2025-04-09 14:28:34,827 - INFO - Epoch [75/100] - Training Loss: 1.9169 - Learning Rate: 0.000100
2025-04-09 14:28:35,143 - INFO - Epoch [75/100] - Validation Loss: 2.0271
2025-04-09 14:28:35,194 - INFO - Epoch [75/100] Metrics: Sensitivity: 0.7166, Specificity: 1.0000, Accuracy: 0.9967, MCC: 0.8451, AUC ROC: 0.9396
2025-04-09 14:28:45,924 - INFO - Epoch [76/100] - Training Loss: 1.9164 - Learning Rate: 0.000100
2025-04-09 14:28:46,238 - INFO - Epoch [76/100] - Validation Loss: 2.0279
2025-04-09 14:28:46,290 - INFO - Epoch [76/100] Metrics: Sensitivity: 0.7134, Specificity: 1.0000, Accuracy: 0.9967, MCC: 0.8432, AUC ROC: 0.9358
2025-04-09 14:28:56,988 - INFO - Epoch [77/100] - Training Loss: 1.9165 - Learning Rate: 0.000100
2025-04-09 14:28:57,370 - INFO - Epoch [77/100] - Validation Loss: 2.0256
2025-04-09 14:28:57,421 - INFO - Epoch [77/100] Metrics: Sensitivity: 0.7166, Specificity: 1.0000, Accuracy: 0.9967, MCC: 0.8451, AUC ROC: 0.9352
2025-04-09 14:29:08,069 - INFO - Epoch [78/100] - Training Loss: 1.9158 - Learning Rate: 0.000100
2025-04-09 14:29:08,404 - INFO - Epoch [78/100] - Validation Loss: 2.0291
2025-04-09 14:29:08,461 - INFO - Epoch [78/100] Metrics: Sensitivity: 0.7166, Specificity: 1.0000, Accuracy: 0.9967, MCC: 0.8451, AUC ROC: 0.9417
2025-04-09 14:29:19,259 - INFO - Epoch [79/100] - Training Loss: 1.9155 - Learning Rate: 0.000100
2025-04-09 14:29:19,567 - INFO - Epoch [79/100] - Validation Loss: 2.0256
2025-04-09 14:29:19,618 - INFO - Epoch [79/100] Metrics: Sensitivity: 0.7166, Specificity: 1.0000, Accuracy: 0.9967, MCC: 0.8451, AUC ROC: 0.9342
2025-04-09 14:29:30,409 - INFO - Epoch [80/100] - Training Loss: 1.9163 - Learning Rate: 0.000100
2025-04-09 14:29:30,727 - INFO - Epoch [80/100] - Validation Loss: 2.0289
2025-04-09 14:29:30,778 - INFO - Epoch [80/100] Metrics: Sensitivity: 0.7166, Specificity: 1.0000, Accuracy: 0.9967, MCC: 0.8451, AUC ROC: 0.9370
2025-04-09 14:29:41,484 - INFO - Epoch [81/100] - Training Loss: 1.9161 - Learning Rate: 0.000100
2025-04-09 14:29:41,796 - INFO - Epoch [81/100] - Validation Loss: 2.0318
2025-04-09 14:29:41,848 - INFO - Epoch [81/100] Metrics: Sensitivity: 0.7166, Specificity: 1.0000, Accuracy: 0.9967, MCC: 0.8451, AUC ROC: 0.9368
2025-04-09 14:29:52,506 - INFO - Epoch [82/100] - Training Loss: 1.9157 - Learning Rate: 0.000100
2025-04-09 14:29:52,880 - INFO - Epoch [82/100] - Validation Loss: 2.0337
2025-04-09 14:29:52,931 - INFO - Epoch [82/100] Metrics: Sensitivity: 0.7166, Specificity: 1.0000, Accuracy: 0.9967, MCC: 0.8451, AUC ROC: 0.9353
2025-04-09 14:30:03,607 - INFO - Epoch [83/100] - Training Loss: 1.9157 - Learning Rate: 0.000100
2025-04-09 14:30:03,932 - INFO - Epoch [83/100] - Validation Loss: 2.0317
2025-04-09 14:30:03,983 - INFO - Epoch [83/100] Metrics: Sensitivity: 0.7166, Specificity: 1.0000, Accuracy: 0.9967, MCC: 0.8451, AUC ROC: 0.9357
2025-04-09 14:30:14,697 - INFO - Epoch [84/100] - Training Loss: 1.9152 - Learning Rate: 0.000100
2025-04-09 14:30:15,010 - INFO - Epoch [84/100] - Validation Loss: 2.0290
2025-04-09 14:30:15,061 - INFO - Epoch [84/100] Metrics: Sensitivity: 0.7166, Specificity: 1.0000, Accuracy: 0.9967, MCC: 0.8451, AUC ROC: 0.9400
2025-04-09 14:30:25,946 - INFO - Epoch [85/100] - Training Loss: 1.9145 - Learning Rate: 0.000100
2025-04-09 14:30:26,269 - INFO - Epoch [85/100] - Validation Loss: 2.0273
2025-04-09 14:30:26,320 - INFO - Epoch [85/100] Metrics: Sensitivity: 0.7166, Specificity: 1.0000, Accuracy: 0.9967, MCC: 0.8451, AUC ROC: 0.9411
2025-04-09 14:30:37,063 - INFO - Epoch [86/100] - Training Loss: 1.9149 - Learning Rate: 0.000100
2025-04-09 14:30:37,379 - INFO - Epoch [86/100] - Validation Loss: 2.0263
2025-04-09 14:30:37,430 - INFO - Epoch [86/100] Metrics: Sensitivity: 0.7166, Specificity: 1.0000, Accuracy: 0.9967, MCC: 0.8451, AUC ROC: 0.9410
2025-04-09 14:30:48,164 - INFO - Epoch [87/100] - Training Loss: 1.9153 - Learning Rate: 0.000100
2025-04-09 14:30:48,554 - INFO - Epoch [87/100] - Validation Loss: 2.0339
2025-04-09 14:30:48,605 - INFO - Epoch [87/100] Metrics: Sensitivity: 0.7166, Specificity: 1.0000, Accuracy: 0.9967, MCC: 0.8451, AUC ROC: 0.9414
2025-04-09 14:30:59,256 - INFO - Epoch [88/100] - Training Loss: 1.9142 - Learning Rate: 0.000100
2025-04-09 14:30:59,584 - INFO - Epoch [88/100] - Validation Loss: 2.0314
2025-04-09 14:30:59,636 - INFO - Epoch [88/100] Metrics: Sensitivity: 0.7166, Specificity: 1.0000, Accuracy: 0.9967, MCC: 0.8451, AUC ROC: 0.9395
2025-04-09 14:31:10,510 - INFO - Epoch [89/100] - Training Loss: 1.9148 - Learning Rate: 0.000100
2025-04-09 14:31:10,829 - INFO - Epoch [89/100] - Validation Loss: 2.0280
2025-04-09 14:31:10,880 - INFO - Epoch [89/100] Metrics: Sensitivity: 0.7166, Specificity: 1.0000, Accuracy: 0.9967, MCC: 0.8451, AUC ROC: 0.9405
2025-04-09 14:31:21,811 - INFO - Epoch [90/100] - Training Loss: 1.9151 - Learning Rate: 0.000100
2025-04-09 14:31:22,133 - INFO - Epoch [90/100] - Validation Loss: 2.0263
2025-04-09 14:31:22,185 - INFO - Epoch [90/100] Metrics: Sensitivity: 0.7166, Specificity: 1.0000, Accuracy: 0.9967, MCC: 0.8451, AUC ROC: 0.9422
2025-04-09 14:31:32,941 - INFO - Epoch [91/100] - Training Loss: 1.9160 - Learning Rate: 0.000100
2025-04-09 14:31:33,277 - INFO - Epoch [91/100] - Validation Loss: 2.0279
2025-04-09 14:31:33,329 - INFO - Epoch [91/100] Metrics: Sensitivity: 0.7166, Specificity: 1.0000, Accuracy: 0.9967, MCC: 0.8451, AUC ROC: 0.9396
2025-04-09 14:31:44,044 - INFO - Epoch [92/100] - Training Loss: 1.9146 - Learning Rate: 0.000100
2025-04-09 14:31:44,370 - INFO - Epoch [92/100] - Validation Loss: 2.0236
2025-04-09 14:31:44,421 - INFO - Epoch [92/100] Metrics: Sensitivity: 0.7166, Specificity: 1.0000, Accuracy: 0.9967, MCC: 0.8451, AUC ROC: 0.9346
2025-04-09 14:31:44,422 - INFO - Epoch [92] - Best model updated (Validation Loss: 2.0236)
2025-04-09 14:31:55,149 - INFO - Epoch [93/100] - Training Loss: 1.9147 - Learning Rate: 0.000100
2025-04-09 14:31:55,468 - INFO - Epoch [93/100] - Validation Loss: 2.0274
2025-04-09 14:31:55,519 - INFO - Epoch [93/100] Metrics: Sensitivity: 0.7166, Specificity: 1.0000, Accuracy: 0.9967, MCC: 0.8451, AUC ROC: 0.9341
2025-04-09 14:32:06,368 - INFO - Epoch [94/100] - Training Loss: 1.9150 - Learning Rate: 0.000100
2025-04-09 14:32:06,702 - INFO - Epoch [94/100] - Validation Loss: 2.0280
2025-04-09 14:32:06,753 - INFO - Epoch [94/100] Metrics: Sensitivity: 0.7166, Specificity: 1.0000, Accuracy: 0.9967, MCC: 0.8451, AUC ROC: 0.9396
2025-04-09 14:32:17,418 - INFO - Epoch [95/100] - Training Loss: 1.9143 - Learning Rate: 0.000100
2025-04-09 14:32:17,729 - INFO - Epoch [95/100] - Validation Loss: 2.0308
2025-04-09 14:32:17,780 - INFO - Epoch [95/100] Metrics: Sensitivity: 0.7166, Specificity: 1.0000, Accuracy: 0.9967, MCC: 0.8451, AUC ROC: 0.9413
2025-04-09 14:32:28,519 - INFO - Epoch [96/100] - Training Loss: 1.9149 - Learning Rate: 0.000100
2025-04-09 14:32:28,887 - INFO - Epoch [96/100] - Validation Loss: 2.0262
2025-04-09 14:32:28,938 - INFO - Epoch [96/100] Metrics: Sensitivity: 0.7166, Specificity: 1.0000, Accuracy: 0.9967, MCC: 0.8451, AUC ROC: 0.9353
2025-04-09 14:32:39,552 - INFO - Epoch [97/100] - Training Loss: 1.9153 - Learning Rate: 0.000100
2025-04-09 14:32:39,870 - INFO - Epoch [97/100] - Validation Loss: 2.0267
2025-04-09 14:32:39,921 - INFO - Epoch [97/100] Metrics: Sensitivity: 0.7166, Specificity: 1.0000, Accuracy: 0.9967, MCC: 0.8451, AUC ROC: 0.9363
2025-04-09 14:32:50,748 - INFO - Epoch [98/100] - Training Loss: 1.9140 - Learning Rate: 0.000100
2025-04-09 14:32:51,067 - INFO - Epoch [98/100] - Validation Loss: 2.0233
2025-04-09 14:32:51,118 - INFO - Epoch [98/100] Metrics: Sensitivity: 0.7166, Specificity: 1.0000, Accuracy: 0.9967, MCC: 0.8451, AUC ROC: 0.9342
2025-04-09 14:32:51,120 - INFO - Epoch [98] - Best model updated (Validation Loss: 2.0233)
2025-04-09 14:33:01,871 - INFO - Epoch [99/100] - Training Loss: 1.9144 - Learning Rate: 0.000100
2025-04-09 14:33:02,188 - INFO - Epoch [99/100] - Validation Loss: 2.0228
2025-04-09 14:33:02,239 - INFO - Epoch [99/100] Metrics: Sensitivity: 0.7166, Specificity: 1.0000, Accuracy: 0.9967, MCC: 0.8451, AUC ROC: 0.9322
2025-04-09 14:33:02,240 - INFO - Epoch [99] - Best model updated (Validation Loss: 2.0228)
2025-04-09 14:33:12,915 - INFO - Epoch [100/100] - Training Loss: 1.9140 - Learning Rate: 0.000010
2025-04-09 14:33:13,230 - INFO - Epoch [100/100] - Validation Loss: 2.0243
2025-04-09 14:33:13,281 - INFO - Epoch [100/100] Metrics: Sensitivity: 0.7166, Specificity: 1.0000, Accuracy: 0.9967, MCC: 0.8451, AUC ROC: 0.9345
2025-04-09 14:33:13,283 - INFO - Best model loaded from models/best_multi_task_classifier_Baseline_log_weightednormalizedoverbatch_class1_100.pth
2025-04-09 14:33:13,285 - INFO - Training and Validation loss history saved to models/loss_history/train_val_loss_history_Baseline_log_weightednormalizedoverbatch_class1_100.csv
2025-04-09 14:33:13,626 - INFO - Feature: Frequency_mHz, Average Saliency: 0.0000, Parameters Impact: 1.0000, Parameters Std: 3.1613
2025-04-09 14:33:13,626 - INFO - Feature: Amplitude_log10, Average Saliency: 0.0000, Parameters Impact: 1.5009, Parameters Std: 4.7375
2025-04-09 14:33:13,626 - INFO - Feature: FrequencyDerivative_log10, Average Saliency: 0.0000, Parameters Impact: 3.6788, Parameters Std: 11.5767
2025-04-09 14:33:13,626 - INFO - Feature: SNR, Average Saliency: 0.0000, Parameters Impact: 4.7846, Parameters Std: 15.1301
2025-04-09 14:33:13,627 - INFO - Feature: Eccentricity, Average Saliency: 0.0000, Parameters Impact: 1.4482, Parameters Std: 4.5794
2025-04-09 14:33:14,077 - INFO - Validation Metrics:
2025-04-09 14:33:14,077 - INFO - Accuracy: 0.9967
2025-04-09 14:33:14,077 - INFO - Precision: 1.0000
2025-04-09 14:33:14,077 - INFO - Recall (Sensitivity): 0.7166
2025-04-09 14:33:14,077 - INFO - Specificity: 1.0000
2025-04-09 14:33:14,078 - INFO - F1 Score: 0.8349
2025-04-09 14:33:14,078 - INFO - ROC AUC: 0.9322
2025-04-09 14:33:14,078 - INFO - Balanced Accuracy: 0.8583
2025-04-09 14:33:14,078 - INFO - Confusion Matrix:
[[26682     0]
 [   89   225]]
2025-04-09 14:33:25,333 - INFO - Corner plot for predicted classes saved to figures/Baseline_log_weightednormalizedoverbatch_class1_100/corner_plot_predicted.png
2025-04-09 14:33:36,041 - INFO - Corner plot for true classes saved to figures/Baseline_log_weightednormalizedoverbatch_class1_100/corner_plot_true.png
2025-04-09 14:33:37,027 - INFO - Corner plot for true class 1 (Prediction_Status) saved to figures/Baseline_log_weightednormalizedoverbatch_class1_100/corner_plot_class1_status.png
2025-04-09 14:33:47,380 - INFO - Evaluation completed successfully in main.py.
