2025-04-09 13:48:20,163 - INFO - Starting multi-task script in main.py.
2025-04-09 13:48:20,163 - INFO - Loaded configuration settings:
{'data_params': {'ecc_0_only': False,
                 'fim_folder_path': '/Users/irwin/Documents/GitHub/lisa-ml/data/fims/',
                 'frequency_range': None,
                 'inference_batch_size': 128,
                 'n_samples_class0': 1,
                 'n_samples_class1': 20,
                 'resolved_folder_path': '/Users/irwin/Documents/GitHub/lisa-ml/data/resolved_binaries/',
                 'selected_features': ['Frequency_mHz',
                                       'Amplitude_log10',
                                       'FrequencyDerivative_log10',
                                       'SNR',
                                       'Eccentricity'],
                 'test_seed_val': 1,
                 'training_batch_size': 128,
                 'use_custom_weights': True,
                 'val_seed_val': 1},
 'evaluation_threshold': 0.5,
 'model': 'Multi_L',
 'name_of_run': 'Baseline_log_weightednormalizedoverbatch_class1_20',
 'test': False,
 'training_params': {'focal_loss': {'alpha': 0.25, 'gamma': 2.0},
                     'lr': 0.001,
                     'num_epochs': 100}}
2025-04-09 13:49:44,450 - INFO - Data loaded. Input dimension: 5, Number of model classes: 11
2025-04-09 13:49:44,451 - INFO - Model defined: MultiTaskClassifier_L with input dimension 5 and 11 model classes.
2025-04-09 13:49:44,842 - INFO - Starting training for 100 epochs.
2025-04-09 13:49:53,163 - INFO - Epoch [1/100] - Training Loss: 2.0428 - Learning Rate: 0.001000
2025-04-09 13:49:53,467 - INFO - Epoch [1/100] - Validation Loss: 2.0914
2025-04-09 13:49:53,520 - INFO - Epoch [1/100] Metrics: Sensitivity: 0.6146, Specificity: 1.0000, Accuracy: 0.9955, MCC: 0.7822, AUC ROC: 0.9656
2025-04-09 13:49:53,523 - INFO - Epoch [1] - Best model updated (Validation Loss: 2.0914)
2025-04-09 13:50:01,582 - INFO - Epoch [2/100] - Training Loss: 1.9675 - Learning Rate: 0.001000
2025-04-09 13:50:01,936 - INFO - Epoch [2/100] - Validation Loss: 2.0986
2025-04-09 13:50:01,986 - INFO - Epoch [2/100] Metrics: Sensitivity: 0.4809, Specificity: 1.0000, Accuracy: 0.9940, MCC: 0.6914, AUC ROC: 0.9692
2025-04-09 13:50:10,002 - INFO - Epoch [3/100] - Training Loss: 1.9592 - Learning Rate: 0.001000
2025-04-09 13:50:10,306 - INFO - Epoch [3/100] - Validation Loss: 2.0753
2025-04-09 13:50:10,357 - INFO - Epoch [3/100] Metrics: Sensitivity: 0.6847, Specificity: 1.0000, Accuracy: 0.9963, MCC: 0.8259, AUC ROC: 0.9610
2025-04-09 13:50:10,358 - INFO - Epoch [3] - Best model updated (Validation Loss: 2.0753)
2025-04-09 13:50:18,435 - INFO - Epoch [4/100] - Training Loss: 1.9496 - Learning Rate: 0.001000
2025-04-09 13:50:18,742 - INFO - Epoch [4/100] - Validation Loss: 2.0567
2025-04-09 13:50:18,793 - INFO - Epoch [4/100] Metrics: Sensitivity: 0.7038, Specificity: 1.0000, Accuracy: 0.9966, MCC: 0.8375, AUC ROC: 0.9535
2025-04-09 13:50:18,794 - INFO - Epoch [4] - Best model updated (Validation Loss: 2.0567)
2025-04-09 13:50:26,967 - INFO - Epoch [5/100] - Training Loss: 1.9410 - Learning Rate: 0.001000
2025-04-09 13:50:27,323 - INFO - Epoch [5/100] - Validation Loss: 2.0443
2025-04-09 13:50:27,374 - INFO - Epoch [5/100] Metrics: Sensitivity: 0.5987, Specificity: 1.0000, Accuracy: 0.9953, MCC: 0.7720, AUC ROC: 0.9145
2025-04-09 13:50:27,375 - INFO - Epoch [5] - Best model updated (Validation Loss: 2.0443)
2025-04-09 13:50:35,457 - INFO - Epoch [6/100] - Training Loss: 1.9365 - Learning Rate: 0.001000
2025-04-09 13:50:35,771 - INFO - Epoch [6/100] - Validation Loss: 2.0491
2025-04-09 13:50:35,821 - INFO - Epoch [6/100] Metrics: Sensitivity: 0.6242, Specificity: 1.0000, Accuracy: 0.9956, MCC: 0.7883, AUC ROC: 0.8821
2025-04-09 13:50:43,924 - INFO - Epoch [7/100] - Training Loss: 1.9331 - Learning Rate: 0.001000
2025-04-09 13:50:44,252 - INFO - Epoch [7/100] - Validation Loss: 2.0389
2025-04-09 13:50:44,303 - INFO - Epoch [7/100] Metrics: Sensitivity: 0.7070, Specificity: 0.9997, Accuracy: 0.9963, MCC: 0.8244, AUC ROC: 0.9603
2025-04-09 13:50:44,304 - INFO - Epoch [7] - Best model updated (Validation Loss: 2.0389)
2025-04-09 13:50:52,319 - INFO - Epoch [8/100] - Training Loss: 1.9313 - Learning Rate: 0.001000
2025-04-09 13:50:52,683 - INFO - Epoch [8/100] - Validation Loss: 2.0521
2025-04-09 13:50:52,733 - INFO - Epoch [8/100] Metrics: Sensitivity: 0.6433, Specificity: 1.0000, Accuracy: 0.9959, MCC: 0.8004, AUC ROC: 0.9276
2025-04-09 13:51:00,911 - INFO - Epoch [9/100] - Training Loss: 1.9280 - Learning Rate: 0.001000
2025-04-09 13:51:01,239 - INFO - Epoch [9/100] - Validation Loss: 2.0591
2025-04-09 13:51:01,290 - INFO - Epoch [9/100] Metrics: Sensitivity: 0.6306, Specificity: 1.0000, Accuracy: 0.9957, MCC: 0.7924, AUC ROC: 0.9156
2025-04-09 13:51:09,481 - INFO - Epoch [10/100] - Training Loss: 1.9278 - Learning Rate: 0.001000
2025-04-09 13:51:09,783 - INFO - Epoch [10/100] - Validation Loss: 2.0397
2025-04-09 13:51:09,834 - INFO - Epoch [10/100] Metrics: Sensitivity: 0.6975, Specificity: 1.0000, Accuracy: 0.9965, MCC: 0.8337, AUC ROC: 0.9432
2025-04-09 13:51:17,883 - INFO - Epoch [11/100] - Training Loss: 1.9264 - Learning Rate: 0.001000
2025-04-09 13:51:18,243 - INFO - Epoch [11/100] - Validation Loss: 2.0327
2025-04-09 13:51:18,293 - INFO - Epoch [11/100] Metrics: Sensitivity: 0.6497, Specificity: 1.0000, Accuracy: 0.9959, MCC: 0.8044, AUC ROC: 0.9046
2025-04-09 13:51:18,294 - INFO - Epoch [11] - Best model updated (Validation Loss: 2.0327)
2025-04-09 13:51:26,432 - INFO - Epoch [12/100] - Training Loss: 1.9256 - Learning Rate: 0.001000
2025-04-09 13:51:26,738 - INFO - Epoch [12/100] - Validation Loss: 2.0451
2025-04-09 13:51:26,788 - INFO - Epoch [12/100] Metrics: Sensitivity: 0.6146, Specificity: 1.0000, Accuracy: 0.9955, MCC: 0.7822, AUC ROC: 0.9346
2025-04-09 13:51:34,833 - INFO - Epoch [13/100] - Training Loss: 1.9236 - Learning Rate: 0.001000
2025-04-09 13:51:35,138 - INFO - Epoch [13/100] - Validation Loss: 2.0408
2025-04-09 13:51:35,188 - INFO - Epoch [13/100] Metrics: Sensitivity: 0.6465, Specificity: 1.0000, Accuracy: 0.9959, MCC: 0.8024, AUC ROC: 0.9159
2025-04-09 13:51:43,365 - INFO - Epoch [14/100] - Training Loss: 1.9244 - Learning Rate: 0.001000
2025-04-09 13:51:43,669 - INFO - Epoch [14/100] - Validation Loss: 2.0452
2025-04-09 13:51:43,719 - INFO - Epoch [14/100] Metrics: Sensitivity: 0.6465, Specificity: 1.0000, Accuracy: 0.9959, MCC: 0.8024, AUC ROC: 0.8898
2025-04-09 13:51:51,871 - INFO - Epoch [15/100] - Training Loss: 1.9240 - Learning Rate: 0.001000
2025-04-09 13:51:52,178 - INFO - Epoch [15/100] - Validation Loss: 2.0290
2025-04-09 13:51:52,228 - INFO - Epoch [15/100] Metrics: Sensitivity: 0.6561, Specificity: 1.0000, Accuracy: 0.9960, MCC: 0.8083, AUC ROC: 0.9383
2025-04-09 13:51:52,230 - INFO - Epoch [15] - Best model updated (Validation Loss: 2.0290)
2025-04-09 13:52:00,322 - INFO - Epoch [16/100] - Training Loss: 1.9237 - Learning Rate: 0.001000
2025-04-09 13:52:00,678 - INFO - Epoch [16/100] - Validation Loss: 2.0375
2025-04-09 13:52:00,728 - INFO - Epoch [16/100] Metrics: Sensitivity: 0.5287, Specificity: 1.0000, Accuracy: 0.9945, MCC: 0.7251, AUC ROC: 0.9501
2025-04-09 13:52:08,822 - INFO - Epoch [17/100] - Training Loss: 1.9223 - Learning Rate: 0.001000
2025-04-09 13:52:09,119 - INFO - Epoch [17/100] - Validation Loss: 2.0350
2025-04-09 13:52:09,169 - INFO - Epoch [17/100] Metrics: Sensitivity: 0.6529, Specificity: 1.0000, Accuracy: 0.9959, MCC: 0.8044, AUC ROC: 0.9215
2025-04-09 13:52:17,324 - INFO - Epoch [18/100] - Training Loss: 1.9223 - Learning Rate: 0.001000
2025-04-09 13:52:17,630 - INFO - Epoch [18/100] - Validation Loss: 2.0237
2025-04-09 13:52:17,680 - INFO - Epoch [18/100] Metrics: Sensitivity: 0.6497, Specificity: 1.0000, Accuracy: 0.9959, MCC: 0.8044, AUC ROC: 0.9368
2025-04-09 13:52:17,681 - INFO - Epoch [18] - Best model updated (Validation Loss: 2.0237)
2025-04-09 13:52:25,794 - INFO - Epoch [19/100] - Training Loss: 1.9215 - Learning Rate: 0.001000
2025-04-09 13:52:26,097 - INFO - Epoch [19/100] - Validation Loss: 2.0438
2025-04-09 13:52:26,147 - INFO - Epoch [19/100] Metrics: Sensitivity: 0.6146, Specificity: 1.0000, Accuracy: 0.9955, MCC: 0.7822, AUC ROC: 0.9499
2025-04-09 13:52:34,269 - INFO - Epoch [20/100] - Training Loss: 1.9214 - Learning Rate: 0.001000
2025-04-09 13:52:34,575 - INFO - Epoch [20/100] - Validation Loss: 2.0283
2025-04-09 13:52:34,625 - INFO - Epoch [20/100] Metrics: Sensitivity: 0.6369, Specificity: 1.0000, Accuracy: 0.9958, MCC: 0.7964, AUC ROC: 0.8756
2025-04-09 13:52:42,750 - INFO - Epoch [21/100] - Training Loss: 1.9220 - Learning Rate: 0.001000
2025-04-09 13:52:43,053 - INFO - Epoch [21/100] - Validation Loss: 2.0500
2025-04-09 13:52:43,105 - INFO - Epoch [21/100] Metrics: Sensitivity: 0.5669, Specificity: 1.0000, Accuracy: 0.9950, MCC: 0.7510, AUC ROC: 0.9499
2025-04-09 13:52:51,223 - INFO - Epoch [22/100] - Training Loss: 1.9197 - Learning Rate: 0.001000
2025-04-09 13:52:51,525 - INFO - Epoch [22/100] - Validation Loss: 2.0389
2025-04-09 13:52:51,575 - INFO - Epoch [22/100] Metrics: Sensitivity: 0.6178, Specificity: 1.0000, Accuracy: 0.9956, MCC: 0.7843, AUC ROC: 0.9162
2025-04-09 13:52:59,682 - INFO - Epoch [23/100] - Training Loss: 1.9204 - Learning Rate: 0.001000
2025-04-09 13:52:59,984 - INFO - Epoch [23/100] - Validation Loss: 2.0448
2025-04-09 13:53:00,033 - INFO - Epoch [23/100] Metrics: Sensitivity: 0.4490, Specificity: 1.0000, Accuracy: 0.9936, MCC: 0.6679, AUC ROC: 0.8833
2025-04-09 13:53:08,174 - INFO - Epoch [24/100] - Training Loss: 1.9195 - Learning Rate: 0.001000
2025-04-09 13:53:08,474 - INFO - Epoch [24/100] - Validation Loss: 2.0361
2025-04-09 13:53:08,524 - INFO - Epoch [24/100] Metrics: Sensitivity: 0.5955, Specificity: 0.9999, Accuracy: 0.9951, MCC: 0.7616, AUC ROC: 0.9482
2025-04-09 13:53:16,665 - INFO - Epoch [25/100] - Training Loss: 1.9188 - Learning Rate: 0.001000
2025-04-09 13:53:17,015 - INFO - Epoch [25/100] - Validation Loss: 2.0389
2025-04-09 13:53:17,065 - INFO - Epoch [25/100] Metrics: Sensitivity: 0.6401, Specificity: 1.0000, Accuracy: 0.9958, MCC: 0.7984, AUC ROC: 0.9452
2025-04-09 13:53:25,123 - INFO - Epoch [26/100] - Training Loss: 1.9193 - Learning Rate: 0.001000
2025-04-09 13:53:25,440 - INFO - Epoch [26/100] - Validation Loss: 2.0423
2025-04-09 13:53:25,490 - INFO - Epoch [26/100] Metrics: Sensitivity: 0.6242, Specificity: 1.0000, Accuracy: 0.9956, MCC: 0.7883, AUC ROC: 0.9487
2025-04-09 13:53:33,676 - INFO - Epoch [27/100] - Training Loss: 1.9192 - Learning Rate: 0.001000
2025-04-09 13:53:34,001 - INFO - Epoch [27/100] - Validation Loss: 2.0331
2025-04-09 13:53:34,051 - INFO - Epoch [27/100] Metrics: Sensitivity: 0.6401, Specificity: 1.0000, Accuracy: 0.9958, MCC: 0.7984, AUC ROC: 0.9592
2025-04-09 13:53:42,334 - INFO - Epoch [28/100] - Training Loss: 1.9202 - Learning Rate: 0.001000
2025-04-09 13:53:42,706 - INFO - Epoch [28/100] - Validation Loss: 2.0340
2025-04-09 13:53:42,756 - INFO - Epoch [28/100] Metrics: Sensitivity: 0.6720, Specificity: 1.0000, Accuracy: 0.9962, MCC: 0.8182, AUC ROC: 0.9538
2025-04-09 13:53:50,757 - INFO - Epoch [29/100] - Training Loss: 1.9200 - Learning Rate: 0.001000
2025-04-09 13:53:51,071 - INFO - Epoch [29/100] - Validation Loss: 2.0420
2025-04-09 13:53:51,121 - INFO - Epoch [29/100] Metrics: Sensitivity: 0.6306, Specificity: 1.0000, Accuracy: 0.9957, MCC: 0.7924, AUC ROC: 0.9695
2025-04-09 13:53:59,314 - INFO - Epoch [30/100] - Training Loss: 1.9181 - Learning Rate: 0.001000
2025-04-09 13:53:59,611 - INFO - Epoch [30/100] - Validation Loss: 2.0365
2025-04-09 13:53:59,662 - INFO - Epoch [30/100] Metrics: Sensitivity: 0.6433, Specificity: 1.0000, Accuracy: 0.9959, MCC: 0.8004, AUC ROC: 0.9537
2025-04-09 13:54:07,735 - INFO - Epoch [31/100] - Training Loss: 1.9187 - Learning Rate: 0.001000
2025-04-09 13:54:08,092 - INFO - Epoch [31/100] - Validation Loss: 2.0410
2025-04-09 13:54:08,141 - INFO - Epoch [31/100] Metrics: Sensitivity: 0.6688, Specificity: 1.0000, Accuracy: 0.9961, MCC: 0.8162, AUC ROC: 0.9712
2025-04-09 13:54:16,095 - INFO - Epoch [32/100] - Training Loss: 1.9191 - Learning Rate: 0.001000
2025-04-09 13:54:16,403 - INFO - Epoch [32/100] - Validation Loss: 2.0399
2025-04-09 13:54:16,453 - INFO - Epoch [32/100] Metrics: Sensitivity: 0.6656, Specificity: 1.0000, Accuracy: 0.9961, MCC: 0.8142, AUC ROC: 0.9637
2025-04-09 13:54:24,430 - INFO - Epoch [33/100] - Training Loss: 1.9171 - Learning Rate: 0.001000
2025-04-09 13:54:24,735 - INFO - Epoch [33/100] - Validation Loss: 2.0328
2025-04-09 13:54:24,785 - INFO - Epoch [33/100] Metrics: Sensitivity: 0.6465, Specificity: 1.0000, Accuracy: 0.9959, MCC: 0.8024, AUC ROC: 0.9621
2025-04-09 13:54:32,822 - INFO - Epoch [34/100] - Training Loss: 1.9175 - Learning Rate: 0.001000
2025-04-09 13:54:33,122 - INFO - Epoch [34/100] - Validation Loss: 2.0299
2025-04-09 13:54:33,171 - INFO - Epoch [34/100] Metrics: Sensitivity: 0.6369, Specificity: 1.0000, Accuracy: 0.9958, MCC: 0.7964, AUC ROC: 0.9402
2025-04-09 13:54:41,230 - INFO - Epoch [35/100] - Training Loss: 1.9173 - Learning Rate: 0.001000
2025-04-09 13:54:41,533 - INFO - Epoch [35/100] - Validation Loss: 2.0363
2025-04-09 13:54:41,583 - INFO - Epoch [35/100] Metrics: Sensitivity: 0.6369, Specificity: 1.0000, Accuracy: 0.9958, MCC: 0.7964, AUC ROC: 0.9164
2025-04-09 13:54:49,536 - INFO - Epoch [36/100] - Training Loss: 1.9181 - Learning Rate: 0.001000
2025-04-09 13:54:49,834 - INFO - Epoch [36/100] - Validation Loss: 2.0302
2025-04-09 13:54:49,884 - INFO - Epoch [36/100] Metrics: Sensitivity: 0.6783, Specificity: 1.0000, Accuracy: 0.9963, MCC: 0.8221, AUC ROC: 0.9679
2025-04-09 13:54:57,998 - INFO - Epoch [37/100] - Training Loss: 1.9181 - Learning Rate: 0.001000
2025-04-09 13:54:58,306 - INFO - Epoch [37/100] - Validation Loss: 2.0432
2025-04-09 13:54:58,355 - INFO - Epoch [37/100] Metrics: Sensitivity: 0.6752, Specificity: 1.0000, Accuracy: 0.9962, MCC: 0.8201, AUC ROC: 0.9700
2025-04-09 13:55:06,381 - INFO - Epoch [38/100] - Training Loss: 1.9179 - Learning Rate: 0.001000
2025-04-09 13:55:06,687 - INFO - Epoch [38/100] - Validation Loss: 2.0423
2025-04-09 13:55:06,737 - INFO - Epoch [38/100] Metrics: Sensitivity: 0.6497, Specificity: 1.0000, Accuracy: 0.9959, MCC: 0.8044, AUC ROC: 0.9551
2025-04-09 13:55:14,803 - INFO - Epoch [39/100] - Training Loss: 1.9170 - Learning Rate: 0.001000
2025-04-09 13:55:15,127 - INFO - Epoch [39/100] - Validation Loss: 2.0350
2025-04-09 13:55:15,177 - INFO - Epoch [39/100] Metrics: Sensitivity: 0.6529, Specificity: 1.0000, Accuracy: 0.9960, MCC: 0.8064, AUC ROC: 0.9751
2025-04-09 13:55:23,298 - INFO - Epoch [40/100] - Training Loss: 1.9181 - Learning Rate: 0.001000
2025-04-09 13:55:23,604 - INFO - Epoch [40/100] - Validation Loss: 2.0334
2025-04-09 13:55:23,654 - INFO - Epoch [40/100] Metrics: Sensitivity: 0.7006, Specificity: 1.0000, Accuracy: 0.9965, MCC: 0.8356, AUC ROC: 0.9535
2025-04-09 13:55:31,675 - INFO - Epoch [41/100] - Training Loss: 1.9168 - Learning Rate: 0.001000
2025-04-09 13:55:31,982 - INFO - Epoch [41/100] - Validation Loss: 2.0339
2025-04-09 13:55:32,033 - INFO - Epoch [41/100] Metrics: Sensitivity: 0.6911, Specificity: 1.0000, Accuracy: 0.9964, MCC: 0.8298, AUC ROC: 0.9717
2025-04-09 13:55:40,047 - INFO - Epoch [42/100] - Training Loss: 1.9169 - Learning Rate: 0.001000
2025-04-09 13:55:40,351 - INFO - Epoch [42/100] - Validation Loss: 2.0460
2025-04-09 13:55:40,400 - INFO - Epoch [42/100] Metrics: Sensitivity: 0.6752, Specificity: 1.0000, Accuracy: 0.9962, MCC: 0.8201, AUC ROC: 0.9693
2025-04-09 13:55:48,502 - INFO - Epoch [43/100] - Training Loss: 1.9166 - Learning Rate: 0.001000
2025-04-09 13:55:48,804 - INFO - Epoch [43/100] - Validation Loss: 2.0339
2025-04-09 13:55:48,854 - INFO - Epoch [43/100] Metrics: Sensitivity: 0.6975, Specificity: 1.0000, Accuracy: 0.9965, MCC: 0.8337, AUC ROC: 0.9623
2025-04-09 13:55:56,919 - INFO - Epoch [44/100] - Training Loss: 1.9165 - Learning Rate: 0.001000
2025-04-09 13:55:57,217 - INFO - Epoch [44/100] - Validation Loss: 2.0391
2025-04-09 13:55:57,267 - INFO - Epoch [44/100] Metrics: Sensitivity: 0.6911, Specificity: 1.0000, Accuracy: 0.9964, MCC: 0.8298, AUC ROC: 0.9536
2025-04-09 13:56:05,319 - INFO - Epoch [45/100] - Training Loss: 1.9168 - Learning Rate: 0.001000
2025-04-09 13:56:05,686 - INFO - Epoch [45/100] - Validation Loss: 2.0359
2025-04-09 13:56:05,735 - INFO - Epoch [45/100] Metrics: Sensitivity: 0.7102, Specificity: 1.0000, Accuracy: 0.9966, MCC: 0.8413, AUC ROC: 0.9362
2025-04-09 13:56:13,682 - INFO - Epoch [46/100] - Training Loss: 1.9172 - Learning Rate: 0.001000
2025-04-09 13:56:13,982 - INFO - Epoch [46/100] - Validation Loss: 2.0374
2025-04-09 13:56:14,032 - INFO - Epoch [46/100] Metrics: Sensitivity: 0.7006, Specificity: 1.0000, Accuracy: 0.9965, MCC: 0.8356, AUC ROC: 0.9597
2025-04-09 13:56:22,037 - INFO - Epoch [47/100] - Training Loss: 1.9182 - Learning Rate: 0.001000
2025-04-09 13:56:22,343 - INFO - Epoch [47/100] - Validation Loss: 2.0424
2025-04-09 13:56:22,393 - INFO - Epoch [47/100] Metrics: Sensitivity: 0.7102, Specificity: 1.0000, Accuracy: 0.9966, MCC: 0.8413, AUC ROC: 0.9273
2025-04-09 13:56:30,352 - INFO - Epoch [48/100] - Training Loss: 1.9168 - Learning Rate: 0.001000
2025-04-09 13:56:30,713 - INFO - Epoch [48/100] - Validation Loss: 2.0338
2025-04-09 13:56:30,763 - INFO - Epoch [48/100] Metrics: Sensitivity: 0.6783, Specificity: 1.0000, Accuracy: 0.9963, MCC: 0.8221, AUC ROC: 0.9521
2025-04-09 13:56:38,830 - INFO - Epoch [49/100] - Training Loss: 1.9156 - Learning Rate: 0.001000
2025-04-09 13:56:39,138 - INFO - Epoch [49/100] - Validation Loss: 2.0334
2025-04-09 13:56:39,187 - INFO - Epoch [49/100] Metrics: Sensitivity: 0.6911, Specificity: 1.0000, Accuracy: 0.9964, MCC: 0.8298, AUC ROC: 0.9512
2025-04-09 13:56:47,169 - INFO - Epoch [50/100] - Training Loss: 1.9173 - Learning Rate: 0.000100
2025-04-09 13:56:47,473 - INFO - Epoch [50/100] - Validation Loss: 2.0369
2025-04-09 13:56:47,522 - INFO - Epoch [50/100] Metrics: Sensitivity: 0.7070, Specificity: 1.0000, Accuracy: 0.9966, MCC: 0.8394, AUC ROC: 0.9489
2025-04-09 13:56:55,548 - INFO - Epoch [51/100] - Training Loss: 1.9101 - Learning Rate: 0.000100
2025-04-09 13:56:55,932 - INFO - Epoch [51/100] - Validation Loss: 2.0248
2025-04-09 13:56:55,982 - INFO - Epoch [51/100] Metrics: Sensitivity: 0.7070, Specificity: 1.0000, Accuracy: 0.9966, MCC: 0.8394, AUC ROC: 0.9492
2025-04-09 13:57:04,039 - INFO - Epoch [52/100] - Training Loss: 1.9074 - Learning Rate: 0.000100
2025-04-09 13:57:04,345 - INFO - Epoch [52/100] - Validation Loss: 2.0273
2025-04-09 13:57:04,394 - INFO - Epoch [52/100] Metrics: Sensitivity: 0.6975, Specificity: 1.0000, Accuracy: 0.9965, MCC: 0.8337, AUC ROC: 0.9450
2025-04-09 13:57:12,359 - INFO - Epoch [53/100] - Training Loss: 1.9073 - Learning Rate: 0.000100
2025-04-09 13:57:12,662 - INFO - Epoch [53/100] - Validation Loss: 2.0260
2025-04-09 13:57:12,712 - INFO - Epoch [53/100] Metrics: Sensitivity: 0.7006, Specificity: 1.0000, Accuracy: 0.9965, MCC: 0.8356, AUC ROC: 0.9461
2025-04-09 13:57:20,780 - INFO - Epoch [54/100] - Training Loss: 1.9067 - Learning Rate: 0.000100
2025-04-09 13:57:21,140 - INFO - Epoch [54/100] - Validation Loss: 2.0255
2025-04-09 13:57:21,189 - INFO - Epoch [54/100] Metrics: Sensitivity: 0.6975, Specificity: 1.0000, Accuracy: 0.9965, MCC: 0.8337, AUC ROC: 0.9487
2025-04-09 13:57:29,172 - INFO - Epoch [55/100] - Training Loss: 1.9061 - Learning Rate: 0.000100
2025-04-09 13:57:29,487 - INFO - Epoch [55/100] - Validation Loss: 2.0233
2025-04-09 13:57:29,537 - INFO - Epoch [55/100] Metrics: Sensitivity: 0.6975, Specificity: 1.0000, Accuracy: 0.9965, MCC: 0.8337, AUC ROC: 0.9472
2025-04-09 13:57:29,538 - INFO - Epoch [55] - Best model updated (Validation Loss: 2.0233)
2025-04-09 13:57:37,638 - INFO - Epoch [56/100] - Training Loss: 1.9049 - Learning Rate: 0.000100
2025-04-09 13:57:37,945 - INFO - Epoch [56/100] - Validation Loss: 2.0247
2025-04-09 13:57:37,995 - INFO - Epoch [56/100] Metrics: Sensitivity: 0.6975, Specificity: 1.0000, Accuracy: 0.9965, MCC: 0.8337, AUC ROC: 0.9516
2025-04-09 13:57:46,029 - INFO - Epoch [57/100] - Training Loss: 1.9053 - Learning Rate: 0.000100
2025-04-09 13:57:46,340 - INFO - Epoch [57/100] - Validation Loss: 2.0240
2025-04-09 13:57:46,390 - INFO - Epoch [57/100] Metrics: Sensitivity: 0.6975, Specificity: 1.0000, Accuracy: 0.9965, MCC: 0.8337, AUC ROC: 0.9499
2025-04-09 13:57:54,469 - INFO - Epoch [58/100] - Training Loss: 1.9050 - Learning Rate: 0.000100
2025-04-09 13:57:54,768 - INFO - Epoch [58/100] - Validation Loss: 2.0208
2025-04-09 13:57:54,818 - INFO - Epoch [58/100] Metrics: Sensitivity: 0.7038, Specificity: 1.0000, Accuracy: 0.9966, MCC: 0.8375, AUC ROC: 0.9522
2025-04-09 13:57:54,819 - INFO - Epoch [58] - Best model updated (Validation Loss: 2.0208)
2025-04-09 13:58:02,875 - INFO - Epoch [59/100] - Training Loss: 1.9035 - Learning Rate: 0.000100
2025-04-09 13:58:03,184 - INFO - Epoch [59/100] - Validation Loss: 2.0231
2025-04-09 13:58:03,234 - INFO - Epoch [59/100] Metrics: Sensitivity: 0.6783, Specificity: 1.0000, Accuracy: 0.9963, MCC: 0.8221, AUC ROC: 0.9441
2025-04-09 13:58:11,254 - INFO - Epoch [60/100] - Training Loss: 1.9046 - Learning Rate: 0.000100
2025-04-09 13:58:11,552 - INFO - Epoch [60/100] - Validation Loss: 2.0251
2025-04-09 13:58:11,602 - INFO - Epoch [60/100] Metrics: Sensitivity: 0.7006, Specificity: 1.0000, Accuracy: 0.9965, MCC: 0.8356, AUC ROC: 0.9435
2025-04-09 13:58:19,677 - INFO - Epoch [61/100] - Training Loss: 1.9039 - Learning Rate: 0.000100
2025-04-09 13:58:19,981 - INFO - Epoch [61/100] - Validation Loss: 2.0192
2025-04-09 13:58:20,034 - INFO - Epoch [61/100] Metrics: Sensitivity: 0.6943, Specificity: 1.0000, Accuracy: 0.9964, MCC: 0.8317, AUC ROC: 0.9503
2025-04-09 13:58:20,035 - INFO - Epoch [61] - Best model updated (Validation Loss: 2.0192)
2025-04-09 13:58:28,063 - INFO - Epoch [62/100] - Training Loss: 1.9039 - Learning Rate: 0.000100
2025-04-09 13:58:28,368 - INFO - Epoch [62/100] - Validation Loss: 2.0250
2025-04-09 13:58:28,418 - INFO - Epoch [62/100] Metrics: Sensitivity: 0.6879, Specificity: 1.0000, Accuracy: 0.9964, MCC: 0.8279, AUC ROC: 0.9505
2025-04-09 13:58:36,513 - INFO - Epoch [63/100] - Training Loss: 1.9037 - Learning Rate: 0.000100
2025-04-09 13:58:36,814 - INFO - Epoch [63/100] - Validation Loss: 2.0214
2025-04-09 13:58:36,864 - INFO - Epoch [63/100] Metrics: Sensitivity: 0.7038, Specificity: 1.0000, Accuracy: 0.9966, MCC: 0.8375, AUC ROC: 0.9459
2025-04-09 13:58:44,864 - INFO - Epoch [64/100] - Training Loss: 1.9024 - Learning Rate: 0.000100
2025-04-09 13:58:45,171 - INFO - Epoch [64/100] - Validation Loss: 2.0265
2025-04-09 13:58:45,221 - INFO - Epoch [64/100] Metrics: Sensitivity: 0.7102, Specificity: 1.0000, Accuracy: 0.9966, MCC: 0.8413, AUC ROC: 0.9420
2025-04-09 13:58:53,258 - INFO - Epoch [65/100] - Training Loss: 1.9033 - Learning Rate: 0.000100
2025-04-09 13:58:53,564 - INFO - Epoch [65/100] - Validation Loss: 2.0201
2025-04-09 13:58:53,613 - INFO - Epoch [65/100] Metrics: Sensitivity: 0.7070, Specificity: 1.0000, Accuracy: 0.9966, MCC: 0.8394, AUC ROC: 0.9493
2025-04-09 13:59:01,765 - INFO - Epoch [66/100] - Training Loss: 1.9038 - Learning Rate: 0.000100
2025-04-09 13:59:02,072 - INFO - Epoch [66/100] - Validation Loss: 2.0263
2025-04-09 13:59:02,122 - INFO - Epoch [66/100] Metrics: Sensitivity: 0.7006, Specificity: 1.0000, Accuracy: 0.9965, MCC: 0.8356, AUC ROC: 0.9464
2025-04-09 13:59:10,164 - INFO - Epoch [67/100] - Training Loss: 1.9037 - Learning Rate: 0.000100
2025-04-09 13:59:10,461 - INFO - Epoch [67/100] - Validation Loss: 2.0256
2025-04-09 13:59:10,511 - INFO - Epoch [67/100] Metrics: Sensitivity: 0.7006, Specificity: 1.0000, Accuracy: 0.9965, MCC: 0.8356, AUC ROC: 0.9484
2025-04-09 13:59:18,572 - INFO - Epoch [68/100] - Training Loss: 1.9042 - Learning Rate: 0.000100
2025-04-09 13:59:18,927 - INFO - Epoch [68/100] - Validation Loss: 2.0276
2025-04-09 13:59:18,977 - INFO - Epoch [68/100] Metrics: Sensitivity: 0.7006, Specificity: 1.0000, Accuracy: 0.9965, MCC: 0.8356, AUC ROC: 0.9538
2025-04-09 13:59:26,949 - INFO - Epoch [69/100] - Training Loss: 1.9037 - Learning Rate: 0.000100
2025-04-09 13:59:27,253 - INFO - Epoch [69/100] - Validation Loss: 2.0275
2025-04-09 13:59:27,303 - INFO - Epoch [69/100] Metrics: Sensitivity: 0.7006, Specificity: 1.0000, Accuracy: 0.9965, MCC: 0.8356, AUC ROC: 0.9501
2025-04-09 13:59:35,375 - INFO - Epoch [70/100] - Training Loss: 1.9031 - Learning Rate: 0.000100
2025-04-09 13:59:35,679 - INFO - Epoch [70/100] - Validation Loss: 2.0226
2025-04-09 13:59:35,729 - INFO - Epoch [70/100] Metrics: Sensitivity: 0.6975, Specificity: 1.0000, Accuracy: 0.9965, MCC: 0.8337, AUC ROC: 0.9398
2025-04-09 13:59:43,743 - INFO - Epoch [71/100] - Training Loss: 1.9023 - Learning Rate: 0.000100
2025-04-09 13:59:44,099 - INFO - Epoch [71/100] - Validation Loss: 2.0239
2025-04-09 13:59:44,152 - INFO - Epoch [71/100] Metrics: Sensitivity: 0.7070, Specificity: 1.0000, Accuracy: 0.9966, MCC: 0.8394, AUC ROC: 0.9450
2025-04-09 13:59:52,324 - INFO - Epoch [72/100] - Training Loss: 1.9020 - Learning Rate: 0.000100
2025-04-09 13:59:52,641 - INFO - Epoch [72/100] - Validation Loss: 2.0258
2025-04-09 13:59:52,691 - INFO - Epoch [72/100] Metrics: Sensitivity: 0.7038, Specificity: 1.0000, Accuracy: 0.9966, MCC: 0.8375, AUC ROC: 0.9425
2025-04-09 14:00:00,664 - INFO - Epoch [73/100] - Training Loss: 1.9033 - Learning Rate: 0.000100
2025-04-09 14:00:00,978 - INFO - Epoch [73/100] - Validation Loss: 2.0244
2025-04-09 14:00:01,028 - INFO - Epoch [73/100] Metrics: Sensitivity: 0.7006, Specificity: 1.0000, Accuracy: 0.9965, MCC: 0.8356, AUC ROC: 0.9263
2025-04-09 14:00:10,103 - INFO - Epoch [74/100] - Training Loss: 1.9030 - Learning Rate: 0.000100
2025-04-09 14:00:10,583 - INFO - Epoch [74/100] - Validation Loss: 2.0277
2025-04-09 14:00:10,633 - INFO - Epoch [74/100] Metrics: Sensitivity: 0.7070, Specificity: 1.0000, Accuracy: 0.9966, MCC: 0.8394, AUC ROC: 0.9289
2025-04-09 14:00:19,160 - INFO - Epoch [75/100] - Training Loss: 1.9022 - Learning Rate: 0.000100
2025-04-09 14:00:19,544 - INFO - Epoch [75/100] - Validation Loss: 2.0254
2025-04-09 14:00:19,601 - INFO - Epoch [75/100] Metrics: Sensitivity: 0.7070, Specificity: 1.0000, Accuracy: 0.9966, MCC: 0.8394, AUC ROC: 0.9418
2025-04-09 14:00:28,274 - INFO - Epoch [76/100] - Training Loss: 1.9036 - Learning Rate: 0.000100
2025-04-09 14:00:28,592 - INFO - Epoch [76/100] - Validation Loss: 2.0209
2025-04-09 14:00:28,642 - INFO - Epoch [76/100] Metrics: Sensitivity: 0.7006, Specificity: 1.0000, Accuracy: 0.9965, MCC: 0.8356, AUC ROC: 0.9362
2025-04-09 14:00:36,927 - INFO - Epoch [77/100] - Training Loss: 1.9015 - Learning Rate: 0.000100
2025-04-09 14:00:37,242 - INFO - Epoch [77/100] - Validation Loss: 2.0206
2025-04-09 14:00:37,291 - INFO - Epoch [77/100] Metrics: Sensitivity: 0.7102, Specificity: 1.0000, Accuracy: 0.9966, MCC: 0.8413, AUC ROC: 0.9242
2025-04-09 14:00:45,354 - INFO - Epoch [78/100] - Training Loss: 1.9025 - Learning Rate: 0.000100
2025-04-09 14:00:45,692 - INFO - Epoch [78/100] - Validation Loss: 2.0192
2025-04-09 14:00:45,742 - INFO - Epoch [78/100] Metrics: Sensitivity: 0.7038, Specificity: 1.0000, Accuracy: 0.9966, MCC: 0.8375, AUC ROC: 0.9087
2025-04-09 14:00:45,743 - INFO - Epoch [78] - Best model updated (Validation Loss: 2.0192)
2025-04-09 14:00:53,775 - INFO - Epoch [79/100] - Training Loss: 1.9022 - Learning Rate: 0.000100
2025-04-09 14:00:54,103 - INFO - Epoch [79/100] - Validation Loss: 2.0213
2025-04-09 14:00:54,153 - INFO - Epoch [79/100] Metrics: Sensitivity: 0.7102, Specificity: 1.0000, Accuracy: 0.9966, MCC: 0.8413, AUC ROC: 0.9130
2025-04-09 14:01:02,148 - INFO - Epoch [80/100] - Training Loss: 1.9028 - Learning Rate: 0.000100
2025-04-09 14:01:02,435 - INFO - Epoch [80/100] - Validation Loss: 2.0227
2025-04-09 14:01:02,485 - INFO - Epoch [80/100] Metrics: Sensitivity: 0.7102, Specificity: 1.0000, Accuracy: 0.9966, MCC: 0.8413, AUC ROC: 0.9313
2025-04-09 14:01:10,157 - INFO - Epoch [81/100] - Training Loss: 1.9020 - Learning Rate: 0.000100
2025-04-09 14:01:10,485 - INFO - Epoch [81/100] - Validation Loss: 2.0192
2025-04-09 14:01:10,535 - INFO - Epoch [81/100] Metrics: Sensitivity: 0.7102, Specificity: 1.0000, Accuracy: 0.9966, MCC: 0.8413, AUC ROC: 0.9436
2025-04-09 14:01:10,536 - INFO - Epoch [81] - Best model updated (Validation Loss: 2.0192)
2025-04-09 14:01:18,974 - INFO - Epoch [82/100] - Training Loss: 1.9024 - Learning Rate: 0.000100
2025-04-09 14:01:19,267 - INFO - Epoch [82/100] - Validation Loss: 2.0221
2025-04-09 14:01:19,316 - INFO - Epoch [82/100] Metrics: Sensitivity: 0.7038, Specificity: 1.0000, Accuracy: 0.9966, MCC: 0.8375, AUC ROC: 0.9357
2025-04-09 14:01:26,923 - INFO - Epoch [83/100] - Training Loss: 1.9026 - Learning Rate: 0.000100
2025-04-09 14:01:27,223 - INFO - Epoch [83/100] - Validation Loss: 2.0201
2025-04-09 14:01:27,273 - INFO - Epoch [83/100] Metrics: Sensitivity: 0.7102, Specificity: 1.0000, Accuracy: 0.9966, MCC: 0.8413, AUC ROC: 0.9524
2025-04-09 14:01:34,840 - INFO - Epoch [84/100] - Training Loss: 1.9024 - Learning Rate: 0.000100
2025-04-09 14:01:35,149 - INFO - Epoch [84/100] - Validation Loss: 2.0204
2025-04-09 14:01:35,199 - INFO - Epoch [84/100] Metrics: Sensitivity: 0.7102, Specificity: 1.0000, Accuracy: 0.9966, MCC: 0.8413, AUC ROC: 0.9535
2025-04-09 14:01:42,983 - INFO - Epoch [85/100] - Training Loss: 1.9021 - Learning Rate: 0.000100
2025-04-09 14:01:43,295 - INFO - Epoch [85/100] - Validation Loss: 2.0220
2025-04-09 14:01:43,344 - INFO - Epoch [85/100] Metrics: Sensitivity: 0.7102, Specificity: 1.0000, Accuracy: 0.9966, MCC: 0.8413, AUC ROC: 0.9433
2025-04-09 14:01:51,469 - INFO - Epoch [86/100] - Training Loss: 1.9021 - Learning Rate: 0.000100
2025-04-09 14:01:51,800 - INFO - Epoch [86/100] - Validation Loss: 2.0215
2025-04-09 14:01:51,850 - INFO - Epoch [86/100] Metrics: Sensitivity: 0.7038, Specificity: 1.0000, Accuracy: 0.9966, MCC: 0.8375, AUC ROC: 0.9296
2025-04-09 14:01:59,748 - INFO - Epoch [87/100] - Training Loss: 1.9021 - Learning Rate: 0.000100
2025-04-09 14:02:00,062 - INFO - Epoch [87/100] - Validation Loss: 2.0190
2025-04-09 14:02:00,112 - INFO - Epoch [87/100] Metrics: Sensitivity: 0.7102, Specificity: 1.0000, Accuracy: 0.9966, MCC: 0.8413, AUC ROC: 0.9343
2025-04-09 14:02:00,113 - INFO - Epoch [87] - Best model updated (Validation Loss: 2.0190)
2025-04-09 14:02:07,747 - INFO - Epoch [88/100] - Training Loss: 1.9013 - Learning Rate: 0.000100
2025-04-09 14:02:08,098 - INFO - Epoch [88/100] - Validation Loss: 2.0218
2025-04-09 14:02:08,148 - INFO - Epoch [88/100] Metrics: Sensitivity: 0.7102, Specificity: 1.0000, Accuracy: 0.9966, MCC: 0.8413, AUC ROC: 0.9316
2025-04-09 14:02:15,712 - INFO - Epoch [89/100] - Training Loss: 1.9007 - Learning Rate: 0.000100
2025-04-09 14:02:16,013 - INFO - Epoch [89/100] - Validation Loss: 2.0244
2025-04-09 14:02:16,063 - INFO - Epoch [89/100] Metrics: Sensitivity: 0.7102, Specificity: 1.0000, Accuracy: 0.9966, MCC: 0.8413, AUC ROC: 0.9462
2025-04-09 14:02:24,047 - INFO - Epoch [90/100] - Training Loss: 1.9013 - Learning Rate: 0.000100
2025-04-09 14:02:24,361 - INFO - Epoch [90/100] - Validation Loss: 2.0166
2025-04-09 14:02:24,410 - INFO - Epoch [90/100] Metrics: Sensitivity: 0.7038, Specificity: 1.0000, Accuracy: 0.9966, MCC: 0.8375, AUC ROC: 0.9442
2025-04-09 14:02:24,411 - INFO - Epoch [90] - Best model updated (Validation Loss: 2.0166)
2025-04-09 14:02:32,155 - INFO - Epoch [91/100] - Training Loss: 1.9013 - Learning Rate: 0.000100
2025-04-09 14:02:32,528 - INFO - Epoch [91/100] - Validation Loss: 2.0200
2025-04-09 14:02:32,578 - INFO - Epoch [91/100] Metrics: Sensitivity: 0.7102, Specificity: 1.0000, Accuracy: 0.9966, MCC: 0.8413, AUC ROC: 0.9494
2025-04-09 14:02:40,820 - INFO - Epoch [92/100] - Training Loss: 1.9006 - Learning Rate: 0.000100
2025-04-09 14:02:41,239 - INFO - Epoch [92/100] - Validation Loss: 2.0181
2025-04-09 14:02:41,290 - INFO - Epoch [92/100] Metrics: Sensitivity: 0.7102, Specificity: 1.0000, Accuracy: 0.9966, MCC: 0.8413, AUC ROC: 0.9538
2025-04-09 14:02:48,922 - INFO - Epoch [93/100] - Training Loss: 1.9005 - Learning Rate: 0.000100
2025-04-09 14:02:49,217 - INFO - Epoch [93/100] - Validation Loss: 2.0257
2025-04-09 14:02:49,267 - INFO - Epoch [93/100] Metrics: Sensitivity: 0.7006, Specificity: 1.0000, Accuracy: 0.9965, MCC: 0.8356, AUC ROC: 0.9531
2025-04-09 14:02:57,092 - INFO - Epoch [94/100] - Training Loss: 1.9015 - Learning Rate: 0.000100
2025-04-09 14:02:57,473 - INFO - Epoch [94/100] - Validation Loss: 2.0215
2025-04-09 14:02:57,523 - INFO - Epoch [94/100] Metrics: Sensitivity: 0.7102, Specificity: 1.0000, Accuracy: 0.9966, MCC: 0.8413, AUC ROC: 0.9397
2025-04-09 14:03:05,700 - INFO - Epoch [95/100] - Training Loss: 1.9007 - Learning Rate: 0.000100
2025-04-09 14:03:06,013 - INFO - Epoch [95/100] - Validation Loss: 2.0265
2025-04-09 14:03:06,063 - INFO - Epoch [95/100] Metrics: Sensitivity: 0.7038, Specificity: 1.0000, Accuracy: 0.9966, MCC: 0.8375, AUC ROC: 0.9306
2025-04-09 14:03:15,227 - INFO - Epoch [96/100] - Training Loss: 1.9010 - Learning Rate: 0.000100
2025-04-09 14:03:15,544 - INFO - Epoch [96/100] - Validation Loss: 2.0222
2025-04-09 14:03:15,595 - INFO - Epoch [96/100] Metrics: Sensitivity: 0.7038, Specificity: 1.0000, Accuracy: 0.9966, MCC: 0.8375, AUC ROC: 0.9433
2025-04-09 14:03:23,960 - INFO - Epoch [97/100] - Training Loss: 1.9015 - Learning Rate: 0.000100
2025-04-09 14:03:24,320 - INFO - Epoch [97/100] - Validation Loss: 2.0184
2025-04-09 14:03:24,370 - INFO - Epoch [97/100] Metrics: Sensitivity: 0.7134, Specificity: 1.0000, Accuracy: 0.9967, MCC: 0.8432, AUC ROC: 0.9573
2025-04-09 14:03:32,444 - INFO - Epoch [98/100] - Training Loss: 1.9009 - Learning Rate: 0.000100
2025-04-09 14:03:32,748 - INFO - Epoch [98/100] - Validation Loss: 2.0247
2025-04-09 14:03:32,797 - INFO - Epoch [98/100] Metrics: Sensitivity: 0.7102, Specificity: 1.0000, Accuracy: 0.9966, MCC: 0.8413, AUC ROC: 0.9329
2025-04-09 14:03:40,923 - INFO - Epoch [99/100] - Training Loss: 1.9001 - Learning Rate: 0.000100
2025-04-09 14:03:41,234 - INFO - Epoch [99/100] - Validation Loss: 2.0198
2025-04-09 14:03:41,284 - INFO - Epoch [99/100] Metrics: Sensitivity: 0.7102, Specificity: 1.0000, Accuracy: 0.9966, MCC: 0.8413, AUC ROC: 0.9382
2025-04-09 14:03:50,078 - INFO - Epoch [100/100] - Training Loss: 1.9006 - Learning Rate: 0.000010
2025-04-09 14:03:50,418 - INFO - Epoch [100/100] - Validation Loss: 2.0178
2025-04-09 14:03:50,468 - INFO - Epoch [100/100] Metrics: Sensitivity: 0.7134, Specificity: 1.0000, Accuracy: 0.9967, MCC: 0.8432, AUC ROC: 0.9390
2025-04-09 14:03:50,473 - INFO - Best model loaded from models/best_multi_task_classifier_Baseline_log_weightednormalizedoverbatch_class1_20.pth
2025-04-09 14:03:50,475 - INFO - Training and Validation loss history saved to models/loss_history/train_val_loss_history_Baseline_log_weightednormalizedoverbatch_class1_20.csv
2025-04-09 14:03:50,826 - INFO - Feature: Frequency_mHz, Average Saliency: 0.0000, Parameters Impact: 21.1913, Parameters Std: 58.7123
2025-04-09 14:03:50,826 - INFO - Feature: Amplitude_log10, Average Saliency: 0.0000, Parameters Impact: 143.0568, Parameters Std: 433.3135
2025-04-09 14:03:50,826 - INFO - Feature: FrequencyDerivative_log10, Average Saliency: 0.0000, Parameters Impact: 939.8083, Parameters Std: 2877.5332
2025-04-09 14:03:50,826 - INFO - Feature: SNR, Average Saliency: 0.0000, Parameters Impact: 3.2022, Parameters Std: 9.4178
2025-04-09 14:03:50,826 - INFO - Feature: Eccentricity, Average Saliency: 0.0000, Parameters Impact: 1.0000, Parameters Std: 2.1368
2025-04-09 14:03:51,317 - INFO - Validation Metrics:
2025-04-09 14:03:51,318 - INFO - Accuracy: 0.9966
2025-04-09 14:03:51,318 - INFO - Precision: 1.0000
2025-04-09 14:03:51,318 - INFO - Recall (Sensitivity): 0.7038
2025-04-09 14:03:51,318 - INFO - Specificity: 1.0000
2025-04-09 14:03:51,318 - INFO - F1 Score: 0.8262
2025-04-09 14:03:51,318 - INFO - ROC AUC: 0.9442
2025-04-09 14:03:51,318 - INFO - Balanced Accuracy: 0.8519
2025-04-09 14:03:51,318 - INFO - Confusion Matrix:
[[26682     0]
 [   93   221]]
2025-04-09 14:04:02,773 - INFO - Corner plot for predicted classes saved to figures/Baseline_log_weightednormalizedoverbatch_class1_20/corner_plot_predicted.png
2025-04-09 14:04:13,531 - INFO - Corner plot for true classes saved to figures/Baseline_log_weightednormalizedoverbatch_class1_20/corner_plot_true.png
2025-04-09 14:04:14,546 - INFO - Corner plot for true class 1 (Prediction_Status) saved to figures/Baseline_log_weightednormalizedoverbatch_class1_20/corner_plot_class1_status.png
2025-04-09 14:04:24,945 - INFO - Evaluation completed successfully in main.py.
