2025-04-09 14:05:41,443 - INFO - Starting multi-task script in main.py.
2025-04-09 14:05:41,443 - INFO - Loaded configuration settings:
{'data_params': {'ecc_0_only': False,
                 'fim_folder_path': '/Users/irwin/Documents/GitHub/lisa-ml/data/fims/',
                 'frequency_range': 3,
                 'inference_batch_size': 128,
                 'n_samples_class0': 1,
                 'n_samples_class1': 100,
                 'resolved_folder_path': '/Users/irwin/Documents/GitHub/lisa-ml/data/resolved_binaries/',
                 'selected_features': ['Frequency_mHz',
                                       'Amplitude_log10',
                                       'FrequencyDerivative_log10',
                                       'SNR',
                                       'Eccentricity'],
                 'test_seed_val': 1,
                 'training_batch_size': 128,
                 'use_custom_weights': True,
                 'val_seed_val': 1},
 'evaluation_threshold': 0.5,
 'model': 'Multi_L',
 'name_of_run': 'Baseline_log_weightednormalizedoverbatch_class1_100_3mHz',
 'test': False,
 'training_params': {'focal_loss': {'alpha': 0.25, 'gamma': 2.0},
                     'lr': 0.001,
                     'num_epochs': 100}}
2025-04-09 14:06:15,265 - INFO - Data loaded. Input dimension: 5, Number of model classes: 11
2025-04-09 14:06:15,266 - INFO - Model defined: MultiTaskClassifier_L with input dimension 5 and 11 model classes.
2025-04-09 14:06:15,681 - INFO - Starting training for 100 epochs.
2025-04-09 14:06:18,878 - INFO - Epoch [1/100] - Training Loss: 1.9499 - Learning Rate: 0.001000
2025-04-09 14:06:19,002 - INFO - Epoch [1/100] - Validation Loss: 1.9760
2025-04-09 14:06:19,025 - INFO - Epoch [1/100] Metrics: Sensitivity: 0.0000, Specificity: 1.0000, Accuracy: 0.9949, MCC: 0.0000, AUC ROC: 0.9858
2025-04-09 14:06:19,027 - INFO - Epoch [1] - Best model updated (Validation Loss: 1.9760)
2025-04-09 14:06:21,844 - INFO - Epoch [2/100] - Training Loss: 1.8316 - Learning Rate: 0.001000
2025-04-09 14:06:21,971 - INFO - Epoch [2/100] - Validation Loss: 1.9633
2025-04-09 14:06:21,991 - INFO - Epoch [2/100] Metrics: Sensitivity: 0.0000, Specificity: 1.0000, Accuracy: 0.9949, MCC: 0.0000, AUC ROC: 0.9889
2025-04-09 14:06:21,993 - INFO - Epoch [2] - Best model updated (Validation Loss: 1.9633)
2025-04-09 14:06:24,832 - INFO - Epoch [3/100] - Training Loss: 1.8200 - Learning Rate: 0.001000
2025-04-09 14:06:24,944 - INFO - Epoch [3/100] - Validation Loss: 1.9655
2025-04-09 14:06:24,964 - INFO - Epoch [3/100] Metrics: Sensitivity: 0.0000, Specificity: 1.0000, Accuracy: 0.9949, MCC: 0.0000, AUC ROC: 0.9884
2025-04-09 14:06:27,658 - INFO - Epoch [4/100] - Training Loss: 1.8149 - Learning Rate: 0.001000
2025-04-09 14:06:27,779 - INFO - Epoch [4/100] - Validation Loss: 1.9792
2025-04-09 14:06:27,799 - INFO - Epoch [4/100] Metrics: Sensitivity: 0.0000, Specificity: 1.0000, Accuracy: 0.9949, MCC: 0.0000, AUC ROC: 0.9928
2025-04-09 14:06:30,591 - INFO - Epoch [5/100] - Training Loss: 1.8099 - Learning Rate: 0.001000
2025-04-09 14:06:30,705 - INFO - Epoch [5/100] - Validation Loss: 1.9602
2025-04-09 14:06:30,725 - INFO - Epoch [5/100] Metrics: Sensitivity: 0.9200, Specificity: 1.0000, Accuracy: 0.9996, MCC: 0.9590, AUC ROC: 0.9902
2025-04-09 14:06:30,727 - INFO - Epoch [5] - Best model updated (Validation Loss: 1.9602)
2025-04-09 14:06:33,294 - INFO - Epoch [6/100] - Training Loss: 1.8079 - Learning Rate: 0.001000
2025-04-09 14:06:33,404 - INFO - Epoch [6/100] - Validation Loss: 1.9599
2025-04-09 14:06:33,424 - INFO - Epoch [6/100] Metrics: Sensitivity: 0.9400, Specificity: 1.0000, Accuracy: 0.9997, MCC: 0.9694, AUC ROC: 0.9879
2025-04-09 14:06:33,425 - INFO - Epoch [6] - Best model updated (Validation Loss: 1.9599)
2025-04-09 14:06:35,997 - INFO - Epoch [7/100] - Training Loss: 1.8055 - Learning Rate: 0.001000
2025-04-09 14:06:36,110 - INFO - Epoch [7/100] - Validation Loss: 1.9738
2025-04-09 14:06:36,130 - INFO - Epoch [7/100] Metrics: Sensitivity: 0.9400, Specificity: 1.0000, Accuracy: 0.9997, MCC: 0.9694, AUC ROC: 0.9890
2025-04-09 14:06:38,620 - INFO - Epoch [8/100] - Training Loss: 1.8037 - Learning Rate: 0.001000
2025-04-09 14:06:38,735 - INFO - Epoch [8/100] - Validation Loss: 1.9677
2025-04-09 14:06:38,755 - INFO - Epoch [8/100] Metrics: Sensitivity: 0.9600, Specificity: 1.0000, Accuracy: 0.9998, MCC: 0.9797, AUC ROC: 0.9967
2025-04-09 14:06:41,384 - INFO - Epoch [9/100] - Training Loss: 1.8026 - Learning Rate: 0.001000
2025-04-09 14:06:41,499 - INFO - Epoch [9/100] - Validation Loss: 1.9687
2025-04-09 14:06:41,520 - INFO - Epoch [9/100] Metrics: Sensitivity: 0.9400, Specificity: 1.0000, Accuracy: 0.9997, MCC: 0.9694, AUC ROC: 0.9909
2025-04-09 14:06:44,171 - INFO - Epoch [10/100] - Training Loss: 1.8000 - Learning Rate: 0.001000
2025-04-09 14:06:44,282 - INFO - Epoch [10/100] - Validation Loss: 1.9812
2025-04-09 14:06:44,302 - INFO - Epoch [10/100] Metrics: Sensitivity: 0.9600, Specificity: 1.0000, Accuracy: 0.9998, MCC: 0.9797, AUC ROC: 0.9883
2025-04-09 14:06:46,845 - INFO - Epoch [11/100] - Training Loss: 1.7991 - Learning Rate: 0.001000
2025-04-09 14:06:46,958 - INFO - Epoch [11/100] - Validation Loss: 1.9595
2025-04-09 14:06:46,978 - INFO - Epoch [11/100] Metrics: Sensitivity: 0.9600, Specificity: 1.0000, Accuracy: 0.9998, MCC: 0.9797, AUC ROC: 0.9922
2025-04-09 14:06:46,980 - INFO - Epoch [11] - Best model updated (Validation Loss: 1.9595)
2025-04-09 14:06:49,633 - INFO - Epoch [12/100] - Training Loss: 1.7980 - Learning Rate: 0.001000
2025-04-09 14:06:49,743 - INFO - Epoch [12/100] - Validation Loss: 1.9661
2025-04-09 14:06:49,763 - INFO - Epoch [12/100] Metrics: Sensitivity: 0.9600, Specificity: 1.0000, Accuracy: 0.9998, MCC: 0.9797, AUC ROC: 0.9917
2025-04-09 14:06:52,278 - INFO - Epoch [13/100] - Training Loss: 1.7981 - Learning Rate: 0.001000
2025-04-09 14:06:52,387 - INFO - Epoch [13/100] - Validation Loss: 1.9573
2025-04-09 14:06:52,407 - INFO - Epoch [13/100] Metrics: Sensitivity: 0.9600, Specificity: 1.0000, Accuracy: 0.9998, MCC: 0.9797, AUC ROC: 0.9955
2025-04-09 14:06:52,409 - INFO - Epoch [13] - Best model updated (Validation Loss: 1.9573)
2025-04-09 14:06:54,989 - INFO - Epoch [14/100] - Training Loss: 1.7972 - Learning Rate: 0.001000
2025-04-09 14:06:55,097 - INFO - Epoch [14/100] - Validation Loss: 1.9556
2025-04-09 14:06:55,117 - INFO - Epoch [14/100] Metrics: Sensitivity: 0.9600, Specificity: 1.0000, Accuracy: 0.9998, MCC: 0.9797, AUC ROC: 0.9914
2025-04-09 14:06:55,119 - INFO - Epoch [14] - Best model updated (Validation Loss: 1.9556)
2025-04-09 14:06:57,757 - INFO - Epoch [15/100] - Training Loss: 1.7965 - Learning Rate: 0.001000
2025-04-09 14:06:57,880 - INFO - Epoch [15/100] - Validation Loss: 1.9603
2025-04-09 14:06:57,900 - INFO - Epoch [15/100] Metrics: Sensitivity: 0.9600, Specificity: 1.0000, Accuracy: 0.9998, MCC: 0.9797, AUC ROC: 0.9952
2025-04-09 14:07:00,512 - INFO - Epoch [16/100] - Training Loss: 1.7956 - Learning Rate: 0.001000
2025-04-09 14:07:00,617 - INFO - Epoch [16/100] - Validation Loss: 1.9628
2025-04-09 14:07:00,637 - INFO - Epoch [16/100] Metrics: Sensitivity: 0.9600, Specificity: 1.0000, Accuracy: 0.9998, MCC: 0.9797, AUC ROC: 0.9905
2025-04-09 14:07:03,274 - INFO - Epoch [17/100] - Training Loss: 1.7949 - Learning Rate: 0.001000
2025-04-09 14:07:03,389 - INFO - Epoch [17/100] - Validation Loss: 1.9501
2025-04-09 14:07:03,409 - INFO - Epoch [17/100] Metrics: Sensitivity: 0.9600, Specificity: 1.0000, Accuracy: 0.9998, MCC: 0.9797, AUC ROC: 0.9916
2025-04-09 14:07:03,410 - INFO - Epoch [17] - Best model updated (Validation Loss: 1.9501)
2025-04-09 14:07:05,954 - INFO - Epoch [18/100] - Training Loss: 1.7954 - Learning Rate: 0.001000
2025-04-09 14:07:06,065 - INFO - Epoch [18/100] - Validation Loss: 1.9479
2025-04-09 14:07:06,085 - INFO - Epoch [18/100] Metrics: Sensitivity: 0.9400, Specificity: 1.0000, Accuracy: 0.9997, MCC: 0.9694, AUC ROC: 0.9873
2025-04-09 14:07:06,086 - INFO - Epoch [18] - Best model updated (Validation Loss: 1.9479)
2025-04-09 14:07:08,623 - INFO - Epoch [19/100] - Training Loss: 1.7955 - Learning Rate: 0.001000
2025-04-09 14:07:08,733 - INFO - Epoch [19/100] - Validation Loss: 1.9582
2025-04-09 14:07:08,753 - INFO - Epoch [19/100] Metrics: Sensitivity: 0.9600, Specificity: 1.0000, Accuracy: 0.9998, MCC: 0.9797, AUC ROC: 0.9904
2025-04-09 14:07:11,415 - INFO - Epoch [20/100] - Training Loss: 1.7946 - Learning Rate: 0.001000
2025-04-09 14:07:11,524 - INFO - Epoch [20/100] - Validation Loss: 1.9506
2025-04-09 14:07:11,544 - INFO - Epoch [20/100] Metrics: Sensitivity: 0.9600, Specificity: 1.0000, Accuracy: 0.9998, MCC: 0.9797, AUC ROC: 0.9930
2025-04-09 14:07:14,067 - INFO - Epoch [21/100] - Training Loss: 1.7926 - Learning Rate: 0.001000
2025-04-09 14:07:14,191 - INFO - Epoch [21/100] - Validation Loss: 1.9618
2025-04-09 14:07:14,211 - INFO - Epoch [21/100] Metrics: Sensitivity: 0.9600, Specificity: 1.0000, Accuracy: 0.9998, MCC: 0.9797, AUC ROC: 0.9894
2025-04-09 14:07:16,779 - INFO - Epoch [22/100] - Training Loss: 1.7919 - Learning Rate: 0.001000
2025-04-09 14:07:16,889 - INFO - Epoch [22/100] - Validation Loss: 1.9576
2025-04-09 14:07:16,909 - INFO - Epoch [22/100] Metrics: Sensitivity: 0.9600, Specificity: 1.0000, Accuracy: 0.9998, MCC: 0.9797, AUC ROC: 0.9930
2025-04-09 14:07:19,500 - INFO - Epoch [23/100] - Training Loss: 1.7924 - Learning Rate: 0.001000
2025-04-09 14:07:19,629 - INFO - Epoch [23/100] - Validation Loss: 1.9504
2025-04-09 14:07:19,649 - INFO - Epoch [23/100] Metrics: Sensitivity: 0.9600, Specificity: 0.9999, Accuracy: 0.9997, MCC: 0.9696, AUC ROC: 0.9940
2025-04-09 14:07:22,266 - INFO - Epoch [24/100] - Training Loss: 1.7915 - Learning Rate: 0.001000
2025-04-09 14:07:22,373 - INFO - Epoch [24/100] - Validation Loss: 1.9462
2025-04-09 14:07:22,393 - INFO - Epoch [24/100] Metrics: Sensitivity: 0.9400, Specificity: 1.0000, Accuracy: 0.9997, MCC: 0.9694, AUC ROC: 0.9916
2025-04-09 14:07:22,395 - INFO - Epoch [24] - Best model updated (Validation Loss: 1.9462)
2025-04-09 14:07:24,956 - INFO - Epoch [25/100] - Training Loss: 1.7902 - Learning Rate: 0.001000
2025-04-09 14:07:25,067 - INFO - Epoch [25/100] - Validation Loss: 1.9485
2025-04-09 14:07:25,087 - INFO - Epoch [25/100] Metrics: Sensitivity: 0.7800, Specificity: 1.0000, Accuracy: 0.9989, MCC: 0.8827, AUC ROC: 0.9900
2025-04-09 14:07:27,643 - INFO - Epoch [26/100] - Training Loss: 1.7914 - Learning Rate: 0.001000
2025-04-09 14:07:27,752 - INFO - Epoch [26/100] - Validation Loss: 1.9561
2025-04-09 14:07:27,772 - INFO - Epoch [26/100] Metrics: Sensitivity: 0.9400, Specificity: 1.0000, Accuracy: 0.9997, MCC: 0.9694, AUC ROC: 0.9912
2025-04-09 14:07:30,334 - INFO - Epoch [27/100] - Training Loss: 1.7922 - Learning Rate: 0.001000
2025-04-09 14:07:30,450 - INFO - Epoch [27/100] - Validation Loss: 1.9527
2025-04-09 14:07:30,471 - INFO - Epoch [27/100] Metrics: Sensitivity: 0.8600, Specificity: 1.0000, Accuracy: 0.9993, MCC: 0.9270, AUC ROC: 0.9911
2025-04-09 14:07:33,095 - INFO - Epoch [28/100] - Training Loss: 1.7901 - Learning Rate: 0.001000
2025-04-09 14:07:33,255 - INFO - Epoch [28/100] - Validation Loss: 1.9484
2025-04-09 14:07:33,275 - INFO - Epoch [28/100] Metrics: Sensitivity: 0.6800, Specificity: 1.0000, Accuracy: 0.9984, MCC: 0.8239, AUC ROC: 0.9870
2025-04-09 14:07:35,815 - INFO - Epoch [29/100] - Training Loss: 1.7893 - Learning Rate: 0.001000
2025-04-09 14:07:35,927 - INFO - Epoch [29/100] - Validation Loss: 1.9648
2025-04-09 14:07:35,947 - INFO - Epoch [29/100] Metrics: Sensitivity: 0.0000, Specificity: 1.0000, Accuracy: 0.9949, MCC: 0.0000, AUC ROC: 0.9479
2025-04-09 14:07:38,464 - INFO - Epoch [30/100] - Training Loss: 1.7896 - Learning Rate: 0.001000
2025-04-09 14:07:38,578 - INFO - Epoch [30/100] - Validation Loss: 1.9564
2025-04-09 14:07:38,598 - INFO - Epoch [30/100] Metrics: Sensitivity: 0.9400, Specificity: 1.0000, Accuracy: 0.9997, MCC: 0.9694, AUC ROC: 0.9895
2025-04-09 14:07:41,294 - INFO - Epoch [31/100] - Training Loss: 1.7894 - Learning Rate: 0.001000
2025-04-09 14:07:41,414 - INFO - Epoch [31/100] - Validation Loss: 1.9527
2025-04-09 14:07:41,434 - INFO - Epoch [31/100] Metrics: Sensitivity: 0.9400, Specificity: 1.0000, Accuracy: 0.9997, MCC: 0.9694, AUC ROC: 0.9936
2025-04-09 14:07:44,021 - INFO - Epoch [32/100] - Training Loss: 1.7895 - Learning Rate: 0.001000
2025-04-09 14:07:44,141 - INFO - Epoch [32/100] - Validation Loss: 1.9500
2025-04-09 14:07:44,161 - INFO - Epoch [32/100] Metrics: Sensitivity: 0.0000, Specificity: 1.0000, Accuracy: 0.9949, MCC: 0.0000, AUC ROC: 0.9134
2025-04-09 14:07:46,809 - INFO - Epoch [33/100] - Training Loss: 1.7909 - Learning Rate: 0.001000
2025-04-09 14:07:46,917 - INFO - Epoch [33/100] - Validation Loss: 1.9555
2025-04-09 14:07:46,937 - INFO - Epoch [33/100] Metrics: Sensitivity: 0.8800, Specificity: 1.0000, Accuracy: 0.9994, MCC: 0.9378, AUC ROC: 0.9902
2025-04-09 14:07:49,467 - INFO - Epoch [34/100] - Training Loss: 1.7895 - Learning Rate: 0.001000
2025-04-09 14:07:49,593 - INFO - Epoch [34/100] - Validation Loss: 1.9614
2025-04-09 14:07:49,613 - INFO - Epoch [34/100] Metrics: Sensitivity: 0.8000, Specificity: 1.0000, Accuracy: 0.9990, MCC: 0.8940, AUC ROC: 0.9914
2025-04-09 14:07:52,192 - INFO - Epoch [35/100] - Training Loss: 1.7902 - Learning Rate: 0.001000
2025-04-09 14:07:52,303 - INFO - Epoch [35/100] - Validation Loss: 1.9607
2025-04-09 14:07:52,323 - INFO - Epoch [35/100] Metrics: Sensitivity: 0.8400, Specificity: 1.0000, Accuracy: 0.9992, MCC: 0.9161, AUC ROC: 0.9879
2025-04-09 14:07:54,910 - INFO - Epoch [36/100] - Training Loss: 1.7906 - Learning Rate: 0.001000
2025-04-09 14:07:55,016 - INFO - Epoch [36/100] - Validation Loss: 1.9503
2025-04-09 14:07:55,036 - INFO - Epoch [36/100] Metrics: Sensitivity: 0.9000, Specificity: 1.0000, Accuracy: 0.9995, MCC: 0.9484, AUC ROC: 0.9922
2025-04-09 14:07:57,587 - INFO - Epoch [37/100] - Training Loss: 1.7893 - Learning Rate: 0.001000
2025-04-09 14:07:57,700 - INFO - Epoch [37/100] - Validation Loss: 1.9500
2025-04-09 14:07:57,720 - INFO - Epoch [37/100] Metrics: Sensitivity: 0.0000, Specificity: 1.0000, Accuracy: 0.9949, MCC: 0.0000, AUC ROC: 0.2416
2025-04-09 14:08:00,292 - INFO - Epoch [38/100] - Training Loss: 1.7889 - Learning Rate: 0.001000
2025-04-09 14:08:00,404 - INFO - Epoch [38/100] - Validation Loss: 1.9591
2025-04-09 14:08:00,424 - INFO - Epoch [38/100] Metrics: Sensitivity: 0.0000, Specificity: 1.0000, Accuracy: 0.9949, MCC: 0.0000, AUC ROC: 0.2554
2025-04-09 14:08:03,115 - INFO - Epoch [39/100] - Training Loss: 1.7884 - Learning Rate: 0.001000
2025-04-09 14:08:03,225 - INFO - Epoch [39/100] - Validation Loss: 1.9531
2025-04-09 14:08:03,245 - INFO - Epoch [39/100] Metrics: Sensitivity: 0.0000, Specificity: 1.0000, Accuracy: 0.9949, MCC: 0.0000, AUC ROC: 0.2314
2025-04-09 14:08:05,760 - INFO - Epoch [40/100] - Training Loss: 1.7905 - Learning Rate: 0.001000
2025-04-09 14:08:05,866 - INFO - Epoch [40/100] - Validation Loss: 1.9582
2025-04-09 14:08:05,886 - INFO - Epoch [40/100] Metrics: Sensitivity: 0.0000, Specificity: 1.0000, Accuracy: 0.9949, MCC: 0.0000, AUC ROC: 0.2575
2025-04-09 14:08:08,446 - INFO - Epoch [41/100] - Training Loss: 1.7896 - Learning Rate: 0.001000
2025-04-09 14:08:08,559 - INFO - Epoch [41/100] - Validation Loss: 1.9597
2025-04-09 14:08:08,580 - INFO - Epoch [41/100] Metrics: Sensitivity: 0.0000, Specificity: 1.0000, Accuracy: 0.9949, MCC: 0.0000, AUC ROC: 0.2340
2025-04-09 14:08:11,170 - INFO - Epoch [42/100] - Training Loss: 1.7883 - Learning Rate: 0.001000
2025-04-09 14:08:11,290 - INFO - Epoch [42/100] - Validation Loss: 1.9640
2025-04-09 14:08:11,311 - INFO - Epoch [42/100] Metrics: Sensitivity: 0.0000, Specificity: 1.0000, Accuracy: 0.9949, MCC: 0.0000, AUC ROC: 0.2611
2025-04-09 14:08:14,351 - INFO - Epoch [43/100] - Training Loss: 1.7882 - Learning Rate: 0.001000
2025-04-09 14:08:14,469 - INFO - Epoch [43/100] - Validation Loss: 1.9578
2025-04-09 14:08:14,490 - INFO - Epoch [43/100] Metrics: Sensitivity: 0.0000, Specificity: 1.0000, Accuracy: 0.9949, MCC: 0.0000, AUC ROC: 0.2643
2025-04-09 14:08:17,591 - INFO - Epoch [44/100] - Training Loss: 1.7895 - Learning Rate: 0.001000
2025-04-09 14:08:17,714 - INFO - Epoch [44/100] - Validation Loss: 1.9611
2025-04-09 14:08:17,735 - INFO - Epoch [44/100] Metrics: Sensitivity: 0.0000, Specificity: 1.0000, Accuracy: 0.9949, MCC: 0.0000, AUC ROC: 0.2532
2025-04-09 14:08:20,762 - INFO - Epoch [45/100] - Training Loss: 1.7892 - Learning Rate: 0.001000
2025-04-09 14:08:20,878 - INFO - Epoch [45/100] - Validation Loss: 1.9527
2025-04-09 14:08:20,898 - INFO - Epoch [45/100] Metrics: Sensitivity: 0.3200, Specificity: 1.0000, Accuracy: 0.9965, MCC: 0.5647, AUC ROC: 0.9937
2025-04-09 14:08:23,997 - INFO - Epoch [46/100] - Training Loss: 1.7874 - Learning Rate: 0.001000
2025-04-09 14:08:24,116 - INFO - Epoch [46/100] - Validation Loss: 1.9527
2025-04-09 14:08:24,137 - INFO - Epoch [46/100] Metrics: Sensitivity: 0.3200, Specificity: 1.0000, Accuracy: 0.9965, MCC: 0.5647, AUC ROC: 0.9878
2025-04-09 14:08:27,135 - INFO - Epoch [47/100] - Training Loss: 1.7889 - Learning Rate: 0.001000
2025-04-09 14:08:27,328 - INFO - Epoch [47/100] - Validation Loss: 1.9533
2025-04-09 14:08:27,348 - INFO - Epoch [47/100] Metrics: Sensitivity: 0.0000, Specificity: 1.0000, Accuracy: 0.9949, MCC: 0.0000, AUC ROC: 0.4100
2025-04-09 14:08:30,471 - INFO - Epoch [48/100] - Training Loss: 1.7883 - Learning Rate: 0.001000
2025-04-09 14:08:30,595 - INFO - Epoch [48/100] - Validation Loss: 1.9533
2025-04-09 14:08:30,616 - INFO - Epoch [48/100] Metrics: Sensitivity: 0.0000, Specificity: 1.0000, Accuracy: 0.9949, MCC: 0.0000, AUC ROC: 0.4170
2025-04-09 14:08:33,739 - INFO - Epoch [49/100] - Training Loss: 1.7879 - Learning Rate: 0.001000
2025-04-09 14:08:33,852 - INFO - Epoch [49/100] - Validation Loss: 1.9530
2025-04-09 14:08:33,872 - INFO - Epoch [49/100] Metrics: Sensitivity: 0.9200, Specificity: 1.0000, Accuracy: 0.9996, MCC: 0.9590, AUC ROC: 0.9884
2025-04-09 14:08:36,933 - INFO - Epoch [50/100] - Training Loss: 1.7898 - Learning Rate: 0.000100
2025-04-09 14:08:37,055 - INFO - Epoch [50/100] - Validation Loss: 1.9618
2025-04-09 14:08:37,075 - INFO - Epoch [50/100] Metrics: Sensitivity: 0.8400, Specificity: 1.0000, Accuracy: 0.9992, MCC: 0.9161, AUC ROC: 0.9973
2025-04-09 14:08:40,104 - INFO - Epoch [51/100] - Training Loss: 1.7851 - Learning Rate: 0.000100
2025-04-09 14:08:40,220 - INFO - Epoch [51/100] - Validation Loss: 1.9491
2025-04-09 14:08:40,241 - INFO - Epoch [51/100] Metrics: Sensitivity: 0.7200, Specificity: 1.0000, Accuracy: 0.9986, MCC: 0.8479, AUC ROC: 0.9947
2025-04-09 14:08:43,357 - INFO - Epoch [52/100] - Training Loss: 1.7839 - Learning Rate: 0.000100
2025-04-09 14:08:43,480 - INFO - Epoch [52/100] - Validation Loss: 1.9486
2025-04-09 14:08:43,501 - INFO - Epoch [52/100] Metrics: Sensitivity: 0.7200, Specificity: 1.0000, Accuracy: 0.9986, MCC: 0.8479, AUC ROC: 0.9940
2025-04-09 14:08:46,517 - INFO - Epoch [53/100] - Training Loss: 1.7816 - Learning Rate: 0.000100
2025-04-09 14:08:46,629 - INFO - Epoch [53/100] - Validation Loss: 1.9481
2025-04-09 14:08:46,649 - INFO - Epoch [53/100] Metrics: Sensitivity: 0.7400, Specificity: 1.0000, Accuracy: 0.9987, MCC: 0.8597, AUC ROC: 0.9939
2025-04-09 14:08:49,553 - INFO - Epoch [54/100] - Training Loss: 1.7819 - Learning Rate: 0.000100
2025-04-09 14:08:49,663 - INFO - Epoch [54/100] - Validation Loss: 1.9476
2025-04-09 14:08:49,683 - INFO - Epoch [54/100] Metrics: Sensitivity: 0.7600, Specificity: 1.0000, Accuracy: 0.9988, MCC: 0.8712, AUC ROC: 0.9941
2025-04-09 14:08:52,290 - INFO - Epoch [55/100] - Training Loss: 1.7822 - Learning Rate: 0.000100
2025-04-09 14:08:52,409 - INFO - Epoch [55/100] - Validation Loss: 1.9473
2025-04-09 14:08:52,429 - INFO - Epoch [55/100] Metrics: Sensitivity: 0.7800, Specificity: 1.0000, Accuracy: 0.9989, MCC: 0.8827, AUC ROC: 0.9946
2025-04-09 14:08:55,050 - INFO - Epoch [56/100] - Training Loss: 1.7806 - Learning Rate: 0.000100
2025-04-09 14:08:55,160 - INFO - Epoch [56/100] - Validation Loss: 1.9529
2025-04-09 14:08:55,180 - INFO - Epoch [56/100] Metrics: Sensitivity: 0.7200, Specificity: 1.0000, Accuracy: 0.9986, MCC: 0.8479, AUC ROC: 0.9947
2025-04-09 14:08:57,790 - INFO - Epoch [57/100] - Training Loss: 1.7812 - Learning Rate: 0.000100
2025-04-09 14:08:57,902 - INFO - Epoch [57/100] - Validation Loss: 1.9454
2025-04-09 14:08:57,922 - INFO - Epoch [57/100] Metrics: Sensitivity: 0.7600, Specificity: 1.0000, Accuracy: 0.9988, MCC: 0.8712, AUC ROC: 0.9945
2025-04-09 14:08:57,923 - INFO - Epoch [57] - Best model updated (Validation Loss: 1.9454)
2025-04-09 14:09:00,539 - INFO - Epoch [58/100] - Training Loss: 1.7824 - Learning Rate: 0.000100
2025-04-09 14:09:00,655 - INFO - Epoch [58/100] - Validation Loss: 1.9466
2025-04-09 14:09:00,675 - INFO - Epoch [58/100] Metrics: Sensitivity: 0.7000, Specificity: 1.0000, Accuracy: 0.9985, MCC: 0.8360, AUC ROC: 0.9947
2025-04-09 14:09:03,217 - INFO - Epoch [59/100] - Training Loss: 1.7811 - Learning Rate: 0.000100
2025-04-09 14:09:03,327 - INFO - Epoch [59/100] - Validation Loss: 1.9444
2025-04-09 14:09:03,348 - INFO - Epoch [59/100] Metrics: Sensitivity: 0.7000, Specificity: 1.0000, Accuracy: 0.9985, MCC: 0.8360, AUC ROC: 0.9946
2025-04-09 14:09:03,349 - INFO - Epoch [59] - Best model updated (Validation Loss: 1.9444)
2025-04-09 14:09:05,983 - INFO - Epoch [60/100] - Training Loss: 1.7824 - Learning Rate: 0.000100
2025-04-09 14:09:06,096 - INFO - Epoch [60/100] - Validation Loss: 1.9467
2025-04-09 14:09:06,116 - INFO - Epoch [60/100] Metrics: Sensitivity: 0.7000, Specificity: 1.0000, Accuracy: 0.9985, MCC: 0.8360, AUC ROC: 0.9946
2025-04-09 14:09:08,677 - INFO - Epoch [61/100] - Training Loss: 1.7795 - Learning Rate: 0.000100
2025-04-09 14:09:08,790 - INFO - Epoch [61/100] - Validation Loss: 1.9438
2025-04-09 14:09:08,810 - INFO - Epoch [61/100] Metrics: Sensitivity: 0.7000, Specificity: 1.0000, Accuracy: 0.9985, MCC: 0.8360, AUC ROC: 0.9946
2025-04-09 14:09:08,811 - INFO - Epoch [61] - Best model updated (Validation Loss: 1.9438)
2025-04-09 14:09:11,443 - INFO - Epoch [62/100] - Training Loss: 1.7808 - Learning Rate: 0.000100
2025-04-09 14:09:11,605 - INFO - Epoch [62/100] - Validation Loss: 1.9454
2025-04-09 14:09:11,625 - INFO - Epoch [62/100] Metrics: Sensitivity: 0.7200, Specificity: 1.0000, Accuracy: 0.9986, MCC: 0.8479, AUC ROC: 0.9945
2025-04-09 14:09:14,117 - INFO - Epoch [63/100] - Training Loss: 1.7803 - Learning Rate: 0.000100
2025-04-09 14:09:14,221 - INFO - Epoch [63/100] - Validation Loss: 1.9454
2025-04-09 14:09:14,241 - INFO - Epoch [63/100] Metrics: Sensitivity: 0.7400, Specificity: 1.0000, Accuracy: 0.9987, MCC: 0.8597, AUC ROC: 0.9948
2025-04-09 14:09:16,829 - INFO - Epoch [64/100] - Training Loss: 1.7811 - Learning Rate: 0.000100
2025-04-09 14:09:16,942 - INFO - Epoch [64/100] - Validation Loss: 1.9465
2025-04-09 14:09:16,963 - INFO - Epoch [64/100] Metrics: Sensitivity: 0.7000, Specificity: 1.0000, Accuracy: 0.9985, MCC: 0.8360, AUC ROC: 0.9945
2025-04-09 14:09:19,552 - INFO - Epoch [65/100] - Training Loss: 1.7815 - Learning Rate: 0.000100
2025-04-09 14:09:19,662 - INFO - Epoch [65/100] - Validation Loss: 1.9428
2025-04-09 14:09:19,682 - INFO - Epoch [65/100] Metrics: Sensitivity: 0.7000, Specificity: 1.0000, Accuracy: 0.9985, MCC: 0.8360, AUC ROC: 0.9941
2025-04-09 14:09:19,684 - INFO - Epoch [65] - Best model updated (Validation Loss: 1.9428)
2025-04-09 14:09:22,299 - INFO - Epoch [66/100] - Training Loss: 1.7818 - Learning Rate: 0.000100
2025-04-09 14:09:22,408 - INFO - Epoch [66/100] - Validation Loss: 1.9457
2025-04-09 14:09:22,428 - INFO - Epoch [66/100] Metrics: Sensitivity: 0.7200, Specificity: 1.0000, Accuracy: 0.9986, MCC: 0.8479, AUC ROC: 0.9944
2025-04-09 14:09:24,985 - INFO - Epoch [67/100] - Training Loss: 1.7804 - Learning Rate: 0.000100
2025-04-09 14:09:25,097 - INFO - Epoch [67/100] - Validation Loss: 1.9431
2025-04-09 14:09:25,117 - INFO - Epoch [67/100] Metrics: Sensitivity: 0.7400, Specificity: 1.0000, Accuracy: 0.9987, MCC: 0.8597, AUC ROC: 0.9942
2025-04-09 14:09:27,680 - INFO - Epoch [68/100] - Training Loss: 1.7811 - Learning Rate: 0.000100
2025-04-09 14:09:27,838 - INFO - Epoch [68/100] - Validation Loss: 1.9452
2025-04-09 14:09:27,858 - INFO - Epoch [68/100] Metrics: Sensitivity: 0.7000, Specificity: 1.0000, Accuracy: 0.9985, MCC: 0.8360, AUC ROC: 0.9945
2025-04-09 14:09:30,365 - INFO - Epoch [69/100] - Training Loss: 1.7791 - Learning Rate: 0.000100
2025-04-09 14:09:30,495 - INFO - Epoch [69/100] - Validation Loss: 1.9451
2025-04-09 14:09:30,515 - INFO - Epoch [69/100] Metrics: Sensitivity: 0.7000, Specificity: 1.0000, Accuracy: 0.9985, MCC: 0.8360, AUC ROC: 0.9942
2025-04-09 14:09:33,153 - INFO - Epoch [70/100] - Training Loss: 1.7798 - Learning Rate: 0.000100
2025-04-09 14:09:33,260 - INFO - Epoch [70/100] - Validation Loss: 1.9439
2025-04-09 14:09:33,280 - INFO - Epoch [70/100] Metrics: Sensitivity: 0.6400, Specificity: 1.0000, Accuracy: 0.9982, MCC: 0.7993, AUC ROC: 0.9944
2025-04-09 14:09:35,869 - INFO - Epoch [71/100] - Training Loss: 1.7808 - Learning Rate: 0.000100
2025-04-09 14:09:35,985 - INFO - Epoch [71/100] - Validation Loss: 1.9425
2025-04-09 14:09:36,005 - INFO - Epoch [71/100] Metrics: Sensitivity: 0.7000, Specificity: 1.0000, Accuracy: 0.9985, MCC: 0.8360, AUC ROC: 0.9946
2025-04-09 14:09:36,006 - INFO - Epoch [71] - Best model updated (Validation Loss: 1.9425)
2025-04-09 14:09:38,531 - INFO - Epoch [72/100] - Training Loss: 1.7801 - Learning Rate: 0.000100
2025-04-09 14:09:38,641 - INFO - Epoch [72/100] - Validation Loss: 1.9433
2025-04-09 14:09:38,661 - INFO - Epoch [72/100] Metrics: Sensitivity: 0.7000, Specificity: 1.0000, Accuracy: 0.9985, MCC: 0.8360, AUC ROC: 0.9945
2025-04-09 14:09:41,323 - INFO - Epoch [73/100] - Training Loss: 1.7820 - Learning Rate: 0.000100
2025-04-09 14:09:41,432 - INFO - Epoch [73/100] - Validation Loss: 1.9469
2025-04-09 14:09:41,452 - INFO - Epoch [73/100] Metrics: Sensitivity: 0.7000, Specificity: 1.0000, Accuracy: 0.9985, MCC: 0.8360, AUC ROC: 0.9946
2025-04-09 14:09:43,979 - INFO - Epoch [74/100] - Training Loss: 1.7800 - Learning Rate: 0.000100
2025-04-09 14:09:44,086 - INFO - Epoch [74/100] - Validation Loss: 1.9452
2025-04-09 14:09:44,106 - INFO - Epoch [74/100] Metrics: Sensitivity: 0.7000, Specificity: 1.0000, Accuracy: 0.9985, MCC: 0.8360, AUC ROC: 0.9945
2025-04-09 14:09:46,694 - INFO - Epoch [75/100] - Training Loss: 1.7803 - Learning Rate: 0.000100
2025-04-09 14:09:46,804 - INFO - Epoch [75/100] - Validation Loss: 1.9444
2025-04-09 14:09:46,824 - INFO - Epoch [75/100] Metrics: Sensitivity: 0.7000, Specificity: 1.0000, Accuracy: 0.9985, MCC: 0.8360, AUC ROC: 0.9942
2025-04-09 14:09:49,477 - INFO - Epoch [76/100] - Training Loss: 1.7805 - Learning Rate: 0.000100
2025-04-09 14:09:49,603 - INFO - Epoch [76/100] - Validation Loss: 1.9424
2025-04-09 14:09:49,623 - INFO - Epoch [76/100] Metrics: Sensitivity: 0.7000, Specificity: 1.0000, Accuracy: 0.9985, MCC: 0.8360, AUC ROC: 0.9944
2025-04-09 14:09:49,624 - INFO - Epoch [76] - Best model updated (Validation Loss: 1.9424)
2025-04-09 14:09:52,336 - INFO - Epoch [77/100] - Training Loss: 1.7803 - Learning Rate: 0.000100
2025-04-09 14:09:52,444 - INFO - Epoch [77/100] - Validation Loss: 1.9417
2025-04-09 14:09:52,463 - INFO - Epoch [77/100] Metrics: Sensitivity: 0.7000, Specificity: 1.0000, Accuracy: 0.9985, MCC: 0.8360, AUC ROC: 0.9941
2025-04-09 14:09:52,465 - INFO - Epoch [77] - Best model updated (Validation Loss: 1.9417)
2025-04-09 14:09:55,292 - INFO - Epoch [78/100] - Training Loss: 1.7804 - Learning Rate: 0.000100
2025-04-09 14:09:55,404 - INFO - Epoch [78/100] - Validation Loss: 1.9437
2025-04-09 14:09:55,424 - INFO - Epoch [78/100] Metrics: Sensitivity: 0.7000, Specificity: 1.0000, Accuracy: 0.9985, MCC: 0.8360, AUC ROC: 0.9943
2025-04-09 14:09:57,995 - INFO - Epoch [79/100] - Training Loss: 1.7802 - Learning Rate: 0.000100
2025-04-09 14:09:58,102 - INFO - Epoch [79/100] - Validation Loss: 1.9453
2025-04-09 14:09:58,122 - INFO - Epoch [79/100] Metrics: Sensitivity: 0.7000, Specificity: 1.0000, Accuracy: 0.9985, MCC: 0.8360, AUC ROC: 0.9947
2025-04-09 14:10:00,691 - INFO - Epoch [80/100] - Training Loss: 1.7806 - Learning Rate: 0.000100
2025-04-09 14:10:00,805 - INFO - Epoch [80/100] - Validation Loss: 1.9410
2025-04-09 14:10:00,825 - INFO - Epoch [80/100] Metrics: Sensitivity: 0.6400, Specificity: 1.0000, Accuracy: 0.9982, MCC: 0.7993, AUC ROC: 0.9947
2025-04-09 14:10:00,826 - INFO - Epoch [80] - Best model updated (Validation Loss: 1.9410)
2025-04-09 14:10:03,485 - INFO - Epoch [81/100] - Training Loss: 1.7803 - Learning Rate: 0.000100
2025-04-09 14:10:03,597 - INFO - Epoch [81/100] - Validation Loss: 1.9400
2025-04-09 14:10:03,617 - INFO - Epoch [81/100] Metrics: Sensitivity: 0.6200, Specificity: 1.0000, Accuracy: 0.9981, MCC: 0.7866, AUC ROC: 0.9949
2025-04-09 14:10:03,618 - INFO - Epoch [81] - Best model updated (Validation Loss: 1.9400)
2025-04-09 14:10:06,127 - INFO - Epoch [82/100] - Training Loss: 1.7806 - Learning Rate: 0.000100
2025-04-09 14:10:06,234 - INFO - Epoch [82/100] - Validation Loss: 1.9421
2025-04-09 14:10:06,254 - INFO - Epoch [82/100] Metrics: Sensitivity: 0.6800, Specificity: 1.0000, Accuracy: 0.9984, MCC: 0.8239, AUC ROC: 0.9949
2025-04-09 14:10:08,916 - INFO - Epoch [83/100] - Training Loss: 1.7798 - Learning Rate: 0.000100
2025-04-09 14:10:09,042 - INFO - Epoch [83/100] - Validation Loss: 1.9420
2025-04-09 14:10:09,063 - INFO - Epoch [83/100] Metrics: Sensitivity: 0.7000, Specificity: 1.0000, Accuracy: 0.9985, MCC: 0.8360, AUC ROC: 0.9949
2025-04-09 14:10:11,577 - INFO - Epoch [84/100] - Training Loss: 1.7796 - Learning Rate: 0.000100
2025-04-09 14:10:11,691 - INFO - Epoch [84/100] - Validation Loss: 1.9453
2025-04-09 14:10:11,711 - INFO - Epoch [84/100] Metrics: Sensitivity: 0.6200, Specificity: 1.0000, Accuracy: 0.9981, MCC: 0.7866, AUC ROC: 0.9947
2025-04-09 14:10:14,234 - INFO - Epoch [85/100] - Training Loss: 1.7805 - Learning Rate: 0.000100
2025-04-09 14:10:14,341 - INFO - Epoch [85/100] - Validation Loss: 1.9419
2025-04-09 14:10:14,361 - INFO - Epoch [85/100] Metrics: Sensitivity: 0.5800, Specificity: 1.0000, Accuracy: 0.9979, MCC: 0.7608, AUC ROC: 0.9946
2025-04-09 14:10:16,962 - INFO - Epoch [86/100] - Training Loss: 1.7794 - Learning Rate: 0.000100
2025-04-09 14:10:17,075 - INFO - Epoch [86/100] - Validation Loss: 1.9438
2025-04-09 14:10:17,095 - INFO - Epoch [86/100] Metrics: Sensitivity: 0.6200, Specificity: 1.0000, Accuracy: 0.9981, MCC: 0.7866, AUC ROC: 0.9943
2025-04-09 14:10:19,621 - INFO - Epoch [87/100] - Training Loss: 1.7795 - Learning Rate: 0.000100
2025-04-09 14:10:19,802 - INFO - Epoch [87/100] - Validation Loss: 1.9421
2025-04-09 14:10:19,822 - INFO - Epoch [87/100] Metrics: Sensitivity: 0.7000, Specificity: 1.0000, Accuracy: 0.9985, MCC: 0.8360, AUC ROC: 0.9944
2025-04-09 14:10:22,344 - INFO - Epoch [88/100] - Training Loss: 1.7778 - Learning Rate: 0.000100
2025-04-09 14:10:22,454 - INFO - Epoch [88/100] - Validation Loss: 1.9429
2025-04-09 14:10:22,474 - INFO - Epoch [88/100] Metrics: Sensitivity: 0.7000, Specificity: 1.0000, Accuracy: 0.9985, MCC: 0.8360, AUC ROC: 0.9944
2025-04-09 14:10:25,070 - INFO - Epoch [89/100] - Training Loss: 1.7795 - Learning Rate: 0.000100
2025-04-09 14:10:25,176 - INFO - Epoch [89/100] - Validation Loss: 1.9446
2025-04-09 14:10:25,196 - INFO - Epoch [89/100] Metrics: Sensitivity: 0.6000, Specificity: 1.0000, Accuracy: 0.9980, MCC: 0.7738, AUC ROC: 0.9949
2025-04-09 14:10:27,778 - INFO - Epoch [90/100] - Training Loss: 1.7803 - Learning Rate: 0.000100
2025-04-09 14:10:27,887 - INFO - Epoch [90/100] - Validation Loss: 1.9440
2025-04-09 14:10:27,907 - INFO - Epoch [90/100] Metrics: Sensitivity: 0.6200, Specificity: 1.0000, Accuracy: 0.9981, MCC: 0.7866, AUC ROC: 0.9947
2025-04-09 14:10:30,448 - INFO - Epoch [91/100] - Training Loss: 1.7790 - Learning Rate: 0.000100
2025-04-09 14:10:30,580 - INFO - Epoch [91/100] - Validation Loss: 1.9433
2025-04-09 14:10:30,600 - INFO - Epoch [91/100] Metrics: Sensitivity: 0.6000, Specificity: 1.0000, Accuracy: 0.9980, MCC: 0.7738, AUC ROC: 0.9952
2025-04-09 14:10:33,246 - INFO - Epoch [92/100] - Training Loss: 1.7789 - Learning Rate: 0.000100
2025-04-09 14:10:33,354 - INFO - Epoch [92/100] - Validation Loss: 1.9386
2025-04-09 14:10:33,374 - INFO - Epoch [92/100] Metrics: Sensitivity: 0.6000, Specificity: 1.0000, Accuracy: 0.9980, MCC: 0.7738, AUC ROC: 0.9951
2025-04-09 14:10:33,375 - INFO - Epoch [92] - Best model updated (Validation Loss: 1.9386)
2025-04-09 14:10:35,890 - INFO - Epoch [93/100] - Training Loss: 1.7801 - Learning Rate: 0.000100
2025-04-09 14:10:35,999 - INFO - Epoch [93/100] - Validation Loss: 1.9421
2025-04-09 14:10:36,019 - INFO - Epoch [93/100] Metrics: Sensitivity: 0.5000, Specificity: 1.0000, Accuracy: 0.9974, MCC: 0.7062, AUC ROC: 0.9950
2025-04-09 14:10:38,659 - INFO - Epoch [94/100] - Training Loss: 1.7793 - Learning Rate: 0.000100
2025-04-09 14:10:38,767 - INFO - Epoch [94/100] - Validation Loss: 1.9440
2025-04-09 14:10:38,787 - INFO - Epoch [94/100] Metrics: Sensitivity: 0.4000, Specificity: 1.0000, Accuracy: 0.9969, MCC: 0.6315, AUC ROC: 0.9952
2025-04-09 14:10:41,278 - INFO - Epoch [95/100] - Training Loss: 1.7793 - Learning Rate: 0.000100
2025-04-09 14:10:41,390 - INFO - Epoch [95/100] - Validation Loss: 1.9454
2025-04-09 14:10:41,410 - INFO - Epoch [95/100] Metrics: Sensitivity: 0.5000, Specificity: 1.0000, Accuracy: 0.9974, MCC: 0.7062, AUC ROC: 0.9952
2025-04-09 14:10:43,984 - INFO - Epoch [96/100] - Training Loss: 1.7794 - Learning Rate: 0.000100
2025-04-09 14:10:44,093 - INFO - Epoch [96/100] - Validation Loss: 1.9424
2025-04-09 14:10:44,113 - INFO - Epoch [96/100] Metrics: Sensitivity: 0.5200, Specificity: 1.0000, Accuracy: 0.9976, MCC: 0.7202, AUC ROC: 0.9952
2025-04-09 14:10:46,743 - INFO - Epoch [97/100] - Training Loss: 1.7806 - Learning Rate: 0.000100
2025-04-09 14:10:46,859 - INFO - Epoch [97/100] - Validation Loss: 1.9407
2025-04-09 14:10:46,879 - INFO - Epoch [97/100] Metrics: Sensitivity: 0.5600, Specificity: 1.0000, Accuracy: 0.9978, MCC: 0.7475, AUC ROC: 0.9950
2025-04-09 14:10:49,473 - INFO - Epoch [98/100] - Training Loss: 1.7786 - Learning Rate: 0.000100
2025-04-09 14:10:49,585 - INFO - Epoch [98/100] - Validation Loss: 1.9431
2025-04-09 14:10:49,605 - INFO - Epoch [98/100] Metrics: Sensitivity: 0.5200, Specificity: 1.0000, Accuracy: 0.9976, MCC: 0.7202, AUC ROC: 0.9952
2025-04-09 14:10:52,150 - INFO - Epoch [99/100] - Training Loss: 1.7793 - Learning Rate: 0.000100
2025-04-09 14:10:52,265 - INFO - Epoch [99/100] - Validation Loss: 1.9423
2025-04-09 14:10:52,285 - INFO - Epoch [99/100] Metrics: Sensitivity: 0.5200, Specificity: 1.0000, Accuracy: 0.9976, MCC: 0.7202, AUC ROC: 0.9950
2025-04-09 14:10:54,930 - INFO - Epoch [100/100] - Training Loss: 1.7789 - Learning Rate: 0.000010
2025-04-09 14:10:55,037 - INFO - Epoch [100/100] - Validation Loss: 1.9424
2025-04-09 14:10:55,056 - INFO - Epoch [100/100] Metrics: Sensitivity: 0.4200, Specificity: 1.0000, Accuracy: 0.9970, MCC: 0.6471, AUC ROC: 0.9950
2025-04-09 14:10:55,059 - INFO - Best model loaded from models/best_multi_task_classifier_Baseline_log_weightednormalizedoverbatch_class1_100_3mHz.pth
2025-04-09 14:10:55,060 - INFO - Training and Validation loss history saved to models/loss_history/train_val_loss_history_Baseline_log_weightednormalizedoverbatch_class1_100_3mHz.csv
2025-04-09 14:10:55,382 - INFO - Feature: Frequency_mHz, Average Saliency: 0.0000, Parameters Impact: 5.3280, Parameters Std: 16.8485
2025-04-09 14:10:55,383 - INFO - Feature: Amplitude_log10, Average Saliency: 0.0000, Parameters Impact: 3.0607, Parameters Std: 9.6786
2025-04-09 14:10:55,383 - INFO - Feature: FrequencyDerivative_log10, Average Saliency: 0.0000, Parameters Impact: 1.0000, Parameters Std: 3.1623
2025-04-09 14:10:55,383 - INFO - Feature: SNR, Average Saliency: 0.0000, Parameters Impact: 1.3527, Parameters Std: 4.2776
2025-04-09 14:10:55,383 - INFO - Feature: Eccentricity, Average Saliency: 0.0000, Parameters Impact: 2.9800, Parameters Std: 9.4235
2025-04-09 14:10:55,569 - INFO - Validation Metrics:
2025-04-09 14:10:55,569 - INFO - Accuracy: 0.9980
2025-04-09 14:10:55,569 - INFO - Precision: 1.0000
2025-04-09 14:10:55,569 - INFO - Recall (Sensitivity): 0.6000
2025-04-09 14:10:55,569 - INFO - Specificity: 1.0000
2025-04-09 14:10:55,569 - INFO - F1 Score: 0.7500
2025-04-09 14:10:55,569 - INFO - ROC AUC: 0.9951
2025-04-09 14:10:55,569 - INFO - Balanced Accuracy: 0.8000
2025-04-09 14:10:55,569 - INFO - Confusion Matrix:
[[9747    0]
 [  20   30]]
2025-04-09 14:11:00,557 - INFO - Corner plot for predicted classes saved to figures/Baseline_log_weightednormalizedoverbatch_class1_100_3mHz/corner_plot_predicted.png
2025-04-09 14:11:04,965 - INFO - Corner plot for true classes saved to figures/Baseline_log_weightednormalizedoverbatch_class1_100_3mHz/corner_plot_true.png
2025-04-09 14:11:05,746 - INFO - Corner plot for true class 1 (Prediction_Status) saved to figures/Baseline_log_weightednormalizedoverbatch_class1_100_3mHz/corner_plot_class1_status.png
2025-04-09 14:11:10,078 - INFO - Evaluation completed successfully in main.py.
