2025-04-06 21:24:43,114 - INFO - Starting multi-task script in main.py.
2025-04-06 21:24:43,114 - INFO - Loaded configuration settings:
{'data_params': {'ecc_0_only': False,
                 'fim_folder_path': '/Users/irwin/Documents/GitHub/lisa-ml/data/fims/',
                 'inference_batch_size': 256,
                 'n_samples_class0': None,
                 'n_samples_class1': None,
                 'resolved_folder_path': '/Users/irwin/Documents/GitHub/lisa-ml/data/resolved_binaries/',
                 'selected_features': ['Frequency_mHz',
                                       'Amplitude_log10',
                                       'FrequencyDerivative_log10',
                                       'SNR',
                                       'Eccentricity'],
                 'test_seed_val': 1,
                 'training_batch_size': 256,
                 'use_custom_weights': False,
                 'val_seed_val': 1},
 'evaluation_threshold': 0.5,
 'model': 'Multi_L',
 'name_of_run': 'Baseline_log_weightednormalizedoverbatch_batch256',
 'test': False,
 'training_params': {'focal_loss': {'alpha': 0.25, 'gamma': 2.0},
                     'lr': 0.001,
                     'num_epochs': 100}}
2025-04-06 21:24:43,569 - INFO - Data loaded. Input dimension: 5, Number of model classes: 11
2025-04-06 21:24:43,570 - INFO - Model defined: MultiTaskClassifier_L with input dimension 5 and 11 model classes.
2025-04-06 21:24:43,895 - INFO - Starting training for 100 epochs.
2025-04-06 21:24:47,024 - INFO - Epoch [1/100] - Training Loss: 2.1765 - Learning Rate: 0.001000
2025-04-06 21:24:47,253 - INFO - Epoch [1/100] - Validation Loss: 2.0438
2025-04-06 21:24:47,306 - INFO - Epoch [1/100] Metrics: Sensitivity: 0.0000, Specificity: 1.0000, Accuracy: 0.9884, MCC: 0.0000, AUC ROC: 0.9507
2025-04-06 21:24:47,308 - INFO - Epoch [1] - Best model updated (Validation Loss: 2.0438)
2025-04-06 21:24:50,223 - INFO - Epoch [2/100] - Training Loss: 2.0532 - Learning Rate: 0.001000
2025-04-06 21:24:50,454 - INFO - Epoch [2/100] - Validation Loss: 2.0011
2025-04-06 21:24:50,505 - INFO - Epoch [2/100] Metrics: Sensitivity: 0.3376, Specificity: 1.0000, Accuracy: 0.9923, MCC: 0.5788, AUC ROC: 0.9366
2025-04-06 21:24:50,507 - INFO - Epoch [2] - Best model updated (Validation Loss: 2.0011)
2025-04-06 21:24:53,344 - INFO - Epoch [3/100] - Training Loss: 2.0215 - Learning Rate: 0.001000
2025-04-06 21:24:53,570 - INFO - Epoch [3/100] - Validation Loss: 1.9841
2025-04-06 21:24:53,621 - INFO - Epoch [3/100] Metrics: Sensitivity: 0.5732, Specificity: 1.0000, Accuracy: 0.9950, MCC: 0.7552, AUC ROC: 0.9647
2025-04-06 21:24:53,623 - INFO - Epoch [3] - Best model updated (Validation Loss: 1.9841)
2025-04-06 21:24:56,552 - INFO - Epoch [4/100] - Training Loss: 2.0066 - Learning Rate: 0.001000
2025-04-06 21:24:56,782 - INFO - Epoch [4/100] - Validation Loss: 1.9757
2025-04-06 21:24:56,834 - INFO - Epoch [4/100] Metrics: Sensitivity: 0.2739, Specificity: 1.0000, Accuracy: 0.9916, MCC: 0.5211, AUC ROC: 0.9592
2025-04-06 21:24:56,835 - INFO - Epoch [4] - Best model updated (Validation Loss: 1.9757)
2025-04-06 21:24:59,735 - INFO - Epoch [5/100] - Training Loss: 2.0001 - Learning Rate: 0.001000
2025-04-06 21:24:59,970 - INFO - Epoch [5/100] - Validation Loss: 1.9719
2025-04-06 21:25:00,021 - INFO - Epoch [5/100] Metrics: Sensitivity: 0.3439, Specificity: 1.0000, Accuracy: 0.9924, MCC: 0.5842, AUC ROC: 0.9209
2025-04-06 21:25:00,022 - INFO - Epoch [5] - Best model updated (Validation Loss: 1.9719)
2025-04-06 21:25:02,849 - INFO - Epoch [6/100] - Training Loss: 1.9949 - Learning Rate: 0.001000
2025-04-06 21:25:03,167 - INFO - Epoch [6/100] - Validation Loss: 1.9731
2025-04-06 21:25:03,217 - INFO - Epoch [6/100] Metrics: Sensitivity: 0.4427, Specificity: 1.0000, Accuracy: 0.9935, MCC: 0.6632, AUC ROC: 0.9260
2025-04-06 21:25:06,044 - INFO - Epoch [7/100] - Training Loss: 1.9924 - Learning Rate: 0.001000
2025-04-06 21:25:06,263 - INFO - Epoch [7/100] - Validation Loss: 1.9684
2025-04-06 21:25:06,314 - INFO - Epoch [7/100] Metrics: Sensitivity: 0.5127, Specificity: 1.0000, Accuracy: 0.9943, MCC: 0.7140, AUC ROC: 0.8897
2025-04-06 21:25:06,316 - INFO - Epoch [7] - Best model updated (Validation Loss: 1.9684)
2025-04-06 21:25:09,152 - INFO - Epoch [8/100] - Training Loss: 1.9882 - Learning Rate: 0.001000
2025-04-06 21:25:09,380 - INFO - Epoch [8/100] - Validation Loss: 1.9645
2025-04-06 21:25:09,431 - INFO - Epoch [8/100] Metrics: Sensitivity: 0.5446, Specificity: 1.0000, Accuracy: 0.9947, MCC: 0.7360, AUC ROC: 0.9106
2025-04-06 21:25:09,432 - INFO - Epoch [8] - Best model updated (Validation Loss: 1.9645)
2025-04-06 21:25:12,452 - INFO - Epoch [9/100] - Training Loss: 1.9874 - Learning Rate: 0.001000
2025-04-06 21:25:12,682 - INFO - Epoch [9/100] - Validation Loss: 1.9716
2025-04-06 21:25:12,733 - INFO - Epoch [9/100] Metrics: Sensitivity: 0.4841, Specificity: 1.0000, Accuracy: 0.9940, MCC: 0.6937, AUC ROC: 0.8667
2025-04-06 21:25:15,552 - INFO - Epoch [10/100] - Training Loss: 1.9831 - Learning Rate: 0.001000
2025-04-06 21:25:15,810 - INFO - Epoch [10/100] - Validation Loss: 1.9601
2025-04-06 21:25:15,860 - INFO - Epoch [10/100] Metrics: Sensitivity: 0.2166, Specificity: 1.0000, Accuracy: 0.9909, MCC: 0.4632, AUC ROC: 0.7356
2025-04-06 21:25:15,862 - INFO - Epoch [10] - Best model updated (Validation Loss: 1.9601)
2025-04-06 21:25:18,692 - INFO - Epoch [11/100] - Training Loss: 1.9811 - Learning Rate: 0.001000
2025-04-06 21:25:18,979 - INFO - Epoch [11/100] - Validation Loss: 1.9580
2025-04-06 21:25:19,030 - INFO - Epoch [11/100] Metrics: Sensitivity: 0.6274, Specificity: 1.0000, Accuracy: 0.9957, MCC: 0.7903, AUC ROC: 0.9187
2025-04-06 21:25:19,031 - INFO - Epoch [11] - Best model updated (Validation Loss: 1.9580)
2025-04-06 21:25:21,850 - INFO - Epoch [12/100] - Training Loss: 1.9814 - Learning Rate: 0.001000
2025-04-06 21:25:22,073 - INFO - Epoch [12/100] - Validation Loss: 1.9573
2025-04-06 21:25:22,125 - INFO - Epoch [12/100] Metrics: Sensitivity: 0.4873, Specificity: 1.0000, Accuracy: 0.9940, MCC: 0.6959, AUC ROC: 0.8280
2025-04-06 21:25:22,126 - INFO - Epoch [12] - Best model updated (Validation Loss: 1.9573)
2025-04-06 21:25:24,992 - INFO - Epoch [13/100] - Training Loss: 1.9799 - Learning Rate: 0.001000
2025-04-06 21:25:25,214 - INFO - Epoch [13/100] - Validation Loss: 1.9599
2025-04-06 21:25:25,265 - INFO - Epoch [13/100] Metrics: Sensitivity: 0.6019, Specificity: 1.0000, Accuracy: 0.9954, MCC: 0.7740, AUC ROC: 0.9021
2025-04-06 21:25:28,122 - INFO - Epoch [14/100] - Training Loss: 1.9788 - Learning Rate: 0.001000
2025-04-06 21:25:28,344 - INFO - Epoch [14/100] - Validation Loss: 1.9572
2025-04-06 21:25:28,395 - INFO - Epoch [14/100] Metrics: Sensitivity: 0.5637, Specificity: 1.0000, Accuracy: 0.9949, MCC: 0.7489, AUC ROC: 0.8587
2025-04-06 21:25:28,397 - INFO - Epoch [14] - Best model updated (Validation Loss: 1.9572)
2025-04-06 21:25:31,392 - INFO - Epoch [15/100] - Training Loss: 1.9762 - Learning Rate: 0.001000
2025-04-06 21:25:31,633 - INFO - Epoch [15/100] - Validation Loss: 1.9557
2025-04-06 21:25:31,684 - INFO - Epoch [15/100] Metrics: Sensitivity: 0.4554, Specificity: 1.0000, Accuracy: 0.9937, MCC: 0.6727, AUC ROC: 0.8664
2025-04-06 21:25:31,685 - INFO - Epoch [15] - Best model updated (Validation Loss: 1.9557)
2025-04-06 21:25:34,688 - INFO - Epoch [16/100] - Training Loss: 1.9740 - Learning Rate: 0.001000
2025-04-06 21:25:34,965 - INFO - Epoch [16/100] - Validation Loss: 1.9587
2025-04-06 21:25:35,016 - INFO - Epoch [16/100] Metrics: Sensitivity: 0.5382, Specificity: 1.0000, Accuracy: 0.9946, MCC: 0.7316, AUC ROC: 0.8351
2025-04-06 21:25:38,093 - INFO - Epoch [17/100] - Training Loss: 1.9743 - Learning Rate: 0.001000
2025-04-06 21:25:38,328 - INFO - Epoch [17/100] - Validation Loss: 1.9598
2025-04-06 21:25:38,378 - INFO - Epoch [17/100] Metrics: Sensitivity: 0.5287, Specificity: 1.0000, Accuracy: 0.9945, MCC: 0.7251, AUC ROC: 0.8088
2025-04-06 21:25:41,517 - INFO - Epoch [18/100] - Training Loss: 1.9727 - Learning Rate: 0.001000
2025-04-06 21:25:41,771 - INFO - Epoch [18/100] - Validation Loss: 1.9547
2025-04-06 21:25:41,822 - INFO - Epoch [18/100] Metrics: Sensitivity: 0.4873, Specificity: 1.0000, Accuracy: 0.9940, MCC: 0.6959, AUC ROC: 0.8609
2025-04-06 21:25:41,824 - INFO - Epoch [18] - Best model updated (Validation Loss: 1.9547)
2025-04-06 21:25:44,971 - INFO - Epoch [19/100] - Training Loss: 1.9738 - Learning Rate: 0.001000
2025-04-06 21:25:45,234 - INFO - Epoch [19/100] - Validation Loss: 1.9574
2025-04-06 21:25:45,293 - INFO - Epoch [19/100] Metrics: Sensitivity: 0.5223, Specificity: 1.0000, Accuracy: 0.9944, MCC: 0.7207, AUC ROC: 0.8811
2025-04-06 21:25:48,336 - INFO - Epoch [20/100] - Training Loss: 1.9719 - Learning Rate: 0.001000
2025-04-06 21:25:48,608 - INFO - Epoch [20/100] - Validation Loss: 1.9501
2025-04-06 21:25:48,658 - INFO - Epoch [20/100] Metrics: Sensitivity: 0.5000, Specificity: 1.0000, Accuracy: 0.9942, MCC: 0.7050, AUC ROC: 0.8615
2025-04-06 21:25:48,660 - INFO - Epoch [20] - Best model updated (Validation Loss: 1.9501)
2025-04-06 21:25:51,728 - INFO - Epoch [21/100] - Training Loss: 1.9727 - Learning Rate: 0.001000
2025-04-06 21:25:52,025 - INFO - Epoch [21/100] - Validation Loss: 1.9520
2025-04-06 21:25:52,076 - INFO - Epoch [21/100] Metrics: Sensitivity: 0.6115, Specificity: 1.0000, Accuracy: 0.9955, MCC: 0.7802, AUC ROC: 0.8992
2025-04-06 21:25:55,052 - INFO - Epoch [22/100] - Training Loss: 1.9714 - Learning Rate: 0.001000
2025-04-06 21:25:55,294 - INFO - Epoch [22/100] - Validation Loss: 1.9525
2025-04-06 21:25:55,344 - INFO - Epoch [22/100] Metrics: Sensitivity: 0.5287, Specificity: 1.0000, Accuracy: 0.9945, MCC: 0.7251, AUC ROC: 0.8515
2025-04-06 21:25:58,447 - INFO - Epoch [23/100] - Training Loss: 1.9700 - Learning Rate: 0.001000
2025-04-06 21:25:58,692 - INFO - Epoch [23/100] - Validation Loss: 1.9495
2025-04-06 21:25:58,743 - INFO - Epoch [23/100] Metrics: Sensitivity: 0.3758, Specificity: 1.0000, Accuracy: 0.9927, MCC: 0.6108, AUC ROC: 0.8004
2025-04-06 21:25:58,744 - INFO - Epoch [23] - Best model updated (Validation Loss: 1.9495)
2025-04-06 21:26:01,929 - INFO - Epoch [24/100] - Training Loss: 1.9691 - Learning Rate: 0.001000
2025-04-06 21:26:02,223 - INFO - Epoch [24/100] - Validation Loss: 1.9504
2025-04-06 21:26:02,289 - INFO - Epoch [24/100] Metrics: Sensitivity: 0.5573, Specificity: 1.0000, Accuracy: 0.9949, MCC: 0.7446, AUC ROC: 0.8775
2025-04-06 21:26:05,525 - INFO - Epoch [25/100] - Training Loss: 1.9681 - Learning Rate: 0.001000
2025-04-06 21:26:05,773 - INFO - Epoch [25/100] - Validation Loss: 1.9519
2025-04-06 21:26:05,825 - INFO - Epoch [25/100] Metrics: Sensitivity: 0.3280, Specificity: 1.0000, Accuracy: 0.9922, MCC: 0.5705, AUC ROC: 0.8175
2025-04-06 21:26:08,831 - INFO - Epoch [26/100] - Training Loss: 1.9694 - Learning Rate: 0.001000
2025-04-06 21:26:09,070 - INFO - Epoch [26/100] - Validation Loss: 1.9514
2025-04-06 21:26:09,120 - INFO - Epoch [26/100] Metrics: Sensitivity: 0.5064, Specificity: 1.0000, Accuracy: 0.9943, MCC: 0.7095, AUC ROC: 0.8292
2025-04-06 21:26:12,124 - INFO - Epoch [27/100] - Training Loss: 1.9676 - Learning Rate: 0.001000
2025-04-06 21:26:12,353 - INFO - Epoch [27/100] - Validation Loss: 1.9479
2025-04-06 21:26:12,404 - INFO - Epoch [27/100] Metrics: Sensitivity: 0.2866, Specificity: 1.0000, Accuracy: 0.9917, MCC: 0.5331, AUC ROC: 0.7858
2025-04-06 21:26:12,406 - INFO - Epoch [27] - Best model updated (Validation Loss: 1.9479)
2025-04-06 21:26:15,326 - INFO - Epoch [28/100] - Training Loss: 1.9662 - Learning Rate: 0.001000
2025-04-06 21:26:15,553 - INFO - Epoch [28/100] - Validation Loss: 1.9479
2025-04-06 21:26:15,604 - INFO - Epoch [28/100] Metrics: Sensitivity: 0.3917, Specificity: 1.0000, Accuracy: 0.9929, MCC: 0.6236, AUC ROC: 0.8299
2025-04-06 21:26:18,734 - INFO - Epoch [29/100] - Training Loss: 1.9672 - Learning Rate: 0.001000
2025-04-06 21:26:18,971 - INFO - Epoch [29/100] - Validation Loss: 1.9488
2025-04-06 21:26:19,026 - INFO - Epoch [29/100] Metrics: Sensitivity: 0.5414, Specificity: 1.0000, Accuracy: 0.9947, MCC: 0.7338, AUC ROC: 0.8623
2025-04-06 21:26:22,052 - INFO - Epoch [30/100] - Training Loss: 1.9657 - Learning Rate: 0.001000
2025-04-06 21:26:22,281 - INFO - Epoch [30/100] - Validation Loss: 1.9483
2025-04-06 21:26:22,331 - INFO - Epoch [30/100] Metrics: Sensitivity: 0.2420, Specificity: 1.0000, Accuracy: 0.9912, MCC: 0.4898, AUC ROC: 0.7442
2025-04-06 21:26:25,486 - INFO - Epoch [31/100] - Training Loss: 1.9667 - Learning Rate: 0.001000
2025-04-06 21:26:25,724 - INFO - Epoch [31/100] - Validation Loss: 1.9485
2025-04-06 21:26:25,775 - INFO - Epoch [31/100] Metrics: Sensitivity: 0.4713, Specificity: 1.0000, Accuracy: 0.9939, MCC: 0.6844, AUC ROC: 0.9366
2025-04-06 21:26:28,941 - INFO - Epoch [32/100] - Training Loss: 1.9656 - Learning Rate: 0.001000
2025-04-06 21:26:29,192 - INFO - Epoch [32/100] - Validation Loss: 1.9495
2025-04-06 21:26:29,244 - INFO - Epoch [32/100] Metrics: Sensitivity: 0.2516, Specificity: 1.0000, Accuracy: 0.9913, MCC: 0.4994, AUC ROC: 0.8550
2025-04-06 21:26:32,269 - INFO - Epoch [33/100] - Training Loss: 1.9657 - Learning Rate: 0.001000
2025-04-06 21:26:32,498 - INFO - Epoch [33/100] - Validation Loss: 1.9497
2025-04-06 21:26:32,549 - INFO - Epoch [33/100] Metrics: Sensitivity: 0.4650, Specificity: 1.0000, Accuracy: 0.9938, MCC: 0.6797, AUC ROC: 0.8766
2025-04-06 21:26:35,548 - INFO - Epoch [34/100] - Training Loss: 1.9643 - Learning Rate: 0.001000
2025-04-06 21:26:35,783 - INFO - Epoch [34/100] - Validation Loss: 1.9466
2025-04-06 21:26:35,833 - INFO - Epoch [34/100] Metrics: Sensitivity: 0.2166, Specificity: 1.0000, Accuracy: 0.9909, MCC: 0.4632, AUC ROC: 0.8074
2025-04-06 21:26:35,835 - INFO - Epoch [34] - Best model updated (Validation Loss: 1.9466)
2025-04-06 21:26:38,777 - INFO - Epoch [35/100] - Training Loss: 1.9645 - Learning Rate: 0.001000
2025-04-06 21:26:39,019 - INFO - Epoch [35/100] - Validation Loss: 1.9490
2025-04-06 21:26:39,069 - INFO - Epoch [35/100] Metrics: Sensitivity: 0.4936, Specificity: 1.0000, Accuracy: 0.9941, MCC: 0.7005, AUC ROC: 0.8864
2025-04-06 21:26:42,017 - INFO - Epoch [36/100] - Training Loss: 1.9650 - Learning Rate: 0.001000
2025-04-06 21:26:42,247 - INFO - Epoch [36/100] - Validation Loss: 1.9480
2025-04-06 21:26:42,297 - INFO - Epoch [36/100] Metrics: Sensitivity: 0.2166, Specificity: 1.0000, Accuracy: 0.9909, MCC: 0.4632, AUC ROC: 0.8683
2025-04-06 21:26:45,404 - INFO - Epoch [37/100] - Training Loss: 1.9643 - Learning Rate: 0.001000
2025-04-06 21:26:45,689 - INFO - Epoch [37/100] - Validation Loss: 1.9473
2025-04-06 21:26:45,740 - INFO - Epoch [37/100] Metrics: Sensitivity: 0.2166, Specificity: 1.0000, Accuracy: 0.9909, MCC: 0.4632, AUC ROC: 0.8662
2025-04-06 21:26:48,873 - INFO - Epoch [38/100] - Training Loss: 1.9642 - Learning Rate: 0.001000
2025-04-06 21:26:49,117 - INFO - Epoch [38/100] - Validation Loss: 1.9468
2025-04-06 21:26:49,168 - INFO - Epoch [38/100] Metrics: Sensitivity: 0.1146, Specificity: 1.0000, Accuracy: 0.9897, MCC: 0.3368, AUC ROC: 0.7985
2025-04-06 21:26:52,338 - INFO - Epoch [39/100] - Training Loss: 1.9642 - Learning Rate: 0.001000
2025-04-06 21:26:52,563 - INFO - Epoch [39/100] - Validation Loss: 1.9487
2025-04-06 21:26:52,613 - INFO - Epoch [39/100] Metrics: Sensitivity: 0.2994, Specificity: 1.0000, Accuracy: 0.9919, MCC: 0.5449, AUC ROC: 0.8188
2025-04-06 21:26:55,684 - INFO - Epoch [40/100] - Training Loss: 1.9642 - Learning Rate: 0.001000
2025-04-06 21:26:55,930 - INFO - Epoch [40/100] - Validation Loss: 1.9470
2025-04-06 21:26:55,983 - INFO - Epoch [40/100] Metrics: Sensitivity: 0.1624, Specificity: 1.0000, Accuracy: 0.9903, MCC: 0.4010, AUC ROC: 0.7964
2025-04-06 21:26:59,026 - INFO - Epoch [41/100] - Training Loss: 1.9629 - Learning Rate: 0.001000
2025-04-06 21:26:59,272 - INFO - Epoch [41/100] - Validation Loss: 1.9447
2025-04-06 21:26:59,323 - INFO - Epoch [41/100] Metrics: Sensitivity: 0.0860, Specificity: 1.0000, Accuracy: 0.9894, MCC: 0.2917, AUC ROC: 0.8503
2025-04-06 21:26:59,325 - INFO - Epoch [41] - Best model updated (Validation Loss: 1.9447)
2025-04-06 21:27:02,467 - INFO - Epoch [42/100] - Training Loss: 1.9636 - Learning Rate: 0.001000
2025-04-06 21:27:02,723 - INFO - Epoch [42/100] - Validation Loss: 1.9471
2025-04-06 21:27:02,775 - INFO - Epoch [42/100] Metrics: Sensitivity: 0.2389, Specificity: 1.0000, Accuracy: 0.9911, MCC: 0.4866, AUC ROC: 0.8028
2025-04-06 21:27:05,766 - INFO - Epoch [43/100] - Training Loss: 1.9625 - Learning Rate: 0.001000
2025-04-06 21:27:06,006 - INFO - Epoch [43/100] - Validation Loss: 1.9439
2025-04-06 21:27:06,057 - INFO - Epoch [43/100] Metrics: Sensitivity: 0.2038, Specificity: 1.0000, Accuracy: 0.9907, MCC: 0.4494, AUC ROC: 0.7757
2025-04-06 21:27:06,058 - INFO - Epoch [43] - Best model updated (Validation Loss: 1.9439)
2025-04-06 21:27:09,061 - INFO - Epoch [44/100] - Training Loss: 1.9640 - Learning Rate: 0.001000
2025-04-06 21:27:09,290 - INFO - Epoch [44/100] - Validation Loss: 1.9465
2025-04-06 21:27:09,341 - INFO - Epoch [44/100] Metrics: Sensitivity: 0.2866, Specificity: 1.0000, Accuracy: 0.9917, MCC: 0.5331, AUC ROC: 0.8387
2025-04-06 21:27:12,369 - INFO - Epoch [45/100] - Training Loss: 1.9641 - Learning Rate: 0.001000
2025-04-06 21:27:12,605 - INFO - Epoch [45/100] - Validation Loss: 1.9442
2025-04-06 21:27:12,655 - INFO - Epoch [45/100] Metrics: Sensitivity: 0.3185, Specificity: 1.0000, Accuracy: 0.9921, MCC: 0.5621, AUC ROC: 0.8867
2025-04-06 21:27:15,852 - INFO - Epoch [46/100] - Training Loss: 1.9619 - Learning Rate: 0.001000
2025-04-06 21:27:16,104 - INFO - Epoch [46/100] - Validation Loss: 1.9481
2025-04-06 21:27:16,155 - INFO - Epoch [46/100] Metrics: Sensitivity: 0.1975, Specificity: 1.0000, Accuracy: 0.9907, MCC: 0.4423, AUC ROC: 0.8771
2025-04-06 21:27:19,289 - INFO - Epoch [47/100] - Training Loss: 1.9627 - Learning Rate: 0.001000
2025-04-06 21:27:19,519 - INFO - Epoch [47/100] - Validation Loss: 1.9456
2025-04-06 21:27:19,570 - INFO - Epoch [47/100] Metrics: Sensitivity: 0.1688, Specificity: 1.0000, Accuracy: 0.9903, MCC: 0.4088, AUC ROC: 0.9272
2025-04-06 21:27:22,671 - INFO - Epoch [48/100] - Training Loss: 1.9629 - Learning Rate: 0.001000
2025-04-06 21:27:22,915 - INFO - Epoch [48/100] - Validation Loss: 1.9468
2025-04-06 21:27:22,966 - INFO - Epoch [48/100] Metrics: Sensitivity: 0.0064, Specificity: 1.0000, Accuracy: 0.9884, MCC: 0.0793, AUC ROC: 0.9347
2025-04-06 21:27:26,095 - INFO - Epoch [49/100] - Training Loss: 1.9623 - Learning Rate: 0.001000
2025-04-06 21:27:26,333 - INFO - Epoch [49/100] - Validation Loss: 1.9479
2025-04-06 21:27:26,384 - INFO - Epoch [49/100] Metrics: Sensitivity: 0.2229, Specificity: 1.0000, Accuracy: 0.9910, MCC: 0.4700, AUC ROC: 0.9165
2025-04-06 21:27:29,539 - INFO - Epoch [50/100] - Training Loss: 1.9621 - Learning Rate: 0.000100
2025-04-06 21:27:29,825 - INFO - Epoch [50/100] - Validation Loss: 1.9439
2025-04-06 21:27:29,877 - INFO - Epoch [50/100] Metrics: Sensitivity: 0.0350, Specificity: 1.0000, Accuracy: 0.9888, MCC: 0.1861, AUC ROC: 0.7715
2025-04-06 21:27:33,039 - INFO - Epoch [51/100] - Training Loss: 1.9565 - Learning Rate: 0.000100
2025-04-06 21:27:33,268 - INFO - Epoch [51/100] - Validation Loss: 1.9407
2025-04-06 21:27:33,318 - INFO - Epoch [51/100] Metrics: Sensitivity: 0.0478, Specificity: 1.0000, Accuracy: 0.9889, MCC: 0.2174, AUC ROC: 0.7945
2025-04-06 21:27:33,320 - INFO - Epoch [51] - Best model updated (Validation Loss: 1.9407)
2025-04-06 21:27:36,434 - INFO - Epoch [52/100] - Training Loss: 1.9565 - Learning Rate: 0.000100
2025-04-06 21:27:36,661 - INFO - Epoch [52/100] - Validation Loss: 1.9403
2025-04-06 21:27:36,711 - INFO - Epoch [52/100] Metrics: Sensitivity: 0.0732, Specificity: 1.0000, Accuracy: 0.9892, MCC: 0.2692, AUC ROC: 0.8018
2025-04-06 21:27:36,713 - INFO - Epoch [52] - Best model updated (Validation Loss: 1.9403)
2025-04-06 21:27:39,667 - INFO - Epoch [53/100] - Training Loss: 1.9550 - Learning Rate: 0.000100
2025-04-06 21:27:39,898 - INFO - Epoch [53/100] - Validation Loss: 1.9403
2025-04-06 21:27:39,949 - INFO - Epoch [53/100] Metrics: Sensitivity: 0.0924, Specificity: 1.0000, Accuracy: 0.9894, MCC: 0.3023, AUC ROC: 0.8076
2025-04-06 21:27:42,899 - INFO - Epoch [54/100] - Training Loss: 1.9557 - Learning Rate: 0.000100
2025-04-06 21:27:43,181 - INFO - Epoch [54/100] - Validation Loss: 1.9410
2025-04-06 21:27:43,231 - INFO - Epoch [54/100] Metrics: Sensitivity: 0.1306, Specificity: 1.0000, Accuracy: 0.9899, MCC: 0.3595, AUC ROC: 0.8160
2025-04-06 21:27:46,150 - INFO - Epoch [55/100] - Training Loss: 1.9552 - Learning Rate: 0.000100
2025-04-06 21:27:46,415 - INFO - Epoch [55/100] - Validation Loss: 1.9404
2025-04-06 21:27:46,466 - INFO - Epoch [55/100] Metrics: Sensitivity: 0.1943, Specificity: 1.0000, Accuracy: 0.9906, MCC: 0.4387, AUC ROC: 0.8145
2025-04-06 21:27:49,430 - INFO - Epoch [56/100] - Training Loss: 1.9538 - Learning Rate: 0.000100
2025-04-06 21:27:49,670 - INFO - Epoch [56/100] - Validation Loss: 1.9393
2025-04-06 21:27:49,721 - INFO - Epoch [56/100] Metrics: Sensitivity: 0.1369, Specificity: 1.0000, Accuracy: 0.9900, MCC: 0.3682, AUC ROC: 0.8236
2025-04-06 21:27:49,722 - INFO - Epoch [56] - Best model updated (Validation Loss: 1.9393)
2025-04-06 21:27:52,749 - INFO - Epoch [57/100] - Training Loss: 1.9542 - Learning Rate: 0.000100
2025-04-06 21:27:52,972 - INFO - Epoch [57/100] - Validation Loss: 1.9397
2025-04-06 21:27:53,023 - INFO - Epoch [57/100] Metrics: Sensitivity: 0.1369, Specificity: 1.0000, Accuracy: 0.9900, MCC: 0.3682, AUC ROC: 0.8203
2025-04-06 21:27:56,000 - INFO - Epoch [58/100] - Training Loss: 1.9544 - Learning Rate: 0.000100
2025-04-06 21:27:56,244 - INFO - Epoch [58/100] - Validation Loss: 1.9394
2025-04-06 21:27:56,294 - INFO - Epoch [58/100] Metrics: Sensitivity: 0.2102, Specificity: 1.0000, Accuracy: 0.9908, MCC: 0.4564, AUC ROC: 0.8450
2025-04-06 21:27:59,599 - INFO - Epoch [59/100] - Training Loss: 1.9550 - Learning Rate: 0.000100
2025-04-06 21:27:59,904 - INFO - Epoch [59/100] - Validation Loss: 1.9404
2025-04-06 21:27:59,954 - INFO - Epoch [59/100] Metrics: Sensitivity: 0.1497, Specificity: 1.0000, Accuracy: 0.9901, MCC: 0.3850, AUC ROC: 0.8322
2025-04-06 21:28:02,984 - INFO - Epoch [60/100] - Training Loss: 1.9537 - Learning Rate: 0.000100
2025-04-06 21:28:03,224 - INFO - Epoch [60/100] - Validation Loss: 1.9399
2025-04-06 21:28:03,275 - INFO - Epoch [60/100] Metrics: Sensitivity: 0.1720, Specificity: 1.0000, Accuracy: 0.9904, MCC: 0.4127, AUC ROC: 0.8672
2025-04-06 21:28:06,327 - INFO - Epoch [61/100] - Training Loss: 1.9542 - Learning Rate: 0.000100
2025-04-06 21:28:06,560 - INFO - Epoch [61/100] - Validation Loss: 1.9391
2025-04-06 21:28:06,610 - INFO - Epoch [61/100] Metrics: Sensitivity: 0.1656, Specificity: 1.0000, Accuracy: 0.9903, MCC: 0.4050, AUC ROC: 0.8400
2025-04-06 21:28:06,611 - INFO - Epoch [61] - Best model updated (Validation Loss: 1.9391)
2025-04-06 21:28:09,692 - INFO - Epoch [62/100] - Training Loss: 1.9538 - Learning Rate: 0.000100
2025-04-06 21:28:09,917 - INFO - Epoch [62/100] - Validation Loss: 1.9392
2025-04-06 21:28:09,967 - INFO - Epoch [62/100] Metrics: Sensitivity: 0.1720, Specificity: 1.0000, Accuracy: 0.9904, MCC: 0.4127, AUC ROC: 0.8409
2025-04-06 21:28:12,924 - INFO - Epoch [63/100] - Training Loss: 1.9537 - Learning Rate: 0.000100
2025-04-06 21:28:13,159 - INFO - Epoch [63/100] - Validation Loss: 1.9396
2025-04-06 21:28:13,209 - INFO - Epoch [63/100] Metrics: Sensitivity: 0.1401, Specificity: 1.0000, Accuracy: 0.9900, MCC: 0.3725, AUC ROC: 0.8538
2025-04-06 21:28:16,145 - INFO - Epoch [64/100] - Training Loss: 1.9541 - Learning Rate: 0.000100
2025-04-06 21:28:16,427 - INFO - Epoch [64/100] - Validation Loss: 1.9395
2025-04-06 21:28:16,477 - INFO - Epoch [64/100] Metrics: Sensitivity: 0.1433, Specificity: 1.0000, Accuracy: 0.9900, MCC: 0.3767, AUC ROC: 0.8747
2025-04-06 21:28:19,466 - INFO - Epoch [65/100] - Training Loss: 1.9530 - Learning Rate: 0.000100
2025-04-06 21:28:19,713 - INFO - Epoch [65/100] - Validation Loss: 1.9388
2025-04-06 21:28:19,763 - INFO - Epoch [65/100] Metrics: Sensitivity: 0.1369, Specificity: 1.0000, Accuracy: 0.9900, MCC: 0.3682, AUC ROC: 0.8414
2025-04-06 21:28:19,764 - INFO - Epoch [65] - Best model updated (Validation Loss: 1.9388)
2025-04-06 21:28:22,676 - INFO - Epoch [66/100] - Training Loss: 1.9529 - Learning Rate: 0.000100
2025-04-06 21:28:22,904 - INFO - Epoch [66/100] - Validation Loss: 1.9396
2025-04-06 21:28:22,954 - INFO - Epoch [66/100] Metrics: Sensitivity: 0.1433, Specificity: 1.0000, Accuracy: 0.9900, MCC: 0.3767, AUC ROC: 0.8410
2025-04-06 21:28:25,994 - INFO - Epoch [67/100] - Training Loss: 1.9530 - Learning Rate: 0.000100
2025-04-06 21:28:26,231 - INFO - Epoch [67/100] - Validation Loss: 1.9391
2025-04-06 21:28:26,281 - INFO - Epoch [67/100] Metrics: Sensitivity: 0.1401, Specificity: 1.0000, Accuracy: 0.9900, MCC: 0.3725, AUC ROC: 0.8434
2025-04-06 21:28:29,183 - INFO - Epoch [68/100] - Training Loss: 1.9529 - Learning Rate: 0.000100
2025-04-06 21:28:29,402 - INFO - Epoch [68/100] - Validation Loss: 1.9389
2025-04-06 21:28:29,453 - INFO - Epoch [68/100] Metrics: Sensitivity: 0.1561, Specificity: 1.0000, Accuracy: 0.9902, MCC: 0.3931, AUC ROC: 0.8425
2025-04-06 21:28:32,487 - INFO - Epoch [69/100] - Training Loss: 1.9522 - Learning Rate: 0.000100
2025-04-06 21:28:32,763 - INFO - Epoch [69/100] - Validation Loss: 1.9390
2025-04-06 21:28:32,813 - INFO - Epoch [69/100] Metrics: Sensitivity: 0.1433, Specificity: 1.0000, Accuracy: 0.9900, MCC: 0.3767, AUC ROC: 0.8553
2025-04-06 21:28:35,752 - INFO - Epoch [70/100] - Training Loss: 1.9515 - Learning Rate: 0.000100
2025-04-06 21:28:35,978 - INFO - Epoch [70/100] - Validation Loss: 1.9386
2025-04-06 21:28:36,029 - INFO - Epoch [70/100] Metrics: Sensitivity: 0.1433, Specificity: 1.0000, Accuracy: 0.9900, MCC: 0.3767, AUC ROC: 0.8375
2025-04-06 21:28:36,031 - INFO - Epoch [70] - Best model updated (Validation Loss: 1.9386)
2025-04-06 21:28:39,019 - INFO - Epoch [71/100] - Training Loss: 1.9521 - Learning Rate: 0.000100
2025-04-06 21:28:39,241 - INFO - Epoch [71/100] - Validation Loss: 1.9398
2025-04-06 21:28:39,291 - INFO - Epoch [71/100] Metrics: Sensitivity: 0.1561, Specificity: 1.0000, Accuracy: 0.9902, MCC: 0.3931, AUC ROC: 0.8574
2025-04-06 21:28:42,283 - INFO - Epoch [72/100] - Training Loss: 1.9533 - Learning Rate: 0.000100
2025-04-06 21:28:42,508 - INFO - Epoch [72/100] - Validation Loss: 1.9392
2025-04-06 21:28:42,558 - INFO - Epoch [72/100] Metrics: Sensitivity: 0.1146, Specificity: 1.0000, Accuracy: 0.9897, MCC: 0.3368, AUC ROC: 0.8206
2025-04-06 21:28:45,525 - INFO - Epoch [73/100] - Training Loss: 1.9521 - Learning Rate: 0.000100
2025-04-06 21:28:45,742 - INFO - Epoch [73/100] - Validation Loss: 1.9399
2025-04-06 21:28:45,792 - INFO - Epoch [73/100] Metrics: Sensitivity: 0.1433, Specificity: 1.0000, Accuracy: 0.9900, MCC: 0.3767, AUC ROC: 0.8335
2025-04-06 21:28:48,721 - INFO - Epoch [74/100] - Training Loss: 1.9531 - Learning Rate: 0.000100
2025-04-06 21:28:48,949 - INFO - Epoch [74/100] - Validation Loss: 1.9399
2025-04-06 21:28:49,000 - INFO - Epoch [74/100] Metrics: Sensitivity: 0.1274, Specificity: 1.0000, Accuracy: 0.9899, MCC: 0.3551, AUC ROC: 0.8430
2025-04-06 21:28:51,997 - INFO - Epoch [75/100] - Training Loss: 1.9526 - Learning Rate: 0.000100
2025-04-06 21:28:52,234 - INFO - Epoch [75/100] - Validation Loss: 1.9387
2025-04-06 21:28:52,284 - INFO - Epoch [75/100] Metrics: Sensitivity: 0.1083, Specificity: 1.0000, Accuracy: 0.9896, MCC: 0.3273, AUC ROC: 0.8571
2025-04-06 21:28:55,183 - INFO - Epoch [76/100] - Training Loss: 1.9525 - Learning Rate: 0.000100
2025-04-06 21:28:55,405 - INFO - Epoch [76/100] - Validation Loss: 1.9382
2025-04-06 21:28:55,456 - INFO - Epoch [76/100] Metrics: Sensitivity: 0.1401, Specificity: 1.0000, Accuracy: 0.9900, MCC: 0.3725, AUC ROC: 0.8647
2025-04-06 21:28:55,457 - INFO - Epoch [76] - Best model updated (Validation Loss: 1.9382)
2025-04-06 21:28:58,507 - INFO - Epoch [77/100] - Training Loss: 1.9522 - Learning Rate: 0.000100
2025-04-06 21:28:58,730 - INFO - Epoch [77/100] - Validation Loss: 1.9393
2025-04-06 21:28:58,781 - INFO - Epoch [77/100] Metrics: Sensitivity: 0.1497, Specificity: 1.0000, Accuracy: 0.9901, MCC: 0.3850, AUC ROC: 0.8787
2025-04-06 21:29:01,738 - INFO - Epoch [78/100] - Training Loss: 1.9512 - Learning Rate: 0.000100
2025-04-06 21:29:01,959 - INFO - Epoch [78/100] - Validation Loss: 1.9398
2025-04-06 21:29:02,010 - INFO - Epoch [78/100] Metrics: Sensitivity: 0.1146, Specificity: 1.0000, Accuracy: 0.9897, MCC: 0.3368, AUC ROC: 0.8697
2025-04-06 21:29:04,936 - INFO - Epoch [79/100] - Training Loss: 1.9529 - Learning Rate: 0.000100
2025-04-06 21:29:05,168 - INFO - Epoch [79/100] - Validation Loss: 1.9394
2025-04-06 21:29:05,218 - INFO - Epoch [79/100] Metrics: Sensitivity: 0.1433, Specificity: 1.0000, Accuracy: 0.9900, MCC: 0.3767, AUC ROC: 0.8780
2025-04-06 21:29:08,272 - INFO - Epoch [80/100] - Training Loss: 1.9519 - Learning Rate: 0.000100
2025-04-06 21:29:08,517 - INFO - Epoch [80/100] - Validation Loss: 1.9400
2025-04-06 21:29:08,567 - INFO - Epoch [80/100] Metrics: Sensitivity: 0.1529, Specificity: 1.0000, Accuracy: 0.9901, MCC: 0.3890, AUC ROC: 0.8792
2025-04-06 21:29:11,618 - INFO - Epoch [81/100] - Training Loss: 1.9531 - Learning Rate: 0.000100
2025-04-06 21:29:11,844 - INFO - Epoch [81/100] - Validation Loss: 1.9389
2025-04-06 21:29:11,894 - INFO - Epoch [81/100] Metrics: Sensitivity: 0.1433, Specificity: 1.0000, Accuracy: 0.9900, MCC: 0.3767, AUC ROC: 0.8939
2025-04-06 21:29:14,896 - INFO - Epoch [82/100] - Training Loss: 1.9527 - Learning Rate: 0.000100
2025-04-06 21:29:15,138 - INFO - Epoch [82/100] - Validation Loss: 1.9385
2025-04-06 21:29:15,188 - INFO - Epoch [82/100] Metrics: Sensitivity: 0.1465, Specificity: 1.0000, Accuracy: 0.9901, MCC: 0.3808, AUC ROC: 0.9299
2025-04-06 21:29:18,208 - INFO - Epoch [83/100] - Training Loss: 1.9519 - Learning Rate: 0.000100
2025-04-06 21:29:18,438 - INFO - Epoch [83/100] - Validation Loss: 1.9396
2025-04-06 21:29:18,488 - INFO - Epoch [83/100] Metrics: Sensitivity: 0.1210, Specificity: 1.0000, Accuracy: 0.9898, MCC: 0.3461, AUC ROC: 0.8856
2025-04-06 21:29:21,437 - INFO - Epoch [84/100] - Training Loss: 1.9525 - Learning Rate: 0.000100
2025-04-06 21:29:21,658 - INFO - Epoch [84/100] - Validation Loss: 1.9398
2025-04-06 21:29:21,708 - INFO - Epoch [84/100] Metrics: Sensitivity: 0.1369, Specificity: 1.0000, Accuracy: 0.9900, MCC: 0.3682, AUC ROC: 0.8812
2025-04-06 21:29:24,670 - INFO - Epoch [85/100] - Training Loss: 1.9518 - Learning Rate: 0.000100
2025-04-06 21:29:24,936 - INFO - Epoch [85/100] - Validation Loss: 1.9381
2025-04-06 21:29:24,987 - INFO - Epoch [85/100] Metrics: Sensitivity: 0.1338, Specificity: 1.0000, Accuracy: 0.9899, MCC: 0.3639, AUC ROC: 0.9019
2025-04-06 21:29:24,988 - INFO - Epoch [85] - Best model updated (Validation Loss: 1.9381)
2025-04-06 21:29:27,938 - INFO - Epoch [86/100] - Training Loss: 1.9515 - Learning Rate: 0.000100
2025-04-06 21:29:28,180 - INFO - Epoch [86/100] - Validation Loss: 1.9380
2025-04-06 21:29:28,230 - INFO - Epoch [86/100] Metrics: Sensitivity: 0.1497, Specificity: 1.0000, Accuracy: 0.9901, MCC: 0.3850, AUC ROC: 0.9178
2025-04-06 21:29:28,232 - INFO - Epoch [86] - Best model updated (Validation Loss: 1.9380)
2025-04-06 21:29:31,232 - INFO - Epoch [87/100] - Training Loss: 1.9515 - Learning Rate: 0.000100
2025-04-06 21:29:31,459 - INFO - Epoch [87/100] - Validation Loss: 1.9387
2025-04-06 21:29:31,509 - INFO - Epoch [87/100] Metrics: Sensitivity: 0.1369, Specificity: 1.0000, Accuracy: 0.9900, MCC: 0.3682, AUC ROC: 0.9447
2025-04-06 21:29:34,452 - INFO - Epoch [88/100] - Training Loss: 1.9519 - Learning Rate: 0.000100
2025-04-06 21:29:34,688 - INFO - Epoch [88/100] - Validation Loss: 1.9392
2025-04-06 21:29:34,739 - INFO - Epoch [88/100] Metrics: Sensitivity: 0.1178, Specificity: 1.0000, Accuracy: 0.9897, MCC: 0.3415, AUC ROC: 0.9204
2025-04-06 21:29:37,652 - INFO - Epoch [89/100] - Training Loss: 1.9514 - Learning Rate: 0.000100
2025-04-06 21:29:37,883 - INFO - Epoch [89/100] - Validation Loss: 1.9392
2025-04-06 21:29:37,934 - INFO - Epoch [89/100] Metrics: Sensitivity: 0.1115, Specificity: 1.0000, Accuracy: 0.9897, MCC: 0.3321, AUC ROC: 0.8776
2025-04-06 21:29:41,113 - INFO - Epoch [90/100] - Training Loss: 1.9525 - Learning Rate: 0.000100
2025-04-06 21:29:41,351 - INFO - Epoch [90/100] - Validation Loss: 1.9385
2025-04-06 21:29:41,401 - INFO - Epoch [90/100] Metrics: Sensitivity: 0.1146, Specificity: 1.0000, Accuracy: 0.9897, MCC: 0.3368, AUC ROC: 0.8545
2025-04-06 21:29:44,314 - INFO - Epoch [91/100] - Training Loss: 1.9512 - Learning Rate: 0.000100
2025-04-06 21:29:44,536 - INFO - Epoch [91/100] - Validation Loss: 1.9388
2025-04-06 21:29:44,586 - INFO - Epoch [91/100] Metrics: Sensitivity: 0.1433, Specificity: 1.0000, Accuracy: 0.9900, MCC: 0.3767, AUC ROC: 0.8798
2025-04-06 21:29:47,775 - INFO - Epoch [92/100] - Training Loss: 1.9509 - Learning Rate: 0.000100
2025-04-06 21:29:48,032 - INFO - Epoch [92/100] - Validation Loss: 1.9391
2025-04-06 21:29:48,082 - INFO - Epoch [92/100] Metrics: Sensitivity: 0.1433, Specificity: 1.0000, Accuracy: 0.9900, MCC: 0.3767, AUC ROC: 0.9004
2025-04-06 21:29:51,028 - INFO - Epoch [93/100] - Training Loss: 1.9513 - Learning Rate: 0.000100
2025-04-06 21:29:51,267 - INFO - Epoch [93/100] - Validation Loss: 1.9372
2025-04-06 21:29:51,317 - INFO - Epoch [93/100] Metrics: Sensitivity: 0.1815, Specificity: 1.0000, Accuracy: 0.9905, MCC: 0.4240, AUC ROC: 0.9279
2025-04-06 21:29:51,318 - INFO - Epoch [93] - Best model updated (Validation Loss: 1.9372)
2025-04-06 21:29:54,080 - INFO - Epoch [94/100] - Training Loss: 1.9529 - Learning Rate: 0.000100
2025-04-06 21:29:54,340 - INFO - Epoch [94/100] - Validation Loss: 1.9382
2025-04-06 21:29:54,389 - INFO - Epoch [94/100] Metrics: Sensitivity: 0.1561, Specificity: 1.0000, Accuracy: 0.9902, MCC: 0.3931, AUC ROC: 0.8891
2025-04-06 21:29:57,470 - INFO - Epoch [95/100] - Training Loss: 1.9522 - Learning Rate: 0.000100
2025-04-06 21:29:57,773 - INFO - Epoch [95/100] - Validation Loss: 1.9379
2025-04-06 21:29:57,825 - INFO - Epoch [95/100] Metrics: Sensitivity: 0.1401, Specificity: 1.0000, Accuracy: 0.9900, MCC: 0.3725, AUC ROC: 0.8711
2025-04-06 21:30:00,716 - INFO - Epoch [96/100] - Training Loss: 1.9508 - Learning Rate: 0.000100
2025-04-06 21:30:00,965 - INFO - Epoch [96/100] - Validation Loss: 1.9377
2025-04-06 21:30:01,017 - INFO - Epoch [96/100] Metrics: Sensitivity: 0.1561, Specificity: 1.0000, Accuracy: 0.9902, MCC: 0.3931, AUC ROC: 0.8524
2025-04-06 21:30:03,993 - INFO - Epoch [97/100] - Training Loss: 1.9525 - Learning Rate: 0.000100
2025-04-06 21:30:04,236 - INFO - Epoch [97/100] - Validation Loss: 1.9392
2025-04-06 21:30:04,286 - INFO - Epoch [97/100] Metrics: Sensitivity: 0.1242, Specificity: 1.0000, Accuracy: 0.9898, MCC: 0.3506, AUC ROC: 0.8656
2025-04-06 21:30:07,062 - INFO - Epoch [98/100] - Training Loss: 1.9517 - Learning Rate: 0.000100
2025-04-06 21:30:07,304 - INFO - Epoch [98/100] - Validation Loss: 1.9379
2025-04-06 21:30:07,353 - INFO - Epoch [98/100] Metrics: Sensitivity: 0.1115, Specificity: 1.0000, Accuracy: 0.9897, MCC: 0.3321, AUC ROC: 0.8760
2025-04-06 21:30:10,066 - INFO - Epoch [99/100] - Training Loss: 1.9505 - Learning Rate: 0.000100
2025-04-06 21:30:10,302 - INFO - Epoch [99/100] - Validation Loss: 1.9384
2025-04-06 21:30:10,353 - INFO - Epoch [99/100] Metrics: Sensitivity: 0.1561, Specificity: 1.0000, Accuracy: 0.9902, MCC: 0.3931, AUC ROC: 0.8886
2025-04-06 21:30:13,053 - INFO - Epoch [100/100] - Training Loss: 1.9513 - Learning Rate: 0.000010
2025-04-06 21:30:13,294 - INFO - Epoch [100/100] - Validation Loss: 1.9385
2025-04-06 21:30:13,344 - INFO - Epoch [100/100] Metrics: Sensitivity: 0.1178, Specificity: 1.0000, Accuracy: 0.9897, MCC: 0.3415, AUC ROC: 0.8682
2025-04-06 21:30:13,346 - INFO - Best model loaded from models/best_multi_task_classifier_Baseline_log_weightednormalizedoverbatch_batch256.pth
2025-04-06 21:30:13,348 - INFO - Training and Validation loss history saved to models/loss_history/train_val_loss_history_Baseline_log_weightednormalizedoverbatch_batch256.csv
2025-04-06 21:30:13,680 - INFO - Feature: Frequency_mHz, Average Saliency: 27.5119, Parameters Impact: 52.1241, Parameters Std: 164.8308
2025-04-06 21:30:13,680 - INFO - Feature: Amplitude_log10, Average Saliency: 0.5278, Parameters Impact: 1.0000, Parameters Std: 3.1623
2025-04-06 21:30:13,680 - INFO - Feature: FrequencyDerivative_log10, Average Saliency: 8.8644, Parameters Impact: 16.7944, Parameters Std: 53.1087
2025-04-06 21:30:13,680 - INFO - Feature: SNR, Average Saliency: 5.6130, Parameters Impact: 10.6345, Parameters Std: 33.6291
2025-04-06 21:30:13,680 - INFO - Feature: Eccentricity, Average Saliency: 8.6682, Parameters Impact: 16.4229, Parameters Std: 51.9337
2025-04-06 21:30:14,072 - INFO - Validation Metrics:
2025-04-06 21:30:14,072 - INFO - Accuracy: 0.9905
2025-04-06 21:30:14,072 - INFO - Precision: 1.0000
2025-04-06 21:30:14,072 - INFO - Recall (Sensitivity): 0.1815
2025-04-06 21:30:14,072 - INFO - Specificity: 1.0000
2025-04-06 21:30:14,072 - INFO - F1 Score: 0.3073
2025-04-06 21:30:14,072 - INFO - ROC AUC: 0.9279
2025-04-06 21:30:14,072 - INFO - Balanced Accuracy: 0.5908
2025-04-06 21:30:14,072 - INFO - Confusion Matrix:
[[26682     0]
 [  257    57]]
2025-04-06 21:30:25,522 - INFO - Corner plot for predicted classes saved to figures/Baseline_log_weightednormalizedoverbatch_batch256/corner_plot_predicted.png
2025-04-06 21:30:36,249 - INFO - Corner plot for true classes saved to figures/Baseline_log_weightednormalizedoverbatch_batch256/corner_plot_true.png
2025-04-06 21:30:37,235 - INFO - Corner plot for true class 1 (Prediction_Status) saved to figures/Baseline_log_weightednormalizedoverbatch_batch256/corner_plot_class1_status.png
2025-04-06 21:30:47,793 - INFO - Evaluation completed successfully in main.py.
