2025-04-06 21:34:25,433 - INFO - Starting multi-task script in main.py.
2025-04-06 21:34:25,434 - INFO - Loaded configuration settings:
{'data_params': {'ecc_0_only': False,
                 'fim_folder_path': '/Users/irwin/Documents/GitHub/lisa-ml/data/fims/',
                 'inference_batch_size': 128,
                 'n_samples_class0': None,
                 'n_samples_class1': None,
                 'resolved_folder_path': '/Users/irwin/Documents/GitHub/lisa-ml/data/resolved_binaries/',
                 'selected_features': ['Frequency_mHz',
                                       'Amplitude_log10',
                                       'FrequencyDerivative_log10',
                                       'SNR',
                                       'Eccentricity'],
                 'test_seed_val': 1,
                 'training_batch_size': 128,
                 'use_custom_weights': True,
                 'val_seed_val': 1},
 'evaluation_threshold': 0.5,
 'model': 'Multi_L',
 'name_of_run': 'Baseline_log_weightednormalizedoverbatch',
 'test': False,
 'training_params': {'focal_loss': {'alpha': 0.25, 'gamma': 2.0},
                     'lr': 0.001,
                     'num_epochs': 100}}
2025-04-06 21:34:27,343 - INFO - Data loaded. Input dimension: 5, Number of model classes: 11
2025-04-06 21:34:27,345 - INFO - Model defined: MultiTaskClassifier_L with input dimension 5 and 11 model classes.
2025-04-06 21:34:27,753 - INFO - Starting training for 100 epochs.
2025-04-06 21:34:32,583 - INFO - Epoch [1/100] - Training Loss: 2.0205 - Learning Rate: 0.001000
2025-04-06 21:34:32,979 - INFO - Epoch [1/100] - Validation Loss: 2.0557
2025-04-06 21:34:33,034 - INFO - Epoch [1/100] Metrics: Sensitivity: 0.6210, Specificity: 1.0000, Accuracy: 0.9956, MCC: 0.7863, AUC ROC: 0.9528
2025-04-06 21:34:33,036 - INFO - Epoch [1] - Best model updated (Validation Loss: 2.0557)
2025-04-06 21:34:37,941 - INFO - Epoch [2/100] - Training Loss: 1.9190 - Learning Rate: 0.001000
2025-04-06 21:34:38,261 - INFO - Epoch [2/100] - Validation Loss: 2.0399
2025-04-06 21:34:38,312 - INFO - Epoch [2/100] Metrics: Sensitivity: 0.6815, Specificity: 0.9994, Accuracy: 0.9957, MCC: 0.7944, AUC ROC: 0.9634
2025-04-06 21:34:38,314 - INFO - Epoch [2] - Best model updated (Validation Loss: 2.0399)
2025-04-06 21:34:42,739 - INFO - Epoch [3/100] - Training Loss: 1.8980 - Learning Rate: 0.001000
2025-04-06 21:34:43,060 - INFO - Epoch [3/100] - Validation Loss: 2.0368
2025-04-06 21:34:43,111 - INFO - Epoch [3/100] Metrics: Sensitivity: 0.7070, Specificity: 0.9980, Accuracy: 0.9946, MCC: 0.7514, AUC ROC: 0.9752
2025-04-06 21:34:43,113 - INFO - Epoch [3] - Best model updated (Validation Loss: 2.0368)
2025-04-06 21:34:47,628 - INFO - Epoch [4/100] - Training Loss: 1.8904 - Learning Rate: 0.001000
2025-04-06 21:34:47,944 - INFO - Epoch [4/100] - Validation Loss: 2.0489
2025-04-06 21:34:47,995 - INFO - Epoch [4/100] Metrics: Sensitivity: 0.6433, Specificity: 0.9962, Accuracy: 0.9921, MCC: 0.6509, AUC ROC: 0.9785
2025-04-06 21:34:52,448 - INFO - Epoch [5/100] - Training Loss: 1.8843 - Learning Rate: 0.001000
2025-04-06 21:34:52,821 - INFO - Epoch [5/100] - Validation Loss: 2.0369
2025-04-06 21:34:52,872 - INFO - Epoch [5/100] Metrics: Sensitivity: 0.1115, Specificity: 0.9989, Accuracy: 0.9886, MCC: 0.2434, AUC ROC: 0.9696
2025-04-06 21:34:57,282 - INFO - Epoch [6/100] - Training Loss: 1.8801 - Learning Rate: 0.001000
2025-04-06 21:34:57,589 - INFO - Epoch [6/100] - Validation Loss: 2.0613
2025-04-06 21:34:57,640 - INFO - Epoch [6/100] Metrics: Sensitivity: 0.0414, Specificity: 0.9991, Accuracy: 0.9879, MCC: 0.1157, AUC ROC: 0.9637
2025-04-06 21:35:02,129 - INFO - Epoch [7/100] - Training Loss: 1.8777 - Learning Rate: 0.001000
2025-04-06 21:35:02,444 - INFO - Epoch [7/100] - Validation Loss: 2.0403
2025-04-06 21:35:02,495 - INFO - Epoch [7/100] Metrics: Sensitivity: 0.0446, Specificity: 0.9998, Accuracy: 0.9887, MCC: 0.1748, AUC ROC: 0.9729
2025-04-06 21:35:06,948 - INFO - Epoch [8/100] - Training Loss: 1.8743 - Learning Rate: 0.001000
2025-04-06 21:35:07,275 - INFO - Epoch [8/100] - Validation Loss: 2.0269
2025-04-06 21:35:07,326 - INFO - Epoch [8/100] Metrics: Sensitivity: 0.0000, Specificity: 1.0000, Accuracy: 0.9884, MCC: 0.0000, AUC ROC: 0.9715
2025-04-06 21:35:07,327 - INFO - Epoch [8] - Best model updated (Validation Loss: 2.0269)
2025-04-06 21:35:11,887 - INFO - Epoch [9/100] - Training Loss: 1.8731 - Learning Rate: 0.001000
2025-04-06 21:35:12,196 - INFO - Epoch [9/100] - Validation Loss: 2.0484
2025-04-06 21:35:12,246 - INFO - Epoch [9/100] Metrics: Sensitivity: 0.0000, Specificity: 1.0000, Accuracy: 0.9884, MCC: 0.0000, AUC ROC: 0.9414
2025-04-06 21:35:17,067 - INFO - Epoch [10/100] - Training Loss: 1.8735 - Learning Rate: 0.001000
2025-04-06 21:35:17,420 - INFO - Epoch [10/100] - Validation Loss: 2.0304
2025-04-06 21:35:17,481 - INFO - Epoch [10/100] Metrics: Sensitivity: 0.0000, Specificity: 1.0000, Accuracy: 0.9884, MCC: 0.0000, AUC ROC: 0.9689
2025-04-06 21:35:22,502 - INFO - Epoch [11/100] - Training Loss: 1.8694 - Learning Rate: 0.001000
2025-04-06 21:35:22,832 - INFO - Epoch [11/100] - Validation Loss: 2.0272
2025-04-06 21:35:22,883 - INFO - Epoch [11/100] Metrics: Sensitivity: 0.0000, Specificity: 1.0000, Accuracy: 0.9884, MCC: 0.0000, AUC ROC: 0.9606
2025-04-06 21:35:27,839 - INFO - Epoch [12/100] - Training Loss: 1.8692 - Learning Rate: 0.001000
2025-04-06 21:35:28,177 - INFO - Epoch [12/100] - Validation Loss: 2.0266
2025-04-06 21:35:28,229 - INFO - Epoch [12/100] Metrics: Sensitivity: 0.0000, Specificity: 1.0000, Accuracy: 0.9884, MCC: 0.0000, AUC ROC: 0.9559
2025-04-06 21:35:28,231 - INFO - Epoch [12] - Best model updated (Validation Loss: 2.0266)
2025-04-06 21:35:32,745 - INFO - Epoch [13/100] - Training Loss: 1.8684 - Learning Rate: 0.001000
2025-04-06 21:35:33,072 - INFO - Epoch [13/100] - Validation Loss: 2.0238
2025-04-06 21:35:33,123 - INFO - Epoch [13/100] Metrics: Sensitivity: 0.0000, Specificity: 1.0000, Accuracy: 0.9884, MCC: 0.0000, AUC ROC: 0.9692
2025-04-06 21:35:33,125 - INFO - Epoch [13] - Best model updated (Validation Loss: 2.0238)
2025-04-06 21:35:37,606 - INFO - Epoch [14/100] - Training Loss: 1.8663 - Learning Rate: 0.001000
2025-04-06 21:35:37,978 - INFO - Epoch [14/100] - Validation Loss: 2.0348
2025-04-06 21:35:38,029 - INFO - Epoch [14/100] Metrics: Sensitivity: 0.0000, Specificity: 1.0000, Accuracy: 0.9884, MCC: 0.0000, AUC ROC: 0.9617
2025-04-06 21:35:42,749 - INFO - Epoch [15/100] - Training Loss: 1.8644 - Learning Rate: 0.001000
2025-04-06 21:35:43,076 - INFO - Epoch [15/100] - Validation Loss: 2.0316
2025-04-06 21:35:43,127 - INFO - Epoch [15/100] Metrics: Sensitivity: 0.0000, Specificity: 1.0000, Accuracy: 0.9884, MCC: 0.0000, AUC ROC: 0.9604
2025-04-06 21:35:47,807 - INFO - Epoch [16/100] - Training Loss: 1.8640 - Learning Rate: 0.001000
2025-04-06 21:35:48,142 - INFO - Epoch [16/100] - Validation Loss: 2.0356
2025-04-06 21:35:48,193 - INFO - Epoch [16/100] Metrics: Sensitivity: 0.0000, Specificity: 1.0000, Accuracy: 0.9884, MCC: 0.0000, AUC ROC: 0.9609
2025-04-06 21:35:52,942 - INFO - Epoch [17/100] - Training Loss: 1.8623 - Learning Rate: 0.001000
2025-04-06 21:35:53,282 - INFO - Epoch [17/100] - Validation Loss: 2.0294
2025-04-06 21:35:53,332 - INFO - Epoch [17/100] Metrics: Sensitivity: 0.0000, Specificity: 1.0000, Accuracy: 0.9884, MCC: 0.0000, AUC ROC: 0.9570
2025-04-06 21:35:58,091 - INFO - Epoch [18/100] - Training Loss: 1.8629 - Learning Rate: 0.001000
2025-04-06 21:35:58,418 - INFO - Epoch [18/100] - Validation Loss: 2.0467
2025-04-06 21:35:58,469 - INFO - Epoch [18/100] Metrics: Sensitivity: 0.0000, Specificity: 1.0000, Accuracy: 0.9884, MCC: 0.0000, AUC ROC: 0.9625
2025-04-06 21:36:02,974 - INFO - Epoch [19/100] - Training Loss: 1.8632 - Learning Rate: 0.001000
2025-04-06 21:36:03,363 - INFO - Epoch [19/100] - Validation Loss: 2.0395
2025-04-06 21:36:03,413 - INFO - Epoch [19/100] Metrics: Sensitivity: 0.0000, Specificity: 1.0000, Accuracy: 0.9884, MCC: 0.0000, AUC ROC: 0.9655
2025-04-06 21:36:08,482 - INFO - Epoch [20/100] - Training Loss: 1.8617 - Learning Rate: 0.001000
2025-04-06 21:36:08,813 - INFO - Epoch [20/100] - Validation Loss: 2.0362
2025-04-06 21:36:08,863 - INFO - Epoch [20/100] Metrics: Sensitivity: 0.0000, Specificity: 1.0000, Accuracy: 0.9884, MCC: 0.0000, AUC ROC: 0.9641
2025-04-06 21:36:13,303 - INFO - Epoch [21/100] - Training Loss: 1.8601 - Learning Rate: 0.001000
2025-04-06 21:36:13,640 - INFO - Epoch [21/100] - Validation Loss: 2.0235
2025-04-06 21:36:13,689 - INFO - Epoch [21/100] Metrics: Sensitivity: 0.0000, Specificity: 1.0000, Accuracy: 0.9884, MCC: 0.0000, AUC ROC: 0.9647
2025-04-06 21:36:13,691 - INFO - Epoch [21] - Best model updated (Validation Loss: 2.0235)
2025-04-06 21:36:18,169 - INFO - Epoch [22/100] - Training Loss: 1.8594 - Learning Rate: 0.001000
2025-04-06 21:36:18,492 - INFO - Epoch [22/100] - Validation Loss: 2.0252
2025-04-06 21:36:18,546 - INFO - Epoch [22/100] Metrics: Sensitivity: 0.0000, Specificity: 1.0000, Accuracy: 0.9884, MCC: 0.0000, AUC ROC: 0.9609
2025-04-06 21:36:22,770 - INFO - Epoch [23/100] - Training Loss: 1.8595 - Learning Rate: 0.001000
2025-04-06 21:36:23,089 - INFO - Epoch [23/100] - Validation Loss: 2.0221
2025-04-06 21:36:23,139 - INFO - Epoch [23/100] Metrics: Sensitivity: 0.0000, Specificity: 1.0000, Accuracy: 0.9884, MCC: 0.0000, AUC ROC: 0.9726
2025-04-06 21:36:23,140 - INFO - Epoch [23] - Best model updated (Validation Loss: 2.0221)
2025-04-06 21:36:27,364 - INFO - Epoch [24/100] - Training Loss: 1.8578 - Learning Rate: 0.001000
2025-04-06 21:36:27,731 - INFO - Epoch [24/100] - Validation Loss: 2.0404
2025-04-06 21:36:27,780 - INFO - Epoch [24/100] Metrics: Sensitivity: 0.0318, Specificity: 1.0000, Accuracy: 0.9887, MCC: 0.1774, AUC ROC: 0.9675
2025-04-06 21:36:31,891 - INFO - Epoch [25/100] - Training Loss: 1.8603 - Learning Rate: 0.001000
2025-04-06 21:36:32,220 - INFO - Epoch [25/100] - Validation Loss: 2.0151
2025-04-06 21:36:32,270 - INFO - Epoch [25/100] Metrics: Sensitivity: 0.0000, Specificity: 1.0000, Accuracy: 0.9884, MCC: 0.0000, AUC ROC: 0.9685
2025-04-06 21:36:32,271 - INFO - Epoch [25] - Best model updated (Validation Loss: 2.0151)
2025-04-06 21:36:36,569 - INFO - Epoch [26/100] - Training Loss: 1.8582 - Learning Rate: 0.001000
2025-04-06 21:36:36,887 - INFO - Epoch [26/100] - Validation Loss: 2.0381
2025-04-06 21:36:36,937 - INFO - Epoch [26/100] Metrics: Sensitivity: 0.0032, Specificity: 1.0000, Accuracy: 0.9884, MCC: 0.0561, AUC ROC: 0.8442
2025-04-06 21:36:41,197 - INFO - Epoch [27/100] - Training Loss: 1.8583 - Learning Rate: 0.001000
2025-04-06 21:36:41,512 - INFO - Epoch [27/100] - Validation Loss: 2.0174
2025-04-06 21:36:41,563 - INFO - Epoch [27/100] Metrics: Sensitivity: 0.0000, Specificity: 1.0000, Accuracy: 0.9884, MCC: 0.0000, AUC ROC: 0.9691
2025-04-06 21:36:45,756 - INFO - Epoch [28/100] - Training Loss: 1.8584 - Learning Rate: 0.001000
2025-04-06 21:36:46,068 - INFO - Epoch [28/100] - Validation Loss: 2.0167
2025-04-06 21:36:46,117 - INFO - Epoch [28/100] Metrics: Sensitivity: 0.0000, Specificity: 1.0000, Accuracy: 0.9884, MCC: 0.0000, AUC ROC: 0.9559
2025-04-06 21:36:50,352 - INFO - Epoch [29/100] - Training Loss: 1.8566 - Learning Rate: 0.001000
2025-04-06 21:36:50,692 - INFO - Epoch [29/100] - Validation Loss: 2.0221
2025-04-06 21:36:50,741 - INFO - Epoch [29/100] Metrics: Sensitivity: 0.0000, Specificity: 1.0000, Accuracy: 0.9884, MCC: 0.0000, AUC ROC: 0.9733
2025-04-06 21:36:54,926 - INFO - Epoch [30/100] - Training Loss: 1.8569 - Learning Rate: 0.001000
2025-04-06 21:36:55,247 - INFO - Epoch [30/100] - Validation Loss: 2.0263
2025-04-06 21:36:55,297 - INFO - Epoch [30/100] Metrics: Sensitivity: 0.0000, Specificity: 1.0000, Accuracy: 0.9884, MCC: 0.0000, AUC ROC: 0.9599
2025-04-06 21:36:59,544 - INFO - Epoch [31/100] - Training Loss: 1.8568 - Learning Rate: 0.001000
2025-04-06 21:36:59,869 - INFO - Epoch [31/100] - Validation Loss: 2.0258
2025-04-06 21:36:59,919 - INFO - Epoch [31/100] Metrics: Sensitivity: 0.0000, Specificity: 1.0000, Accuracy: 0.9884, MCC: 0.0000, AUC ROC: 0.9472
2025-04-06 21:37:05,496 - INFO - Epoch [32/100] - Training Loss: 1.8564 - Learning Rate: 0.001000
2025-04-06 21:37:05,909 - INFO - Epoch [32/100] - Validation Loss: 2.0240
2025-04-06 21:37:05,960 - INFO - Epoch [32/100] Metrics: Sensitivity: 0.0000, Specificity: 1.0000, Accuracy: 0.9884, MCC: 0.0000, AUC ROC: 0.9587
2025-04-06 21:37:10,735 - INFO - Epoch [33/100] - Training Loss: 1.8575 - Learning Rate: 0.001000
2025-04-06 21:37:11,108 - INFO - Epoch [33/100] - Validation Loss: 2.0228
2025-04-06 21:37:11,158 - INFO - Epoch [33/100] Metrics: Sensitivity: 0.0000, Specificity: 1.0000, Accuracy: 0.9884, MCC: 0.0000, AUC ROC: 0.9555
2025-04-06 21:37:16,549 - INFO - Epoch [34/100] - Training Loss: 1.8560 - Learning Rate: 0.001000
2025-04-06 21:37:16,878 - INFO - Epoch [34/100] - Validation Loss: 2.0215
2025-04-06 21:37:16,928 - INFO - Epoch [34/100] Metrics: Sensitivity: 0.0000, Specificity: 1.0000, Accuracy: 0.9884, MCC: 0.0000, AUC ROC: 0.9696
2025-04-06 21:37:21,553 - INFO - Epoch [35/100] - Training Loss: 1.8559 - Learning Rate: 0.001000
2025-04-06 21:37:21,864 - INFO - Epoch [35/100] - Validation Loss: 2.0198
2025-04-06 21:37:21,913 - INFO - Epoch [35/100] Metrics: Sensitivity: 0.0000, Specificity: 1.0000, Accuracy: 0.9884, MCC: 0.0000, AUC ROC: 0.9620
2025-04-06 21:37:26,513 - INFO - Epoch [36/100] - Training Loss: 1.8559 - Learning Rate: 0.001000
2025-04-06 21:37:26,828 - INFO - Epoch [36/100] - Validation Loss: 2.0114
2025-04-06 21:37:26,878 - INFO - Epoch [36/100] Metrics: Sensitivity: 0.0000, Specificity: 1.0000, Accuracy: 0.9884, MCC: 0.0000, AUC ROC: 0.8404
2025-04-06 21:37:26,879 - INFO - Epoch [36] - Best model updated (Validation Loss: 2.0114)
2025-04-06 21:37:31,652 - INFO - Epoch [37/100] - Training Loss: 1.8549 - Learning Rate: 0.001000
2025-04-06 21:37:31,988 - INFO - Epoch [37/100] - Validation Loss: 2.0218
2025-04-06 21:37:32,038 - INFO - Epoch [37/100] Metrics: Sensitivity: 0.0000, Specificity: 1.0000, Accuracy: 0.9884, MCC: 0.0000, AUC ROC: 0.9663
2025-04-06 21:37:36,763 - INFO - Epoch [38/100] - Training Loss: 1.8564 - Learning Rate: 0.001000
2025-04-06 21:37:37,182 - INFO - Epoch [38/100] - Validation Loss: 2.0233
2025-04-06 21:37:37,232 - INFO - Epoch [38/100] Metrics: Sensitivity: 0.0000, Specificity: 1.0000, Accuracy: 0.9884, MCC: 0.0000, AUC ROC: 0.9685
2025-04-06 21:37:42,002 - INFO - Epoch [39/100] - Training Loss: 1.8562 - Learning Rate: 0.001000
2025-04-06 21:37:42,338 - INFO - Epoch [39/100] - Validation Loss: 2.0147
2025-04-06 21:37:42,389 - INFO - Epoch [39/100] Metrics: Sensitivity: 0.0000, Specificity: 1.0000, Accuracy: 0.9884, MCC: 0.0000, AUC ROC: 0.9632
2025-04-06 21:37:47,077 - INFO - Epoch [40/100] - Training Loss: 1.8553 - Learning Rate: 0.001000
2025-04-06 21:37:47,415 - INFO - Epoch [40/100] - Validation Loss: 2.0402
2025-04-06 21:37:47,466 - INFO - Epoch [40/100] Metrics: Sensitivity: 0.0000, Specificity: 1.0000, Accuracy: 0.9884, MCC: 0.0000, AUC ROC: 0.9628
2025-04-06 21:37:52,383 - INFO - Epoch [41/100] - Training Loss: 1.8537 - Learning Rate: 0.001000
2025-04-06 21:37:52,723 - INFO - Epoch [41/100] - Validation Loss: 2.0221
2025-04-06 21:37:52,774 - INFO - Epoch [41/100] Metrics: Sensitivity: 0.0000, Specificity: 1.0000, Accuracy: 0.9884, MCC: 0.0000, AUC ROC: 0.9627
2025-04-06 21:37:57,430 - INFO - Epoch [42/100] - Training Loss: 1.8546 - Learning Rate: 0.001000
2025-04-06 21:37:57,763 - INFO - Epoch [42/100] - Validation Loss: 2.0175
2025-04-06 21:37:57,815 - INFO - Epoch [42/100] Metrics: Sensitivity: 0.0000, Specificity: 1.0000, Accuracy: 0.9884, MCC: 0.0000, AUC ROC: 0.9701
2025-04-06 21:38:02,593 - INFO - Epoch [43/100] - Training Loss: 1.8543 - Learning Rate: 0.001000
2025-04-06 21:38:02,998 - INFO - Epoch [43/100] - Validation Loss: 2.0201
2025-04-06 21:38:03,050 - INFO - Epoch [43/100] Metrics: Sensitivity: 0.0000, Specificity: 1.0000, Accuracy: 0.9884, MCC: 0.0000, AUC ROC: 0.9323
2025-04-06 21:38:07,903 - INFO - Epoch [44/100] - Training Loss: 1.8541 - Learning Rate: 0.001000
2025-04-06 21:38:08,252 - INFO - Epoch [44/100] - Validation Loss: 2.0289
2025-04-06 21:38:08,302 - INFO - Epoch [44/100] Metrics: Sensitivity: 0.0000, Specificity: 1.0000, Accuracy: 0.9884, MCC: 0.0000, AUC ROC: 0.9031
2025-04-06 21:38:12,905 - INFO - Epoch [45/100] - Training Loss: 1.8556 - Learning Rate: 0.001000
2025-04-06 21:38:13,247 - INFO - Epoch [45/100] - Validation Loss: 2.0277
2025-04-06 21:38:13,297 - INFO - Epoch [45/100] Metrics: Sensitivity: 0.0000, Specificity: 1.0000, Accuracy: 0.9884, MCC: 0.0000, AUC ROC: 0.9712
2025-04-06 21:38:18,406 - INFO - Epoch [46/100] - Training Loss: 1.8560 - Learning Rate: 0.001000
2025-04-06 21:38:18,731 - INFO - Epoch [46/100] - Validation Loss: 2.0280
2025-04-06 21:38:18,782 - INFO - Epoch [46/100] Metrics: Sensitivity: 0.0000, Specificity: 1.0000, Accuracy: 0.9884, MCC: 0.0000, AUC ROC: 0.9672
2025-04-06 21:38:23,321 - INFO - Epoch [47/100] - Training Loss: 1.8519 - Learning Rate: 0.001000
2025-04-06 21:38:23,659 - INFO - Epoch [47/100] - Validation Loss: 2.0204
2025-04-06 21:38:23,709 - INFO - Epoch [47/100] Metrics: Sensitivity: 0.0000, Specificity: 1.0000, Accuracy: 0.9884, MCC: 0.0000, AUC ROC: 0.9644
2025-04-06 21:38:28,256 - INFO - Epoch [48/100] - Training Loss: 1.8549 - Learning Rate: 0.001000
2025-04-06 21:38:28,646 - INFO - Epoch [48/100] - Validation Loss: 2.0193
2025-04-06 21:38:28,696 - INFO - Epoch [48/100] Metrics: Sensitivity: 0.0000, Specificity: 1.0000, Accuracy: 0.9884, MCC: 0.0000, AUC ROC: 0.9704
2025-04-06 21:38:33,248 - INFO - Epoch [49/100] - Training Loss: 1.8540 - Learning Rate: 0.001000
2025-04-06 21:38:33,567 - INFO - Epoch [49/100] - Validation Loss: 2.0257
2025-04-06 21:38:33,618 - INFO - Epoch [49/100] Metrics: Sensitivity: 0.0000, Specificity: 1.0000, Accuracy: 0.9884, MCC: 0.0000, AUC ROC: 0.9598
2025-04-06 21:38:38,157 - INFO - Epoch [50/100] - Training Loss: 1.8562 - Learning Rate: 0.000100
2025-04-06 21:38:38,489 - INFO - Epoch [50/100] - Validation Loss: 2.0221
2025-04-06 21:38:38,539 - INFO - Epoch [50/100] Metrics: Sensitivity: 0.0000, Specificity: 1.0000, Accuracy: 0.9884, MCC: 0.0000, AUC ROC: 0.9730
2025-04-06 21:38:43,207 - INFO - Epoch [51/100] - Training Loss: 1.8475 - Learning Rate: 0.000100
2025-04-06 21:38:43,536 - INFO - Epoch [51/100] - Validation Loss: 2.0156
2025-04-06 21:38:43,586 - INFO - Epoch [51/100] Metrics: Sensitivity: 0.0000, Specificity: 1.0000, Accuracy: 0.9884, MCC: 0.0000, AUC ROC: 0.9628
2025-04-06 21:38:48,779 - INFO - Epoch [52/100] - Training Loss: 1.8460 - Learning Rate: 0.000100
2025-04-06 21:38:49,202 - INFO - Epoch [52/100] - Validation Loss: 2.0125
2025-04-06 21:38:49,257 - INFO - Epoch [52/100] Metrics: Sensitivity: 0.0000, Specificity: 1.0000, Accuracy: 0.9884, MCC: 0.0000, AUC ROC: 0.9652
2025-04-06 21:38:54,056 - INFO - Epoch [53/100] - Training Loss: 1.8451 - Learning Rate: 0.000100
2025-04-06 21:38:54,397 - INFO - Epoch [53/100] - Validation Loss: 2.0155
2025-04-06 21:38:54,449 - INFO - Epoch [53/100] Metrics: Sensitivity: 0.0000, Specificity: 1.0000, Accuracy: 0.9884, MCC: 0.0000, AUC ROC: 0.9643
2025-04-06 21:38:59,449 - INFO - Epoch [54/100] - Training Loss: 1.8434 - Learning Rate: 0.000100
2025-04-06 21:38:59,798 - INFO - Epoch [54/100] - Validation Loss: 2.0161
2025-04-06 21:38:59,849 - INFO - Epoch [54/100] Metrics: Sensitivity: 0.0000, Specificity: 1.0000, Accuracy: 0.9884, MCC: 0.0000, AUC ROC: 0.9693
2025-04-06 21:39:05,181 - INFO - Epoch [55/100] - Training Loss: 1.8439 - Learning Rate: 0.000100
2025-04-06 21:39:05,499 - INFO - Epoch [55/100] - Validation Loss: 2.0155
2025-04-06 21:39:05,550 - INFO - Epoch [55/100] Metrics: Sensitivity: 0.0000, Specificity: 1.0000, Accuracy: 0.9884, MCC: 0.0000, AUC ROC: 0.9627
2025-04-06 21:39:10,507 - INFO - Epoch [56/100] - Training Loss: 1.8429 - Learning Rate: 0.000100
2025-04-06 21:39:10,850 - INFO - Epoch [56/100] - Validation Loss: 2.0135
2025-04-06 21:39:10,901 - INFO - Epoch [56/100] Metrics: Sensitivity: 0.0000, Specificity: 1.0000, Accuracy: 0.9884, MCC: 0.0000, AUC ROC: 0.9602
2025-04-06 21:39:15,513 - INFO - Epoch [57/100] - Training Loss: 1.8426 - Learning Rate: 0.000100
2025-04-06 21:39:15,888 - INFO - Epoch [57/100] - Validation Loss: 2.0170
2025-04-06 21:39:15,938 - INFO - Epoch [57/100] Metrics: Sensitivity: 0.0000, Specificity: 1.0000, Accuracy: 0.9884, MCC: 0.0000, AUC ROC: 0.9644
2025-04-06 21:39:20,738 - INFO - Epoch [58/100] - Training Loss: 1.8426 - Learning Rate: 0.000100
2025-04-06 21:39:21,061 - INFO - Epoch [58/100] - Validation Loss: 2.0094
2025-04-06 21:39:21,112 - INFO - Epoch [58/100] Metrics: Sensitivity: 0.0000, Specificity: 1.0000, Accuracy: 0.9884, MCC: 0.0000, AUC ROC: 0.9716
2025-04-06 21:39:21,113 - INFO - Epoch [58] - Best model updated (Validation Loss: 2.0094)
2025-04-06 21:39:26,452 - INFO - Epoch [59/100] - Training Loss: 1.8423 - Learning Rate: 0.000100
2025-04-06 21:39:26,769 - INFO - Epoch [59/100] - Validation Loss: 2.0156
2025-04-06 21:39:26,820 - INFO - Epoch [59/100] Metrics: Sensitivity: 0.0000, Specificity: 1.0000, Accuracy: 0.9884, MCC: 0.0000, AUC ROC: 0.9642
2025-04-06 21:39:31,815 - INFO - Epoch [60/100] - Training Loss: 1.8416 - Learning Rate: 0.000100
2025-04-06 21:39:32,178 - INFO - Epoch [60/100] - Validation Loss: 2.0178
2025-04-06 21:39:32,229 - INFO - Epoch [60/100] Metrics: Sensitivity: 0.0000, Specificity: 1.0000, Accuracy: 0.9884, MCC: 0.0000, AUC ROC: 0.9631
2025-04-06 21:39:37,384 - INFO - Epoch [61/100] - Training Loss: 1.8414 - Learning Rate: 0.000100
2025-04-06 21:39:37,755 - INFO - Epoch [61/100] - Validation Loss: 2.0158
2025-04-06 21:39:37,806 - INFO - Epoch [61/100] Metrics: Sensitivity: 0.0000, Specificity: 1.0000, Accuracy: 0.9884, MCC: 0.0000, AUC ROC: 0.9620
2025-04-06 21:39:42,827 - INFO - Epoch [62/100] - Training Loss: 1.8407 - Learning Rate: 0.000100
2025-04-06 21:39:43,332 - INFO - Epoch [62/100] - Validation Loss: 2.0119
2025-04-06 21:39:43,385 - INFO - Epoch [62/100] Metrics: Sensitivity: 0.0000, Specificity: 1.0000, Accuracy: 0.9884, MCC: 0.0000, AUC ROC: 0.9672
2025-04-06 21:39:48,218 - INFO - Epoch [63/100] - Training Loss: 1.8415 - Learning Rate: 0.000100
2025-04-06 21:39:48,647 - INFO - Epoch [63/100] - Validation Loss: 2.0119
2025-04-06 21:39:48,697 - INFO - Epoch [63/100] Metrics: Sensitivity: 0.0000, Specificity: 1.0000, Accuracy: 0.9884, MCC: 0.0000, AUC ROC: 0.9610
2025-04-06 21:39:53,588 - INFO - Epoch [64/100] - Training Loss: 1.8406 - Learning Rate: 0.000100
2025-04-06 21:39:53,928 - INFO - Epoch [64/100] - Validation Loss: 2.0132
2025-04-06 21:39:53,988 - INFO - Epoch [64/100] Metrics: Sensitivity: 0.0000, Specificity: 1.0000, Accuracy: 0.9884, MCC: 0.0000, AUC ROC: 0.9663
2025-04-06 21:39:59,044 - INFO - Epoch [65/100] - Training Loss: 1.8402 - Learning Rate: 0.000100
2025-04-06 21:39:59,381 - INFO - Epoch [65/100] - Validation Loss: 2.0087
2025-04-06 21:39:59,436 - INFO - Epoch [65/100] Metrics: Sensitivity: 0.0000, Specificity: 1.0000, Accuracy: 0.9884, MCC: 0.0000, AUC ROC: 0.9614
2025-04-06 21:39:59,438 - INFO - Epoch [65] - Best model updated (Validation Loss: 2.0087)
2025-04-06 21:40:04,598 - INFO - Epoch [66/100] - Training Loss: 1.8417 - Learning Rate: 0.000100
2025-04-06 21:40:05,060 - INFO - Epoch [66/100] - Validation Loss: 2.0102
2025-04-06 21:40:05,112 - INFO - Epoch [66/100] Metrics: Sensitivity: 0.0000, Specificity: 1.0000, Accuracy: 0.9884, MCC: 0.0000, AUC ROC: 0.9673
2025-04-06 21:40:10,200 - INFO - Epoch [67/100] - Training Loss: 1.8408 - Learning Rate: 0.000100
2025-04-06 21:40:10,623 - INFO - Epoch [67/100] - Validation Loss: 2.0108
2025-04-06 21:40:10,674 - INFO - Epoch [67/100] Metrics: Sensitivity: 0.0000, Specificity: 1.0000, Accuracy: 0.9884, MCC: 0.0000, AUC ROC: 0.9648
2025-04-06 21:40:15,662 - INFO - Epoch [68/100] - Training Loss: 1.8404 - Learning Rate: 0.000100
2025-04-06 21:40:15,999 - INFO - Epoch [68/100] - Validation Loss: 2.0142
2025-04-06 21:40:16,049 - INFO - Epoch [68/100] Metrics: Sensitivity: 0.0000, Specificity: 1.0000, Accuracy: 0.9884, MCC: 0.0000, AUC ROC: 0.9643
2025-04-06 21:40:21,230 - INFO - Epoch [69/100] - Training Loss: 1.8408 - Learning Rate: 0.000100
2025-04-06 21:40:21,572 - INFO - Epoch [69/100] - Validation Loss: 2.0089
2025-04-06 21:40:21,624 - INFO - Epoch [69/100] Metrics: Sensitivity: 0.0000, Specificity: 1.0000, Accuracy: 0.9884, MCC: 0.0000, AUC ROC: 0.9655
2025-04-06 21:40:26,724 - INFO - Epoch [70/100] - Training Loss: 1.8396 - Learning Rate: 0.000100
2025-04-06 21:40:27,064 - INFO - Epoch [70/100] - Validation Loss: 2.0112
2025-04-06 21:40:27,117 - INFO - Epoch [70/100] Metrics: Sensitivity: 0.0000, Specificity: 1.0000, Accuracy: 0.9884, MCC: 0.0000, AUC ROC: 0.9707
2025-04-06 21:40:32,171 - INFO - Epoch [71/100] - Training Loss: 1.8402 - Learning Rate: 0.000100
2025-04-06 21:40:32,523 - INFO - Epoch [71/100] - Validation Loss: 2.0095
2025-04-06 21:40:32,574 - INFO - Epoch [71/100] Metrics: Sensitivity: 0.0000, Specificity: 1.0000, Accuracy: 0.9884, MCC: 0.0000, AUC ROC: 0.9657
2025-04-06 21:40:37,320 - INFO - Epoch [72/100] - Training Loss: 1.8395 - Learning Rate: 0.000100
2025-04-06 21:40:37,690 - INFO - Epoch [72/100] - Validation Loss: 2.0092
2025-04-06 21:40:37,745 - INFO - Epoch [72/100] Metrics: Sensitivity: 0.0000, Specificity: 1.0000, Accuracy: 0.9884, MCC: 0.0000, AUC ROC: 0.9660
2025-04-06 21:40:42,773 - INFO - Epoch [73/100] - Training Loss: 1.8391 - Learning Rate: 0.000100
2025-04-06 21:40:43,099 - INFO - Epoch [73/100] - Validation Loss: 2.0102
2025-04-06 21:40:43,150 - INFO - Epoch [73/100] Metrics: Sensitivity: 0.0000, Specificity: 1.0000, Accuracy: 0.9884, MCC: 0.0000, AUC ROC: 0.9678
2025-04-06 21:40:48,046 - INFO - Epoch [74/100] - Training Loss: 1.8397 - Learning Rate: 0.000100
2025-04-06 21:40:48,380 - INFO - Epoch [74/100] - Validation Loss: 2.0081
2025-04-06 21:40:48,431 - INFO - Epoch [74/100] Metrics: Sensitivity: 0.0000, Specificity: 1.0000, Accuracy: 0.9884, MCC: 0.0000, AUC ROC: 0.9690
2025-04-06 21:40:48,433 - INFO - Epoch [74] - Best model updated (Validation Loss: 2.0081)
2025-04-06 21:40:53,294 - INFO - Epoch [75/100] - Training Loss: 1.8395 - Learning Rate: 0.000100
2025-04-06 21:40:53,688 - INFO - Epoch [75/100] - Validation Loss: 2.0116
2025-04-06 21:40:53,738 - INFO - Epoch [75/100] Metrics: Sensitivity: 0.0000, Specificity: 1.0000, Accuracy: 0.9884, MCC: 0.0000, AUC ROC: 0.9671
2025-04-06 21:40:58,447 - INFO - Epoch [76/100] - Training Loss: 1.8386 - Learning Rate: 0.000100
2025-04-06 21:40:58,864 - INFO - Epoch [76/100] - Validation Loss: 2.0140
2025-04-06 21:40:58,915 - INFO - Epoch [76/100] Metrics: Sensitivity: 0.0000, Specificity: 1.0000, Accuracy: 0.9884, MCC: 0.0000, AUC ROC: 0.9640
2025-04-06 21:41:03,793 - INFO - Epoch [77/100] - Training Loss: 1.8397 - Learning Rate: 0.000100
2025-04-06 21:41:04,253 - INFO - Epoch [77/100] - Validation Loss: 2.0104
2025-04-06 21:41:04,304 - INFO - Epoch [77/100] Metrics: Sensitivity: 0.0000, Specificity: 1.0000, Accuracy: 0.9884, MCC: 0.0000, AUC ROC: 0.9665
2025-04-06 21:41:09,368 - INFO - Epoch [78/100] - Training Loss: 1.8386 - Learning Rate: 0.000100
2025-04-06 21:41:09,748 - INFO - Epoch [78/100] - Validation Loss: 2.0115
2025-04-06 21:41:09,801 - INFO - Epoch [78/100] Metrics: Sensitivity: 0.0000, Specificity: 1.0000, Accuracy: 0.9884, MCC: 0.0000, AUC ROC: 0.9652
2025-04-06 21:41:15,297 - INFO - Epoch [79/100] - Training Loss: 1.8396 - Learning Rate: 0.000100
2025-04-06 21:41:15,731 - INFO - Epoch [79/100] - Validation Loss: 2.0089
2025-04-06 21:41:15,784 - INFO - Epoch [79/100] Metrics: Sensitivity: 0.0000, Specificity: 1.0000, Accuracy: 0.9884, MCC: 0.0000, AUC ROC: 0.9642
2025-04-06 21:41:20,351 - INFO - Epoch [80/100] - Training Loss: 1.8395 - Learning Rate: 0.000100
2025-04-06 21:41:20,677 - INFO - Epoch [80/100] - Validation Loss: 2.0129
2025-04-06 21:41:20,728 - INFO - Epoch [80/100] Metrics: Sensitivity: 0.0000, Specificity: 1.0000, Accuracy: 0.9884, MCC: 0.0000, AUC ROC: 0.9660
2025-04-06 21:41:25,225 - INFO - Epoch [81/100] - Training Loss: 1.8394 - Learning Rate: 0.000100
2025-04-06 21:41:25,588 - INFO - Epoch [81/100] - Validation Loss: 2.0103
2025-04-06 21:41:25,638 - INFO - Epoch [81/100] Metrics: Sensitivity: 0.0000, Specificity: 1.0000, Accuracy: 0.9884, MCC: 0.0000, AUC ROC: 0.9654
2025-04-06 21:41:30,265 - INFO - Epoch [82/100] - Training Loss: 1.8383 - Learning Rate: 0.000100
2025-04-06 21:41:30,590 - INFO - Epoch [82/100] - Validation Loss: 2.0089
2025-04-06 21:41:30,640 - INFO - Epoch [82/100] Metrics: Sensitivity: 0.0000, Specificity: 1.0000, Accuracy: 0.9884, MCC: 0.0000, AUC ROC: 0.9684
2025-04-06 21:41:36,058 - INFO - Epoch [83/100] - Training Loss: 1.8388 - Learning Rate: 0.000100
2025-04-06 21:41:36,486 - INFO - Epoch [83/100] - Validation Loss: 2.0083
2025-04-06 21:41:36,554 - INFO - Epoch [83/100] Metrics: Sensitivity: 0.0000, Specificity: 1.0000, Accuracy: 0.9884, MCC: 0.0000, AUC ROC: 0.9677
2025-04-06 21:41:41,469 - INFO - Epoch [84/100] - Training Loss: 1.8391 - Learning Rate: 0.000100
2025-04-06 21:41:41,787 - INFO - Epoch [84/100] - Validation Loss: 2.0075
2025-04-06 21:41:41,839 - INFO - Epoch [84/100] Metrics: Sensitivity: 0.0000, Specificity: 1.0000, Accuracy: 0.9884, MCC: 0.0000, AUC ROC: 0.9708
2025-04-06 21:41:41,840 - INFO - Epoch [84] - Best model updated (Validation Loss: 2.0075)
2025-04-06 21:41:47,314 - INFO - Epoch [85/100] - Training Loss: 1.8392 - Learning Rate: 0.000100
2025-04-06 21:41:47,692 - INFO - Epoch [85/100] - Validation Loss: 2.0097
2025-04-06 21:41:47,743 - INFO - Epoch [85/100] Metrics: Sensitivity: 0.0000, Specificity: 1.0000, Accuracy: 0.9884, MCC: 0.0000, AUC ROC: 0.9646
2025-04-06 21:41:52,321 - INFO - Epoch [86/100] - Training Loss: 1.8381 - Learning Rate: 0.000100
2025-04-06 21:41:52,694 - INFO - Epoch [86/100] - Validation Loss: 2.0121
2025-04-06 21:41:52,745 - INFO - Epoch [86/100] Metrics: Sensitivity: 0.0000, Specificity: 1.0000, Accuracy: 0.9884, MCC: 0.0000, AUC ROC: 0.9637
2025-04-06 21:41:57,437 - INFO - Epoch [87/100] - Training Loss: 1.8376 - Learning Rate: 0.000100
2025-04-06 21:41:57,782 - INFO - Epoch [87/100] - Validation Loss: 2.0080
2025-04-06 21:41:57,833 - INFO - Epoch [87/100] Metrics: Sensitivity: 0.0000, Specificity: 1.0000, Accuracy: 0.9884, MCC: 0.0000, AUC ROC: 0.9659
2025-04-06 21:42:03,094 - INFO - Epoch [88/100] - Training Loss: 1.8394 - Learning Rate: 0.000100
2025-04-06 21:42:03,412 - INFO - Epoch [88/100] - Validation Loss: 2.0126
2025-04-06 21:42:03,462 - INFO - Epoch [88/100] Metrics: Sensitivity: 0.0000, Specificity: 1.0000, Accuracy: 0.9884, MCC: 0.0000, AUC ROC: 0.9669
2025-04-06 21:42:08,252 - INFO - Epoch [89/100] - Training Loss: 1.8384 - Learning Rate: 0.000100
2025-04-06 21:42:08,579 - INFO - Epoch [89/100] - Validation Loss: 2.0098
2025-04-06 21:42:08,630 - INFO - Epoch [89/100] Metrics: Sensitivity: 0.0000, Specificity: 1.0000, Accuracy: 0.9884, MCC: 0.0000, AUC ROC: 0.9706
2025-04-06 21:42:13,856 - INFO - Epoch [90/100] - Training Loss: 1.8388 - Learning Rate: 0.000100
2025-04-06 21:42:14,209 - INFO - Epoch [90/100] - Validation Loss: 2.0078
2025-04-06 21:42:14,260 - INFO - Epoch [90/100] Metrics: Sensitivity: 0.0000, Specificity: 1.0000, Accuracy: 0.9884, MCC: 0.0000, AUC ROC: 0.9667
2025-04-06 21:42:19,528 - INFO - Epoch [91/100] - Training Loss: 1.8385 - Learning Rate: 0.000100
2025-04-06 21:42:19,964 - INFO - Epoch [91/100] - Validation Loss: 2.0050
2025-04-06 21:42:20,034 - INFO - Epoch [91/100] Metrics: Sensitivity: 0.0000, Specificity: 1.0000, Accuracy: 0.9884, MCC: 0.0000, AUC ROC: 0.9700
2025-04-06 21:42:20,037 - INFO - Epoch [91] - Best model updated (Validation Loss: 2.0050)
2025-04-06 21:42:25,365 - INFO - Epoch [92/100] - Training Loss: 1.8386 - Learning Rate: 0.000100
2025-04-06 21:42:25,702 - INFO - Epoch [92/100] - Validation Loss: 2.0099
2025-04-06 21:42:25,753 - INFO - Epoch [92/100] Metrics: Sensitivity: 0.0000, Specificity: 1.0000, Accuracy: 0.9884, MCC: 0.0000, AUC ROC: 0.9676
2025-04-06 21:42:30,774 - INFO - Epoch [93/100] - Training Loss: 1.8388 - Learning Rate: 0.000100
2025-04-06 21:42:31,125 - INFO - Epoch [93/100] - Validation Loss: 2.0152
2025-04-06 21:42:31,176 - INFO - Epoch [93/100] Metrics: Sensitivity: 0.0000, Specificity: 1.0000, Accuracy: 0.9884, MCC: 0.0000, AUC ROC: 0.9619
2025-04-06 21:42:36,201 - INFO - Epoch [94/100] - Training Loss: 1.8379 - Learning Rate: 0.000100
2025-04-06 21:42:36,539 - INFO - Epoch [94/100] - Validation Loss: 2.0059
2025-04-06 21:42:36,590 - INFO - Epoch [94/100] Metrics: Sensitivity: 0.0000, Specificity: 1.0000, Accuracy: 0.9884, MCC: 0.0000, AUC ROC: 0.9646
2025-04-06 21:42:41,977 - INFO - Epoch [95/100] - Training Loss: 1.8380 - Learning Rate: 0.000100
2025-04-06 21:42:42,323 - INFO - Epoch [95/100] - Validation Loss: 2.0130
2025-04-06 21:42:42,373 - INFO - Epoch [95/100] Metrics: Sensitivity: 0.0000, Specificity: 1.0000, Accuracy: 0.9884, MCC: 0.0000, AUC ROC: 0.9650
2025-04-06 21:42:47,197 - INFO - Epoch [96/100] - Training Loss: 1.8382 - Learning Rate: 0.000100
2025-04-06 21:42:47,520 - INFO - Epoch [96/100] - Validation Loss: 2.0099
2025-04-06 21:42:47,570 - INFO - Epoch [96/100] Metrics: Sensitivity: 0.0000, Specificity: 1.0000, Accuracy: 0.9884, MCC: 0.0000, AUC ROC: 0.9707
2025-04-06 21:42:52,463 - INFO - Epoch [97/100] - Training Loss: 1.8370 - Learning Rate: 0.000100
2025-04-06 21:42:52,888 - INFO - Epoch [97/100] - Validation Loss: 2.0073
2025-04-06 21:42:52,939 - INFO - Epoch [97/100] Metrics: Sensitivity: 0.0000, Specificity: 1.0000, Accuracy: 0.9884, MCC: 0.0000, AUC ROC: 0.9727
2025-04-06 21:42:57,644 - INFO - Epoch [98/100] - Training Loss: 1.8376 - Learning Rate: 0.000100
2025-04-06 21:42:57,979 - INFO - Epoch [98/100] - Validation Loss: 2.0108
2025-04-06 21:42:58,029 - INFO - Epoch [98/100] Metrics: Sensitivity: 0.0000, Specificity: 1.0000, Accuracy: 0.9884, MCC: 0.0000, AUC ROC: 0.9677
2025-04-06 21:43:03,025 - INFO - Epoch [99/100] - Training Loss: 1.8382 - Learning Rate: 0.000100
2025-04-06 21:43:03,411 - INFO - Epoch [99/100] - Validation Loss: 2.0113
2025-04-06 21:43:03,467 - INFO - Epoch [99/100] Metrics: Sensitivity: 0.0000, Specificity: 1.0000, Accuracy: 0.9884, MCC: 0.0000, AUC ROC: 0.9700
2025-04-06 21:43:08,235 - INFO - Epoch [100/100] - Training Loss: 1.8386 - Learning Rate: 0.000010
2025-04-06 21:43:08,666 - INFO - Epoch [100/100] - Validation Loss: 2.0132
2025-04-06 21:43:08,717 - INFO - Epoch [100/100] Metrics: Sensitivity: 0.0000, Specificity: 1.0000, Accuracy: 0.9884, MCC: 0.0000, AUC ROC: 0.9688
2025-04-06 21:43:08,719 - INFO - Best model loaded from models/best_multi_task_classifier_Baseline_log_weightednormalizedoverbatch.pth
2025-04-06 21:43:08,721 - INFO - Training and Validation loss history saved to models/loss_history/train_val_loss_history_Baseline_log_weightednormalizedoverbatch.csv
2025-04-06 21:43:09,064 - INFO - Feature: Frequency_mHz, Average Saliency: 0.0000, Parameters Impact: 432.6011, Parameters Std: 1368.0048
2025-04-06 21:43:09,064 - INFO - Feature: Amplitude_log10, Average Saliency: 0.0000, Parameters Impact: 1.0000, Parameters Std: 3.1623
2025-04-06 21:43:09,064 - INFO - Feature: FrequencyDerivative_log10, Average Saliency: 0.0000, Parameters Impact: 119.5974, Parameters Std: 378.2001
2025-04-06 21:43:09,065 - INFO - Feature: SNR, Average Saliency: 0.0000, Parameters Impact: 18.1215, Parameters Std: 57.3052
2025-04-06 21:43:09,065 - INFO - Feature: Eccentricity, Average Saliency: 0.0000, Parameters Impact: 42.6591, Parameters Std: 134.8999
2025-04-06 21:43:09,555 - INFO - Validation Metrics:
2025-04-06 21:43:09,555 - INFO - Accuracy: 0.9884
2025-04-06 21:43:09,555 - INFO - Precision: 0.0000
2025-04-06 21:43:09,555 - INFO - Recall (Sensitivity): 0.0000
2025-04-06 21:43:09,555 - INFO - Specificity: 1.0000
2025-04-06 21:43:09,555 - INFO - F1 Score: 0.0000
2025-04-06 21:43:09,555 - INFO - ROC AUC: 0.9700
2025-04-06 21:43:09,555 - INFO - Balanced Accuracy: 0.5000
2025-04-06 21:43:09,555 - INFO - Confusion Matrix:
[[26682     0]
 [  314     0]]
2025-04-06 21:43:21,178 - INFO - Corner plot for predicted classes saved to figures/Baseline_log_weightednormalizedoverbatch/corner_plot_predicted.png
2025-04-06 21:43:32,227 - INFO - Corner plot for true classes saved to figures/Baseline_log_weightednormalizedoverbatch/corner_plot_true.png
2025-04-06 21:43:33,140 - INFO - Corner plot for true class 1 (Prediction_Status) saved to figures/Baseline_log_weightednormalizedoverbatch/corner_plot_class1_status.png
2025-04-06 21:43:44,072 - INFO - Evaluation completed successfully in main.py.
