2025-04-21 14:37:55,251 - INFO - Starting multi-task script in main.py.
2025-04-21 14:37:55,252 - INFO - Loaded configuration settings:
{'data_params': {'ecc_0_only': False,
                 'fim_folder_path': '/Users/irwin/Documents/GitHub/lisa-ml/data/fims/',
                 'frequency_range': None,
                 'inference_batch_size': 128,
                 'n_samples_class0': 1,
                 'n_samples_class1': 100,
                 'resolved_folder_path': '/Users/irwin/Documents/GitHub/lisa-ml/data/resolved_binaries/',
                 'selected_features': ['Frequency_mHz',
                                       'Amplitude_log10',
                                       'FrequencyDerivative_log10',
                                       'SNR',
                                       'Eccentricity'],
                 'test_seed_val': 1,
                 'training_batch_size': 128,
                 'use_custom_weights': True,
                 'val_seed_val': 1},
 'evaluation_threshold': 0.5,
 'model': 'Binary',
 'name_of_run': 'Binary_Baseline_weighted_log_class1_100',
 'ndf_params': {'jointly_training': False,
                'n_tree': 5,
                'tree_depth': 3,
                'tree_feature_rate': 0.5},
 'test': False,
 'training_params': {'focal_loss': {'alpha': 0.25, 'gamma': 2.0},
                     'lr': 0.001,
                     'num_epochs': 100}}
2025-04-21 14:39:21,925 - INFO - Data loaded. Input dimension: 5, Number of model classes: 11
2025-04-21 14:39:21,927 - INFO - Model defined: BinaryClassifier with input dimension 5.
2025-04-21 14:39:22,317 - INFO - Starting training for 100 epochs.
2025-04-21 14:39:32,908 - INFO - Epoch [1/100] - Training Loss: 0.0037 - Learning Rate: 0.001000
2025-04-21 14:39:33,173 - INFO - Epoch [1/100] - Validation Loss: 0.0015
2025-04-21 14:39:33,188 - INFO - Epoch [1/100] Metrics: Sensitivity: 0.7166, Specificity: 1.0000, Accuracy: 0.9967, MCC: 0.8451, AUC ROC: 0.9814
2025-04-21 14:39:33,190 - INFO - Epoch [1] - Best model updated (Validation Loss: 0.0015)
2025-04-21 14:39:43,829 - INFO - Epoch [2/100] - Training Loss: 0.0027 - Learning Rate: 0.001000
2025-04-21 14:39:44,098 - INFO - Epoch [2/100] - Validation Loss: 0.0015
2025-04-21 14:39:44,110 - INFO - Epoch [2/100] Metrics: Sensitivity: 0.7166, Specificity: 1.0000, Accuracy: 0.9967, MCC: 0.8451, AUC ROC: 0.9821
2025-04-21 14:39:44,111 - INFO - Epoch [2] - Best model updated (Validation Loss: 0.0015)
2025-04-21 14:39:54,892 - INFO - Epoch [3/100] - Training Loss: 0.0026 - Learning Rate: 0.001000
2025-04-21 14:39:55,147 - INFO - Epoch [3/100] - Validation Loss: 0.0014
2025-04-21 14:39:55,160 - INFO - Epoch [3/100] Metrics: Sensitivity: 0.7166, Specificity: 1.0000, Accuracy: 0.9967, MCC: 0.8451, AUC ROC: 0.9823
2025-04-21 14:39:55,161 - INFO - Epoch [3] - Best model updated (Validation Loss: 0.0014)
2025-04-21 14:40:05,650 - INFO - Epoch [4/100] - Training Loss: 0.0026 - Learning Rate: 0.001000
2025-04-21 14:40:05,907 - INFO - Epoch [4/100] - Validation Loss: 0.0015
2025-04-21 14:40:05,919 - INFO - Epoch [4/100] Metrics: Sensitivity: 0.7166, Specificity: 1.0000, Accuracy: 0.9967, MCC: 0.8451, AUC ROC: 0.9825
2025-04-21 14:40:16,536 - INFO - Epoch [5/100] - Training Loss: 0.0025 - Learning Rate: 0.001000
2025-04-21 14:40:16,792 - INFO - Epoch [5/100] - Validation Loss: 0.0015
2025-04-21 14:40:16,805 - INFO - Epoch [5/100] Metrics: Sensitivity: 0.7134, Specificity: 1.0000, Accuracy: 0.9967, MCC: 0.8432, AUC ROC: 0.9818
2025-04-21 14:40:27,041 - INFO - Epoch [6/100] - Training Loss: 0.0025 - Learning Rate: 0.001000
2025-04-21 14:40:27,287 - INFO - Epoch [6/100] - Validation Loss: 0.0013
2025-04-21 14:40:27,299 - INFO - Epoch [6/100] Metrics: Sensitivity: 0.7166, Specificity: 1.0000, Accuracy: 0.9967, MCC: 0.8451, AUC ROC: 0.9861
2025-04-21 14:40:27,301 - INFO - Epoch [6] - Best model updated (Validation Loss: 0.0013)
2025-04-21 14:40:37,447 - INFO - Epoch [7/100] - Training Loss: 0.0024 - Learning Rate: 0.001000
2025-04-21 14:40:37,712 - INFO - Epoch [7/100] - Validation Loss: 0.0012
2025-04-21 14:40:37,727 - INFO - Epoch [7/100] Metrics: Sensitivity: 0.7166, Specificity: 1.0000, Accuracy: 0.9967, MCC: 0.8451, AUC ROC: 0.9872
2025-04-21 14:40:37,729 - INFO - Epoch [7] - Best model updated (Validation Loss: 0.0012)
2025-04-21 14:40:47,480 - INFO - Epoch [8/100] - Training Loss: 0.0023 - Learning Rate: 0.001000
2025-04-21 14:40:47,714 - INFO - Epoch [8/100] - Validation Loss: 0.0013
2025-04-21 14:40:47,726 - INFO - Epoch [8/100] Metrics: Sensitivity: 0.7166, Specificity: 1.0000, Accuracy: 0.9967, MCC: 0.8451, AUC ROC: 0.9848
2025-04-21 14:40:57,116 - INFO - Epoch [9/100] - Training Loss: 0.0023 - Learning Rate: 0.001000
2025-04-21 14:40:57,378 - INFO - Epoch [9/100] - Validation Loss: 0.0013
2025-04-21 14:40:57,390 - INFO - Epoch [9/100] Metrics: Sensitivity: 0.7166, Specificity: 1.0000, Accuracy: 0.9967, MCC: 0.8451, AUC ROC: 0.9832
2025-04-21 14:41:06,778 - INFO - Epoch [10/100] - Training Loss: 0.0022 - Learning Rate: 0.001000
2025-04-21 14:41:07,025 - INFO - Epoch [10/100] - Validation Loss: 0.0013
2025-04-21 14:41:07,036 - INFO - Epoch [10/100] Metrics: Sensitivity: 0.7166, Specificity: 1.0000, Accuracy: 0.9967, MCC: 0.8451, AUC ROC: 0.9836
2025-04-21 14:41:16,325 - INFO - Epoch [11/100] - Training Loss: 0.0022 - Learning Rate: 0.001000
2025-04-21 14:41:16,572 - INFO - Epoch [11/100] - Validation Loss: 0.0013
2025-04-21 14:41:16,584 - INFO - Epoch [11/100] Metrics: Sensitivity: 0.7166, Specificity: 1.0000, Accuracy: 0.9967, MCC: 0.8451, AUC ROC: 0.9796
2025-04-21 14:41:25,892 - INFO - Epoch [12/100] - Training Loss: 0.0022 - Learning Rate: 0.001000
2025-04-21 14:41:26,125 - INFO - Epoch [12/100] - Validation Loss: 0.0014
2025-04-21 14:41:26,137 - INFO - Epoch [12/100] Metrics: Sensitivity: 0.7166, Specificity: 1.0000, Accuracy: 0.9967, MCC: 0.8451, AUC ROC: 0.9815
2025-04-21 14:41:35,438 - INFO - Epoch [13/100] - Training Loss: 0.0022 - Learning Rate: 0.001000
2025-04-21 14:41:35,669 - INFO - Epoch [13/100] - Validation Loss: 0.0013
2025-04-21 14:41:35,680 - INFO - Epoch [13/100] Metrics: Sensitivity: 0.7166, Specificity: 1.0000, Accuracy: 0.9967, MCC: 0.8451, AUC ROC: 0.9831
2025-04-21 14:41:45,045 - INFO - Epoch [14/100] - Training Loss: 0.0022 - Learning Rate: 0.001000
2025-04-21 14:41:45,286 - INFO - Epoch [14/100] - Validation Loss: 0.0013
2025-04-21 14:41:45,297 - INFO - Epoch [14/100] Metrics: Sensitivity: 0.7166, Specificity: 1.0000, Accuracy: 0.9967, MCC: 0.8451, AUC ROC: 0.9800
2025-04-21 14:41:54,744 - INFO - Epoch [15/100] - Training Loss: 0.0022 - Learning Rate: 0.001000
2025-04-21 14:41:54,976 - INFO - Epoch [15/100] - Validation Loss: 0.0013
2025-04-21 14:41:54,988 - INFO - Epoch [15/100] Metrics: Sensitivity: 0.7166, Specificity: 1.0000, Accuracy: 0.9967, MCC: 0.8451, AUC ROC: 0.9822
2025-04-21 14:42:04,344 - INFO - Epoch [16/100] - Training Loss: 0.0022 - Learning Rate: 0.001000
2025-04-21 14:42:04,573 - INFO - Epoch [16/100] - Validation Loss: 0.0013
2025-04-21 14:42:04,585 - INFO - Epoch [16/100] Metrics: Sensitivity: 0.7166, Specificity: 1.0000, Accuracy: 0.9967, MCC: 0.8451, AUC ROC: 0.9821
2025-04-21 14:42:14,098 - INFO - Epoch [17/100] - Training Loss: 0.0022 - Learning Rate: 0.001000
2025-04-21 14:42:14,330 - INFO - Epoch [17/100] - Validation Loss: 0.0013
2025-04-21 14:42:14,341 - INFO - Epoch [17/100] Metrics: Sensitivity: 0.7166, Specificity: 1.0000, Accuracy: 0.9967, MCC: 0.8451, AUC ROC: 0.9818
2025-04-21 14:42:23,653 - INFO - Epoch [18/100] - Training Loss: 0.0021 - Learning Rate: 0.001000
2025-04-21 14:42:23,896 - INFO - Epoch [18/100] - Validation Loss: 0.0013
2025-04-21 14:42:23,908 - INFO - Epoch [18/100] Metrics: Sensitivity: 0.7166, Specificity: 1.0000, Accuracy: 0.9967, MCC: 0.8451, AUC ROC: 0.9838
2025-04-21 14:42:33,211 - INFO - Epoch [19/100] - Training Loss: 0.0022 - Learning Rate: 0.001000
2025-04-21 14:42:33,434 - INFO - Epoch [19/100] - Validation Loss: 0.0013
2025-04-21 14:42:33,446 - INFO - Epoch [19/100] Metrics: Sensitivity: 0.7166, Specificity: 1.0000, Accuracy: 0.9967, MCC: 0.8451, AUC ROC: 0.9811
2025-04-21 14:42:42,730 - INFO - Epoch [20/100] - Training Loss: 0.0021 - Learning Rate: 0.001000
2025-04-21 14:42:42,974 - INFO - Epoch [20/100] - Validation Loss: 0.0013
2025-04-21 14:42:42,986 - INFO - Epoch [20/100] Metrics: Sensitivity: 0.7166, Specificity: 1.0000, Accuracy: 0.9967, MCC: 0.8451, AUC ROC: 0.9849
2025-04-21 14:42:52,338 - INFO - Epoch [21/100] - Training Loss: 0.0021 - Learning Rate: 0.001000
2025-04-21 14:42:52,576 - INFO - Epoch [21/100] - Validation Loss: 0.0013
2025-04-21 14:42:52,587 - INFO - Epoch [21/100] Metrics: Sensitivity: 0.7166, Specificity: 1.0000, Accuracy: 0.9967, MCC: 0.8451, AUC ROC: 0.9807
2025-04-21 14:43:02,131 - INFO - Epoch [22/100] - Training Loss: 0.0022 - Learning Rate: 0.001000
2025-04-21 14:43:02,375 - INFO - Epoch [22/100] - Validation Loss: 0.0012
2025-04-21 14:43:02,387 - INFO - Epoch [22/100] Metrics: Sensitivity: 0.7166, Specificity: 1.0000, Accuracy: 0.9967, MCC: 0.8451, AUC ROC: 0.9859
2025-04-21 14:43:02,388 - INFO - Epoch [22] - Best model updated (Validation Loss: 0.0012)
2025-04-21 14:43:11,720 - INFO - Epoch [23/100] - Training Loss: 0.0021 - Learning Rate: 0.001000
2025-04-21 14:43:11,980 - INFO - Epoch [23/100] - Validation Loss: 0.0013
2025-04-21 14:43:11,992 - INFO - Epoch [23/100] Metrics: Sensitivity: 0.7166, Specificity: 1.0000, Accuracy: 0.9967, MCC: 0.8451, AUC ROC: 0.9823
2025-04-21 14:43:21,432 - INFO - Epoch [24/100] - Training Loss: 0.0021 - Learning Rate: 0.001000
2025-04-21 14:43:21,667 - INFO - Epoch [24/100] - Validation Loss: 0.0013
2025-04-21 14:43:21,679 - INFO - Epoch [24/100] Metrics: Sensitivity: 0.7166, Specificity: 1.0000, Accuracy: 0.9967, MCC: 0.8451, AUC ROC: 0.9813
2025-04-21 14:43:31,051 - INFO - Epoch [25/100] - Training Loss: 0.0021 - Learning Rate: 0.001000
2025-04-21 14:43:31,284 - INFO - Epoch [25/100] - Validation Loss: 0.0013
2025-04-21 14:43:31,295 - INFO - Epoch [25/100] Metrics: Sensitivity: 0.7166, Specificity: 1.0000, Accuracy: 0.9967, MCC: 0.8451, AUC ROC: 0.9833
2025-04-21 14:43:40,626 - INFO - Epoch [26/100] - Training Loss: 0.0022 - Learning Rate: 0.001000
2025-04-21 14:43:40,857 - INFO - Epoch [26/100] - Validation Loss: 0.0013
2025-04-21 14:43:40,868 - INFO - Epoch [26/100] Metrics: Sensitivity: 0.7166, Specificity: 1.0000, Accuracy: 0.9967, MCC: 0.8451, AUC ROC: 0.9826
2025-04-21 14:43:50,419 - INFO - Epoch [27/100] - Training Loss: 0.0022 - Learning Rate: 0.001000
2025-04-21 14:43:50,650 - INFO - Epoch [27/100] - Validation Loss: 0.0013
2025-04-21 14:43:50,661 - INFO - Epoch [27/100] Metrics: Sensitivity: 0.7166, Specificity: 1.0000, Accuracy: 0.9967, MCC: 0.8451, AUC ROC: 0.9837
2025-04-21 14:44:00,993 - INFO - Epoch [28/100] - Training Loss: 0.0022 - Learning Rate: 0.001000
2025-04-21 14:44:01,248 - INFO - Epoch [28/100] - Validation Loss: 0.0013
2025-04-21 14:44:01,260 - INFO - Epoch [28/100] Metrics: Sensitivity: 0.7166, Specificity: 1.0000, Accuracy: 0.9967, MCC: 0.8451, AUC ROC: 0.9839
2025-04-21 14:44:11,890 - INFO - Epoch [29/100] - Training Loss: 0.0022 - Learning Rate: 0.001000
2025-04-21 14:44:12,145 - INFO - Epoch [29/100] - Validation Loss: 0.0013
2025-04-21 14:44:12,157 - INFO - Epoch [29/100] Metrics: Sensitivity: 0.7166, Specificity: 1.0000, Accuracy: 0.9967, MCC: 0.8451, AUC ROC: 0.9838
2025-04-21 14:44:22,537 - INFO - Epoch [30/100] - Training Loss: 0.0022 - Learning Rate: 0.001000
2025-04-21 14:44:22,790 - INFO - Epoch [30/100] - Validation Loss: 0.0013
2025-04-21 14:44:22,802 - INFO - Epoch [30/100] Metrics: Sensitivity: 0.7166, Specificity: 1.0000, Accuracy: 0.9967, MCC: 0.8451, AUC ROC: 0.9828
2025-04-21 14:44:33,370 - INFO - Epoch [31/100] - Training Loss: 0.0021 - Learning Rate: 0.001000
2025-04-21 14:44:33,623 - INFO - Epoch [31/100] - Validation Loss: 0.0013
2025-04-21 14:44:33,634 - INFO - Epoch [31/100] Metrics: Sensitivity: 0.7166, Specificity: 1.0000, Accuracy: 0.9967, MCC: 0.8451, AUC ROC: 0.9836
2025-04-21 14:44:44,090 - INFO - Epoch [32/100] - Training Loss: 0.0021 - Learning Rate: 0.001000
2025-04-21 14:44:44,340 - INFO - Epoch [32/100] - Validation Loss: 0.0013
2025-04-21 14:44:44,352 - INFO - Epoch [32/100] Metrics: Sensitivity: 0.7166, Specificity: 1.0000, Accuracy: 0.9967, MCC: 0.8451, AUC ROC: 0.9817
2025-04-21 14:44:54,829 - INFO - Epoch [33/100] - Training Loss: 0.0021 - Learning Rate: 0.001000
2025-04-21 14:44:55,080 - INFO - Epoch [33/100] - Validation Loss: 0.0014
2025-04-21 14:44:55,092 - INFO - Epoch [33/100] Metrics: Sensitivity: 0.7166, Specificity: 1.0000, Accuracy: 0.9967, MCC: 0.8451, AUC ROC: 0.9805
2025-04-21 14:45:05,270 - INFO - Epoch [34/100] - Training Loss: 0.0021 - Learning Rate: 0.001000
2025-04-21 14:45:05,521 - INFO - Epoch [34/100] - Validation Loss: 0.0013
2025-04-21 14:45:05,533 - INFO - Epoch [34/100] Metrics: Sensitivity: 0.7166, Specificity: 1.0000, Accuracy: 0.9967, MCC: 0.8451, AUC ROC: 0.9830
2025-04-21 14:45:15,725 - INFO - Epoch [35/100] - Training Loss: 0.0022 - Learning Rate: 0.001000
2025-04-21 14:45:15,972 - INFO - Epoch [35/100] - Validation Loss: 0.0013
2025-04-21 14:45:15,984 - INFO - Epoch [35/100] Metrics: Sensitivity: 0.7166, Specificity: 1.0000, Accuracy: 0.9967, MCC: 0.8451, AUC ROC: 0.9845
2025-04-21 14:45:25,731 - INFO - Epoch [36/100] - Training Loss: 0.0022 - Learning Rate: 0.001000
2025-04-21 14:45:25,978 - INFO - Epoch [36/100] - Validation Loss: 0.0013
2025-04-21 14:45:25,990 - INFO - Epoch [36/100] Metrics: Sensitivity: 0.7166, Specificity: 1.0000, Accuracy: 0.9967, MCC: 0.8451, AUC ROC: 0.9818
2025-04-21 14:45:35,244 - INFO - Epoch [37/100] - Training Loss: 0.0021 - Learning Rate: 0.001000
2025-04-21 14:45:35,483 - INFO - Epoch [37/100] - Validation Loss: 0.0013
2025-04-21 14:45:35,494 - INFO - Epoch [37/100] Metrics: Sensitivity: 0.7166, Specificity: 1.0000, Accuracy: 0.9967, MCC: 0.8451, AUC ROC: 0.9800
2025-04-21 14:45:44,846 - INFO - Epoch [38/100] - Training Loss: 0.0021 - Learning Rate: 0.001000
2025-04-21 14:45:45,084 - INFO - Epoch [38/100] - Validation Loss: 0.0013
2025-04-21 14:45:45,096 - INFO - Epoch [38/100] Metrics: Sensitivity: 0.7166, Specificity: 1.0000, Accuracy: 0.9967, MCC: 0.8451, AUC ROC: 0.9822
2025-04-21 14:45:54,435 - INFO - Epoch [39/100] - Training Loss: 0.0021 - Learning Rate: 0.001000
2025-04-21 14:45:54,679 - INFO - Epoch [39/100] - Validation Loss: 0.0012
2025-04-21 14:45:54,690 - INFO - Epoch [39/100] Metrics: Sensitivity: 0.7166, Specificity: 1.0000, Accuracy: 0.9967, MCC: 0.8451, AUC ROC: 0.9858
2025-04-21 14:46:04,007 - INFO - Epoch [40/100] - Training Loss: 0.0022 - Learning Rate: 0.001000
2025-04-21 14:46:04,242 - INFO - Epoch [40/100] - Validation Loss: 0.0014
2025-04-21 14:46:04,254 - INFO - Epoch [40/100] Metrics: Sensitivity: 0.7166, Specificity: 1.0000, Accuracy: 0.9967, MCC: 0.8451, AUC ROC: 0.9781
2025-04-21 14:46:13,653 - INFO - Epoch [41/100] - Training Loss: 0.0021 - Learning Rate: 0.001000
2025-04-21 14:46:13,898 - INFO - Epoch [41/100] - Validation Loss: 0.0013
2025-04-21 14:46:13,910 - INFO - Epoch [41/100] Metrics: Sensitivity: 0.7166, Specificity: 1.0000, Accuracy: 0.9967, MCC: 0.8451, AUC ROC: 0.9804
2025-04-21 14:46:23,288 - INFO - Epoch [42/100] - Training Loss: 0.0023 - Learning Rate: 0.001000
2025-04-21 14:46:23,520 - INFO - Epoch [42/100] - Validation Loss: 0.0013
2025-04-21 14:46:23,532 - INFO - Epoch [42/100] Metrics: Sensitivity: 0.7166, Specificity: 1.0000, Accuracy: 0.9967, MCC: 0.8451, AUC ROC: 0.9805
2025-04-21 14:46:32,924 - INFO - Epoch [43/100] - Training Loss: 0.0021 - Learning Rate: 0.001000
2025-04-21 14:46:33,172 - INFO - Epoch [43/100] - Validation Loss: 0.0014
2025-04-21 14:46:33,183 - INFO - Epoch [43/100] Metrics: Sensitivity: 0.7166, Specificity: 1.0000, Accuracy: 0.9967, MCC: 0.8451, AUC ROC: 0.9743
2025-04-21 14:46:42,562 - INFO - Epoch [44/100] - Training Loss: 0.0023 - Learning Rate: 0.001000
2025-04-21 14:46:42,801 - INFO - Epoch [44/100] - Validation Loss: 0.0013
2025-04-21 14:46:42,813 - INFO - Epoch [44/100] Metrics: Sensitivity: 0.7166, Specificity: 1.0000, Accuracy: 0.9967, MCC: 0.8451, AUC ROC: 0.9828
2025-04-21 14:46:52,257 - INFO - Epoch [45/100] - Training Loss: 0.0021 - Learning Rate: 0.001000
2025-04-21 14:46:52,496 - INFO - Epoch [45/100] - Validation Loss: 0.0013
2025-04-21 14:46:52,507 - INFO - Epoch [45/100] Metrics: Sensitivity: 0.7166, Specificity: 1.0000, Accuracy: 0.9967, MCC: 0.8451, AUC ROC: 0.9787
2025-04-21 14:47:01,868 - INFO - Epoch [46/100] - Training Loss: 0.0021 - Learning Rate: 0.001000
2025-04-21 14:47:02,110 - INFO - Epoch [46/100] - Validation Loss: 0.0013
2025-04-21 14:47:02,122 - INFO - Epoch [46/100] Metrics: Sensitivity: 0.7166, Specificity: 1.0000, Accuracy: 0.9967, MCC: 0.8451, AUC ROC: 0.9842
2025-04-21 14:47:11,356 - INFO - Epoch [47/100] - Training Loss: 0.0022 - Learning Rate: 0.001000
2025-04-21 14:47:11,615 - INFO - Epoch [47/100] - Validation Loss: 0.0012
2025-04-21 14:47:11,627 - INFO - Epoch [47/100] Metrics: Sensitivity: 0.7166, Specificity: 1.0000, Accuracy: 0.9967, MCC: 0.8451, AUC ROC: 0.9848
2025-04-21 14:47:20,978 - INFO - Epoch [48/100] - Training Loss: 0.0023 - Learning Rate: 0.001000
2025-04-21 14:47:21,211 - INFO - Epoch [48/100] - Validation Loss: 0.0013
2025-04-21 14:47:21,222 - INFO - Epoch [48/100] Metrics: Sensitivity: 0.7166, Specificity: 1.0000, Accuracy: 0.9967, MCC: 0.8451, AUC ROC: 0.9802
2025-04-21 14:47:30,547 - INFO - Epoch [49/100] - Training Loss: 0.0021 - Learning Rate: 0.001000
2025-04-21 14:47:30,784 - INFO - Epoch [49/100] - Validation Loss: 0.0012
2025-04-21 14:47:30,796 - INFO - Epoch [49/100] Metrics: Sensitivity: 0.7166, Specificity: 1.0000, Accuracy: 0.9967, MCC: 0.8451, AUC ROC: 0.9836
2025-04-21 14:47:40,085 - INFO - Epoch [50/100] - Training Loss: 0.0022 - Learning Rate: 0.000100
2025-04-21 14:47:40,321 - INFO - Epoch [50/100] - Validation Loss: 0.0013
2025-04-21 14:47:40,333 - INFO - Epoch [50/100] Metrics: Sensitivity: 0.7166, Specificity: 1.0000, Accuracy: 0.9967, MCC: 0.8451, AUC ROC: 0.9819
2025-04-21 14:47:49,696 - INFO - Epoch [51/100] - Training Loss: 0.0020 - Learning Rate: 0.000100
2025-04-21 14:47:49,923 - INFO - Epoch [51/100] - Validation Loss: 0.0013
2025-04-21 14:47:49,935 - INFO - Epoch [51/100] Metrics: Sensitivity: 0.7166, Specificity: 1.0000, Accuracy: 0.9967, MCC: 0.8451, AUC ROC: 0.9818
2025-04-21 14:47:59,286 - INFO - Epoch [52/100] - Training Loss: 0.0020 - Learning Rate: 0.000100
2025-04-21 14:47:59,522 - INFO - Epoch [52/100] - Validation Loss: 0.0013
2025-04-21 14:47:59,534 - INFO - Epoch [52/100] Metrics: Sensitivity: 0.7166, Specificity: 1.0000, Accuracy: 0.9967, MCC: 0.8451, AUC ROC: 0.9817
2025-04-21 14:48:08,878 - INFO - Epoch [53/100] - Training Loss: 0.0020 - Learning Rate: 0.000100
2025-04-21 14:48:09,110 - INFO - Epoch [53/100] - Validation Loss: 0.0013
2025-04-21 14:48:09,122 - INFO - Epoch [53/100] Metrics: Sensitivity: 0.7166, Specificity: 1.0000, Accuracy: 0.9967, MCC: 0.8451, AUC ROC: 0.9827
2025-04-21 14:48:18,506 - INFO - Epoch [54/100] - Training Loss: 0.0021 - Learning Rate: 0.000100
2025-04-21 14:48:18,750 - INFO - Epoch [54/100] - Validation Loss: 0.0013
2025-04-21 14:48:18,762 - INFO - Epoch [54/100] Metrics: Sensitivity: 0.7166, Specificity: 1.0000, Accuracy: 0.9967, MCC: 0.8451, AUC ROC: 0.9820
2025-04-21 14:48:28,587 - INFO - Epoch [55/100] - Training Loss: 0.0020 - Learning Rate: 0.000100
2025-04-21 14:48:28,838 - INFO - Epoch [55/100] - Validation Loss: 0.0013
2025-04-21 14:48:28,850 - INFO - Epoch [55/100] Metrics: Sensitivity: 0.7166, Specificity: 1.0000, Accuracy: 0.9967, MCC: 0.8451, AUC ROC: 0.9830
2025-04-21 14:48:39,105 - INFO - Epoch [56/100] - Training Loss: 0.0020 - Learning Rate: 0.000100
2025-04-21 14:48:39,364 - INFO - Epoch [56/100] - Validation Loss: 0.0013
2025-04-21 14:48:39,375 - INFO - Epoch [56/100] Metrics: Sensitivity: 0.7166, Specificity: 1.0000, Accuracy: 0.9967, MCC: 0.8451, AUC ROC: 0.9820
2025-04-21 14:48:49,844 - INFO - Epoch [57/100] - Training Loss: 0.0020 - Learning Rate: 0.000100
2025-04-21 14:48:50,101 - INFO - Epoch [57/100] - Validation Loss: 0.0013
2025-04-21 14:48:50,112 - INFO - Epoch [57/100] Metrics: Sensitivity: 0.7166, Specificity: 1.0000, Accuracy: 0.9967, MCC: 0.8451, AUC ROC: 0.9832
2025-04-21 14:49:00,554 - INFO - Epoch [58/100] - Training Loss: 0.0020 - Learning Rate: 0.000100
2025-04-21 14:49:00,806 - INFO - Epoch [58/100] - Validation Loss: 0.0013
2025-04-21 14:49:00,818 - INFO - Epoch [58/100] Metrics: Sensitivity: 0.7166, Specificity: 1.0000, Accuracy: 0.9967, MCC: 0.8451, AUC ROC: 0.9823
2025-04-21 14:49:11,252 - INFO - Epoch [59/100] - Training Loss: 0.0020 - Learning Rate: 0.000100
2025-04-21 14:49:11,506 - INFO - Epoch [59/100] - Validation Loss: 0.0013
2025-04-21 14:49:11,517 - INFO - Epoch [59/100] Metrics: Sensitivity: 0.7166, Specificity: 1.0000, Accuracy: 0.9967, MCC: 0.8451, AUC ROC: 0.9824
2025-04-21 14:49:22,039 - INFO - Epoch [60/100] - Training Loss: 0.0020 - Learning Rate: 0.000100
2025-04-21 14:49:22,297 - INFO - Epoch [60/100] - Validation Loss: 0.0013
2025-04-21 14:49:22,309 - INFO - Epoch [60/100] Metrics: Sensitivity: 0.7166, Specificity: 1.0000, Accuracy: 0.9967, MCC: 0.8451, AUC ROC: 0.9819
2025-04-21 14:49:32,748 - INFO - Epoch [61/100] - Training Loss: 0.0020 - Learning Rate: 0.000100
2025-04-21 14:49:33,004 - INFO - Epoch [61/100] - Validation Loss: 0.0013
2025-04-21 14:49:33,016 - INFO - Epoch [61/100] Metrics: Sensitivity: 0.7166, Specificity: 1.0000, Accuracy: 0.9967, MCC: 0.8451, AUC ROC: 0.9811
2025-04-21 14:49:43,209 - INFO - Epoch [62/100] - Training Loss: 0.0023 - Learning Rate: 0.000100
2025-04-21 14:49:43,468 - INFO - Epoch [62/100] - Validation Loss: 0.0013
2025-04-21 14:49:43,480 - INFO - Epoch [62/100] Metrics: Sensitivity: 0.7166, Specificity: 1.0000, Accuracy: 0.9967, MCC: 0.8451, AUC ROC: 0.9820
2025-04-21 14:49:53,911 - INFO - Epoch [63/100] - Training Loss: 0.0020 - Learning Rate: 0.000100
2025-04-21 14:49:54,166 - INFO - Epoch [63/100] - Validation Loss: 0.0013
2025-04-21 14:49:54,178 - INFO - Epoch [63/100] Metrics: Sensitivity: 0.7166, Specificity: 1.0000, Accuracy: 0.9967, MCC: 0.8451, AUC ROC: 0.9814
2025-04-21 14:50:03,960 - INFO - Epoch [64/100] - Training Loss: 0.0020 - Learning Rate: 0.000100
2025-04-21 14:50:04,209 - INFO - Epoch [64/100] - Validation Loss: 0.0013
2025-04-21 14:50:04,220 - INFO - Epoch [64/100] Metrics: Sensitivity: 0.7166, Specificity: 1.0000, Accuracy: 0.9967, MCC: 0.8451, AUC ROC: 0.9806
2025-04-21 14:50:13,651 - INFO - Epoch [65/100] - Training Loss: 0.0020 - Learning Rate: 0.000100
2025-04-21 14:50:13,883 - INFO - Epoch [65/100] - Validation Loss: 0.0013
2025-04-21 14:50:13,894 - INFO - Epoch [65/100] Metrics: Sensitivity: 0.7166, Specificity: 1.0000, Accuracy: 0.9967, MCC: 0.8451, AUC ROC: 0.9814
2025-04-21 14:50:23,209 - INFO - Epoch [66/100] - Training Loss: 0.0020 - Learning Rate: 0.000100
2025-04-21 14:50:23,452 - INFO - Epoch [66/100] - Validation Loss: 0.0013
2025-04-21 14:50:23,464 - INFO - Epoch [66/100] Metrics: Sensitivity: 0.7166, Specificity: 1.0000, Accuracy: 0.9967, MCC: 0.8451, AUC ROC: 0.9814
2025-04-21 14:50:32,921 - INFO - Epoch [67/100] - Training Loss: 0.0020 - Learning Rate: 0.000100
2025-04-21 14:50:33,151 - INFO - Epoch [67/100] - Validation Loss: 0.0013
2025-04-21 14:50:33,163 - INFO - Epoch [67/100] Metrics: Sensitivity: 0.7166, Specificity: 1.0000, Accuracy: 0.9967, MCC: 0.8451, AUC ROC: 0.9824
2025-04-21 14:50:42,543 - INFO - Epoch [68/100] - Training Loss: 0.0020 - Learning Rate: 0.000100
2025-04-21 14:50:42,783 - INFO - Epoch [68/100] - Validation Loss: 0.0013
2025-04-21 14:50:42,795 - INFO - Epoch [68/100] Metrics: Sensitivity: 0.7166, Specificity: 1.0000, Accuracy: 0.9967, MCC: 0.8451, AUC ROC: 0.9807
2025-04-21 14:50:52,175 - INFO - Epoch [69/100] - Training Loss: 0.0022 - Learning Rate: 0.000100
2025-04-21 14:50:52,421 - INFO - Epoch [69/100] - Validation Loss: 0.0013
2025-04-21 14:50:52,432 - INFO - Epoch [69/100] Metrics: Sensitivity: 0.7166, Specificity: 1.0000, Accuracy: 0.9967, MCC: 0.8451, AUC ROC: 0.9816
2025-04-21 14:51:01,734 - INFO - Epoch [70/100] - Training Loss: 0.0020 - Learning Rate: 0.000100
2025-04-21 14:51:02,010 - INFO - Epoch [70/100] - Validation Loss: 0.0013
2025-04-21 14:51:02,022 - INFO - Epoch [70/100] Metrics: Sensitivity: 0.7166, Specificity: 1.0000, Accuracy: 0.9967, MCC: 0.8451, AUC ROC: 0.9811
2025-04-21 14:51:11,377 - INFO - Epoch [71/100] - Training Loss: 0.0019 - Learning Rate: 0.000100
2025-04-21 14:51:11,611 - INFO - Epoch [71/100] - Validation Loss: 0.0013
2025-04-21 14:51:11,622 - INFO - Epoch [71/100] Metrics: Sensitivity: 0.7197, Specificity: 1.0000, Accuracy: 0.9967, MCC: 0.8470, AUC ROC: 0.9819
2025-04-21 14:51:20,878 - INFO - Epoch [72/100] - Training Loss: 0.0020 - Learning Rate: 0.000100
2025-04-21 14:51:21,126 - INFO - Epoch [72/100] - Validation Loss: 0.0013
2025-04-21 14:51:21,137 - INFO - Epoch [72/100] Metrics: Sensitivity: 0.7166, Specificity: 1.0000, Accuracy: 0.9967, MCC: 0.8451, AUC ROC: 0.9833
2025-04-21 14:51:30,516 - INFO - Epoch [73/100] - Training Loss: 0.0020 - Learning Rate: 0.000100
2025-04-21 14:51:30,758 - INFO - Epoch [73/100] - Validation Loss: 0.0013
2025-04-21 14:51:30,770 - INFO - Epoch [73/100] Metrics: Sensitivity: 0.7166, Specificity: 1.0000, Accuracy: 0.9967, MCC: 0.8451, AUC ROC: 0.9813
2025-04-21 14:51:40,081 - INFO - Epoch [74/100] - Training Loss: 0.0020 - Learning Rate: 0.000100
2025-04-21 14:51:40,330 - INFO - Epoch [74/100] - Validation Loss: 0.0013
2025-04-21 14:51:40,342 - INFO - Epoch [74/100] Metrics: Sensitivity: 0.7166, Specificity: 1.0000, Accuracy: 0.9967, MCC: 0.8451, AUC ROC: 0.9821
2025-04-21 14:51:49,645 - INFO - Epoch [75/100] - Training Loss: 0.0021 - Learning Rate: 0.000100
2025-04-21 14:51:49,878 - INFO - Epoch [75/100] - Validation Loss: 0.0013
2025-04-21 14:51:49,889 - INFO - Epoch [75/100] Metrics: Sensitivity: 0.7197, Specificity: 1.0000, Accuracy: 0.9967, MCC: 0.8470, AUC ROC: 0.9824
2025-04-21 14:51:59,249 - INFO - Epoch [76/100] - Training Loss: 0.0022 - Learning Rate: 0.000100
2025-04-21 14:51:59,480 - INFO - Epoch [76/100] - Validation Loss: 0.0013
2025-04-21 14:51:59,492 - INFO - Epoch [76/100] Metrics: Sensitivity: 0.7197, Specificity: 1.0000, Accuracy: 0.9967, MCC: 0.8470, AUC ROC: 0.9822
2025-04-21 14:52:08,787 - INFO - Epoch [77/100] - Training Loss: 0.0020 - Learning Rate: 0.000100
2025-04-21 14:52:09,025 - INFO - Epoch [77/100] - Validation Loss: 0.0013
2025-04-21 14:52:09,036 - INFO - Epoch [77/100] Metrics: Sensitivity: 0.7166, Specificity: 1.0000, Accuracy: 0.9967, MCC: 0.8451, AUC ROC: 0.9828
2025-04-21 14:52:18,421 - INFO - Epoch [78/100] - Training Loss: 0.0021 - Learning Rate: 0.000100
2025-04-21 14:52:18,655 - INFO - Epoch [78/100] - Validation Loss: 0.0013
2025-04-21 14:52:18,667 - INFO - Epoch [78/100] Metrics: Sensitivity: 0.7166, Specificity: 1.0000, Accuracy: 0.9967, MCC: 0.8451, AUC ROC: 0.9820
2025-04-21 14:52:28,058 - INFO - Epoch [79/100] - Training Loss: 0.0020 - Learning Rate: 0.000100
2025-04-21 14:52:28,318 - INFO - Epoch [79/100] - Validation Loss: 0.0013
2025-04-21 14:52:28,329 - INFO - Epoch [79/100] Metrics: Sensitivity: 0.7166, Specificity: 1.0000, Accuracy: 0.9967, MCC: 0.8451, AUC ROC: 0.9822
2025-04-21 14:52:37,683 - INFO - Epoch [80/100] - Training Loss: 0.0021 - Learning Rate: 0.000100
2025-04-21 14:52:37,931 - INFO - Epoch [80/100] - Validation Loss: 0.0013
2025-04-21 14:52:37,942 - INFO - Epoch [80/100] Metrics: Sensitivity: 0.7166, Specificity: 1.0000, Accuracy: 0.9967, MCC: 0.8451, AUC ROC: 0.9821
2025-04-21 14:52:47,256 - INFO - Epoch [81/100] - Training Loss: 0.0020 - Learning Rate: 0.000100
2025-04-21 14:52:47,500 - INFO - Epoch [81/100] - Validation Loss: 0.0013
2025-04-21 14:52:47,511 - INFO - Epoch [81/100] Metrics: Sensitivity: 0.7197, Specificity: 1.0000, Accuracy: 0.9967, MCC: 0.8470, AUC ROC: 0.9837
2025-04-21 14:52:56,780 - INFO - Epoch [82/100] - Training Loss: 0.0020 - Learning Rate: 0.000100
2025-04-21 14:52:57,025 - INFO - Epoch [82/100] - Validation Loss: 0.0013
2025-04-21 14:52:57,037 - INFO - Epoch [82/100] Metrics: Sensitivity: 0.7197, Specificity: 1.0000, Accuracy: 0.9967, MCC: 0.8470, AUC ROC: 0.9823
2025-04-21 14:53:06,845 - INFO - Epoch [83/100] - Training Loss: 0.0022 - Learning Rate: 0.000100
2025-04-21 14:53:07,113 - INFO - Epoch [83/100] - Validation Loss: 0.0013
2025-04-21 14:53:07,124 - INFO - Epoch [83/100] Metrics: Sensitivity: 0.7197, Specificity: 1.0000, Accuracy: 0.9967, MCC: 0.8470, AUC ROC: 0.9818
2025-04-21 14:53:18,069 - INFO - Epoch [84/100] - Training Loss: 0.0021 - Learning Rate: 0.000100
2025-04-21 14:53:18,325 - INFO - Epoch [84/100] - Validation Loss: 0.0013
2025-04-21 14:53:18,337 - INFO - Epoch [84/100] Metrics: Sensitivity: 0.7197, Specificity: 1.0000, Accuracy: 0.9967, MCC: 0.8470, AUC ROC: 0.9828
2025-04-21 14:53:29,310 - INFO - Epoch [85/100] - Training Loss: 0.0024 - Learning Rate: 0.000100
2025-04-21 14:53:29,583 - INFO - Epoch [85/100] - Validation Loss: 0.0013
2025-04-21 14:53:29,594 - INFO - Epoch [85/100] Metrics: Sensitivity: 0.7197, Specificity: 1.0000, Accuracy: 0.9967, MCC: 0.8470, AUC ROC: 0.9814
2025-04-21 14:53:40,279 - INFO - Epoch [86/100] - Training Loss: 0.0020 - Learning Rate: 0.000100
2025-04-21 14:53:40,565 - INFO - Epoch [86/100] - Validation Loss: 0.0013
2025-04-21 14:53:40,577 - INFO - Epoch [86/100] Metrics: Sensitivity: 0.7166, Specificity: 1.0000, Accuracy: 0.9967, MCC: 0.8451, AUC ROC: 0.9828
2025-04-21 14:53:50,852 - INFO - Epoch [87/100] - Training Loss: 0.0022 - Learning Rate: 0.000100
2025-04-21 14:53:51,119 - INFO - Epoch [87/100] - Validation Loss: 0.0013
2025-04-21 14:53:51,130 - INFO - Epoch [87/100] Metrics: Sensitivity: 0.7166, Specificity: 1.0000, Accuracy: 0.9967, MCC: 0.8451, AUC ROC: 0.9813
2025-04-21 14:54:01,610 - INFO - Epoch [88/100] - Training Loss: 0.0019 - Learning Rate: 0.000100
2025-04-21 14:54:01,875 - INFO - Epoch [88/100] - Validation Loss: 0.0013
2025-04-21 14:54:01,886 - INFO - Epoch [88/100] Metrics: Sensitivity: 0.7166, Specificity: 1.0000, Accuracy: 0.9967, MCC: 0.8451, AUC ROC: 0.9819
2025-04-21 14:54:12,631 - INFO - Epoch [89/100] - Training Loss: 0.0021 - Learning Rate: 0.000100
2025-04-21 14:54:12,890 - INFO - Epoch [89/100] - Validation Loss: 0.0013
2025-04-21 14:54:12,902 - INFO - Epoch [89/100] Metrics: Sensitivity: 0.7166, Specificity: 1.0000, Accuracy: 0.9967, MCC: 0.8451, AUC ROC: 0.9808
2025-04-21 14:54:22,391 - INFO - Epoch [90/100] - Training Loss: 0.0019 - Learning Rate: 0.000100
2025-04-21 14:54:22,646 - INFO - Epoch [90/100] - Validation Loss: 0.0013
2025-04-21 14:54:22,658 - INFO - Epoch [90/100] Metrics: Sensitivity: 0.7166, Specificity: 1.0000, Accuracy: 0.9967, MCC: 0.8451, AUC ROC: 0.9825
2025-04-21 14:54:32,154 - INFO - Epoch [91/100] - Training Loss: 0.0019 - Learning Rate: 0.000100
2025-04-21 14:54:32,429 - INFO - Epoch [91/100] - Validation Loss: 0.0013
2025-04-21 14:54:32,441 - INFO - Epoch [91/100] Metrics: Sensitivity: 0.7166, Specificity: 1.0000, Accuracy: 0.9967, MCC: 0.8451, AUC ROC: 0.9825
2025-04-21 14:54:41,408 - INFO - Epoch [92/100] - Training Loss: 0.0019 - Learning Rate: 0.000100
2025-04-21 14:54:41,652 - INFO - Epoch [92/100] - Validation Loss: 0.0013
2025-04-21 14:54:41,664 - INFO - Epoch [92/100] Metrics: Sensitivity: 0.7197, Specificity: 1.0000, Accuracy: 0.9967, MCC: 0.8470, AUC ROC: 0.9812
2025-04-21 14:54:50,042 - INFO - Epoch [93/100] - Training Loss: 0.0019 - Learning Rate: 0.000100
2025-04-21 14:54:50,275 - INFO - Epoch [93/100] - Validation Loss: 0.0013
2025-04-21 14:54:50,286 - INFO - Epoch [93/100] Metrics: Sensitivity: 0.7197, Specificity: 1.0000, Accuracy: 0.9967, MCC: 0.8470, AUC ROC: 0.9820
2025-04-21 14:54:58,742 - INFO - Epoch [94/100] - Training Loss: 0.0020 - Learning Rate: 0.000100
2025-04-21 14:54:58,975 - INFO - Epoch [94/100] - Validation Loss: 0.0013
2025-04-21 14:54:58,986 - INFO - Epoch [94/100] Metrics: Sensitivity: 0.7197, Specificity: 1.0000, Accuracy: 0.9967, MCC: 0.8470, AUC ROC: 0.9807
2025-04-21 14:55:07,509 - INFO - Epoch [95/100] - Training Loss: 0.0020 - Learning Rate: 0.000100
2025-04-21 14:55:07,752 - INFO - Epoch [95/100] - Validation Loss: 0.0013
2025-04-21 14:55:07,763 - INFO - Epoch [95/100] Metrics: Sensitivity: 0.7197, Specificity: 1.0000, Accuracy: 0.9967, MCC: 0.8470, AUC ROC: 0.9830
2025-04-21 14:55:16,225 - INFO - Epoch [96/100] - Training Loss: 0.0019 - Learning Rate: 0.000100
2025-04-21 14:55:16,458 - INFO - Epoch [96/100] - Validation Loss: 0.0013
2025-04-21 14:55:16,470 - INFO - Epoch [96/100] Metrics: Sensitivity: 0.7197, Specificity: 1.0000, Accuracy: 0.9967, MCC: 0.8470, AUC ROC: 0.9810
2025-04-21 14:55:24,908 - INFO - Epoch [97/100] - Training Loss: 0.0021 - Learning Rate: 0.000100
2025-04-21 14:55:25,147 - INFO - Epoch [97/100] - Validation Loss: 0.0013
2025-04-21 14:55:25,159 - INFO - Epoch [97/100] Metrics: Sensitivity: 0.7197, Specificity: 1.0000, Accuracy: 0.9967, MCC: 0.8470, AUC ROC: 0.9825
2025-04-21 14:55:33,621 - INFO - Epoch [98/100] - Training Loss: 0.0019 - Learning Rate: 0.000100
2025-04-21 14:55:33,861 - INFO - Epoch [98/100] - Validation Loss: 0.0013
2025-04-21 14:55:33,872 - INFO - Epoch [98/100] Metrics: Sensitivity: 0.7197, Specificity: 1.0000, Accuracy: 0.9967, MCC: 0.8470, AUC ROC: 0.9822
2025-04-21 14:55:42,242 - INFO - Epoch [99/100] - Training Loss: 0.0019 - Learning Rate: 0.000100
2025-04-21 14:55:42,487 - INFO - Epoch [99/100] - Validation Loss: 0.0013
2025-04-21 14:55:42,499 - INFO - Epoch [99/100] Metrics: Sensitivity: 0.7229, Specificity: 1.0000, Accuracy: 0.9968, MCC: 0.8489, AUC ROC: 0.9831
2025-04-21 14:55:50,960 - INFO - Epoch [100/100] - Training Loss: 0.0020 - Learning Rate: 0.000010
2025-04-21 14:55:51,201 - INFO - Epoch [100/100] - Validation Loss: 0.0013
2025-04-21 14:55:51,213 - INFO - Epoch [100/100] Metrics: Sensitivity: 0.7197, Specificity: 1.0000, Accuracy: 0.9967, MCC: 0.8470, AUC ROC: 0.9819
2025-04-21 14:55:51,217 - INFO - Best model loaded from models/best_multi_task_classifier_Binary_Baseline_weighted_log_class1_100.pth
2025-04-21 14:55:51,220 - INFO - Training and Validation loss history saved to models/loss_history/train_val_loss_history_Binary_Baseline_weighted_log_class1_100.csv
2025-04-21 14:55:51,586 - INFO - Feature: Frequency_mHz, Average Saliency: 0.0728, Parameters Impact: 1.5091, Parameters Std: 2.9095
2025-04-21 14:55:51,586 - INFO - Feature: Amplitude_log10, Average Saliency: 0.3216, Parameters Impact: 6.6692, Parameters Std: 18.7650
2025-04-21 14:55:51,586 - INFO - Feature: FrequencyDerivative_log10, Average Saliency: 1.6042, Parameters Impact: 33.2625, Parameters Std: 83.1452
2025-04-21 14:55:51,586 - INFO - Feature: SNR, Average Saliency: 0.0482, Parameters Impact: 1.0000, Parameters Std: 2.0390
2025-04-21 14:55:51,586 - INFO - Feature: Eccentricity, Average Saliency: 0.0676, Parameters Impact: 1.4010, Parameters Std: 1.6166
2025-04-21 14:55:51,855 - INFO - Validation Metrics:
2025-04-21 14:55:51,855 - INFO - Accuracy: 0.9967
2025-04-21 14:55:51,855 - INFO - Precision: 1.0000
2025-04-21 14:55:51,855 - INFO - Recall (Sensitivity): 0.7166
2025-04-21 14:55:51,855 - INFO - Specificity: 1.0000
2025-04-21 14:55:51,855 - INFO - F1 Score: 0.8349
2025-04-21 14:55:51,855 - INFO - ROC AUC: 0.9859
2025-04-21 14:55:51,855 - INFO - Balanced Accuracy: 0.8583
2025-04-21 14:55:51,855 - INFO - Confusion Matrix:
[[26682     0]
 [   89   225]]
2025-04-21 14:56:02,894 - INFO - Corner plot for predicted classes saved to figures/Binary_Baseline_weighted_log_class1_100/corner_plot_predicted.png
2025-04-21 14:56:13,539 - INFO - Corner plot for true classes saved to figures/Binary_Baseline_weighted_log_class1_100/corner_plot_true.png
2025-04-21 14:56:14,431 - INFO - Corner plot for true class 1 (Prediction_Status) saved to figures/Binary_Baseline_weighted_log_class1_100/corner_plot_class1_status.png
2025-04-21 14:56:24,824 - INFO - Evaluation completed successfully in main.py.
